<?xml version="1.0" encoding="UTF-8" ?>
<testsuites name="vitest tests" tests="990" failures="0" errors="0" time="254.3224005">
    <testsuite name="src/components/CalendarTab.test.jsx" timestamp="2025-12-20T19:41:30.490Z" hostname="SuleymanTolgaAcar" tests="19" failures="0" errors="0" skipped="0" time="6.5532923">
        <testcase classname="src/components/CalendarTab.test.jsx" name="CalendarTab Component &gt; Desktop View &gt; displays current month and year" time="0.7432666">
        </testcase>
        <testcase classname="src/components/CalendarTab.test.jsx" name="CalendarTab Component &gt; Desktop View &gt; displays day headers (Sun-Sat)" time="0.3386885">
        </testcase>
        <testcase classname="src/components/CalendarTab.test.jsx" name="CalendarTab Component &gt; Desktop View &gt; navigates to previous month when clicking previous button" time="1.2688138">
        </testcase>
        <testcase classname="src/components/CalendarTab.test.jsx" name="CalendarTab Component &gt; Desktop View &gt; navigates to next month when clicking next button" time="1.004297">
        </testcase>
        <testcase classname="src/components/CalendarTab.test.jsx" name="CalendarTab Component &gt; Desktop View &gt; displays tasks on correct dates" time="0.3784">
        </testcase>
        <testcase classname="src/components/CalendarTab.test.jsx" name="CalendarTab Component &gt; Desktop View &gt; calls handleTaskClick when task chip is clicked" time="0.2342163">
        </testcase>
        <testcase classname="src/components/CalendarTab.test.jsx" name="CalendarTab Component &gt; Desktop View &gt; calls onEmptyDayClick when clicking on day without tasks" time="0.273638">
        </testcase>
        <testcase classname="src/components/CalendarTab.test.jsx" name="CalendarTab Component &gt; Desktop View &gt; does not call onEmptyDayClick when clicking on day with tasks" time="0.2292551">
        </testcase>
        <testcase classname="src/components/CalendarTab.test.jsx" name="CalendarTab Component &gt; Desktop View &gt; displays multiple tasks on the same day" time="0.26499">
        </testcase>
        <testcase classname="src/components/CalendarTab.test.jsx" name="CalendarTab Component &gt; Desktop View &gt; handles empty tasks array" time="0.4512041">
        </testcase>
        <testcase classname="src/components/CalendarTab.test.jsx" name="CalendarTab Component &gt; Desktop View &gt; filters tasks by exact day match" time="0.200011">
        </testcase>
        <testcase classname="src/components/CalendarTab.test.jsx" name="CalendarTab Component &gt; Mobile View &gt; displays week date range on mobile" time="0.1228508">
        </testcase>
        <testcase classname="src/components/CalendarTab.test.jsx" name="CalendarTab Component &gt; Mobile View &gt; displays tasks in week view on mobile" time="0.0781984">
        </testcase>
        <testcase classname="src/components/CalendarTab.test.jsx" name="CalendarTab Component &gt; Mobile View &gt; handles task click in mobile view" time="0.0675532">
        </testcase>
        <testcase classname="src/components/CalendarTab.test.jsx" name="CalendarTab Component &gt; Month Translation &gt; translates month names correctly" time="0.0807379">
        </testcase>
        <testcase classname="src/components/CalendarTab.test.jsx" name="CalendarTab Component &gt; Edge Cases &gt; handles month transitions correctly" time="0.6170522">
        </testcase>
        <testcase classname="src/components/CalendarTab.test.jsx" name="CalendarTab Component &gt; Edge Cases &gt; handles tasks without onEmptyDayClick callback" time="0.0631691">
        </testcase>
        <testcase classname="src/components/CalendarTab.test.jsx" name="CalendarTab Component &gt; Edge Cases &gt; applies correct status colors to task chips" time="0.0766688">
        </testcase>
        <testcase classname="src/components/CalendarTab.test.jsx" name="CalendarTab Component &gt; Edge Cases &gt; stops event propagation when clicking task chip" time="0.0549113">
        </testcase>
    </testsuite>
    <testsuite name="src/components/ChatWidget.test.jsx" timestamp="2025-12-20T19:41:30.533Z" hostname="SuleymanTolgaAcar" tests="3" failures="0" errors="0" skipped="0" time="0.304478">
        <testcase classname="src/components/ChatWidget.test.jsx" name="ChatWidget Component &gt; renders collapsed initially" time="0.1767256">
        </testcase>
        <testcase classname="src/components/ChatWidget.test.jsx" name="ChatWidget Component &gt; expands when clicked" time="0.0303046">
        </testcase>
        <testcase classname="src/components/ChatWidget.test.jsx" name="ChatWidget Component &gt; displays chats list" time="0.095531">
            <system-out>
onSnapshot called with: {
  &quot;ref&quot;: {
    &quot;path&quot;: [
      &quot;chats&quot;
    ]
  },
  &quot;args&quot;: [
    {
      &quot;type&quot;: &quot;where&quot;,
      &quot;field&quot;: &quot;members&quot;,
      &quot;op&quot;: &quot;array-contains&quot;,
      &quot;val&quot;: &quot;django_1&quot;
    },
    {
      &quot;type&quot;: &quot;orderBy&quot;,
      &quot;field&quot;: &quot;updatedAt&quot;,
      &quot;dir&quot;: &quot;desc&quot;
    }
  ]
}
onSnapshot called with: {
  &quot;ref&quot;: {
    &quot;path&quot;: [
      &quot;chats&quot;,
      &quot;chat1&quot;,
      &quot;messages&quot;
    ]
  },
  &quot;args&quot;: [
    {
      &quot;type&quot;: &quot;where&quot;,
      &quot;field&quot;: &quot;senderId&quot;,
      &quot;op&quot;: &quot;!=&quot;,
      &quot;val&quot;: &quot;django_1&quot;
    }
  ]
}

            </system-out>
            <system-err>
In HTML, &lt;p&gt; cannot be a descendant of &lt;p&gt;.
This will cause a hydration error.

  ...
    &lt;ul className=&quot;MuiList-ro...&quot;&gt;
      &lt;div&gt;
        &lt;ListItemButton data-testid=&quot;chat-list-...&quot; onClick={function onClick}&gt;
          &lt;MuiListItemButton-root ref={function} href={undefined} component=&quot;div&quot; focusVisibleClassName=&quot;&quot; ...&gt;
            &lt;Insertion&gt;
            &lt;ButtonBase href={undefined} component=&quot;div&quot; focusVisibleClassName=&quot;&quot; className=&quot;MuiListIte...&quot; ...&gt;
              &lt;MuiButtonBase-root as=&quot;div&quot; className=&quot;MuiButtonB...&quot; ownerState={{href:undefined, ...}} onBlur={function} ...&gt;
                &lt;Insertion&gt;
                &lt;div className=&quot;MuiButtonB...&quot; onBlur={function} onClick={function onClick} onContextMenu={function} ...&gt;
                  &lt;Avatar&gt;
                  &lt;ListItemText primary={&lt;ForwardRef(Box)&gt;} secondary={&lt;ForwardRef(Box)&gt;}&gt;
                    &lt;MuiListItemText-root className=&quot;MuiListIte...&quot; ref={null} ownerState={{primary:true, ...}}&gt;
                      &lt;Insertion&gt;
                      &lt;div className=&quot;MuiListIte...&quot;&gt;
                        &lt;Typography&gt;
                        &lt;Typography variant=&quot;body2&quot; color=&quot;textSecondary&quot; className=&quot;MuiListIte...&quot; ref={null} ...&gt;
                          &lt;MuiTypography-root as=&quot;p&quot; ref={null} className=&quot;MuiTypogra...&quot; ...&gt;
                            &lt;Insertion&gt;
&gt;                           &lt;p
&gt;                             className=&quot;MuiTypography-root MuiTypography-body2 MuiListItemText-secondary css-1a1whku-...&quot;
&gt;                             style={{}}
&gt;                           &gt;
                              ...
                                &lt;div className=&quot;MuiBox-roo...&quot;&gt;
                                  &lt;Typography variant=&quot;body2&quot; noWrap={true} sx={{maxWidth:200}}&gt;
                                    &lt;MuiTypography-root as=&quot;p&quot; ref={null} className=&quot;MuiTypogra...&quot; sx={{...}} ...&gt;
                                      &lt;Insertion&gt;
&gt;                                     &lt;p
&gt;                                       className=&quot;MuiTypography-root MuiTypography-body2 MuiTypography-noWrap css-1qd...&quot;
&gt;                                       style={{}}
&gt;                                     &gt;
                                  ...
        ...

&lt;p&gt; cannot contain a nested &lt;p&gt;.
See this log for the ancestor stack trace.
In HTML, &lt;div&gt; cannot be a descendant of &lt;p&gt;.
This will cause a hydration error.

  ...
    &lt;ul className=&quot;MuiList-ro...&quot;&gt;
      &lt;div&gt;
        &lt;ListItemButton data-testid=&quot;chat-list-...&quot; onClick={function onClick}&gt;
          &lt;MuiListItemButton-root ref={function} href={undefined} component=&quot;div&quot; focusVisibleClassName=&quot;&quot; ...&gt;
            &lt;Insertion&gt;
            &lt;ButtonBase href={undefined} component=&quot;div&quot; focusVisibleClassName=&quot;&quot; className=&quot;MuiListIte...&quot; ...&gt;
              &lt;MuiButtonBase-root as=&quot;div&quot; className=&quot;MuiButtonB...&quot; ownerState={{href:undefined, ...}} onBlur={function} ...&gt;
                &lt;Insertion&gt;
                &lt;div className=&quot;MuiButtonB...&quot; onBlur={function} onClick={function onClick} onContextMenu={function} ...&gt;
                  &lt;Avatar&gt;
                  &lt;ListItemText primary={&lt;ForwardRef(Box)&gt;} secondary={&lt;ForwardRef(Box)&gt;}&gt;
                    &lt;MuiListItemText-root className=&quot;MuiListIte...&quot; ref={null} ownerState={{primary:true, ...}}&gt;
                      &lt;Insertion&gt;
                      &lt;div className=&quot;MuiListIte...&quot;&gt;
                        &lt;Typography&gt;
                        &lt;Typography variant=&quot;body2&quot; color=&quot;textSecondary&quot; className=&quot;MuiListIte...&quot; ref={null} ...&gt;
                          &lt;MuiTypography-root as=&quot;p&quot; ref={null} className=&quot;MuiTypogra...&quot; ...&gt;
                            &lt;Insertion&gt;
&gt;                           &lt;p
&gt;                             className=&quot;MuiTypography-root MuiTypography-body2 MuiListItemText-secondary css-1a1whku-...&quot;
&gt;                             style={{}}
&gt;                           &gt;
                              &lt;Box&gt;
                                &lt;Styled(div) as=&quot;div&quot; ref={null} className=&quot;MuiBox-root&quot; theme={{...}} sx={{}}&gt;
                                  &lt;Insertion&gt;
&gt;                                 &lt;div className=&quot;MuiBox-root css-0&quot;&gt;
        ...

&lt;p&gt; cannot contain a nested &lt;div&gt;.
See this log for the ancestor stack trace.

            </system-err>
        </testcase>
    </testsuite>
    <testsuite name="src/components/CommentCreateDialog.test.jsx" timestamp="2025-12-20T19:41:30.536Z" hostname="SuleymanTolgaAcar" tests="8" failures="0" errors="0" skipped="0" time="7.1156103">
        <testcase classname="src/components/CommentCreateDialog.test.jsx" name="CommentCreateDialog Component &gt; renders dialog with title and content field when open" time="1.7359291">
        </testcase>
        <testcase classname="src/components/CommentCreateDialog.test.jsx" name="CommentCreateDialog Component &gt; does not render when not open" time="0.0157801">
        </testcase>
        <testcase classname="src/components/CommentCreateDialog.test.jsx" name="CommentCreateDialog Component &gt; calls onClose when Cancel button is clicked" time="0.563347">
        </testcase>
        <testcase classname="src/components/CommentCreateDialog.test.jsx" name="CommentCreateDialog Component &gt; disables Post Comment button when content is empty" time="0.446756">
        </testcase>
        <testcase classname="src/components/CommentCreateDialog.test.jsx" name="CommentCreateDialog Component &gt; submits comment and calls onCommentCreated on success" time="1.2747124">
        </testcase>
        <testcase classname="src/components/CommentCreateDialog.test.jsx" name="CommentCreateDialog Component &gt; shows error message when API request fails" time="1.1297674">
        </testcase>
        <testcase classname="src/components/CommentCreateDialog.test.jsx" name="CommentCreateDialog Component &gt; shows loading state while submitting" time="1.24224">
        </testcase>
        <testcase classname="src/components/CommentCreateDialog.test.jsx" name="CommentCreateDialog Component &gt; disables submit button when content is empty" time="0.7022282">
        </testcase>
    </testsuite>
    <testsuite name="src/components/DirectMessageButton.test.jsx" timestamp="2025-12-20T19:41:30.539Z" hostname="SuleymanTolgaAcar" tests="23" failures="0" errors="0" skipped="0" time="2.3204275">
        <testcase classname="src/components/DirectMessageButton.test.jsx" name="DirectMessageButton Component &gt; Rendering &gt; renders message button with correct text" time="0.5629653">
        </testcase>
        <testcase classname="src/components/DirectMessageButton.test.jsx" name="DirectMessageButton Component &gt; Rendering &gt; renders with chat icon" time="0.0138238">
        </testcase>
        <testcase classname="src/components/DirectMessageButton.test.jsx" name="DirectMessageButton Component &gt; Rendering &gt; renders with default variant and size" time="0.097612">
        </testcase>
        <testcase classname="src/components/DirectMessageButton.test.jsx" name="DirectMessageButton Component &gt; Rendering &gt; renders with custom variant" time="0.1559334">
        </testcase>
        <testcase classname="src/components/DirectMessageButton.test.jsx" name="DirectMessageButton Component &gt; Rendering &gt; renders with custom size" time="0.13292">
        </testcase>
        <testcase classname="src/components/DirectMessageButton.test.jsx" name="DirectMessageButton Component &gt; Rendering &gt; applies custom sx prop" time="0.1115738">
        </testcase>
        <testcase classname="src/components/DirectMessageButton.test.jsx" name="DirectMessageButton Component &gt; Rendering &gt; does not render when user tries to message themselves" time="0.0040344">
        </testcase>
        <testcase classname="src/components/DirectMessageButton.test.jsx" name="DirectMessageButton Component &gt; Rendering &gt; renders when no user is logged in" time="0.0592271">
        </testcase>
        <testcase classname="src/components/DirectMessageButton.test.jsx" name="DirectMessageButton Component &gt; Button Interaction &gt; button is enabled by default" time="0.0629692">
        </testcase>
        <testcase classname="src/components/DirectMessageButton.test.jsx" name="DirectMessageButton Component &gt; Button Interaction &gt; creates direct message when clicked" time="0.1056761">
        </testcase>
        <testcase classname="src/components/DirectMessageButton.test.jsx" name="DirectMessageButton Component &gt; Button Interaction &gt; dispatches openDirectMessage event with chatId" time="0.0849692">
        </testcase>
        <testcase classname="src/components/DirectMessageButton.test.jsx" name="DirectMessageButton Component &gt; Button Interaction &gt; shows loading state during chat creation" time="0.1768513">
        </testcase>
        <testcase classname="src/components/DirectMessageButton.test.jsx" name="DirectMessageButton Component &gt; Button Interaction &gt; re-enables button after successful chat creation" time="0.0627964">
        </testcase>
        <testcase classname="src/components/DirectMessageButton.test.jsx" name="DirectMessageButton Component &gt; Error Handling &gt; handles error when user is not logged in" time="0.0624928">
        </testcase>
        <testcase classname="src/components/DirectMessageButton.test.jsx" name="DirectMessageButton Component &gt; Error Handling &gt; handles error when targetUserId is missing" time="0.0793552">
        </testcase>
        <testcase classname="src/components/DirectMessageButton.test.jsx" name="DirectMessageButton Component &gt; Error Handling &gt; handles error during chat creation" time="0.0619578">
        </testcase>
        <testcase classname="src/components/DirectMessageButton.test.jsx" name="DirectMessageButton Component &gt; Error Handling &gt; re-enables button after error" time="0.0761933">
        </testcase>
        <testcase classname="src/components/DirectMessageButton.test.jsx" name="DirectMessageButton Component &gt; Firebase UID Creation &gt; creates correct Firebase UIDs for current user" time="0.0573338">
        </testcase>
        <testcase classname="src/components/DirectMessageButton.test.jsx" name="DirectMessageButton Component &gt; Firebase UID Creation &gt; creates correct Firebase UIDs for target user" time="0.0686727">
        </testcase>
        <testcase classname="src/components/DirectMessageButton.test.jsx" name="DirectMessageButton Component &gt; Multiple Clicks &gt; prevents multiple simultaneous chat creations" time="0.067965">
        </testcase>
        <testcase classname="src/components/DirectMessageButton.test.jsx" name="DirectMessageButton Component &gt; Multiple Clicks &gt; allows new chat creation after previous one completes" time="0.0795845">
        </testcase>
        <testcase classname="src/components/DirectMessageButton.test.jsx" name="DirectMessageButton Component &gt; Edge Cases &gt; handles undefined targetUserId" time="0.0610187">
        </testcase>
        <testcase classname="src/components/DirectMessageButton.test.jsx" name="DirectMessageButton Component &gt; Edge Cases &gt; handles negative targetUserId" time="0.0682999">
        </testcase>
    </testsuite>
    <testsuite name="src/components/EventCard.test.jsx" timestamp="2025-12-20T19:41:30.547Z" hostname="SuleymanTolgaAcar" tests="15" failures="0" errors="0" skipped="0" time="0.6644034">
        <testcase classname="src/components/EventCard.test.jsx" name="EventCard Component &gt; Rendering &gt; renders event card with all details" time="0.2957293">
        </testcase>
        <testcase classname="src/components/EventCard.test.jsx" name="EventCard Component &gt; Rendering &gt; renders public visibility chip" time="0.0272023">
        </testcase>
        <testcase classname="src/components/EventCard.test.jsx" name="EventCard Component &gt; Rendering &gt; renders private visibility chip" time="0.0284595">
        </testcase>
        <testcase classname="src/components/EventCard.test.jsx" name="EventCard Component &gt; Rendering &gt; renders attendance counts" time="0.0229423">
        </testcase>
        <testcase classname="src/components/EventCard.test.jsx" name="EventCard Component &gt; Rendering &gt; renders created by information" time="0.0226992">
        </testcase>
        <testcase classname="src/components/EventCard.test.jsx" name="EventCard Component &gt; User Interaction &gt; calls onViewDetails when view details button is clicked" time="0.0292196">
        </testcase>
        <testcase classname="src/components/EventCard.test.jsx" name="EventCard Component &gt; User Interaction &gt; displays attendance status chip when user has voted" time="0.0409352">
        </testcase>
        <testcase classname="src/components/EventCard.test.jsx" name="EventCard Component &gt; Edge Cases &gt; handles event without description" time="0.0214538">
        </testcase>
        <testcase classname="src/components/EventCard.test.jsx" name="EventCard Component &gt; Edge Cases &gt; handles event without location" time="0.0227007">
        </testcase>
        <testcase classname="src/components/EventCard.test.jsx" name="EventCard Component &gt; Edge Cases &gt; handles event without end time" time="0.0226633">
        </testcase>
        <testcase classname="src/components/EventCard.test.jsx" name="EventCard Component &gt; Edge Cases &gt; handles event with zero attendance counts" time="0.0189111">
        </testcase>
        <testcase classname="src/components/EventCard.test.jsx" name="EventCard Component &gt; Edge Cases &gt; handles event without created_by" time="0.0141691">
        </testcase>
        <testcase classname="src/components/EventCard.test.jsx" name="EventCard Component &gt; Attendance Status &gt; displays GOING status correctly" time="0.0202693">
        </testcase>
        <testcase classname="src/components/EventCard.test.jsx" name="EventCard Component &gt; Attendance Status &gt; displays NOT_GOING status correctly" time="0.042329">
        </testcase>
        <testcase classname="src/components/EventCard.test.jsx" name="EventCard Component &gt; Attendance Status &gt; displays MAYBE status correctly" time="0.0305174">
        </testcase>
    </testsuite>
    <testsuite name="src/components/EventCreateDialog.test.jsx" timestamp="2025-12-20T19:41:30.553Z" hostname="SuleymanTolgaAcar" tests="23" failures="0" errors="0" skipped="0" time="17.5687961">
        <testcase classname="src/components/EventCreateDialog.test.jsx" name="EventCreateDialog Component &gt; Rendering &gt; renders dialog with title and form fields when open" time="2.4162428">
            <system-err>
MUI Grid: The `item` prop has been removed and is no longer necessary. You can safely remove it.


            </system-err>
        </testcase>
        <testcase classname="src/components/EventCreateDialog.test.jsx" name="EventCreateDialog Component &gt; Rendering &gt; does not render when not open" time="0.02073">
        </testcase>
        <testcase classname="src/components/EventCreateDialog.test.jsx" name="EventCreateDialog Component &gt; Rendering &gt; renders event category selection" time="0.5793424">
        </testcase>
        <testcase classname="src/components/EventCreateDialog.test.jsx" name="EventCreateDialog Component &gt; Rendering &gt; renders visibility selection dropdown" time="0.4102558">
        </testcase>
        <testcase classname="src/components/EventCreateDialog.test.jsx" name="EventCreateDialog Component &gt; Rendering &gt; renders action buttons" time="0.5017311">
        </testcase>
        <testcase classname="src/components/EventCreateDialog.test.jsx" name="EventCreateDialog Component &gt; Form Interaction &gt; updates title field when user types" time="0.764142">
        </testcase>
        <testcase classname="src/components/EventCreateDialog.test.jsx" name="EventCreateDialog Component &gt; Form Interaction &gt; updates description field when user types" time="0.8261218">
        </testcase>
        <testcase classname="src/components/EventCreateDialog.test.jsx" name="EventCreateDialog Component &gt; Form Interaction &gt; selects event category when clicked" time="0.7471655">
        </testcase>
        <testcase classname="src/components/EventCreateDialog.test.jsx" name="EventCreateDialog Component &gt; Form Interaction &gt; changes visibility selection" time="0.6649058">
        </testcase>
        <testcase classname="src/components/EventCreateDialog.test.jsx" name="EventCreateDialog Component &gt; Form Validation &gt; shows error when submitting without title" time="0.8028783">
        </testcase>
        <testcase classname="src/components/EventCreateDialog.test.jsx" name="EventCreateDialog Component &gt; Form Validation &gt; shows error when start time is invalid" time="0.5914389">
        </testcase>
        <testcase classname="src/components/EventCreateDialog.test.jsx" name="EventCreateDialog Component &gt; Form Submission &gt; submits form with correct data and calls onEventCreated" time="2.0866698">
        </testcase>
        <testcase classname="src/components/EventCreateDialog.test.jsx" name="EventCreateDialog Component &gt; Form Submission &gt; handles API error gracefully" time="1.2102601">
        </testcase>
        <testcase classname="src/components/EventCreateDialog.test.jsx" name="EventCreateDialog Component &gt; Form Submission &gt; shows loading state during submission" time="1.1819693">
        </testcase>
        <testcase classname="src/components/EventCreateDialog.test.jsx" name="EventCreateDialog Component &gt; Modal Actions &gt; calls onClose when cancel button is clicked" time="0.6110141">
        </testcase>
        <testcase classname="src/components/EventCreateDialog.test.jsx" name="EventCreateDialog Component &gt; Modal Actions &gt; resets form when modal is closed" time="0.8039578">
        </testcase>
        <testcase classname="src/components/EventCreateDialog.test.jsx" name="EventCreateDialog Component &gt; Accessibility &gt; has correct ARIA attributes" time="0.3720622">
        </testcase>
        <testcase classname="src/components/EventCreateDialog.test.jsx" name="EventCreateDialog Component &gt; Accessibility &gt; has proper form labels and accessibility attributes" time="0.405707">
        </testcase>
        <testcase classname="src/components/EventCreateDialog.test.jsx" name="EventCreateDialog Component &gt; Internationalization &gt; uses translation function for all text content" time="0.3464077">
        </testcase>
        <testcase classname="src/components/EventCreateDialog.test.jsx" name="EventCreateDialog Component &gt; Internationalization &gt; handles Turkish language locale for date picker" time="0.4001838">
            <system-err>
MUI X: Your locale has not been found.
Either the locale key is not a supported one. Locales supported by dayjs are available here: https://github.com/iamkun/dayjs/tree/dev/src/locale.
Or you forget to import the locale from &apos;dayjs/locale/{localeUsed}&apos;
fallback on English locale.

            </system-err>
        </testcase>
        <testcase classname="src/components/EventCreateDialog.test.jsx" name="EventCreateDialog Component &gt; Edge Cases &gt; handles missing token gracefully" time="0.353959">
        </testcase>
        <testcase classname="src/components/EventCreateDialog.test.jsx" name="EventCreateDialog Component &gt; Edge Cases &gt; handles network error during submission" time="1.074069">
            <system-err>
Error creating event: Error: Network error
    at [90mC:\Projeler\CMPE 352\bounswe2025group1\frontend\[39msrc\components\EventCreateDialog.test.jsx:640:31
    at [90mfile:///C:/Projeler/CMPE%20352/bounswe2025group1/frontend/[39mnode_modules/[4m@vitest[24m/runner/dist/chunk-hooks.js:155:11
    at [90mfile:///C:/Projeler/CMPE%20352/bounswe2025group1/frontend/[39mnode_modules/[4m@vitest[24m/runner/dist/chunk-hooks.js:752:26
    at [90mfile:///C:/Projeler/CMPE%20352/bounswe2025group1/frontend/[39mnode_modules/[4m@vitest[24m/runner/dist/chunk-hooks.js:1897:20
    at new Promise (&lt;anonymous&gt;)
    at runWithTimeout [90m(file:///C:/Projeler/CMPE%20352/bounswe2025group1/frontend/[39mnode_modules/[4m@vitest[24m/runner/dist/chunk-hooks.js:1863:10[90m)[39m
    at runTest [90m(file:///C:/Projeler/CMPE%20352/bounswe2025group1/frontend/[39mnode_modules/[4m@vitest[24m/runner/dist/chunk-hooks.js:1574:12[90m)[39m
    at runSuite [90m(file:///C:/Projeler/CMPE%20352/bounswe2025group1/frontend/[39mnode_modules/[4m@vitest[24m/runner/dist/chunk-hooks.js:1729:8[90m)[39m
    at runSuite [90m(file:///C:/Projeler/CMPE%20352/bounswe2025group1/frontend/[39mnode_modules/[4m@vitest[24m/runner/dist/chunk-hooks.js:1729:8[90m)[39m
    at runSuite [90m(file:///C:/Projeler/CMPE%20352/bounswe2025group1/frontend/[39mnode_modules/[4m@vitest[24m/runner/dist/chunk-hooks.js:1729:8[90m)[39m

            </system-err>
        </testcase>
        <testcase classname="src/components/EventCreateDialog.test.jsx" name="EventCreateDialog Component &gt; Edge Cases &gt; handles empty gardenId" time="0.3919384">
        </testcase>
    </testsuite>
    <testsuite name="src/components/EventDetailModal.test.jsx" timestamp="2025-12-20T19:41:30.560Z" hostname="SuleymanTolgaAcar" tests="18" failures="0" errors="0" skipped="0" time="4.2034788">
        <testcase classname="src/components/EventDetailModal.test.jsx" name="EventDetailModal Component &gt; Rendering &gt; renders modal with event details when open" time="1.2551012">
            <system-err>
In HTML, &lt;div&gt; cannot be a descendant of &lt;p&gt;.
This will cause a hydration error.

  ...
    &lt;Paper elevation={24} role=&quot;dialog&quot; aria-describedby={undefined} aria-labelledby=&quot;event-deta...&quot; aria-modal=&quot;true&quot; ...&gt;
      &lt;MuiPaper-root as=&quot;div&quot; ownerState={{elevation:24, ...}} className=&quot;MuiPaper-r...&quot; ref={null} role=&quot;dialog&quot; ...&gt;
        &lt;Insertion&gt;
        &lt;div className=&quot;MuiPaper-r...&quot; role=&quot;dialog&quot; aria-describedby={undefined} aria-labelledby=&quot;event-deta...&quot; ...&gt;
          &lt;DialogTitle&gt;
          &lt;DialogContent&gt;
            &lt;MuiDialogContent-root className=&quot;MuiDialogC...&quot; ownerState={{...}} ref={null}&gt;
              &lt;Insertion&gt;
              &lt;div className=&quot;MuiDialogC...&quot;&gt;
                &lt;Box sx={{mb:3}}&gt;
                  &lt;Styled(div) as=&quot;div&quot; ref={null} className=&quot;MuiBox-root&quot; theme={{...}} sx={{mb:3}}&gt;
                    &lt;Insertion&gt;
                    &lt;div className=&quot;MuiBox-roo...&quot;&gt;
                      &lt;Typography&gt;
                      &lt;Box sx={{display:&quot;flex&quot;, ...}}&gt;
                        &lt;Styled(div) as=&quot;div&quot; ref={null} className=&quot;MuiBox-root&quot; theme={{...}} sx={{display:&quot;flex&quot;, ...}}&gt;
                          &lt;Insertion&gt;
                          &lt;div className=&quot;MuiBox-roo...&quot;&gt;
                            &lt;LocalFloristIcon&gt;
                            &lt;Typography variant=&quot;body2&quot; color=&quot;text.secon...&quot;&gt;
                              &lt;MuiTypography-root as=&quot;p&quot; ref={null} className=&quot;MuiTypogra...&quot; sx={{color:&quot;tex...&quot;}} ...&gt;
                                &lt;Insertion&gt;
&gt;                               &lt;p
&gt;                                 className=&quot;MuiTypography-root MuiTypography-body2 css-1wle3ir-MuiTypography-root&quot;
&gt;                                 style={{}}
&gt;                               &gt;
                                  &lt;strong&gt;
                                  &lt;Chip label=&quot;events.cat...&quot; size=&quot;small&quot; sx={{...}}&gt;
                                    &lt;MuiChip-root as=&quot;div&quot; onClick={function onClick} onKeyDown={function onKeyDown} ...&gt;
                                      &lt;Insertion&gt;
&gt;                                     &lt;div
&gt;                                       onClick={function onClick}
&gt;                                       onKeyDown={function onKeyDown}
&gt;                                       onKeyUp={function onKeyUp}
&gt;                                       disabled={undefined}
&gt;                                       tabIndex={undefined}
&gt;                                       className=&quot;MuiChip-root MuiChip-filled MuiChip-sizeSmall MuiChip-colorDefault ...&quot;
&gt;                                       ref={function}
&gt;                                     &gt;
                      ...
                ...
          ...

&lt;p&gt; cannot contain a nested &lt;div&gt;.
See this log for the ancestor stack trace.

            </system-err>
        </testcase>
        <testcase classname="src/components/EventDetailModal.test.jsx" name="EventDetailModal Component &gt; Rendering &gt; does not render when not open" time="0.0149209">
        </testcase>
        <testcase classname="src/components/EventDetailModal.test.jsx" name="EventDetailModal Component &gt; Rendering &gt; renders event category information" time="0.1342176">
        </testcase>
        <testcase classname="src/components/EventDetailModal.test.jsx" name="EventDetailModal Component &gt; Rendering &gt; renders attendance counts" time="0.1357954">
        </testcase>
        <testcase classname="src/components/EventDetailModal.test.jsx" name="EventDetailModal Component &gt; Rendering &gt; renders delete button when canDelete is true" time="0.1713604">
        </testcase>
        <testcase classname="src/components/EventDetailModal.test.jsx" name="EventDetailModal Component &gt; Rendering &gt; does not render delete button when canDelete is false" time="0.1561757">
        </testcase>
        <testcase classname="src/components/EventDetailModal.test.jsx" name="EventDetailModal Component &gt; Attendances Tab &gt; switches to attendances tab" time="0.2593009">
            <system-err>
An update to EventDetailModal inside a test was not wrapped in act(...).

When testing, code that causes React state updates should be wrapped into act(...):

act(() =&gt; {
  /* fire events that update state */
});
/* assert on the output */

This ensures that you&apos;re testing the behavior the user would see in the browser. Learn more at https://react.dev/link/wrap-tests-with-act
An update to EventDetailModal inside a test was not wrapped in act(...).

When testing, code that causes React state updates should be wrapped into act(...):

act(() =&gt; {
  /* fire events that update state */
});
/* assert on the output */

This ensures that you&apos;re testing the behavior the user would see in the browser. Learn more at https://react.dev/link/wrap-tests-with-act

            </system-err>
        </testcase>
        <testcase classname="src/components/EventDetailModal.test.jsx" name="EventDetailModal Component &gt; Attendances Tab &gt; fetches and displays attendances" time="0.3756757">
        </testcase>
        <testcase classname="src/components/EventDetailModal.test.jsx" name="EventDetailModal Component &gt; Attendances Tab &gt; shows no attendances message when list is empty" time="0.3027045">
        </testcase>
        <testcase classname="src/components/EventDetailModal.test.jsx" name="EventDetailModal Component &gt; Event Deletion &gt; shows confirmation dialog and deletes event" time="0.157101">
        </testcase>
        <testcase classname="src/components/EventDetailModal.test.jsx" name="EventDetailModal Component &gt; Event Deletion &gt; cancels deletion when user declines confirmation" time="0.1361734">
        </testcase>
        <testcase classname="src/components/EventDetailModal.test.jsx" name="EventDetailModal Component &gt; Modal Actions &gt; calls onClose when close button is clicked" time="0.1404983">
        </testcase>
        <testcase classname="src/components/EventDetailModal.test.jsx" name="EventDetailModal Component &gt; Modal Actions &gt; resets active tab when modal closes" time="0.3982238">
            <system-err>
An update to EventDetailModal inside a test was not wrapped in act(...).

When testing, code that causes React state updates should be wrapped into act(...):

act(() =&gt; {
  /* fire events that update state */
});
/* assert on the output */

This ensures that you&apos;re testing the behavior the user would see in the browser. Learn more at https://react.dev/link/wrap-tests-with-act
An update to EventDetailModal inside a test was not wrapped in act(...).

When testing, code that causes React state updates should be wrapped into act(...):

act(() =&gt; {
  /* fire events that update state */
});
/* assert on the output */

This ensures that you&apos;re testing the behavior the user would see in the browser. Learn more at https://react.dev/link/wrap-tests-with-act
An update to EventDetailModal inside a test was not wrapped in act(...).

When testing, code that causes React state updates should be wrapped into act(...):

act(() =&gt; {
  /* fire events that update state */
});
/* assert on the output */

This ensures that you&apos;re testing the behavior the user would see in the browser. Learn more at https://react.dev/link/wrap-tests-with-act
An update to EventDetailModal inside a test was not wrapped in act(...).

When testing, code that causes React state updates should be wrapped into act(...):

act(() =&gt; {
  /* fire events that update state */
});
/* assert on the output */

This ensures that you&apos;re testing the behavior the user would see in the browser. Learn more at https://react.dev/link/wrap-tests-with-act

            </system-err>
        </testcase>
        <testcase classname="src/components/EventDetailModal.test.jsx" name="EventDetailModal Component &gt; Accessibility &gt; has correct ARIA attributes" time="0.1257666">
        </testcase>
        <testcase classname="src/components/EventDetailModal.test.jsx" name="EventDetailModal Component &gt; Accessibility &gt; has proper focus management" time="0.1278343">
        </testcase>
        <testcase classname="src/components/EventDetailModal.test.jsx" name="EventDetailModal Component &gt; Edge Cases &gt; handles null event gracefully" time="0.0085003">
        </testcase>
        <testcase classname="src/components/EventDetailModal.test.jsx" name="EventDetailModal Component &gt; Edge Cases &gt; handles missing token" time="0.1367845">
        </testcase>
        <testcase classname="src/components/EventDetailModal.test.jsx" name="EventDetailModal Component &gt; Edge Cases &gt; handles event without optional fields" time="0.1615312">
        </testcase>
    </testsuite>
    <testsuite name="src/components/FontSizeSelector.test.jsx" timestamp="2025-12-20T19:41:30.566Z" hostname="SuleymanTolgaAcar" tests="9" failures="0" errors="0" skipped="0" time="2.0274288">
        <testcase classname="src/components/FontSizeSelector.test.jsx" name="FontSizeSelector Component &gt; Rendering &gt; renders font size selector button" time="0.5937911">
        </testcase>
        <testcase classname="src/components/FontSizeSelector.test.jsx" name="FontSizeSelector Component &gt; Rendering &gt; renders with tooltip" time="0.1498566">
        </testcase>
        <testcase classname="src/components/FontSizeSelector.test.jsx" name="FontSizeSelector Component &gt; Rendering &gt; menu is not visible initially" time="0.0201345">
        </testcase>
        <testcase classname="src/components/FontSizeSelector.test.jsx" name="FontSizeSelector Component &gt; Interaction &gt; opens menu when clicked" time="0.3798705">
        </testcase>
        <testcase classname="src/components/FontSizeSelector.test.jsx" name="FontSizeSelector Component &gt; Interaction &gt; calls changeFontSize when an option is selected" time="0.1975367">
        </testcase>
        <testcase classname="src/components/FontSizeSelector.test.jsx" name="FontSizeSelector Component &gt; Interaction &gt; closes menu after selection" time="0.2242248">
        </testcase>
        <testcase classname="src/components/FontSizeSelector.test.jsx" name="FontSizeSelector Component &gt; State Indication &gt; shows check icon for current font size" time="0.1422753">
        </testcase>
        <testcase classname="src/components/FontSizeSelector.test.jsx" name="FontSizeSelector Component &gt; State Indication &gt; does not show check icon for other font sizes" time="0.1507575">
        </testcase>
        <testcase classname="src/components/FontSizeSelector.test.jsx" name="FontSizeSelector Component &gt; Accessibility &gt; announces font size change via live region" time="0.1645241">
        </testcase>
    </testsuite>
    <testsuite name="src/components/ForumCreateDialog.test.jsx" timestamp="2025-12-20T19:41:30.569Z" hostname="SuleymanTolgaAcar" tests="7" failures="0" errors="0" skipped="0" time="7.7886159">
        <testcase classname="src/components/ForumCreateDialog.test.jsx" name="ForumCreateDialog Component &gt; renders dialog with title and form fields when open" time="1.9923461">
        </testcase>
        <testcase classname="src/components/ForumCreateDialog.test.jsx" name="ForumCreateDialog Component &gt; does not render when not open" time="0.0200764">
        </testcase>
        <testcase classname="src/components/ForumCreateDialog.test.jsx" name="ForumCreateDialog Component &gt; calls onClose when Cancel button is clicked" time="0.4346175">
        </testcase>
        <testcase classname="src/components/ForumCreateDialog.test.jsx" name="ForumCreateDialog Component &gt; shows validation error when submitting without required fields" time="0.533404">
        </testcase>
        <testcase classname="src/components/ForumCreateDialog.test.jsx" name="ForumCreateDialog Component &gt; submits form data and calls onPostCreated on success" time="1.7602585">
        </testcase>
        <testcase classname="src/components/ForumCreateDialog.test.jsx" name="ForumCreateDialog Component &gt; shows error message when API request fails" time="1.4086471">
            <system-err>
An update to ForumCreateDialog inside a test was not wrapped in act(...).

When testing, code that causes React state updates should be wrapped into act(...):

act(() =&gt; {
  /* fire events that update state */
});
/* assert on the output */

This ensures that you&apos;re testing the behavior the user would see in the browser. Learn more at https://react.dev/link/wrap-tests-with-act
An update to ForumCreateDialog inside a test was not wrapped in act(...).

When testing, code that causes React state updates should be wrapped into act(...):

act(() =&gt; {
  /* fire events that update state */
});
/* assert on the output */

This ensures that you&apos;re testing the behavior the user would see in the browser. Learn more at https://react.dev/link/wrap-tests-with-act

            </system-err>
        </testcase>
        <testcase classname="src/components/ForumCreateDialog.test.jsx" name="ForumCreateDialog Component &gt; shows loading state while submitting" time="1.6349758">
        </testcase>
    </testsuite>
    <testsuite name="src/components/ForumPreview.test.jsx" timestamp="2025-12-20T19:41:30.572Z" hostname="SuleymanTolgaAcar" tests="7" failures="0" errors="0" skipped="0" time="0.5079106">
        <testcase classname="src/components/ForumPreview.test.jsx" name="ForumPreview Component &gt; renders the forum preview with posts" time="0.2822807">
        </testcase>
        <testcase classname="src/components/ForumPreview.test.jsx" name="ForumPreview Component &gt; respects the limit prop for number of posts to display" time="0.0445574">
        </testcase>
        <testcase classname="src/components/ForumPreview.test.jsx" name="ForumPreview Component &gt; displays a message when there are no posts" time="0.0219392">
        </testcase>
        <testcase classname="src/components/ForumPreview.test.jsx" name="ForumPreview Component &gt; navigates to forum list when &quot;Explore Forum&quot; button is clicked" time="0.0494483">
        </testcase>
        <testcase classname="src/components/ForumPreview.test.jsx" name="ForumPreview Component &gt; renders shortened content with ellipsis" time="0.0323899">
        </testcase>
        <testcase classname="src/components/ForumPreview.test.jsx" name="ForumPreview Component &gt; shows author name and date for each post" time="0.038851">
        </testcase>
        <testcase classname="src/components/ForumPreview.test.jsx" name="ForumPreview Component &gt; hides &quot;Explore Forum&quot; button when showViewAll is false" time="0.0345243">
        </testcase>
    </testsuite>
    <testsuite name="src/components/GardenBadges.test.jsx" timestamp="2025-12-20T19:41:30.574Z" hostname="SuleymanTolgaAcar" tests="141" failures="0" errors="0" skipped="0" time="2.7437213">
        <testcase classname="src/components/GardenBadges.test.jsx" name="GardenBadges Components &gt; renders TinySprout correctly" time="0.080268">
        </testcase>
        <testcase classname="src/components/GardenBadges.test.jsx" name="GardenBadges Components &gt; renders SeedPlanter correctly" time="0.0154372">
        </testcase>
        <testcase classname="src/components/GardenBadges.test.jsx" name="GardenBadges Components &gt; renders UrbanGardener correctly" time="0.0106341">
        </testcase>
        <testcase classname="src/components/GardenBadges.test.jsx" name="GardenBadges Components &gt; renders TalkativeTulip correctly" time="0.0105014">
        </testcase>
        <testcase classname="src/components/GardenBadges.test.jsx" name="GardenBadges Components &gt; renders FriendlyFern correctly" time="0.0149413">
        </testcase>
        <testcase classname="src/components/GardenBadges.test.jsx" name="GardenBadges Components &gt; renders VoiceOfTheGarden correctly" time="0.0064082">
        </testcase>
        <testcase classname="src/components/GardenBadges.test.jsx" name="GardenBadges Components &gt; renders HelpfulSeedling correctly" time="0.0067049">
        </testcase>
        <testcase classname="src/components/GardenBadges.test.jsx" name="GardenBadges Components &gt; renders SupportiveStem correctly" time="0.005769">
        </testcase>
        <testcase classname="src/components/GardenBadges.test.jsx" name="GardenBadges Components &gt; renders WiseWillow correctly" time="0.0081945">
        </testcase>
        <testcase classname="src/components/GardenBadges.test.jsx" name="GardenBadges Components &gt; renders TinyToolbelt correctly" time="0.0058191">
        </testcase>
        <testcase classname="src/components/GardenBadges.test.jsx" name="GardenBadges Components &gt; renders GardenGuardian correctly" time="0.0082433">
        </testcase>
        <testcase classname="src/components/GardenBadges.test.jsx" name="GardenBadges Components &gt; renders GardenDeputy correctly" time="0.0075399">
        </testcase>
        <testcase classname="src/components/GardenBadges.test.jsx" name="GardenBadges Components &gt; renders TaskTiller correctly" time="0.0050377">
        </testcase>
        <testcase classname="src/components/GardenBadges.test.jsx" name="GardenBadges Components &gt; renders BusyBee correctly" time="0.0087903">
        </testcase>
        <testcase classname="src/components/GardenBadges.test.jsx" name="GardenBadges Components &gt; renders BloomKeeper correctly" time="0.0064138">
        </testcase>
        <testcase classname="src/components/GardenBadges.test.jsx" name="GardenBadges Components &gt; renders NewSeedling correctly" time="0.0055232">
        </testcase>
        <testcase classname="src/components/GardenBadges.test.jsx" name="GardenBadges Components &gt; renders GardenHopper correctly" time="0.0065252">
        </testcase>
        <testcase classname="src/components/GardenBadges.test.jsx" name="GardenBadges Components &gt; renders CuriousSprout correctly" time="0.0043209">
        </testcase>
        <testcase classname="src/components/GardenBadges.test.jsx" name="GardenBadges Components &gt; renders FriendlyVine correctly" time="0.0091077">
        </testcase>
        <testcase classname="src/components/GardenBadges.test.jsx" name="GardenBadges Components &gt; renders SocialSunflower correctly" time="0.0092328">
        </testcase>
        <testcase classname="src/components/GardenBadges.test.jsx" name="GardenBadges Components &gt; renders SpottedSeed correctly" time="0.007832">
        </testcase>
        <testcase classname="src/components/GardenBadges.test.jsx" name="GardenBadges Components &gt; renders BloomingBuddy correctly" time="0.0070145">
        </testcase>
        <testcase classname="src/components/GardenBadges.test.jsx" name="GardenBadges Components &gt; renders GardenStar correctly" time="0.0289248">
        </testcase>
        <testcase classname="src/components/GardenBadges.test.jsx" name="GardenBadges Components &gt; renders FestivalSprout correctly" time="0.0074644">
        </testcase>
        <testcase classname="src/components/GardenBadges.test.jsx" name="GardenBadges Components &gt; renders GatheringSpirit correctly" time="0.0088149">
        </testcase>
        <testcase classname="src/components/GardenBadges.test.jsx" name="GardenBadges Components &gt; renders HeartOfTheGarden correctly" time="0.0051954">
        </testcase>
        <testcase classname="src/components/GardenBadges.test.jsx" name="GardenBadges Components &gt; renders PinkBlossom correctly" time="0.0128184">
        </testcase>
        <testcase classname="src/components/GardenBadges.test.jsx" name="GardenBadges Components &gt; renders SunnyPetal correctly" time="0.0064674">
        </testcase>
        <testcase classname="src/components/GardenBadges.test.jsx" name="GardenBadges Components &gt; renders HarvestSpirit correctly" time="0.0049896">
        </testcase>
        <testcase classname="src/components/GardenBadges.test.jsx" name="GardenBadges Components &gt; renders FrostGuardian correctly" time="0.0079346">
        </testcase>
        <testcase classname="src/components/GardenBadges.test.jsx" name="GardenBadges Components &gt; renders DawnDewdrop correctly" time="0.0070649">
        </testcase>
        <testcase classname="src/components/GardenBadges.test.jsx" name="GardenBadges Components &gt; renders MoonlitGardener correctly" time="0.0061945">
        </testcase>
        <testcase classname="src/components/GardenBadges.test.jsx" name="GardenBadges Components &gt; renders PuddleSpirit correctly" time="0.0069372">
        </testcase>
        <testcase classname="src/components/GardenBadges.test.jsx" name="GardenBadges Components &gt; renders SunbeamSpirit correctly" time="0.0068416">
        </testcase>
        <testcase classname="src/components/GardenBadges.test.jsx" name="GardenBadges Components &gt; renders Evergreen correctly" time="0.0058614">
        </testcase>
        <testcase classname="src/components/GardenBadges.test.jsx" name="GardenBadges Components &gt; renders TinySprout with custom size" time="0.0053703">
        </testcase>
        <testcase classname="src/components/GardenBadges.test.jsx" name="GardenBadges Components &gt; renders SeedPlanter with custom size" time="0.0049164">
        </testcase>
        <testcase classname="src/components/GardenBadges.test.jsx" name="GardenBadges Components &gt; renders UrbanGardener with custom size" time="0.0054535">
        </testcase>
        <testcase classname="src/components/GardenBadges.test.jsx" name="GardenBadges Components &gt; renders TalkativeTulip with custom size" time="0.0043784">
        </testcase>
        <testcase classname="src/components/GardenBadges.test.jsx" name="GardenBadges Components &gt; renders FriendlyFern with custom size" time="0.0048608">
        </testcase>
        <testcase classname="src/components/GardenBadges.test.jsx" name="GardenBadges Components &gt; renders VoiceOfTheGarden with custom size" time="0.004231">
        </testcase>
        <testcase classname="src/components/GardenBadges.test.jsx" name="GardenBadges Components &gt; renders HelpfulSeedling with custom size" time="0.0059766">
        </testcase>
        <testcase classname="src/components/GardenBadges.test.jsx" name="GardenBadges Components &gt; renders SupportiveStem with custom size" time="0.0051763">
        </testcase>
        <testcase classname="src/components/GardenBadges.test.jsx" name="GardenBadges Components &gt; renders WiseWillow with custom size" time="0.0040586">
        </testcase>
        <testcase classname="src/components/GardenBadges.test.jsx" name="GardenBadges Components &gt; renders TinyToolbelt with custom size" time="0.0042655">
        </testcase>
        <testcase classname="src/components/GardenBadges.test.jsx" name="GardenBadges Components &gt; renders GardenGuardian with custom size" time="0.0037464">
        </testcase>
        <testcase classname="src/components/GardenBadges.test.jsx" name="GardenBadges Components &gt; renders GardenDeputy with custom size" time="0.0046666">
        </testcase>
        <testcase classname="src/components/GardenBadges.test.jsx" name="GardenBadges Components &gt; renders TaskTiller with custom size" time="0.0029176">
        </testcase>
        <testcase classname="src/components/GardenBadges.test.jsx" name="GardenBadges Components &gt; renders BusyBee with custom size" time="0.0043919">
        </testcase>
        <testcase classname="src/components/GardenBadges.test.jsx" name="GardenBadges Components &gt; renders BloomKeeper with custom size" time="0.0067959">
        </testcase>
        <testcase classname="src/components/GardenBadges.test.jsx" name="GardenBadges Components &gt; renders NewSeedling with custom size" time="0.0070624">
        </testcase>
        <testcase classname="src/components/GardenBadges.test.jsx" name="GardenBadges Components &gt; renders GardenHopper with custom size" time="0.0039084">
        </testcase>
        <testcase classname="src/components/GardenBadges.test.jsx" name="GardenBadges Components &gt; renders CuriousSprout with custom size" time="0.0112346">
        </testcase>
        <testcase classname="src/components/GardenBadges.test.jsx" name="GardenBadges Components &gt; renders FriendlyVine with custom size" time="0.0074744">
        </testcase>
        <testcase classname="src/components/GardenBadges.test.jsx" name="GardenBadges Components &gt; renders SocialSunflower with custom size" time="0.0082824">
        </testcase>
        <testcase classname="src/components/GardenBadges.test.jsx" name="GardenBadges Components &gt; renders SpottedSeed with custom size" time="0.0051341">
        </testcase>
        <testcase classname="src/components/GardenBadges.test.jsx" name="GardenBadges Components &gt; renders BloomingBuddy with custom size" time="0.0063776">
        </testcase>
        <testcase classname="src/components/GardenBadges.test.jsx" name="GardenBadges Components &gt; renders GardenStar with custom size" time="0.0040117">
        </testcase>
        <testcase classname="src/components/GardenBadges.test.jsx" name="GardenBadges Components &gt; renders FestivalSprout with custom size" time="0.0076698">
        </testcase>
        <testcase classname="src/components/GardenBadges.test.jsx" name="GardenBadges Components &gt; renders GatheringSpirit with custom size" time="0.0052916">
        </testcase>
        <testcase classname="src/components/GardenBadges.test.jsx" name="GardenBadges Components &gt; renders HeartOfTheGarden with custom size" time="0.0054027">
        </testcase>
        <testcase classname="src/components/GardenBadges.test.jsx" name="GardenBadges Components &gt; renders PinkBlossom with custom size" time="0.0059231">
        </testcase>
        <testcase classname="src/components/GardenBadges.test.jsx" name="GardenBadges Components &gt; renders SunnyPetal with custom size" time="0.0072215">
        </testcase>
        <testcase classname="src/components/GardenBadges.test.jsx" name="GardenBadges Components &gt; renders HarvestSpirit with custom size" time="0.0058984">
        </testcase>
        <testcase classname="src/components/GardenBadges.test.jsx" name="GardenBadges Components &gt; renders FrostGuardian with custom size" time="0.0074168">
        </testcase>
        <testcase classname="src/components/GardenBadges.test.jsx" name="GardenBadges Components &gt; renders DawnDewdrop with custom size" time="0.0044683">
        </testcase>
        <testcase classname="src/components/GardenBadges.test.jsx" name="GardenBadges Components &gt; renders MoonlitGardener with custom size" time="0.0048387">
        </testcase>
        <testcase classname="src/components/GardenBadges.test.jsx" name="GardenBadges Components &gt; renders PuddleSpirit with custom size" time="0.0048182">
        </testcase>
        <testcase classname="src/components/GardenBadges.test.jsx" name="GardenBadges Components &gt; renders SunbeamSpirit with custom size" time="0.0057534">
        </testcase>
        <testcase classname="src/components/GardenBadges.test.jsx" name="GardenBadges Components &gt; renders Evergreen with custom size" time="0.0042191">
        </testcase>
        <testcase classname="src/components/GardenBadges.test.jsx" name="GardenBadges Components &gt; renders TinySprout as earned" time="0.4158297">
        </testcase>
        <testcase classname="src/components/GardenBadges.test.jsx" name="GardenBadges Components &gt; renders SeedPlanter as earned" time="0.0462689">
        </testcase>
        <testcase classname="src/components/GardenBadges.test.jsx" name="GardenBadges Components &gt; renders UrbanGardener as earned" time="0.0428236">
        </testcase>
        <testcase classname="src/components/GardenBadges.test.jsx" name="GardenBadges Components &gt; renders TalkativeTulip as earned" time="0.0397998">
        </testcase>
        <testcase classname="src/components/GardenBadges.test.jsx" name="GardenBadges Components &gt; renders FriendlyFern as earned" time="0.050845">
        </testcase>
        <testcase classname="src/components/GardenBadges.test.jsx" name="GardenBadges Components &gt; renders VoiceOfTheGarden as earned" time="0.0556437">
        </testcase>
        <testcase classname="src/components/GardenBadges.test.jsx" name="GardenBadges Components &gt; renders HelpfulSeedling as earned" time="0.0310891">
        </testcase>
        <testcase classname="src/components/GardenBadges.test.jsx" name="GardenBadges Components &gt; renders SupportiveStem as earned" time="0.0287801">
        </testcase>
        <testcase classname="src/components/GardenBadges.test.jsx" name="GardenBadges Components &gt; renders WiseWillow as earned" time="0.0271485">
        </testcase>
        <testcase classname="src/components/GardenBadges.test.jsx" name="GardenBadges Components &gt; renders TinyToolbelt as earned" time="0.0196958">
        </testcase>
        <testcase classname="src/components/GardenBadges.test.jsx" name="GardenBadges Components &gt; renders GardenGuardian as earned" time="0.0233516">
        </testcase>
        <testcase classname="src/components/GardenBadges.test.jsx" name="GardenBadges Components &gt; renders GardenDeputy as earned" time="0.0208138">
        </testcase>
        <testcase classname="src/components/GardenBadges.test.jsx" name="GardenBadges Components &gt; renders TaskTiller as earned" time="0.0197097">
        </testcase>
        <testcase classname="src/components/GardenBadges.test.jsx" name="GardenBadges Components &gt; renders BusyBee as earned" time="0.0217585">
        </testcase>
        <testcase classname="src/components/GardenBadges.test.jsx" name="GardenBadges Components &gt; renders BloomKeeper as earned" time="0.0198378">
        </testcase>
        <testcase classname="src/components/GardenBadges.test.jsx" name="GardenBadges Components &gt; renders NewSeedling as earned" time="0.0222013">
        </testcase>
        <testcase classname="src/components/GardenBadges.test.jsx" name="GardenBadges Components &gt; renders GardenHopper as earned" time="0.0367518">
        </testcase>
        <testcase classname="src/components/GardenBadges.test.jsx" name="GardenBadges Components &gt; renders CuriousSprout as earned" time="0.0290469">
        </testcase>
        <testcase classname="src/components/GardenBadges.test.jsx" name="GardenBadges Components &gt; renders FriendlyVine as earned" time="0.0247059">
        </testcase>
        <testcase classname="src/components/GardenBadges.test.jsx" name="GardenBadges Components &gt; renders SocialSunflower as earned" time="0.0265348">
        </testcase>
        <testcase classname="src/components/GardenBadges.test.jsx" name="GardenBadges Components &gt; renders SpottedSeed as earned" time="0.0206241">
        </testcase>
        <testcase classname="src/components/GardenBadges.test.jsx" name="GardenBadges Components &gt; renders BloomingBuddy as earned" time="0.0211457">
        </testcase>
        <testcase classname="src/components/GardenBadges.test.jsx" name="GardenBadges Components &gt; renders GardenStar as earned" time="0.0176175">
        </testcase>
        <testcase classname="src/components/GardenBadges.test.jsx" name="GardenBadges Components &gt; renders FestivalSprout as earned" time="0.0252509">
        </testcase>
        <testcase classname="src/components/GardenBadges.test.jsx" name="GardenBadges Components &gt; renders GatheringSpirit as earned" time="0.0196989">
        </testcase>
        <testcase classname="src/components/GardenBadges.test.jsx" name="GardenBadges Components &gt; renders HeartOfTheGarden as earned" time="0.0168246">
        </testcase>
        <testcase classname="src/components/GardenBadges.test.jsx" name="GardenBadges Components &gt; renders PinkBlossom as earned" time="0.0204501">
        </testcase>
        <testcase classname="src/components/GardenBadges.test.jsx" name="GardenBadges Components &gt; renders SunnyPetal as earned" time="0.0214657">
        </testcase>
        <testcase classname="src/components/GardenBadges.test.jsx" name="GardenBadges Components &gt; renders HarvestSpirit as earned" time="0.0310056">
        </testcase>
        <testcase classname="src/components/GardenBadges.test.jsx" name="GardenBadges Components &gt; renders FrostGuardian as earned" time="0.0311682">
        </testcase>
        <testcase classname="src/components/GardenBadges.test.jsx" name="GardenBadges Components &gt; renders DawnDewdrop as earned" time="0.0228073">
        </testcase>
        <testcase classname="src/components/GardenBadges.test.jsx" name="GardenBadges Components &gt; renders MoonlitGardener as earned" time="0.0148391">
        </testcase>
        <testcase classname="src/components/GardenBadges.test.jsx" name="GardenBadges Components &gt; renders PuddleSpirit as earned" time="0.0227465">
        </testcase>
        <testcase classname="src/components/GardenBadges.test.jsx" name="GardenBadges Components &gt; renders SunbeamSpirit as earned" time="0.0183691">
        </testcase>
        <testcase classname="src/components/GardenBadges.test.jsx" name="GardenBadges Components &gt; renders Evergreen as earned" time="0.0166012">
        </testcase>
        <testcase classname="src/components/GardenBadges.test.jsx" name="GardenBadges Components &gt; renders TinySprout as not earned" time="0.0242594">
        </testcase>
        <testcase classname="src/components/GardenBadges.test.jsx" name="GardenBadges Components &gt; renders SeedPlanter as not earned" time="0.0229149">
        </testcase>
        <testcase classname="src/components/GardenBadges.test.jsx" name="GardenBadges Components &gt; renders UrbanGardener as not earned" time="0.0184181">
        </testcase>
        <testcase classname="src/components/GardenBadges.test.jsx" name="GardenBadges Components &gt; renders TalkativeTulip as not earned" time="0.0283804">
        </testcase>
        <testcase classname="src/components/GardenBadges.test.jsx" name="GardenBadges Components &gt; renders FriendlyFern as not earned" time="0.0235409">
        </testcase>
        <testcase classname="src/components/GardenBadges.test.jsx" name="GardenBadges Components &gt; renders VoiceOfTheGarden as not earned" time="0.0260943">
        </testcase>
        <testcase classname="src/components/GardenBadges.test.jsx" name="GardenBadges Components &gt; renders HelpfulSeedling as not earned" time="0.025721">
        </testcase>
        <testcase classname="src/components/GardenBadges.test.jsx" name="GardenBadges Components &gt; renders SupportiveStem as not earned" time="0.0271327">
        </testcase>
        <testcase classname="src/components/GardenBadges.test.jsx" name="GardenBadges Components &gt; renders WiseWillow as not earned" time="0.0268699">
        </testcase>
        <testcase classname="src/components/GardenBadges.test.jsx" name="GardenBadges Components &gt; renders TinyToolbelt as not earned" time="0.0156592">
        </testcase>
        <testcase classname="src/components/GardenBadges.test.jsx" name="GardenBadges Components &gt; renders GardenGuardian as not earned" time="0.0162754">
        </testcase>
        <testcase classname="src/components/GardenBadges.test.jsx" name="GardenBadges Components &gt; renders GardenDeputy as not earned" time="0.0190604">
        </testcase>
        <testcase classname="src/components/GardenBadges.test.jsx" name="GardenBadges Components &gt; renders TaskTiller as not earned" time="0.0202928">
        </testcase>
        <testcase classname="src/components/GardenBadges.test.jsx" name="GardenBadges Components &gt; renders BusyBee as not earned" time="0.0304072">
        </testcase>
        <testcase classname="src/components/GardenBadges.test.jsx" name="GardenBadges Components &gt; renders BloomKeeper as not earned" time="0.0223498">
        </testcase>
        <testcase classname="src/components/GardenBadges.test.jsx" name="GardenBadges Components &gt; renders NewSeedling as not earned" time="0.047257">
        </testcase>
        <testcase classname="src/components/GardenBadges.test.jsx" name="GardenBadges Components &gt; renders GardenHopper as not earned" time="0.0349715">
        </testcase>
        <testcase classname="src/components/GardenBadges.test.jsx" name="GardenBadges Components &gt; renders CuriousSprout as not earned" time="0.0313997">
        </testcase>
        <testcase classname="src/components/GardenBadges.test.jsx" name="GardenBadges Components &gt; renders FriendlyVine as not earned" time="0.0317074">
        </testcase>
        <testcase classname="src/components/GardenBadges.test.jsx" name="GardenBadges Components &gt; renders SocialSunflower as not earned" time="0.0166869">
        </testcase>
        <testcase classname="src/components/GardenBadges.test.jsx" name="GardenBadges Components &gt; renders SpottedSeed as not earned" time="0.021985">
        </testcase>
        <testcase classname="src/components/GardenBadges.test.jsx" name="GardenBadges Components &gt; renders BloomingBuddy as not earned" time="0.0189589">
        </testcase>
        <testcase classname="src/components/GardenBadges.test.jsx" name="GardenBadges Components &gt; renders GardenStar as not earned" time="0.021315">
        </testcase>
        <testcase classname="src/components/GardenBadges.test.jsx" name="GardenBadges Components &gt; renders FestivalSprout as not earned" time="0.0220173">
        </testcase>
        <testcase classname="src/components/GardenBadges.test.jsx" name="GardenBadges Components &gt; renders GatheringSpirit as not earned" time="0.0188081">
        </testcase>
        <testcase classname="src/components/GardenBadges.test.jsx" name="GardenBadges Components &gt; renders HeartOfTheGarden as not earned" time="0.0164724">
        </testcase>
        <testcase classname="src/components/GardenBadges.test.jsx" name="GardenBadges Components &gt; renders PinkBlossom as not earned" time="0.0172307">
        </testcase>
        <testcase classname="src/components/GardenBadges.test.jsx" name="GardenBadges Components &gt; renders SunnyPetal as not earned" time="0.0159908">
        </testcase>
        <testcase classname="src/components/GardenBadges.test.jsx" name="GardenBadges Components &gt; renders HarvestSpirit as not earned" time="0.0284756">
        </testcase>
        <testcase classname="src/components/GardenBadges.test.jsx" name="GardenBadges Components &gt; renders FrostGuardian as not earned" time="0.02989">
        </testcase>
        <testcase classname="src/components/GardenBadges.test.jsx" name="GardenBadges Components &gt; renders DawnDewdrop as not earned" time="0.0148785">
        </testcase>
        <testcase classname="src/components/GardenBadges.test.jsx" name="GardenBadges Components &gt; renders MoonlitGardener as not earned" time="0.0158641">
        </testcase>
        <testcase classname="src/components/GardenBadges.test.jsx" name="GardenBadges Components &gt; renders PuddleSpirit as not earned" time="0.0176719">
        </testcase>
        <testcase classname="src/components/GardenBadges.test.jsx" name="GardenBadges Components &gt; renders SunbeamSpirit as not earned" time="0.0232956">
        </testcase>
        <testcase classname="src/components/GardenBadges.test.jsx" name="GardenBadges Components &gt; renders Evergreen as not earned" time="0.0419584">
        </testcase>
        <testcase classname="src/components/GardenBadges.test.jsx" name="GardenBadges Components &gt; ALL_BADGES contains all exported badges" time="0.0157327">
        </testcase>
    </testsuite>
    <testsuite name="src/components/GardenCard.test.jsx" timestamp="2025-12-20T19:41:30.612Z" hostname="SuleymanTolgaAcar" tests="30" failures="0" errors="0" skipped="0" time="2.9246302">
        <testcase classname="src/components/GardenCard.test.jsx" name="GardenCard Component &gt; Rendering &gt; renders garden card with default variant" time="0.907335">
        </testcase>
        <testcase classname="src/components/GardenCard.test.jsx" name="GardenCard Component &gt; Rendering &gt; renders garden card with compact variant" time="0.0518048">
        </testcase>
        <testcase classname="src/components/GardenCard.test.jsx" name="GardenCard Component &gt; Rendering &gt; renders garden card with featured variant" time="0.3814632">
        </testcase>
        <testcase classname="src/components/GardenCard.test.jsx" name="GardenCard Component &gt; Rendering &gt; renders garden name correctly" time="0.0238234">
        </testcase>
        <testcase classname="src/components/GardenCard.test.jsx" name="GardenCard Component &gt; Rendering &gt; renders location with icon" time="0.0437627">
        </testcase>
        <testcase classname="src/components/GardenCard.test.jsx" name="GardenCard Component &gt; Description Truncation &gt; truncates long description in compact variant" time="0.0307352">
        </testcase>
        <testcase classname="src/components/GardenCard.test.jsx" name="GardenCard Component &gt; Description Truncation &gt; does not truncate short description in compact variant" time="0.0205214">
        </testcase>
        <testcase classname="src/components/GardenCard.test.jsx" name="GardenCard Component &gt; Description Truncation &gt; shows full description in default variant" time="0.0487621">
        </testcase>
        <testcase classname="src/components/GardenCard.test.jsx" name="GardenCard Component &gt; Image Handling &gt; displays image from image field" time="0.0430164">
        </testcase>
        <testcase classname="src/components/GardenCard.test.jsx" name="GardenCard Component &gt; Image Handling &gt; displays image from cover_image.image_base64" time="0.0200654">
        </testcase>
        <testcase classname="src/components/GardenCard.test.jsx" name="GardenCard Component &gt; Image Handling &gt; displays fallback image when no image provided" time="0.0202065">
        </testcase>
        <testcase classname="src/components/GardenCard.test.jsx" name="GardenCard Component &gt; Image Handling &gt; uses correct fallback image based on garden id" time="0.0193071">
        </testcase>
        <testcase classname="src/components/GardenCard.test.jsx" name="GardenCard Component &gt; Image Handling &gt; sets correct image height for default variant" time="0.0158145">
        </testcase>
        <testcase classname="src/components/GardenCard.test.jsx" name="GardenCard Component &gt; Image Handling &gt; sets correct image height for compact variant" time="0.0202105">
        </testcase>
        <testcase classname="src/components/GardenCard.test.jsx" name="GardenCard Component &gt; Navigation &gt; navigates to garden detail page when button is clicked" time="0.2245112">
        </testcase>
        <testcase classname="src/components/GardenCard.test.jsx" name="GardenCard Component &gt; Navigation &gt; navigates to correct garden id" time="0.1592764">
        </testcase>
        <testcase classname="src/components/GardenCard.test.jsx" name="GardenCard Component &gt; Translation &gt; uses translation for button text" time="0.0194934">
        </testcase>
        <testcase classname="src/components/GardenCard.test.jsx" name="GardenCard Component &gt; Translation &gt; uses current language for location translation" time="0.0204669">
        </testcase>
        <testcase classname="src/components/GardenCard.test.jsx" name="GardenCard Component &gt; Translation &gt; uses Turkish language when i18n language is tr" time="0.0152683">
        </testcase>
        <testcase classname="src/components/GardenCard.test.jsx" name="GardenCard Component &gt; Variant Styles &gt; renders with default variant styles" time="0.0165423">
        </testcase>
        <testcase classname="src/components/GardenCard.test.jsx" name="GardenCard Component &gt; Variant Styles &gt; renders with compact variant styles" time="0.0169302">
        </testcase>
        <testcase classname="src/components/GardenCard.test.jsx" name="GardenCard Component &gt; Variant Styles &gt; renders with featured variant styles" time="0.016463">
        </testcase>
        <testcase classname="src/components/GardenCard.test.jsx" name="GardenCard Component &gt; Button Variants &gt; renders text button for default variant" time="0.1789845">
        </testcase>
        <testcase classname="src/components/GardenCard.test.jsx" name="GardenCard Component &gt; Button Variants &gt; renders text button for compact variant" time="0.155136">
        </testcase>
        <testcase classname="src/components/GardenCard.test.jsx" name="GardenCard Component &gt; Button Variants &gt; renders contained button for featured variant" time="0.2102312">
        </testcase>
        <testcase classname="src/components/GardenCard.test.jsx" name="GardenCard Component &gt; Edge Cases &gt; handles garden with empty description" time="0.0318146">
        </testcase>
        <testcase classname="src/components/GardenCard.test.jsx" name="GardenCard Component &gt; Edge Cases &gt; handles garden with no location" time="0.0196234">
        </testcase>
        <testcase classname="src/components/GardenCard.test.jsx" name="GardenCard Component &gt; Edge Cases &gt; handles garden with id 0" time="0.1516909">
        </testcase>
        <testcase classname="src/components/GardenCard.test.jsx" name="GardenCard Component &gt; Edge Cases &gt; handles description exactly 60 characters in compact variant" time="0.0164243">
        </testcase>
        <testcase classname="src/components/GardenCard.test.jsx" name="GardenCard Component &gt; Edge Cases &gt; handles description 61 characters in compact variant" time="0.0184105">
        </testcase>
    </testsuite>
    <testsuite name="src/components/GardenModal.test.jsx" timestamp="2025-12-20T19:41:30.618Z" hostname="SuleymanTolgaAcar" tests="35" failures="0" errors="0" skipped="0" time="12.025852">
        <testcase classname="src/components/GardenModal.test.jsx" name="GardenModal Component &gt; Rendering &gt; renders modal when open is true" time="1.3050417">
        </testcase>
        <testcase classname="src/components/GardenModal.test.jsx" name="GardenModal Component &gt; Rendering &gt; does not render modal when open is false" time="0.0122417">
        </testcase>
        <testcase classname="src/components/GardenModal.test.jsx" name="GardenModal Component &gt; Rendering &gt; renders create mode title" time="0.2821784">
        </testcase>
        <testcase classname="src/components/GardenModal.test.jsx" name="GardenModal Component &gt; Rendering &gt; renders edit mode title" time="0.3257807">
        </testcase>
        <testcase classname="src/components/GardenModal.test.jsx" name="GardenModal Component &gt; Rendering &gt; renders all form fields" time="0.255593">
        </testcase>
        <testcase classname="src/components/GardenModal.test.jsx" name="GardenModal Component &gt; Rendering &gt; renders delete button in edit mode" time="0.2469896">
        </testcase>
        <testcase classname="src/components/GardenModal.test.jsx" name="GardenModal Component &gt; Rendering &gt; does not render delete button in create mode" time="0.2967028">
        </testcase>
        <testcase classname="src/components/GardenModal.test.jsx" name="GardenModal Component &gt; Rendering &gt; renders LocationPicker component" time="0.2457722">
        </testcase>
        <testcase classname="src/components/GardenModal.test.jsx" name="GardenModal Component &gt; Rendering &gt; renders image upload components" time="0.217334">
        </testcase>
        <testcase classname="src/components/GardenModal.test.jsx" name="GardenModal Component &gt; Form Interaction &gt; name field displays form value" time="0.2199193">
        </testcase>
        <testcase classname="src/components/GardenModal.test.jsx" name="GardenModal Component &gt; Form Interaction &gt; description field displays form value" time="0.2003579">
        </testcase>
        <testcase classname="src/components/GardenModal.test.jsx" name="GardenModal Component &gt; Form Interaction &gt; calls handleChange when name field changes" time="0.6642963">
        </testcase>
        <testcase classname="src/components/GardenModal.test.jsx" name="GardenModal Component &gt; Form Interaction &gt; calls handleChange when description field changes" time="0.5624875">
        </testcase>
        <testcase classname="src/components/GardenModal.test.jsx" name="GardenModal Component &gt; Form Interaction &gt; calls handleTogglePublic when switch is toggled" time="0.3460599">
        </testcase>
        <testcase classname="src/components/GardenModal.test.jsx" name="GardenModal Component &gt; Form Interaction &gt; switch reflects isPublic state" time="0.3574548">
        </testcase>
        <testcase classname="src/components/GardenModal.test.jsx" name="GardenModal Component &gt; Form Interaction &gt; location picker receives correct value" time="0.2334821">
        </testcase>
        <testcase classname="src/components/GardenModal.test.jsx" name="GardenModal Component &gt; Form Interaction &gt; location change calls handleChange with correct structure" time="0.2464761">
        </testcase>
        <testcase classname="src/components/GardenModal.test.jsx" name="GardenModal Component &gt; Form Submission &gt; submits form data with form values" time="0.4146179">
        </testcase>
        <testcase classname="src/components/GardenModal.test.jsx" name="GardenModal Component &gt; Button Actions &gt; calls onClose when cancel button is clicked" time="0.2472881">
        </testcase>
        <testcase classname="src/components/GardenModal.test.jsx" name="GardenModal Component &gt; Button Actions &gt; calls handleDelete when delete button is clicked in edit mode" time="0.2367267">
        </testcase>
        <testcase classname="src/components/GardenModal.test.jsx" name="GardenModal Component &gt; Button Actions &gt; submit button shows create text in create mode" time="0.3344359">
        </testcase>
        <testcase classname="src/components/GardenModal.test.jsx" name="GardenModal Component &gt; Button Actions &gt; submit button shows save text in edit mode" time="0.2076589">
        </testcase>
        <testcase classname="src/components/GardenModal.test.jsx" name="GardenModal Component &gt; Existing Images &gt; initializes cover image from existingImages" time="0.2035397">
        </testcase>
        <testcase classname="src/components/GardenModal.test.jsx" name="GardenModal Component &gt; Existing Images &gt; initializes gallery images from existingImages" time="0.236264">
        </testcase>
        <testcase classname="src/components/GardenModal.test.jsx" name="GardenModal Component &gt; Existing Images &gt; filters out cover image from gallery images" time="0.2225461">
        </testcase>
        <testcase classname="src/components/GardenModal.test.jsx" name="GardenModal Component &gt; Existing Images &gt; clears images in create mode" time="0.2322221">
        </testcase>
        <testcase classname="src/components/GardenModal.test.jsx" name="GardenModal Component &gt; Keyboard Navigation &gt; sets up keyboard handler for form" time="0.2028572">
        </testcase>
        <testcase classname="src/components/GardenModal.test.jsx" name="GardenModal Component &gt; Keyboard Navigation &gt; creates button keyboard handlers" time="0.2060781">
        </testcase>
        <testcase classname="src/components/GardenModal.test.jsx" name="GardenModal Component &gt; Modal Accessibility &gt; has correct ARIA attributes" time="0.2279931">
        </testcase>
[...]
    at runSuite [90m(file:///C:/Projeler/CMPE%20352/bounswe2025group1/frontend/[39mnode_modules/[4m@vitest[24m/runner/dist/chunk-hooks.js:1729:8[90m)[39m
    at runSuite [90m(file:///C:/Projeler/CMPE%20352/bounswe2025group1/frontend/[39mnode_modules/[4m@vitest[24m/runner/dist/chunk-hooks.js:1729:8[90m)[39m
    at runSuite [90m(file:///C:/Projeler/CMPE%20352/bounswe2025group1/frontend/[39mnode_modules/[4m@vitest[24m/runner/dist/chunk-hooks.js:1729:8[90m)[39m

            </system-err>
        </testcase>
        <testcase classname="src/pages/infohub/ToolGuide.test.jsx" name="ToolGuide Component &gt; Rendering &gt; shows no results message when search returns no results" time="0.3741793">
        </testcase>
        <testcase classname="src/pages/infohub/ToolGuide.test.jsx" name="ToolGuide Component &gt; Rendering &gt; renders tool maintenance tips section" time="0.2682926">
        </testcase>
        <testcase classname="src/pages/infohub/ToolGuide.test.jsx" name="ToolGuide Component &gt; Tool Information Display &gt; displays tool type and skill level chips" time="0.3039218">
        </testcase>
        <testcase classname="src/pages/infohub/ToolGuide.test.jsx" name="ToolGuide Component &gt; Tool Information Display &gt; displays tool uses list" time="0.2688604">
        </testcase>
        <testcase classname="src/pages/infohub/ToolGuide.test.jsx" name="ToolGuide Component &gt; Tool Information Display &gt; displays tool tips" time="0.2783188">
        </testcase>
        <testcase classname="src/pages/infohub/ToolGuide.test.jsx" name="ToolGuide Component &gt; Search Functionality &gt; filters tools based on search query" time="0.457398">
        </testcase>
        <testcase classname="src/pages/infohub/ToolGuide.test.jsx" name="ToolGuide Component &gt; Search Functionality &gt; search is case insensitive" time="0.4026515">
        </testcase>
        <testcase classname="src/pages/infohub/ToolGuide.test.jsx" name="ToolGuide Component &gt; Search Functionality &gt; searches by tool type" time="0.3933846">
        </testcase>
        <testcase classname="src/pages/infohub/ToolGuide.test.jsx" name="ToolGuide Component &gt; Navigation &gt; navigates back to infohub when back button is clicked" time="0.2933603">
        </testcase>
        <testcase classname="src/pages/infohub/ToolGuide.test.jsx" name="ToolGuide Component &gt; Navigation &gt; navigates to browse plants when button is clicked" time="0.2382982">
        </testcase>
        <testcase classname="src/pages/infohub/ToolGuide.test.jsx" name="ToolGuide Component &gt; Pagination &gt; does not render pagination when all tools fit on one page" time="0.1932916">
        </testcase>
        <testcase classname="src/pages/infohub/ToolGuide.test.jsx" name="ToolGuide Component &gt; Pagination &gt; renders pagination when there are more tools than fit on one page" time="0.4935693">
        </testcase>
        <testcase classname="src/pages/infohub/ToolGuide.test.jsx" name="ToolGuide Component &gt; Skill Level Colors &gt; displays different colors for different skill levels" time="0.2418035">
        </testcase>
    </testsuite>
    <testsuite name="src/pages/forum/ForumList.test.jsx" timestamp="2025-12-20T19:41:30.791Z" hostname="SuleymanTolgaAcar" tests="9" failures="0" errors="0" skipped="0" time="1.9190043">
        <testcase classname="src/pages/forum/ForumList.test.jsx" name="ForumList Component &gt; renders loading state initially" time="0.4429834">
        </testcase>
        <testcase classname="src/pages/forum/ForumList.test.jsx" name="ForumList Component &gt; renders posts after fetch" time="0.4730384">
            <system-err>
Error fetching posts: TypeError: Cannot read properties of undefined (reading &apos;ok&apos;)
    at fetchPosts [90m(C:\Projeler\CMPE 352\bounswe2025group1\frontend\[39msrc\pages\forum\ForumList.jsx:83:20[90m)[39m

            </system-err>
        </testcase>
        <testcase classname="src/pages/forum/ForumList.test.jsx" name="ForumList Component &gt; handles fetch error" time="0.1707038">
            <system-err>
Error fetching posts: Error: Fetch failed
    at [90mC:\Projeler\CMPE 352\bounswe2025group1\frontend\[39msrc\pages\forum\ForumList.test.jsx:140:33
    at [90mfile:///C:/Projeler/CMPE%20352/bounswe2025group1/frontend/[39mnode_modules/[4m@vitest[24m/runner/dist/chunk-hooks.js:155:11
    at [90mfile:///C:/Projeler/CMPE%20352/bounswe2025group1/frontend/[39mnode_modules/[4m@vitest[24m/runner/dist/chunk-hooks.js:752:26
    at [90mfile:///C:/Projeler/CMPE%20352/bounswe2025group1/frontend/[39mnode_modules/[4m@vitest[24m/runner/dist/chunk-hooks.js:1897:20
    at new Promise (&lt;anonymous&gt;)
    at runWithTimeout [90m(file:///C:/Projeler/CMPE%20352/bounswe2025group1/frontend/[39mnode_modules/[4m@vitest[24m/runner/dist/chunk-hooks.js:1863:10[90m)[39m
    at runTest [90m(file:///C:/Projeler/CMPE%20352/bounswe2025group1/frontend/[39mnode_modules/[4m@vitest[24m/runner/dist/chunk-hooks.js:1574:12[90m)[39m
    at runSuite [90m(file:///C:/Projeler/CMPE%20352/bounswe2025group1/frontend/[39mnode_modules/[4m@vitest[24m/runner/dist/chunk-hooks.js:1729:8[90m)[39m
    at runSuite [90m(file:///C:/Projeler/CMPE%20352/bounswe2025group1/frontend/[39mnode_modules/[4m@vitest[24m/runner/dist/chunk-hooks.js:1729:8[90m)[39m
    at runFiles [90m(file:///C:/Projeler/CMPE%20352/bounswe2025group1/frontend/[39mnode_modules/[4m@vitest[24m/runner/dist/chunk-hooks.js:1787:3[90m)[39m

Error fetching posts: TypeError: Cannot read properties of undefined (reading &apos;ok&apos;)
    at fetchPosts [90m(C:\Projeler\CMPE 352\bounswe2025group1\frontend\[39msrc\pages\forum\ForumList.jsx:83:20[90m)[39m

            </system-err>
        </testcase>
        <testcase classname="src/pages/forum/ForumList.test.jsx" name="ForumList Component &gt; filters posts by search term" time="0.1405693">
            <system-err>
Error fetching posts: TypeError: Cannot read properties of undefined (reading &apos;ok&apos;)
    at fetchPosts [90m(C:\Projeler\CMPE 352\bounswe2025group1\frontend\[39msrc\pages\forum\ForumList.jsx:83:20[90m)[39m

Error fetching posts: TypeError: Cannot read properties of undefined (reading &apos;ok&apos;)
    at fetchPosts [90m(C:\Projeler\CMPE 352\bounswe2025group1\frontend\[39msrc\pages\forum\ForumList.jsx:83:20[90m)[39m

            </system-err>
        </testcase>
        <testcase classname="src/pages/forum/ForumList.test.jsx" name="ForumList Component &gt; toggles following only" time="0.1489409">
        </testcase>
        <testcase classname="src/pages/forum/ForumList.test.jsx" name="ForumList Component &gt; opens create post dialog" time="0.1921171">
            <system-err>
Error fetching posts: TypeError: Cannot read properties of undefined (reading &apos;ok&apos;)
    at fetchPosts [90m(C:\Projeler\CMPE 352\bounswe2025group1\frontend\[39msrc\pages\forum\ForumList.jsx:83:20[90m)[39m

Error fetching posts: TypeError: Cannot read properties of undefined (reading &apos;ok&apos;)
    at fetchPosts [90m(C:\Projeler\CMPE 352\bounswe2025group1\frontend\[39msrc\pages\forum\ForumList.jsx:83:20[90m)[39m
An update to ForumList inside a test was not wrapped in act(...).

When testing, code that causes React state updates should be wrapped into act(...):

act(() =&gt; {
  /* fire events that update state */
});
/* assert on the output */

This ensures that you&apos;re testing the behavior the user would see in the browser. Learn more at https://react.dev/link/wrap-tests-with-act

            </system-err>
        </testcase>
        <testcase classname="src/pages/forum/ForumList.test.jsx" name="ForumList Component &gt; handles post creation via dialog" time="0.1767217">
            <system-err>
Error fetching posts: TypeError: Cannot read properties of undefined (reading &apos;ok&apos;)
    at fetchPosts [90m(C:\Projeler\CMPE 352\bounswe2025group1\frontend\[39msrc\pages\forum\ForumList.jsx:83:20[90m)[39m

Error fetching posts: TypeError: Cannot read properties of undefined (reading &apos;ok&apos;)
    at fetchPosts [90m(C:\Projeler\CMPE 352\bounswe2025group1\frontend\[39msrc\pages\forum\ForumList.jsx:83:20[90m)[39m
Error fetching posts: TypeError: Cannot read properties of undefined (reading &apos;ok&apos;)
    at fetchPosts [90m(C:\Projeler\CMPE 352\bounswe2025group1\frontend\[39msrc\pages\forum\ForumList.jsx:83:20[90m)[39m

            </system-err>
        </testcase>
        <testcase classname="src/pages/forum/ForumList.test.jsx" name="ForumList Component &gt; handles quick post submission" time="0.1011007">
            <system-err>
Error fetching posts: TypeError: Cannot read properties of undefined (reading &apos;ok&apos;)
    at fetchPosts [90m(C:\Projeler\CMPE 352\bounswe2025group1\frontend\[39msrc\pages\forum\ForumList.jsx:83:20[90m)[39m

Error creating post: TypeError: Cannot read properties of undefined (reading &apos;ok&apos;)
    at handlePostSubmit [90m(C:\Projeler\CMPE 352\bounswe2025group1\frontend\[39msrc\pages\forum\ForumList.jsx:188:16[90m)[39m

            </system-err>
        </testcase>
        <testcase classname="src/pages/forum/ForumList.test.jsx" name="ForumList Component &gt; handles post deletion" time="0.0675429">
            <system-err>
Error fetching posts: TypeError: response.json is not a function
    at fetchPosts [90m(C:\Projeler\CMPE 352\bounswe2025group1\frontend\[39msrc\pages\forum\ForumList.jsx:94:32[90m)[39m

Error deleting post: TypeError: Cannot read properties of undefined (reading &apos;ok&apos;)
    at handleDeletePost [90m(C:\Projeler\CMPE 352\bounswe2025group1\frontend\[39msrc\pages\forum\ForumList.jsx:302:19[90m)[39m

            </system-err>
        </testcase>
    </testsuite>
    <testsuite name="src/pages/forum/ForumPost.test.jsx" timestamp="2025-12-20T19:41:30.795Z" hostname="SuleymanTolgaAcar" tests="10" failures="0" errors="0" skipped="0" time="4.4013029">
        <testcase classname="src/pages/forum/ForumPost.test.jsx" name="ForumPost Component &gt; renders loading state initially" time="0.445728">
            <system-err>
An update to ForumPost inside a test was not wrapped in act(...).

When testing, code that causes React state updates should be wrapped into act(...):

act(() =&gt; {
  /* fire events that update state */
});
/* assert on the output */

This ensures that you&apos;re testing the behavior the user would see in the browser. Learn more at https://react.dev/link/wrap-tests-with-act
An update to ForumPost inside a test was not wrapped in act(...).

When testing, code that causes React state updates should be wrapped into act(...):

act(() =&gt; {
  /* fire events that update state */
});
/* assert on the output */

This ensures that you&apos;re testing the behavior the user would see in the browser. Learn more at https://react.dev/link/wrap-tests-with-act
An update to ForumPost inside a test was not wrapped in act(...).

When testing, code that causes React state updates should be wrapped into act(...):

act(() =&gt; {
  /* fire events that update state */
});
/* assert on the output */

This ensures that you&apos;re testing the behavior the user would see in the browser. Learn more at https://react.dev/link/wrap-tests-with-act

An update to ForumPost inside a test was not wrapped in act(...).

When testing, code that causes React state updates should be wrapped into act(...):

act(() =&gt; {
  /* fire events that update state */
});
/* assert on the output */

This ensures that you&apos;re testing the behavior the user would see in the browser. Learn more at https://react.dev/link/wrap-tests-with-act
An update to ForumPost inside a test was not wrapped in act(...).

When testing, code that causes React state updates should be wrapped into act(...):

act(() =&gt; {
  /* fire events that update state */
});
/* assert on the output */

This ensures that you&apos;re testing the behavior the user would see in the browser. Learn more at https://react.dev/link/wrap-tests-with-act

            </system-err>
        </testcase>
        <testcase classname="src/pages/forum/ForumPost.test.jsx" name="ForumPost Component &gt; renders post and comments after loading" time="0.5963651">
        </testcase>
        <testcase classname="src/pages/forum/ForumPost.test.jsx" name="ForumPost Component &gt; displays &quot;No comments yet&quot; when there are no comments" time="0.1741711">
        </testcase>
        <testcase classname="src/pages/forum/ForumPost.test.jsx" name="ForumPost Component &gt; enables edit mode when Edit button is clicked" time="0.725381">
        </testcase>
        <testcase classname="src/pages/forum/ForumPost.test.jsx" name="ForumPost Component &gt; handles post update correctly" time="0.8593214">
        </testcase>
        <testcase classname="src/pages/forum/ForumPost.test.jsx" name="ForumPost Component &gt; shows delete confirmation dialog when Delete button is clicked" time="0.373306">
        </testcase>
        <testcase classname="src/pages/forum/ForumPost.test.jsx" name="ForumPost Component &gt; handles post deletion correctly" time="0.3136456">
        </testcase>
        <testcase classname="src/pages/forum/ForumPost.test.jsx" name="ForumPost Component &gt; adds a new comment when comment dialog is submitted" time="0.6184589">
            <system-err>
Encountered two children with the same key, `comment-1`. Keys should be unique so that components maintain their identity across updates. Non-unique keys may cause children to be duplicated and/or omitted — the behavior is unsupported and could change in a future version.

            </system-err>
        </testcase>
        <testcase classname="src/pages/forum/ForumPost.test.jsx" name="ForumPost Component &gt; shows error state when post fetch fails" time="0.104873">
        </testcase>
        <testcase classname="src/pages/forum/ForumPost.test.jsx" name="ForumPost Component &gt; navigates back to forum list when Back button is clicked" time="0.183929">
        </testcase>
    </testsuite>
    <testsuite name="src/pages/profile/Profile.test.jsx" timestamp="2025-12-20T19:41:30.799Z" hostname="SuleymanTolgaAcar" tests="15" failures="0" errors="0" skipped="0" time="14.366557">
        <testcase classname="src/pages/profile/Profile.test.jsx" name="Profile Component - Keyboard Navigation &gt; renders profile with keyboard navigation support" time="0.8452817">
        </testcase>
        <testcase classname="src/pages/profile/Profile.test.jsx" name="Profile Component - Keyboard Navigation &gt; tabs support keyboard navigation" time="1.3910492">
        </testcase>
        <testcase classname="src/pages/profile/Profile.test.jsx" name="Profile Component - Keyboard Navigation &gt; tabs support arrow key navigation" time="1.0300286">
        </testcase>
        <testcase classname="src/pages/profile/Profile.test.jsx" name="Profile Component - Keyboard Navigation &gt; edit profile button supports keyboard navigation" time="1.7953795">
        </testcase>
        <testcase classname="src/pages/profile/Profile.test.jsx" name="Profile Component - Keyboard Navigation &gt; save and cancel buttons support keyboard navigation" time="2.1998231">
            <system-err>
An update to Profile inside a test was not wrapped in act(...).

When testing, code that causes React state updates should be wrapped into act(...):

act(() =&gt; {
  /* fire events that update state */
});
/* assert on the output */

This ensures that you&apos;re testing the behavior the user would see in the browser. Learn more at https://react.dev/link/wrap-tests-with-act

            </system-err>
        </testcase>
        <testcase classname="src/pages/profile/Profile.test.jsx" name="Profile Component - Keyboard Navigation &gt; garden cards support keyboard navigation" time="1.3211858">
        </testcase>
        <testcase classname="src/pages/profile/Profile.test.jsx" name="Profile Component - Keyboard Navigation &gt; follower items support keyboard navigation" time="0.8147543">
        </testcase>
        <testcase classname="src/pages/profile/Profile.test.jsx" name="Profile Component - Keyboard Navigation &gt; following items support keyboard navigation" time="0.5714167">
        </testcase>
        <testcase classname="src/pages/profile/Profile.test.jsx" name="Profile Component - Keyboard Navigation &gt; change picture button supports keyboard navigation" time="1.1393476">
        </testcase>
        <testcase classname="src/pages/profile/Profile.test.jsx" name="Profile Component - Keyboard Navigation &gt; tabs have proper ARIA attributes" time="0.6120299">
        </testcase>
        <testcase classname="src/pages/profile/Profile.test.jsx" name="Profile Component - Keyboard Navigation &gt; garden cards have proper focus indicators" time="0.8665811">
        </testcase>
        <testcase classname="src/pages/profile/Profile.test.jsx" name="Profile Component - Keyboard Navigation &gt; follower items have proper focus indicators" time="0.7045855">
        </testcase>
        <testcase classname="src/pages/profile/Profile.test.jsx" name="Profile Component - Keyboard Navigation &gt; handles keyboard navigation without errors" time="0.4480371">
        </testcase>
        <testcase classname="src/pages/profile/Profile.test.jsx" name="Profile Component - Keyboard Navigation &gt; supports roving tabindex for tabs" time="0.5544903">
        </testcase>
        <testcase classname="src/pages/profile/Profile.test.jsx" name="Profile Component - Keyboard Navigation &gt; handles empty data gracefully" time="0.067641">
        </testcase>
    </testsuite>
    <testsuite name="src/pages/task/Tasks.test.jsx" timestamp="2025-12-20T19:41:30.803Z" hostname="SuleymanTolgaAcar" tests="10" failures="0" errors="0" skipped="0" time="1.104595">
        <testcase classname="src/pages/task/Tasks.test.jsx" name="Tasks Page &gt; renders loading state initially" time="0.4535376">
            <system-err>
Error fetching tasks: TypeError: Cannot read properties of undefined (reading &apos;ok&apos;)
    at fetchTasks [90m(C:\Projeler\CMPE 352\bounswe2025group1\frontend\[39msrc\pages\task\Tasks.jsx:190:15[90m)[39m
[90m    at processTicksAndRejections (node:internal/process/task_queues:105:5)[39m
An update to Tasks inside a test was not wrapped in act(...).

When testing, code that causes React state updates should be wrapped into act(...):

act(() =&gt; {
  /* fire events that update state */
});
/* assert on the output */

This ensures that you&apos;re testing the behavior the user would see in the browser. Learn more at https://react.dev/link/wrap-tests-with-act

            </system-err>
        </testcase>
        <testcase classname="src/pages/task/Tasks.test.jsx" name="Tasks Page &gt; redirects to login if no token" time="0.0971365">
        </testcase>
        <testcase classname="src/pages/task/Tasks.test.jsx" name="Tasks Page &gt; fetches and displays tasks" time="0.0895792">
        </testcase>
        <testcase classname="src/pages/task/Tasks.test.jsx" name="Tasks Page &gt; handles fetch error" time="0.0358227">
            <system-err>
Failed to fetch tasks

            </system-err>
        </testcase>
        <testcase classname="src/pages/task/Tasks.test.jsx" name="Tasks Page &gt; opens task modal on click" time="0.0622848">
        </testcase>
        <testcase classname="src/pages/task/Tasks.test.jsx" name="Tasks Page &gt; updates a task" time="0.0492455">
        </testcase>
        <testcase classname="src/pages/task/Tasks.test.jsx" name="Tasks Page &gt; handles self-assignment" time="0.0475505">
        </testcase>
        <testcase classname="src/pages/task/Tasks.test.jsx" name="Tasks Page &gt; deletes a task" time="0.0556804">
        </testcase>
        <testcase classname="src/pages/task/Tasks.test.jsx" name="Tasks Page &gt; accepts a task" time="0.110659">
        </testcase>
        <testcase classname="src/pages/task/Tasks.test.jsx" name="Tasks Page &gt; declines a task" time="0.097658">
        </testcase>
    </testsuite>
</testsuites>
