{"C:\\Projeler\\CMPE 352\\bounswe2025group1\\MOBILE\\CommunityGardenApp\\app\\+not-found.tsx": {"path":"C:\\Projeler\\CMPE 352\\bounswe2025group1\\MOBILE\\CommunityGardenApp\\app\\+not-found.tsx","statementMap":{"0":{"start":{"line":8,"column":2},"end":{"line":18,"column":4}},"1":{"start":{"line":21,"column":15},"end":{"line":32,"column":2}}},"fnMap":{"0":{"name":"NotFoundScreen","decl":{"start":{"line":7,"column":24},"end":{"line":7,"column":38}},"loc":{"start":{"line":7,"column":41},"end":{"line":19,"column":1}},"line":7}},"branchMap":{},"s":{"0":0,"1":0},"f":{"0":0},"b":{}}
,"C:\\Projeler\\CMPE 352\\bounswe2025group1\\MOBILE\\CommunityGardenApp\\app\\_layout.tsx": {"path":"C:\\Projeler\\CMPE 352\\bounswe2025group1\\MOBILE\\CommunityGardenApp\\app\\_layout.tsx","statementMap":{"0":{"start":{"line":10,"column":17},"end":{"line":10,"column":38}},"1":{"start":{"line":11,"column":16},"end":{"line":11,"column":32}},"2":{"start":{"line":13,"column":2},"end":{"line":89,"column":4}},"3":{"start":{"line":93,"column":22},"end":{"line":93,"column":38}},"4":{"start":{"line":95,"column":2},"end":{"line":101,"column":4}}},"fnMap":{"0":{"name":"StackNavigator","decl":{"start":{"line":9,"column":9},"end":{"line":9,"column":23}},"loc":{"start":{"line":9,"column":26},"end":{"line":90,"column":1}},"line":9},"1":{"name":"RootLayout","decl":{"start":{"line":92,"column":24},"end":{"line":92,"column":34}},"loc":{"start":{"line":92,"column":37},"end":{"line":102,"column":1}},"line":92}},"branchMap":{},"s":{"0":0,"1":0,"2":0,"3":0,"4":0},"f":{"0":0,"1":0},"b":{}}
,"C:\\Projeler\\CMPE 352\\bounswe2025group1\\MOBILE\\CommunityGardenApp\\app\\(tabs)\\_layout.tsx": {"path":"C:\\Projeler\\CMPE 352\\bounswe2025group1\\MOBILE\\CommunityGardenApp\\app\\(tabs)\\_layout.tsx","statementMap":{"0":{"start":{"line":16,"column":28},"end":{"line":16,"column":37}},"1":{"start":{"line":18,"column":2},"end":{"line":22,"column":22}},"2":{"start":{"line":19,"column":4},"end":{"line":21,"column":5}},"3":{"start":{"line":20,"column":6},"end":{"line":20,"column":36}},"4":{"start":{"line":24,"column":2},"end":{"line":24,"column":27}},"5":{"start":{"line":24,"column":15},"end":{"line":24,"column":27}},"6":{"start":{"line":25,"column":2},"end":{"line":25,"column":25}},"7":{"start":{"line":25,"column":13},"end":{"line":25,"column":25}},"8":{"start":{"line":26,"column":2},"end":{"line":26,"column":25}},"9":{"start":{"line":30,"column":22},"end":{"line":30,"column":38}},"10":{"start":{"line":31,"column":16},"end":{"line":31,"column":32}},"11":{"start":{"line":33,"column":2},"end":{"line":100,"column":4}},"12":{"start":{"line":53,"column":39},"end":{"line":53,"column":90}},"13":{"start":{"line":60,"column":39},"end":{"line":60,"column":90}},"14":{"start":{"line":67,"column":39},"end":{"line":67,"column":90}},"15":{"start":{"line":74,"column":39},"end":{"line":74,"column":94}},"16":{"start":{"line":81,"column":39},"end":{"line":81,"column":94}},"17":{"start":{"line":94,"column":39},"end":{"line":94,"column":91}}},"fnMap":{"0":{"name":"AuthGate","decl":{"start":{"line":15,"column":9},"end":{"line":15,"column":17}},"loc":{"start":{"line":15,"column":63},"end":{"line":27,"column":1}},"line":15},"1":{"name":"(anonymous_1)","decl":{"start":{"line":18,"column":12},"end":{"line":18,"column":13}},"loc":{"start":{"line":18,"column":18},"end":{"line":22,"column":3}},"line":18},"2":{"name":"TabLayout","decl":{"start":{"line":29,"column":24},"end":{"line":29,"column":33}},"loc":{"start":{"line":29,"column":36},"end":{"line":101,"column":1}},"line":29},"3":{"name":"(anonymous_3)","decl":{"start":{"line":53,"column":24},"end":{"line":53,"column":25}},"loc":{"start":{"line":53,"column":39},"end":{"line":53,"column":90}},"line":53},"4":{"name":"(anonymous_4)","decl":{"start":{"line":60,"column":24},"end":{"line":60,"column":25}},"loc":{"start":{"line":60,"column":39},"end":{"line":60,"column":90}},"line":60},"5":{"name":"(anonymous_5)","decl":{"start":{"line":67,"column":24},"end":{"line":67,"column":25}},"loc":{"start":{"line":67,"column":39},"end":{"line":67,"column":90}},"line":67},"6":{"name":"(anonymous_6)","decl":{"start":{"line":74,"column":24},"end":{"line":74,"column":25}},"loc":{"start":{"line":74,"column":39},"end":{"line":74,"column":94}},"line":74},"7":{"name":"(anonymous_7)","decl":{"start":{"line":81,"column":24},"end":{"line":81,"column":25}},"loc":{"start":{"line":81,"column":39},"end":{"line":81,"column":94}},"line":81},"8":{"name":"(anonymous_8)","decl":{"start":{"line":94,"column":24},"end":{"line":94,"column":25}},"loc":{"start":{"line":94,"column":39},"end":{"line":94,"column":91}},"line":94}},"branchMap":{"0":{"loc":{"start":{"line":19,"column":4},"end":{"line":21,"column":5}},"type":"if","locations":[{"start":{"line":19,"column":4},"end":{"line":21,"column":5}},{"start":{},"end":{}}],"line":19},"1":{"loc":{"start":{"line":19,"column":8},"end":{"line":19,"column":25}},"type":"binary-expr","locations":[{"start":{"line":19,"column":8},"end":{"line":19,"column":16}},{"start":{"line":19,"column":20},"end":{"line":19,"column":25}}],"line":19},"2":{"loc":{"start":{"line":24,"column":2},"end":{"line":24,"column":27}},"type":"if","locations":[{"start":{"line":24,"column":2},"end":{"line":24,"column":27}},{"start":{},"end":{}}],"line":24},"3":{"loc":{"start":{"line":25,"column":2},"end":{"line":25,"column":25}},"type":"if","locations":[{"start":{"line":25,"column":2},"end":{"line":25,"column":25}},{"start":{},"end":{}}],"line":25},"4":{"loc":{"start":{"line":37,"column":40},"end":{"line":37,"column":62}},"type":"binary-expr","locations":[{"start":{"line":37,"column":40},"end":{"line":37,"column":51}},{"start":{"line":37,"column":55},"end":{"line":37,"column":62}}],"line":37}},"s":{"0":0,"1":0,"2":0,"3":0,"4":0,"5":0,"6":0,"7":0,"8":0,"9":0,"10":0,"11":0,"12":0,"13":0,"14":0,"15":0,"16":0,"17":0},"f":{"0":0,"1":0,"2":0,"3":0,"4":0,"5":0,"6":0,"7":0,"8":0},"b":{"0":[0,0],"1":[0,0],"2":[0,0],"3":[0,0],"4":[0,0]}}
,"C:\\Projeler\\CMPE 352\\bounswe2025group1\\MOBILE\\CommunityGardenApp\\app\\(tabs)\\forum.tsx": {"path":"C:\\Projeler\\CMPE 352\\bounswe2025group1\\MOBILE\\CommunityGardenApp\\app\\(tabs)\\forum.tsx","statementMap":{"0":{"start":{"line":9,"column":17},"end":{"line":9,"column":28}},"1":{"start":{"line":10,"column":17},"end":{"line":10,"column":38}},"2":{"start":{"line":12,"column":2},"end":{"line":16,"column":4}},"3":{"start":{"line":19,"column":15},"end":{"line":23,"column":2}}},"fnMap":{"0":{"name":"ForumScreen","decl":{"start":{"line":8,"column":24},"end":{"line":8,"column":35}},"loc":{"start":{"line":8,"column":38},"end":{"line":17,"column":1}},"line":8}},"branchMap":{},"s":{"0":0,"1":0,"2":0,"3":0},"f":{"0":0},"b":{}}
,"C:\\Projeler\\CMPE 352\\bounswe2025group1\\MOBILE\\CommunityGardenApp\\app\\(tabs)\\gardens.tsx": {"path":"C:\\Projeler\\CMPE 352\\bounswe2025group1\\MOBILE\\CommunityGardenApp\\app\\(tabs)\\gardens.tsx","statementMap":{"0":{"start":{"line":16,"column":28},"end":{"line":21,"column":1}},"1":{"start":{"line":17,"column":2},"end":{"line":17,"column":29}},"2":{"start":{"line":17,"column":17},"end":{"line":17,"column":29}},"3":{"start":{"line":19,"column":15},"end":{"line":19,"column":44}},"4":{"start":{"line":20,"column":2},"end":{"line":20,"column":22}},"5":{"start":{"line":24,"column":26},"end":{"line":29,"column":1}},"6":{"start":{"line":25,"column":2},"end":{"line":28,"column":26}},"7":{"start":{"line":32,"column":32},"end":{"line":32,"column":54}},"8":{"start":{"line":33,"column":38},"end":{"line":33,"column":60}},"9":{"start":{"line":34,"column":32},"end":{"line":34,"column":46}},"10":{"start":{"line":35,"column":46},"end":{"line":35,"column":61}},"11":{"start":{"line":36,"column":34},"end":{"line":36,"column":63}},"12":{"start":{"line":37,"column":48},"end":{"line":37,"column":63}},"13":{"start":{"line":38,"column":20},"end":{"line":38,"column":29}},"14":{"start":{"line":39,"column":17},"end":{"line":39,"column":38}},"15":{"start":{"line":40,"column":21},"end":{"line":40,"column":36}},"16":{"start":{"line":41,"column":17},"end":{"line":41,"column":28}},"17":{"start":{"line":42,"column":16},"end":{"line":42,"column":32}},"18":{"start":{"line":45,"column":2},"end":{"line":48,"column":14}},"19":{"start":{"line":46,"column":4},"end":{"line":46,"column":31}},"20":{"start":{"line":47,"column":4},"end":{"line":47,"column":19}},"21":{"start":{"line":50,"column":2},"end":{"line":55,"column":4}},"22":{"start":{"line":52,"column":6},"end":{"line":52,"column":21}},"23":{"start":{"line":53,"column":6},"end":{"line":53,"column":33}},"24":{"start":{"line":58,"column":2},"end":{"line":97,"column":45}},"25":{"start":{"line":59,"column":4},"end":{"line":96,"column":5}},"26":{"start":{"line":60,"column":33},"end":{"line":60,"column":60}},"27":{"start":{"line":61,"column":6},"end":{"line":61,"column":47}},"28":{"start":{"line":62,"column":6},"end":{"line":62,"column":77}},"29":{"start":{"line":64,"column":23},"end":{"line":89,"column":8}},"30":{"start":{"line":65,"column":8},"end":{"line":68,"column":9}},"31":{"start":{"line":66,"column":10},"end":{"line":66,"column":72}},"32":{"start":{"line":67,"column":10},"end":{"line":67,"column":23}},"33":{"start":{"line":71,"column":30},"end":{"line":71,"column":81}},"34":{"start":{"line":71,"column":69},"end":{"line":71,"column":80}},"35":{"start":{"line":72,"column":8},"end":{"line":72,"column":78}},"36":{"start":{"line":75,"column":24},"end":{"line":82,"column":10}},"37":{"start":{"line":76,"column":33},"end":{"line":76,"column":56}},"38":{"start":{"line":77,"column":26},"end":{"line":77,"column":63}},"39":{"start":{"line":78,"column":10},"end":{"line":80,"column":11}},"40":{"start":{"line":79,"column":12},"end":{"line":79,"column":122}},"41":{"start":{"line":81,"column":10},"end":{"line":81,"column":25}},"42":{"start":{"line":84,"column":8},"end":{"line":86,"column":9}},"43":{"start":{"line":85,"column":10},"end":{"line":85,"column":111}},"44":{"start":{"line":88,"column":8},"end":{"line":88,"column":23}},"45":{"start":{"line":91,"column":6},"end":{"line":91,"column":85}},"46":{"start":{"line":92,"column":6},"end":{"line":92,"column":43}},"47":{"start":{"line":93,"column":6},"end":{"line":93,"column":27}},"48":{"start":{"line":95,"column":6},"end":{"line":95,"column":29}},"49":{"start":{"line":99,"column":23},"end":{"line":114,"column":3}},"50":{"start":{"line":100,"column":4},"end":{"line":113,"column":5}},"51":{"start":{"line":101,"column":19},"end":{"line":101,"column":44}},"52":{"start":{"line":102,"column":6},"end":{"line":102,"column":45}},"53":{"start":{"line":103,"column":6},"end":{"line":105,"column":9}},"54":{"start":{"line":104,"column":8},"end":{"line":104,"column":93}},"55":{"start":{"line":106,"column":6},"end":{"line":106,"column":49}},"56":{"start":{"line":107,"column":6},"end":{"line":107,"column":26}},"57":{"start":{"line":108,"column":6},"end":{"line":108,"column":23}},"58":{"start":{"line":110,"column":6},"end":{"line":110,"column":54}},"59":{"start":{"line":112,"column":6},"end":{"line":112,"column":24}},"60":{"start":{"line":117,"column":35},"end":{"line":150,"column":3}},"61":{"start":{"line":118,"column":4},"end":{"line":118,"column":28}},"62":{"start":{"line":118,"column":16},"end":{"line":118,"column":28}},"63":{"start":{"line":120,"column":4},"end":{"line":122,"column":5}},"64":{"start":{"line":121,"column":6},"end":{"line":121,"column":31}},"65":{"start":{"line":124,"column":4},"end":{"line":149,"column":5}},"66":{"start":{"line":125,"column":18},"end":{"line":127,"column":8}},"67":{"start":{"line":129,"column":30},"end":{"line":129,"column":87}},"68":{"start":{"line":130,"column":6},"end":{"line":130,"column":65}},"69":{"start":{"line":132,"column":6},"end":{"line":140,"column":7}},"70":{"start":{"line":133,"column":21},"end":{"line":133,"column":57}},"71":{"start":{"line":134,"column":8},"end":{"line":134,"column":58}},"72":{"start":{"line":135,"column":8},"end":{"line":139,"column":9}},"73":{"start":{"line":136,"column":10},"end":{"line":136,"column":28}},"74":{"start":{"line":137,"column":10},"end":{"line":137,"column":49}},"75":{"start":{"line":138,"column":10},"end":{"line":138,"column":22}},"76":{"start":{"line":141,"column":6},"end":{"line":141,"column":18}},"77":{"start":{"line":143,"column":6},"end":{"line":143,"column":68}},"78":{"start":{"line":144,"column":6},"end":{"line":144,"column":18}},"79":{"start":{"line":146,"column":6},"end":{"line":148,"column":7}},"80":{"start":{"line":147,"column":8},"end":{"line":147,"column":34}},"81":{"start":{"line":152,"column":29},"end":{"line":166,"column":3}},"82":{"start":{"line":153,"column":4},"end":{"line":163,"column":5}},"83":{"start":{"line":155,"column":19},"end":{"line":155,"column":55}},"84":{"start":{"line":156,"column":6},"end":{"line":162,"column":7}},"85":{"start":{"line":157,"column":8},"end":{"line":160,"column":10}},"86":{"start":{"line":161,"column":8},"end":{"line":161,"column":15}},"87":{"start":{"line":165,"column":4},"end":{"line":165,"column":29}},"88":{"start":{"line":168,"column":23},"end":{"line":186,"column":3}},"89":{"start":{"line":169,"column":4},"end":{"line":185,"column":11}},"90":{"start":{"line":177,"column":10},"end":{"line":180,"column":12}},"91":{"start":{"line":187,"column":2},"end":{"line":189,"column":3}},"92":{"start":{"line":188,"column":4},"end":{"line":188,"column":68}},"93":{"start":{"line":192,"column":29},"end":{"line":215,"column":3}},"94":{"start":{"line":193,"column":4},"end":{"line":214,"column":11}},"95":{"start":{"line":217,"column":2},"end":{"line":240,"column":4}},"96":{"start":{"line":221,"column":32},"end":{"line":221,"column":76}},"97":{"start":{"line":235,"column":23},"end":{"line":235,"column":64}},"98":{"start":{"line":243,"column":15},"end":{"line":331,"column":2}}},"fnMap":{"0":{"name":"(anonymous_0)","decl":{"start":{"line":16,"column":28},"end":{"line":16,"column":29}},"loc":{"start":{"line":16,"column":66},"end":{"line":21,"column":1}},"line":16},"1":{"name":"(anonymous_1)","decl":{"start":{"line":24,"column":26},"end":{"line":24,"column":27}},"loc":{"start":{"line":24,"column":52},"end":{"line":29,"column":1}},"line":24},"2":{"name":"GardensScreen","decl":{"start":{"line":31,"column":24},"end":{"line":31,"column":37}},"loc":{"start":{"line":31,"column":40},"end":{"line":241,"column":1}},"line":31},"3":{"name":"(anonymous_3)","decl":{"start":{"line":45,"column":12},"end":{"line":45,"column":13}},"loc":{"start":{"line":45,"column":18},"end":{"line":48,"column":3}},"line":45},"4":{"name":"(anonymous_4)","decl":{"start":{"line":51,"column":16},"end":{"line":51,"column":17}},"loc":{"start":{"line":51,"column":22},"end":{"line":54,"column":5}},"line":51},"5":{"name":"(anonymous_5)","decl":{"start":{"line":58,"column":12},"end":{"line":58,"column":13}},"loc":{"start":{"line":58,"column":18},"end":{"line":97,"column":3}},"line":58},"6":{"name":"(anonymous_6)","decl":{"start":{"line":64,"column":41},"end":{"line":64,"column":42}},"loc":{"start":{"line":64,"column":51},"end":{"line":89,"column":7}},"line":64},"7":{"name":"(anonymous_7)","decl":{"start":{"line":71,"column":61},"end":{"line":71,"column":62}},"loc":{"start":{"line":71,"column":69},"end":{"line":71,"column":80}},"line":71},"8":{"name":"(anonymous_8)","decl":{"start":{"line":75,"column":43},"end":{"line":75,"column":44}},"loc":{"start":{"line":75,"column":51},"end":{"line":82,"column":9}},"line":75},"9":{"name":"(anonymous_9)","decl":{"start":{"line":99,"column":23},"end":{"line":99,"column":24}},"loc":{"start":{"line":99,"column":35},"end":{"line":114,"column":3}},"line":99},"10":{"name":"(anonymous_10)","decl":{"start":{"line":103,"column":19},"end":{"line":103,"column":20}},"loc":{"start":{"line":103,"column":39},"end":{"line":105,"column":7}},"line":103},"11":{"name":"(anonymous_11)","decl":{"start":{"line":117,"column":35},"end":{"line":117,"column":36}},"loc":{"start":{"line":117,"column":99},"end":{"line":150,"column":3}},"line":117},"12":{"name":"(anonymous_12)","decl":{"start":{"line":152,"column":29},"end":{"line":152,"column":30}},"loc":{"start":{"line":152,"column":55},"end":{"line":166,"column":3}},"line":152},"13":{"name":"(anonymous_13)","decl":{"start":{"line":168,"column":23},"end":{"line":168,"column":24}},"loc":{"start":{"line":169,"column":4},"end":{"line":185,"column":11}},"line":169},"14":{"name":"(anonymous_14)","decl":{"start":{"line":176,"column":17},"end":{"line":176,"column":18}},"loc":{"start":{"line":177,"column":10},"end":{"line":180,"column":12}},"line":177},"15":{"name":"(anonymous_15)","decl":{"start":{"line":192,"column":29},"end":{"line":192,"column":30}},"loc":{"start":{"line":193,"column":4},"end":{"line":214,"column":11}},"line":193},"16":{"name":"(anonymous_16)","decl":{"start":{"line":221,"column":22},"end":{"line":221,"column":23}},"loc":{"start":{"line":221,"column":32},"end":{"line":221,"column":76}},"line":221},"17":{"name":"(anonymous_17)","decl":{"start":{"line":235,"column":17},"end":{"line":235,"column":18}},"loc":{"start":{"line":235,"column":23},"end":{"line":235,"column":64}},"line":235}},"branchMap":{"0":{"loc":{"start":{"line":17,"column":2},"end":{"line":17,"column":29}},"type":"if","locations":[{"start":{"line":17,"column":2},"end":{"line":17,"column":29}},{"start":{},"end":{}}],"line":17},"1":{"loc":{"start":{"line":20,"column":9},"end":{"line":20,"column":21}},"type":"binary-expr","locations":[{"start":{"line":20,"column":9},"end":{"line":20,"column":13}},{"start":{"line":20,"column":17},"end":{"line":20,"column":21}}],"line":20},"2":{"loc":{"start":{"line":59,"column":4},"end":{"line":96,"column":5}},"type":"if","locations":[{"start":{"line":59,"column":4},"end":{"line":96,"column":5}},{"start":{"line":94,"column":11},"end":{"line":96,"column":5}}],"line":59},"3":{"loc":{"start":{"line":59,"column":8},"end":{"line":59,"column":34}},"type":"binary-expr","locations":[{"start":{"line":59,"column":8},"end":{"line":59,"column":22}},{"start":{"line":59,"column":26},"end":{"line":59,"column":34}}],"line":59},"4":{"loc":{"start":{"line":65,"column":8},"end":{"line":68,"column":9}},"type":"if","locations":[{"start":{"line":65,"column":8},"end":{"line":68,"column":9}},{"start":{},"end":{}}],"line":65},"5":{"loc":{"start":{"line":78,"column":10},"end":{"line":80,"column":11}},"type":"if","locations":[{"start":{"line":78,"column":10},"end":{"line":80,"column":11}},{"start":{},"end":{}}],"line":78},"6":{"loc":{"start":{"line":84,"column":8},"end":{"line":86,"column":9}},"type":"if","locations":[{"start":{"line":84,"column":8},"end":{"line":86,"column":9}},{"start":{},"end":{}}],"line":84},"7":{"loc":{"start":{"line":104,"column":57},"end":{"line":104,"column":89}},"type":"binary-expr","locations":[{"start":{"line":104,"column":57},"end":{"line":104,"column":72}},{"start":{"line":104,"column":76},"end":{"line":104,"column":89}}],"line":104},"8":{"loc":{"start":{"line":117,"column":42},"end":{"line":117,"column":70}},"type":"default-arg","locations":[{"start":{"line":117,"column":65},"end":{"line":117,"column":70}}],"line":117},"9":{"loc":{"start":{"line":118,"column":4},"end":{"line":118,"column":28}},"type":"if","locations":[{"start":{"line":118,"column":4},"end":{"line":118,"column":28}},{"start":{},"end":{}}],"line":118},"10":{"loc":{"start":{"line":120,"column":4},"end":{"line":122,"column":5}},"type":"if","locations":[{"start":{"line":120,"column":4},"end":{"line":122,"column":5}},{"start":{},"end":{}}],"line":120},"11":{"loc":{"start":{"line":129,"column":30},"end":{"line":129,"column":87}},"type":"binary-expr","locations":[{"start":{"line":129,"column":30},"end":{"line":129,"column":57}},{"start":{"line":129,"column":61},"end":{"line":129,"column":79}},{"start":{"line":129,"column":83},"end":{"line":129,"column":87}}],"line":129},"12":{"loc":{"start":{"line":132,"column":6},"end":{"line":140,"column":7}},"type":"if","locations":[{"start":{"line":132,"column":6},"end":{"line":140,"column":7}},{"start":{},"end":{}}],"line":132},"13":{"loc":{"start":{"line":135,"column":8},"end":{"line":139,"column":9}},"type":"if","locations":[{"start":{"line":135,"column":8},"end":{"line":139,"column":9}},{"start":{},"end":{}}],"line":135},"14":{"loc":{"start":{"line":146,"column":6},"end":{"line":148,"column":7}},"type":"if","locations":[{"start":{"line":146,"column":6},"end":{"line":148,"column":7}},{"start":{},"end":{}}],"line":146},"15":{"loc":{"start":{"line":153,"column":4},"end":{"line":163,"column":5}},"type":"if","locations":[{"start":{"line":153,"column":4},"end":{"line":163,"column":5}},{"start":{},"end":{}}],"line":153},"16":{"loc":{"start":{"line":153,"column":8},"end":{"line":153,"column":26}},"type":"binary-expr","locations":[{"start":{"line":153,"column":8},"end":{"line":153,"column":13}},{"start":{"line":153,"column":17},"end":{"line":153,"column":26}}],"line":153},"17":{"loc":{"start":{"line":156,"column":6},"end":{"line":162,"column":7}},"type":"if","locations":[{"start":{"line":156,"column":6},"end":{"line":162,"column":7}},{"start":{},"end":{}}],"line":156},"18":{"loc":{"start":{"line":158,"column":10},"end":{"line":158,"column":63}},"type":"binary-expr","locations":[{"start":{"line":158,"column":10},"end":{"line":158,"column":41}},{"start":{"line":158,"column":45},"end":{"line":158,"column":63}}],"line":158},"19":{"loc":{"start":{"line":159,"column":10},"end":{"line":159,"column":110}},"type":"binary-expr","locations":[{"start":{"line":159,"column":10},"end":{"line":159,"column":44}},{"start":{"line":159,"column":48},"end":{"line":159,"column":110}}],"line":159},"20":{"loc":{"start":{"line":171,"column":7},"end":{"line":171,"column":119}},"type":"cond-expr","locations":[{"start":{"line":171,"column":26},"end":{"line":171,"column":112}},{"start":{"line":171,"column":115},"end":{"line":171,"column":119}}],"line":171},"21":{"loc":{"start":{"line":172,"column":7},"end":{"line":172,"column":115}},"type":"cond-expr","locations":[{"start":{"line":172,"column":23},"end":{"line":172,"column":108}},{"start":{"line":172,"column":111},"end":{"line":172,"column":115}}],"line":172},"22":{"loc":{"start":{"line":179,"column":27},"end":{"line":179,"column":39}},"type":"binary-expr","locations":[{"start":{"line":179,"column":27},"end":{"line":179,"column":34}},{"start":{"line":179,"column":38},"end":{"line":179,"column":39}}],"line":179},"23":{"loc":{"start":{"line":187,"column":2},"end":{"line":189,"column":3}},"type":"if","locations":[{"start":{"line":187,"column":2},"end":{"line":189,"column":3}},{"start":{},"end":{}}],"line":187},"24":{"loc":{"start":{"line":196,"column":11},"end":{"line":196,"column":59}},"type":"binary-expr","locations":[{"start":{"line":196,"column":11},"end":{"line":196,"column":34}},{"start":{"line":196,"column":38},"end":{"line":196,"column":59}}],"line":196},"25":{"loc":{"start":{"line":198,"column":9},"end":{"line":207,"column":9}},"type":"cond-expr","locations":[{"start":{"line":199,"column":10},"end":{"line":199,"column":67}},{"start":{"line":201,"column":10},"end":{"line":206,"column":12}}],"line":198},"26":{"loc":{"start":{"line":205,"column":24},"end":{"line":205,"column":76}},"type":"cond-expr","locations":[{"start":{"line":205,"column":41},"end":{"line":205,"column":53}},{"start":{"line":205,"column":56},"end":{"line":205,"column":76}}],"line":205},"27":{"loc":{"start":{"line":209,"column":7},"end":{"line":213,"column":7}},"type":"binary-expr","locations":[{"start":{"line":209,"column":7},"end":{"line":209,"column":21}},{"start":{"line":209,"column":25},"end":{"line":209,"column":33}},{"start":{"line":210,"column":8},"end":{"line":212,"column":15}}],"line":209},"28":{"loc":{"start":{"line":211,"column":11},"end":{"line":211,"column":64}},"type":"binary-expr","locations":[{"start":{"line":211,"column":11},"end":{"line":211,"column":40}},{"start":{"line":211,"column":44},"end":{"line":211,"column":64}}],"line":211},"29":{"loc":{"start":{"line":221,"column":32},"end":{"line":221,"column":76}},"type":"binary-expr","locations":[{"start":{"line":221,"column":32},"end":{"line":221,"column":51}},{"start":{"line":221,"column":55},"end":{"line":221,"column":76}}],"line":221},"30":{"loc":{"start":{"line":226,"column":13},"end":{"line":228,"column":61}},"type":"cond-expr","locations":[{"start":{"line":227,"column":16},"end":{"line":227,"column":81}},{"start":{"line":228,"column":16},"end":{"line":228,"column":61}}],"line":226},"31":{"loc":{"start":{"line":226,"column":13},"end":{"line":226,"column":39}},"type":"binary-expr","locations":[{"start":{"line":226,"column":13},"end":{"line":226,"column":27}},{"start":{"line":226,"column":31},"end":{"line":226,"column":39}}],"line":226},"32":{"loc":{"start":{"line":227,"column":16},"end":{"line":227,"column":81}},"type":"binary-expr","locations":[{"start":{"line":227,"column":16},"end":{"line":227,"column":44}},{"start":{"line":227,"column":48},"end":{"line":227,"column":81}}],"line":227},"33":{"loc":{"start":{"line":228,"column":16},"end":{"line":228,"column":61}},"type":"binary-expr","locations":[{"start":{"line":228,"column":16},"end":{"line":228,"column":38}},{"start":{"line":228,"column":42},"end":{"line":228,"column":61}}],"line":228}},"s":{"0":0,"1":0,"2":0,"3":0,"4":0,"5":0,"6":0,"7":0,"8":0,"9":0,"10":0,"11":0,"12":0,"13":0,"14":0,"15":0,"16":0,"17":0,"18":0,"19":0,"20":0,"21":0,"22":0,"23":0,"24":0,"25":0,"26":0,"27":0,"28":0,"29":0,"30":0,"31":0,"32":0,"33":0,"34":0,"35":0,"36":0,"37":0,"38":0,"39":0,"40":0,"41":0,"42":0,"43":0,"44":0,"45":0,"46":0,"47":0,"48":0,"49":0,"50":0,"51":0,"52":0,"53":0,"54":0,"55":0,"56":0,"57":0,"58":0,"59":0,"60":0,"61":0,"62":0,"63":0,"64":0,"65":0,"66":0,"67":0,"68":0,"69":0,"70":0,"71":0,"72":0,"73":0,"74":0,"75":0,"76":0,"77":0,"78":0,"79":0,"80":0,"81":0,"82":0,"83":0,"84":0,"85":0,"86":0,"87":0,"88":0,"89":0,"90":0,"91":0,"92":0,"93":0,"94":0,"95":0,"96":0,"97":0,"98":0},"f":{"0":0,"1":0,"2":0,"3":0,"4":0,"5":0,"6":0,"7":0,"8":0,"9":0,"10":0,"11":0,"12":0,"13":0,"14":0,"15":0,"16":0,"17":0},"b":{"0":[0,0],"1":[0,0],"2":[0,0],"3":[0,0],"4":[0,0],"5":[0,0],"6":[0,0],"7":[0,0],"8":[0],"9":[0,0],"10":[0,0],"11":[0,0,0],"12":[0,0],"13":[0,0],"14":[0,0],"15":[0,0],"16":[0,0],"17":[0,0],"18":[0,0],"19":[0,0],"20":[0,0],"21":[0,0],"22":[0,0],"23":[0,0],"24":[0,0],"25":[0,0],"26":[0,0],"27":[0,0,0],"28":[0,0],"29":[0,0],"30":[0,0],"31":[0,0],"32":[0,0],"33":[0,0]}}
,"C:\\Projeler\\CMPE 352\\bounswe2025group1\\MOBILE\\CommunityGardenApp\\app\\(tabs)\\index.tsx": {"path":"C:\\Projeler\\CMPE 352\\bounswe2025group1\\MOBILE\\CommunityGardenApp\\app\\(tabs)\\index.tsx","statementMap":{"0":{"start":{"line":21,"column":34},"end":{"line":21,"column":63}},"1":{"start":{"line":22,"column":40},"end":{"line":22,"column":51}},"2":{"start":{"line":23,"column":26},"end":{"line":23,"column":35}},"3":{"start":{"line":24,"column":17},"end":{"line":24,"column":38}},"4":{"start":{"line":25,"column":16},"end":{"line":25,"column":32}},"5":{"start":{"line":26,"column":17},"end":{"line":26,"column":28}},"6":{"start":{"line":28,"column":2},"end":{"line":41,"column":14}},"7":{"start":{"line":29,"column":32},"end":{"line":38,"column":5}},"8":{"start":{"line":30,"column":6},"end":{"line":37,"column":7}},"9":{"start":{"line":31,"column":20},"end":{"line":33,"column":10}},"10":{"start":{"line":34,"column":8},"end":{"line":34,"column":79}},"11":{"start":{"line":36,"column":8},"end":{"line":36,"column":57}},"12":{"start":{"line":40,"column":4},"end":{"line":40,"column":37}},"13":{"start":{"line":40,"column":15},"end":{"line":40,"column":37}},"14":{"start":{"line":43,"column":2},"end":{"line":56,"column":4}},"15":{"start":{"line":45,"column":30},"end":{"line":53,"column":7}},"16":{"start":{"line":46,"column":8},"end":{"line":46,"column":27}},"17":{"start":{"line":46,"column":20},"end":{"line":46,"column":27}},"18":{"start":{"line":47,"column":8},"end":{"line":52,"column":9}},"19":{"start":{"line":48,"column":24},"end":{"line":48,"column":53}},"20":{"start":{"line":49,"column":10},"end":{"line":49,"column":32}},"21":{"start":{"line":51,"column":10},"end":{"line":51,"column":55}},"22":{"start":{"line":54,"column":6},"end":{"line":54,"column":24}},"23":{"start":{"line":59,"column":2},"end":{"line":104,"column":4}},"24":{"start":{"line":65,"column":27},"end":{"line":65,"column":63}},"25":{"start":{"line":107,"column":15},"end":{"line":146,"column":2}}},"fnMap":{"0":{"name":"HomeScreen","decl":{"start":{"line":20,"column":24},"end":{"line":20,"column":34}},"loc":{"start":{"line":20,"column":37},"end":{"line":105,"column":1}},"line":20},"1":{"name":"(anonymous_1)","decl":{"start":{"line":28,"column":12},"end":{"line":28,"column":13}},"loc":{"start":{"line":28,"column":18},"end":{"line":41,"column":3}},"line":28},"2":{"name":"(anonymous_2)","decl":{"start":{"line":29,"column":32},"end":{"line":29,"column":33}},"loc":{"start":{"line":29,"column":44},"end":{"line":38,"column":5}},"line":29},"3":{"name":"(anonymous_3)","decl":{"start":{"line":44,"column":16},"end":{"line":44,"column":17}},"loc":{"start":{"line":44,"column":22},"end":{"line":55,"column":5}},"line":44},"4":{"name":"(anonymous_4)","decl":{"start":{"line":45,"column":30},"end":{"line":45,"column":31}},"loc":{"start":{"line":45,"column":42},"end":{"line":53,"column":7}},"line":45},"5":{"name":"(anonymous_5)","decl":{"start":{"line":65,"column":21},"end":{"line":65,"column":22}},"loc":{"start":{"line":65,"column":27},"end":{"line":65,"column":63}},"line":65}},"branchMap":{"0":{"loc":{"start":{"line":34,"column":20},"end":{"line":34,"column":77}},"type":"binary-expr","locations":[{"start":{"line":34,"column":20},"end":{"line":34,"column":47}},{"start":{"line":34,"column":51},"end":{"line":34,"column":69}},{"start":{"line":34,"column":73},"end":{"line":34,"column":77}}],"line":34},"1":{"loc":{"start":{"line":40,"column":4},"end":{"line":40,"column":37}},"type":"if","locations":[{"start":{"line":40,"column":4},"end":{"line":40,"column":37}},{"start":{},"end":{}}],"line":40},"2":{"loc":{"start":{"line":46,"column":8},"end":{"line":46,"column":27}},"type":"if","locations":[{"start":{"line":46,"column":8},"end":{"line":46,"column":27}},{"start":{},"end":{}}],"line":46},"3":{"loc":{"start":{"line":69,"column":13},"end":{"line":73,"column":13}},"type":"binary-expr","locations":[{"start":{"line":69,"column":13},"end":{"line":69,"column":28}},{"start":{"line":70,"column":14},"end":{"line":72,"column":21}}],"line":69},"4":{"loc":{"start":{"line":77,"column":9},"end":{"line":81,"column":9}},"type":"cond-expr","locations":[{"start":{"line":78,"column":10},"end":{"line":78,"column":43}},{"start":{"line":80,"column":10},"end":{"line":80,"column":102}}],"line":77},"5":{"loc":{"start":{"line":95,"column":21},"end":{"line":95,"column":64}},"type":"cond-expr","locations":[{"start":{"line":95,"column":55},"end":{"line":95,"column":58}},{"start":{"line":95,"column":61},"end":{"line":95,"column":64}}],"line":95},"6":{"loc":{"start":{"line":96,"column":23},"end":{"line":96,"column":80}},"type":"cond-expr","locations":[{"start":{"line":96,"column":57},"end":{"line":96,"column":68}},{"start":{"line":96,"column":71},"end":{"line":96,"column":80}}],"line":96}},"s":{"0":0,"1":0,"2":0,"3":0,"4":0,"5":0,"6":0,"7":0,"8":0,"9":0,"10":0,"11":0,"12":0,"13":0,"14":0,"15":0,"16":0,"17":0,"18":0,"19":0,"20":0,"21":0,"22":0,"23":0,"24":0,"25":0},"f":{"0":0,"1":0,"2":0,"3":0,"4":0,"5":0},"b":{"0":[0,0,0],"1":[0,0],"2":[0,0],"3":[0,0],"4":[0,0],"5":[0,0],"6":[0,0]}}
,"C:\\Projeler\\CMPE 352\\bounswe2025group1\\MOBILE\\CommunityGardenApp\\app\\(tabs)\\messages.tsx": {"path":"C:\\Projeler\\CMPE 352\\bounswe2025group1\\MOBILE\\CommunityGardenApp\\app\\(tabs)\\messages.tsx","statementMap":{"0":{"start":{"line":47,"column":22},"end":{"line":47,"column":38}},"1":{"start":{"line":48,"column":17},"end":{"line":48,"column":47}},"2":{"start":{"line":49,"column":26},"end":{"line":49,"column":35}},"3":{"start":{"line":50,"column":16},"end":{"line":50,"column":32}},"4":{"start":{"line":51,"column":28},"end":{"line":51,"column":48}},"5":{"start":{"line":52,"column":32},"end":{"line":52,"column":46}},"6":{"start":{"line":53,"column":38},"end":{"line":53,"column":53}},"7":{"start":{"line":54,"column":40},"end":{"line":54,"column":69}},"8":{"start":{"line":55,"column":42},"end":{"line":55,"column":83}},"9":{"start":{"line":56,"column":42},"end":{"line":56,"column":78}},"10":{"start":{"line":59,"column":2},"end":{"line":63,"column":13}},"11":{"start":{"line":60,"column":4},"end":{"line":60,"column":22}},"12":{"start":{"line":60,"column":15},"end":{"line":60,"column":22}},"13":{"start":{"line":61,"column":16},"end":{"line":61,"column":35}},"14":{"start":{"line":62,"column":4},"end":{"line":62,"column":24}},"15":{"start":{"line":66,"column":2},"end":{"line":97,"column":20}},"16":{"start":{"line":67,"column":4},"end":{"line":70,"column":5}},"17":{"start":{"line":68,"column":6},"end":{"line":68,"column":24}},"18":{"start":{"line":69,"column":6},"end":{"line":69,"column":13}},"19":{"start":{"line":72,"column":23},"end":{"line":76,"column":5}},"20":{"start":{"line":78,"column":24},"end":{"line":94,"column":5}},"21":{"start":{"line":81,"column":26},"end":{"line":84,"column":21}},"22":{"start":{"line":81,"column":54},"end":{"line":84,"column":9}},"23":{"start":{"line":85,"column":8},"end":{"line":85,"column":28}},"24":{"start":{"line":86,"column":8},"end":{"line":86,"column":26}},"25":{"start":{"line":87,"column":8},"end":{"line":87,"column":29}},"26":{"start":{"line":90,"column":8},"end":{"line":90,"column":54}},"27":{"start":{"line":91,"column":8},"end":{"line":91,"column":26}},"28":{"start":{"line":92,"column":8},"end":{"line":92,"column":29}},"29":{"start":{"line":96,"column":4},"end":{"line":96,"column":31}},"30":{"start":{"line":96,"column":17},"end":{"line":96,"column":30}},"31":{"start":{"line":100,"column":2},"end":{"line":135,"column":27}},"32":{"start":{"line":101,"column":4},"end":{"line":101,"column":58}},"33":{"start":{"line":101,"column":51},"end":{"line":101,"column":58}},"34":{"start":{"line":103,"column":41},"end":{"line":103,"column":43}},"35":{"start":{"line":105,"column":4},"end":{"line":130,"column":7}},"36":{"start":{"line":106,"column":28},"end":{"line":109,"column":7}},"37":{"start":{"line":111,"column":26},"end":{"line":127,"column":7}},"38":{"start":{"line":114,"column":30},"end":{"line":117,"column":19}},"39":{"start":{"line":115,"column":25},"end":{"line":115,"column":35}},"40":{"start":{"line":116,"column":12},"end":{"line":116,"column":70}},"41":{"start":{"line":119,"column":10},"end":{"line":122,"column":14}},"42":{"start":{"line":119,"column":37},"end":{"line":122,"column":11}},"43":{"start":{"line":125,"column":10},"end":{"line":125,"column":83}},"44":{"start":{"line":129,"column":6},"end":{"line":129,"column":37}},"45":{"start":{"line":132,"column":4},"end":{"line":134,"column":6}},"46":{"start":{"line":133,"column":6},"end":{"line":133,"column":59}},"47":{"start":{"line":133,"column":44},"end":{"line":133,"column":57}},"48":{"start":{"line":138,"column":2},"end":{"line":191,"column":34}},"49":{"start":{"line":139,"column":4},"end":{"line":139,"column":23}},"50":{"start":{"line":139,"column":16},"end":{"line":139,"column":23}},"51":{"start":{"line":141,"column":30},"end":{"line":188,"column":5}},"52":{"start":{"line":142,"column":29},"end":{"line":142,"column":46}},"53":{"start":{"line":144,"column":6},"end":{"line":154,"column":9}},"54":{"start":{"line":145,"column":8},"end":{"line":153,"column":9}},"55":{"start":{"line":146,"column":30},"end":{"line":146,"column":75}},"56":{"start":{"line":146,"column":56},"end":{"line":146,"column":74}},"57":{"start":{"line":147,"column":10},"end":{"line":152,"column":11}},"58":{"start":{"line":148,"column":33},"end":{"line":148,"column":67}},"59":{"start":{"line":149,"column":12},"end":{"line":151,"column":13}},"60":{"start":{"line":150,"column":14},"end":{"line":150,"column":47}},"61":{"start":{"line":156,"column":6},"end":{"line":187,"column":7}},"62":{"start":{"line":157,"column":32},"end":{"line":157,"column":51}},"63":{"start":{"line":159,"column":8},"end":{"line":184,"column":9}},"64":{"start":{"line":160,"column":10},"end":{"line":183,"column":11}},"65":{"start":{"line":161,"column":29},"end":{"line":168,"column":13}},"66":{"start":{"line":170,"column":12},"end":{"line":176,"column":13}},"67":{"start":{"line":171,"column":27},"end":{"line":171,"column":48}},"68":{"start":{"line":172,"column":14},"end":{"line":175,"column":16}},"69":{"start":{"line":178,"column":12},"end":{"line":178,"column":79}},"70":{"start":{"line":179,"column":12},"end":{"line":182,"column":14}},"71":{"start":{"line":186,"column":8},"end":{"line":186,"column":41}},"72":{"start":{"line":190,"column":4},"end":{"line":190,"column":24}},"73":{"start":{"line":193,"column":29},"end":{"line":202,"column":3}},"74":{"start":{"line":194,"column":4},"end":{"line":196,"column":5}},"75":{"start":{"line":195,"column":6},"end":{"line":195,"column":45}},"76":{"start":{"line":197,"column":24},"end":{"line":197,"column":69}},"77":{"start":{"line":197,"column":50},"end":{"line":197,"column":68}},"78":{"start":{"line":198,"column":4},"end":{"line":198,"column":46}},"79":{"start":{"line":198,"column":22},"end":{"line":198,"column":46}},"80":{"start":{"line":200,"column":25},"end":{"line":200,"column":59}},"81":{"start":{"line":201,"column":4},"end":{"line":201,"column":74}},"82":{"start":{"line":204,"column":26},"end":{"line":218,"column":3}},"83":{"start":{"line":205,"column":4},"end":{"line":205,"column":30}},"84":{"start":{"line":205,"column":20},"end":{"line":205,"column":30}},"85":{"start":{"line":206,"column":17},"end":{"line":206,"column":76}},"86":{"start":{"line":207,"column":16},"end":{"line":207,"column":26}},"87":{"start":{"line":208,"column":19},"end":{"line":208,"column":49}},"88":{"start":{"line":209,"column":21},"end":{"line":209,"column":47}},"89":{"start":{"line":210,"column":22},"end":{"line":210,"column":50}},"90":{"start":{"line":211,"column":21},"end":{"line":211,"column":50}},"91":{"start":{"line":213,"column":4},"end":{"line":213,"column":51}},"92":{"start":{"line":213,"column":22},"end":{"line":213,"column":51}},"93":{"start":{"line":214,"column":4},"end":{"line":214,"column":71}},"94":{"start":{"line":214,"column":23},"end":{"line":214,"column":71}},"95":{"start":{"line":215,"column":4},"end":{"line":215,"column":71}},"96":{"start":{"line":215,"column":24},"end":{"line":215,"column":71}},"97":{"start":{"line":216,"column":4},"end":{"line":216,"column":67}},"98":{"start":{"line":216,"column":22},"end":{"line":216,"column":67}},"99":{"start":{"line":217,"column":4},"end":{"line":217,"column":37}},"100":{"start":{"line":220,"column":20},"end":{"line":222,"column":8}},"101":{"start":{"line":221,"column":4},"end":{"line":221,"column":24}},"102":{"start":{"line":224,"column":25},"end":{"line":266,"column":3}},"103":{"start":{"line":225,"column":24},"end":{"line":225,"column":50}},"104":{"start":{"line":227,"column":4},"end":{"line":265,"column":6}},"105":{"start":{"line":230,"column":23},"end":{"line":230,"column":65}},"106":{"start":{"line":268,"column":2},"end":{"line":274,"column":3}},"107":{"start":{"line":269,"column":4},"end":{"line":273,"column":6}},"108":{"start":{"line":276,"column":2},"end":{"line":308,"column":4}},"109":{"start":{"line":297,"column":34},"end":{"line":297,"column":41}},"110":{"start":{"line":311,"column":15},"end":{"line":398,"column":2}}},"fnMap":{"0":{"name":"MessagesScreen","decl":{"start":{"line":46,"column":24},"end":{"line":46,"column":38}},"loc":{"start":{"line":46,"column":41},"end":{"line":309,"column":1}},"line":46},"1":{"name":"(anonymous_1)","decl":{"start":{"line":59,"column":12},"end":{"line":59,"column":13}},"loc":{"start":{"line":59,"column":18},"end":{"line":63,"column":3}},"line":59},"2":{"name":"(anonymous_2)","decl":{"start":{"line":66,"column":12},"end":{"line":66,"column":13}},"loc":{"start":{"line":66,"column":18},"end":{"line":97,"column":3}},"line":66},"3":{"name":"(anonymous_3)","decl":{"start":{"line":80,"column":6},"end":{"line":80,"column":7}},"loc":{"start":{"line":80,"column":49},"end":{"line":88,"column":7}},"line":80},"4":{"name":"(anonymous_4)","decl":{"start":{"line":81,"column":44},"end":{"line":81,"column":45}},"loc":{"start":{"line":81,"column":54},"end":{"line":84,"column":9}},"line":81},"5":{"name":"(anonymous_5)","decl":{"start":{"line":89,"column":6},"end":{"line":89,"column":7}},"loc":{"start":{"line":89,"column":17},"end":{"line":93,"column":7}},"line":89},"6":{"name":"(anonymous_6)","decl":{"start":{"line":96,"column":11},"end":{"line":96,"column":12}},"loc":{"start":{"line":96,"column":17},"end":{"line":96,"column":30}},"line":96},"7":{"name":"(anonymous_7)","decl":{"start":{"line":100,"column":12},"end":{"line":100,"column":13}},"loc":{"start":{"line":100,"column":18},"end":{"line":135,"column":3}},"line":100},"8":{"name":"(anonymous_8)","decl":{"start":{"line":105,"column":18},"end":{"line":105,"column":19}},"loc":{"start":{"line":105,"column":28},"end":{"line":130,"column":5}},"line":105},"9":{"name":"(anonymous_9)","decl":{"start":{"line":113,"column":8},"end":{"line":113,"column":9}},"loc":{"start":{"line":113,"column":51},"end":{"line":123,"column":9}},"line":113},"10":{"name":"(anonymous_10)","decl":{"start":{"line":114,"column":51},"end":{"line":114,"column":52}},"loc":{"start":{"line":114,"column":60},"end":{"line":117,"column":11}},"line":114},"11":{"name":"(anonymous_11)","decl":{"start":{"line":119,"column":26},"end":{"line":119,"column":27}},"loc":{"start":{"line":119,"column":37},"end":{"line":122,"column":11}},"line":119},"12":{"name":"(anonymous_12)","decl":{"start":{"line":124,"column":8},"end":{"line":124,"column":9}},"loc":{"start":{"line":124,"column":19},"end":{"line":126,"column":9}},"line":124},"13":{"name":"(anonymous_13)","decl":{"start":{"line":132,"column":11},"end":{"line":132,"column":12}},"loc":{"start":{"line":132,"column":17},"end":{"line":134,"column":5}},"line":132},"14":{"name":"(anonymous_14)","decl":{"start":{"line":133,"column":27},"end":{"line":133,"column":28}},"loc":{"start":{"line":133,"column":44},"end":{"line":133,"column":57}},"line":133},"15":{"name":"(anonymous_15)","decl":{"start":{"line":138,"column":12},"end":{"line":138,"column":13}},"loc":{"start":{"line":138,"column":18},"end":{"line":191,"column":3}},"line":138},"16":{"name":"(anonymous_16)","decl":{"start":{"line":141,"column":30},"end":{"line":141,"column":31}},"loc":{"start":{"line":141,"column":42},"end":{"line":188,"column":5}},"line":141},"17":{"name":"(anonymous_17)","decl":{"start":{"line":144,"column":20},"end":{"line":144,"column":21}},"loc":{"start":{"line":144,"column":30},"end":{"line":154,"column":7}},"line":144},"18":{"name":"(anonymous_18)","decl":{"start":{"line":146,"column":48},"end":{"line":146,"column":49}},"loc":{"start":{"line":146,"column":56},"end":{"line":146,"column":74}},"line":146},"19":{"name":"(anonymous_19)","decl":{"start":{"line":193,"column":29},"end":{"line":193,"column":30}},"loc":{"start":{"line":193,"column":53},"end":{"line":202,"column":3}},"line":193},"20":{"name":"(anonymous_20)","decl":{"start":{"line":197,"column":42},"end":{"line":197,"column":43}},"loc":{"start":{"line":197,"column":50},"end":{"line":197,"column":68}},"line":197},"21":{"name":"(anonymous_21)","decl":{"start":{"line":204,"column":26},"end":{"line":204,"column":27}},"loc":{"start":{"line":204,"column":54},"end":{"line":218,"column":3}},"line":204},"22":{"name":"(anonymous_22)","decl":{"start":{"line":220,"column":32},"end":{"line":220,"column":33}},"loc":{"start":{"line":220,"column":38},"end":{"line":222,"column":3}},"line":220},"23":{"name":"(anonymous_23)","decl":{"start":{"line":224,"column":25},"end":{"line":224,"column":26}},"loc":{"start":{"line":224,"column":55},"end":{"line":266,"column":3}},"line":224},"24":{"name":"(anonymous_24)","decl":{"start":{"line":230,"column":17},"end":{"line":230,"column":18}},"loc":{"start":{"line":230,"column":23},"end":{"line":230,"column":65}},"line":230},"25":{"name":"(anonymous_25)","decl":{"start":{"line":297,"column":24},"end":{"line":297,"column":25}},"loc":{"start":{"line":297,"column":34},"end":{"line":297,"column":41}},"line":297}},"branchMap":{"0":{"loc":{"start":{"line":48,"column":24},"end":{"line":48,"column":46}},"type":"binary-expr","locations":[{"start":{"line":48,"column":24},"end":{"line":48,"column":35}},{"start":{"line":48,"column":39},"end":{"line":48,"column":46}}],"line":48},"1":{"loc":{"start":{"line":60,"column":4},"end":{"line":60,"column":22}},"type":"if","locations":[{"start":{"line":60,"column":4},"end":{"line":60,"column":22}},{"start":{},"end":{}}],"line":60},"2":{"loc":{"start":{"line":67,"column":4},"end":{"line":70,"column":5}},"type":"if","locations":[{"start":{"line":67,"column":4},"end":{"line":70,"column":5}},{"start":{},"end":{}}],"line":67},"3":{"loc":{"start":{"line":67,"column":8},"end":{"line":67,"column":27}},"type":"binary-expr","locations":[{"start":{"line":67,"column":8},"end":{"line":67,"column":20}},{"start":{"line":67,"column":24},"end":{"line":67,"column":27}}],"line":67},"4":{"loc":{"start":{"line":101,"column":4},"end":{"line":101,"column":58}},"type":"if","locations":[{"start":{"line":101,"column":4},"end":{"line":101,"column":58}},{"start":{},"end":{}}],"line":101},"5":{"loc":{"start":{"line":101,"column":8},"end":{"line":101,"column":49}},"type":"binary-expr","locations":[{"start":{"line":101,"column":8},"end":{"line":101,"column":20}},{"start":{"line":101,"column":24},"end":{"line":101,"column":27}},{"start":{"line":101,"column":31},"end":{"line":101,"column":49}}],"line":101},"6":{"loc":{"start":{"line":116,"column":19},"end":{"line":116,"column":69}},"type":"binary-expr","locations":[{"start":{"line":116,"column":19},"end":{"line":116,"column":31}},{"start":{"line":116,"column":35},"end":{"line":116,"column":69}}],"line":116},"7":{"loc":{"start":{"line":139,"column":4},"end":{"line":139,"column":23}},"type":"if","locations":[{"start":{"line":139,"column":4},"end":{"line":139,"column":23}},{"start":{},"end":{}}],"line":139},"8":{"loc":{"start":{"line":145,"column":8},"end":{"line":153,"column":9}},"type":"if","locations":[{"start":{"line":145,"column":8},"end":{"line":153,"column":9}},{"start":{},"end":{}}],"line":145},"9":{"loc":{"start":{"line":147,"column":10},"end":{"line":152,"column":11}},"type":"if","locations":[{"start":{"line":147,"column":10},"end":{"line":152,"column":11}},{"start":{},"end":{}}],"line":147},"10":{"loc":{"start":{"line":149,"column":12},"end":{"line":151,"column":13}},"type":"if","locations":[{"start":{"line":149,"column":12},"end":{"line":151,"column":13}},{"start":{},"end":{}}],"line":149},"11":{"loc":{"start":{"line":156,"column":6},"end":{"line":187,"column":7}},"type":"if","locations":[{"start":{"line":156,"column":6},"end":{"line":187,"column":7}},{"start":{},"end":{}}],"line":156},"12":{"loc":{"start":{"line":170,"column":12},"end":{"line":176,"column":13}},"type":"if","locations":[{"start":{"line":170,"column":12},"end":{"line":176,"column":13}},{"start":{},"end":{}}],"line":170},"13":{"loc":{"start":{"line":173,"column":26},"end":{"line":173,"column":59}},"type":"binary-expr","locations":[{"start":{"line":173,"column":26},"end":{"line":173,"column":39}},{"start":{"line":173,"column":43},"end":{"line":173,"column":59}}],"line":173},"14":{"loc":{"start":{"line":174,"column":33},"end":{"line":174,"column":70}},"type":"binary-expr","locations":[{"start":{"line":174,"column":33},"end":{"line":174,"column":62}},{"start":{"line":174,"column":66},"end":{"line":174,"column":70}}],"line":174},"15":{"loc":{"start":{"line":194,"column":4},"end":{"line":196,"column":5}},"type":"if","locations":[{"start":{"line":194,"column":4},"end":{"line":196,"column":5}},{"start":{},"end":{}}],"line":194},"16":{"loc":{"start":{"line":195,"column":13},"end":{"line":195,"column":44}},"type":"binary-expr","locations":[{"start":{"line":195,"column":13},"end":{"line":195,"column":27}},{"start":{"line":195,"column":31},"end":{"line":195,"column":44}}],"line":195},"17":{"loc":{"start":{"line":198,"column":4},"end":{"line":198,"column":46}},"type":"if","locations":[{"start":{"line":198,"column":4},"end":{"line":198,"column":46}},{"start":{},"end":{}}],"line":198},"18":{"loc":{"start":{"line":201,"column":11},"end":{"line":201,"column":73}},"type":"binary-expr","locations":[{"start":{"line":201,"column":11},"end":{"line":201,"column":47}},{"start":{"line":201,"column":51},"end":{"line":201,"column":73}}],"line":201},"19":{"loc":{"start":{"line":205,"column":4},"end":{"line":205,"column":30}},"type":"if","locations":[{"start":{"line":205,"column":4},"end":{"line":205,"column":30}},{"start":{},"end":{}}],"line":205},"20":{"loc":{"start":{"line":206,"column":17},"end":{"line":206,"column":76}},"type":"cond-expr","locations":[{"start":{"line":206,"column":36},"end":{"line":206,"column":54}},{"start":{"line":206,"column":57},"end":{"line":206,"column":76}}],"line":206},"21":{"loc":{"start":{"line":213,"column":4},"end":{"line":213,"column":51}},"type":"if","locations":[{"start":{"line":213,"column":4},"end":{"line":213,"column":51}},{"start":{},"end":{}}],"line":213},"22":{"loc":{"start":{"line":214,"column":4},"end":{"line":214,"column":71}},"type":"if","locations":[{"start":{"line":214,"column":4},"end":{"line":214,"column":71}},{"start":{},"end":{}}],"line":214},"23":{"loc":{"start":{"line":215,"column":4},"end":{"line":215,"column":71}},"type":"if","locations":[{"start":{"line":215,"column":4},"end":{"line":215,"column":71}},{"start":{},"end":{}}],"line":215},"24":{"loc":{"start":{"line":216,"column":4},"end":{"line":216,"column":67}},"type":"if","locations":[{"start":{"line":216,"column":4},"end":{"line":216,"column":67}},{"start":{},"end":{}}],"line":216},"25":{"loc":{"start":{"line":225,"column":24},"end":{"line":225,"column":50}},"type":"binary-expr","locations":[{"start":{"line":225,"column":24},"end":{"line":225,"column":45}},{"start":{"line":225,"column":49},"end":{"line":225,"column":50}}],"line":225},"26":{"loc":{"start":{"line":233,"column":11},"end":{"line":237,"column":11}},"type":"cond-expr","locations":[{"start":{"line":234,"column":12},"end":{"line":234,"column":61}},{"start":{"line":236,"column":12},"end":{"line":236,"column":61}}],"line":233},"27":{"loc":{"start":{"line":244,"column":13},"end":{"line":250,"column":13}},"type":"binary-expr","locations":[{"start":{"line":244,"column":13},"end":{"line":244,"column":28}},{"start":{"line":245,"column":14},"end":{"line":249,"column":21}}],"line":244},"28":{"loc":{"start":{"line":247,"column":19},"end":{"line":247,"column":57}},"type":"cond-expr","locations":[{"start":{"line":247,"column":38},"end":{"line":247,"column":43}},{"start":{"line":247,"column":46},"end":{"line":247,"column":57}}],"line":247},"29":{"loc":{"start":{"line":257,"column":15},"end":{"line":257,"column":65}},"type":"binary-expr","locations":[{"start":{"line":257,"column":15},"end":{"line":257,"column":37}},{"start":{"line":257,"column":41},"end":{"line":257,"column":65}}],"line":257},"30":{"loc":{"start":{"line":268,"column":2},"end":{"line":274,"column":3}},"type":"if","locations":[{"start":{"line":268,"column":2},"end":{"line":274,"column":3}},{"start":{},"end":{}}],"line":268},"31":{"loc":{"start":{"line":283,"column":7},"end":{"line":306,"column":7}},"type":"cond-expr","locations":[{"start":{"line":284,"column":8},"end":{"line":292,"column":15}},{"start":{"line":294,"column":8},"end":{"line":305,"column":10}}],"line":283}},"s":{"0":0,"1":0,"2":0,"3":0,"4":0,"5":0,"6":0,"7":0,"8":0,"9":0,"10":0,"11":0,"12":0,"13":0,"14":0,"15":0,"16":0,"17":0,"18":0,"19":0,"20":0,"21":0,"22":0,"23":0,"24":0,"25":0,"26":0,"27":0,"28":0,"29":0,"30":0,"31":0,"32":0,"33":0,"34":0,"35":0,"36":0,"37":0,"38":0,"39":0,"40":0,"41":0,"42":0,"43":0,"44":0,"45":0,"46":0,"47":0,"48":0,"49":0,"50":0,"51":0,"52":0,"53":0,"54":0,"55":0,"56":0,"57":0,"58":0,"59":0,"60":0,"61":0,"62":0,"63":0,"64":0,"65":0,"66":0,"67":0,"68":0,"69":0,"70":0,"71":0,"72":0,"73":0,"74":0,"75":0,"76":0,"77":0,"78":0,"79":0,"80":0,"81":0,"82":0,"83":0,"84":0,"85":0,"86":0,"87":0,"88":0,"89":0,"90":0,"91":0,"92":0,"93":0,"94":0,"95":0,"96":0,"97":0,"98":0,"99":0,"100":0,"101":0,"102":0,"103":0,"104":0,"105":0,"106":0,"107":0,"108":0,"109":0,"110":0},"f":{"0":0,"1":0,"2":0,"3":0,"4":0,"5":0,"6":0,"7":0,"8":0,"9":0,"10":0,"11":0,"12":0,"13":0,"14":0,"15":0,"16":0,"17":0,"18":0,"19":0,"20":0,"21":0,"22":0,"23":0,"24":0,"25":0},"b":{"0":[0,0],"1":[0,0],"2":[0,0],"3":[0,0],"4":[0,0],"5":[0,0,0],"6":[0,0],"7":[0,0],"8":[0,0],"9":[0,0],"10":[0,0],"11":[0,0],"12":[0,0],"13":[0,0],"14":[0,0],"15":[0,0],"16":[0,0],"17":[0,0],"18":[0,0],"19":[0,0],"20":[0,0],"21":[0,0],"22":[0,0],"23":[0,0],"24":[0,0],"25":[0,0],"26":[0,0],"27":[0,0],"28":[0,0],"29":[0,0],"30":[0,0],"31":[0,0]}}
,"C:\\Projeler\\CMPE 352\\bounswe2025group1\\MOBILE\\CommunityGardenApp\\app\\(tabs)\\my-tasks.tsx": {"path":"C:\\Projeler\\CMPE 352\\bounswe2025group1\\MOBILE\\CommunityGardenApp\\app\\(tabs)\\my-tasks.tsx","statementMap":{"0":{"start":{"line":13,"column":26},"end":{"line":13,"column":35}},"1":{"start":{"line":14,"column":17},"end":{"line":14,"column":38}},"2":{"start":{"line":15,"column":42},"end":{"line":15,"column":54}},"3":{"start":{"line":16,"column":17},"end":{"line":16,"column":28}},"4":{"start":{"line":17,"column":16},"end":{"line":17,"column":32}},"5":{"start":{"line":19,"column":2},"end":{"line":69,"column":4}},"6":{"start":{"line":21,"column":33},"end":{"line":65,"column":7}},"7":{"start":{"line":22,"column":8},"end":{"line":64,"column":9}},"8":{"start":{"line":23,"column":29},"end":{"line":25,"column":12}},"9":{"start":{"line":27,"column":28},"end":{"line":29,"column":12}},"10":{"start":{"line":31,"column":36},"end":{"line":33,"column":31}},"11":{"start":{"line":32,"column":25},"end":{"line":32,"column":91}},"12":{"start":{"line":33,"column":22},"end":{"line":33,"column":30}},"13":{"start":{"line":35,"column":32},"end":{"line":35,"column":34}},"14":{"start":{"line":37,"column":10},"end":{"line":59,"column":11}},"15":{"start":{"line":38,"column":12},"end":{"line":58,"column":13}},"16":{"start":{"line":39,"column":30},"end":{"line":41,"column":16}},"17":{"start":{"line":43,"column":36},"end":{"line":47,"column":15}},"18":{"start":{"line":45,"column":18},"end":{"line":46,"column":47}},"19":{"start":{"line":49,"column":14},"end":{"line":55,"column":15}},"20":{"start":{"line":50,"column":16},"end":{"line":54,"column":19}},"21":{"start":{"line":57,"column":14},"end":{"line":57,"column":81}},"22":{"start":{"line":61,"column":10},"end":{"line":61,"column":41}},"23":{"start":{"line":63,"column":10},"end":{"line":63,"column":59}},"24":{"start":{"line":67,"column":6},"end":{"line":67,"column":27}},"25":{"start":{"line":71,"column":2},"end":{"line":97,"column":4}},"26":{"start":{"line":76,"column":10},"end":{"line":88,"column":17}},"27":{"start":{"line":79,"column":14},"end":{"line":86,"column":33}},"28":{"start":{"line":82,"column":31},"end":{"line":82,"column":82}},"29":{"start":{"line":100,"column":15},"end":{"line":113,"column":2}}},"fnMap":{"0":{"name":"MyTasksScreen","decl":{"start":{"line":12,"column":24},"end":{"line":12,"column":37}},"loc":{"start":{"line":12,"column":40},"end":{"line":98,"column":1}},"line":12},"1":{"name":"(anonymous_1)","decl":{"start":{"line":20,"column":16},"end":{"line":20,"column":17}},"loc":{"start":{"line":20,"column":22},"end":{"line":68,"column":5}},"line":20},"2":{"name":"(anonymous_2)","decl":{"start":{"line":21,"column":33},"end":{"line":21,"column":34}},"loc":{"start":{"line":21,"column":45},"end":{"line":65,"column":7}},"line":21},"3":{"name":"(anonymous_3)","decl":{"start":{"line":32,"column":20},"end":{"line":32,"column":21}},"loc":{"start":{"line":32,"column":25},"end":{"line":32,"column":91}},"line":32},"4":{"name":"(anonymous_4)","decl":{"start":{"line":33,"column":17},"end":{"line":33,"column":18}},"loc":{"start":{"line":33,"column":22},"end":{"line":33,"column":30}},"line":33},"5":{"name":"(anonymous_5)","decl":{"start":{"line":44,"column":16},"end":{"line":44,"column":17}},"loc":{"start":{"line":45,"column":18},"end":{"line":46,"column":47}},"line":45},"6":{"name":"(anonymous_6)","decl":{"start":{"line":75,"column":26},"end":{"line":75,"column":27}},"loc":{"start":{"line":76,"column":10},"end":{"line":88,"column":17}},"line":76},"7":{"name":"(anonymous_7)","decl":{"start":{"line":78,"column":29},"end":{"line":78,"column":30}},"loc":{"start":{"line":79,"column":14},"end":{"line":86,"column":33}},"line":79},"8":{"name":"(anonymous_8)","decl":{"start":{"line":82,"column":25},"end":{"line":82,"column":26}},"loc":{"start":{"line":82,"column":31},"end":{"line":82,"column":82}},"line":82}},"branchMap":{"0":{"loc":{"start":{"line":32,"column":25},"end":{"line":32,"column":91}},"type":"binary-expr","locations":[{"start":{"line":32,"column":25},"end":{"line":32,"column":48}},{"start":{"line":32,"column":52},"end":{"line":32,"column":91}}],"line":32},"1":{"loc":{"start":{"line":45,"column":18},"end":{"line":46,"column":47}},"type":"binary-expr","locations":[{"start":{"line":45,"column":18},"end":{"line":45,"column":57}},{"start":{"line":46,"column":18},"end":{"line":46,"column":47}}],"line":45},"2":{"loc":{"start":{"line":49,"column":14},"end":{"line":55,"column":15}},"type":"if","locations":[{"start":{"line":49,"column":14},"end":{"line":55,"column":15}},{"start":{},"end":{}}],"line":49},"3":{"loc":{"start":{"line":90,"column":9},"end":{"line":94,"column":9}},"type":"binary-expr","locations":[{"start":{"line":90,"column":9},"end":{"line":90,"column":34}},{"start":{"line":91,"column":10},"end":{"line":93,"column":17}}],"line":90}},"s":{"0":0,"1":0,"2":0,"3":0,"4":0,"5":0,"6":0,"7":0,"8":0,"9":0,"10":0,"11":0,"12":0,"13":0,"14":0,"15":0,"16":0,"17":0,"18":0,"19":0,"20":0,"21":0,"22":0,"23":0,"24":0,"25":0,"26":0,"27":0,"28":0,"29":0},"f":{"0":0,"1":0,"2":0,"3":0,"4":0,"5":0,"6":0,"7":0,"8":0},"b":{"0":[0,0],"1":[0,0],"2":[0,0],"3":[0,0]}}
,"C:\\Projeler\\CMPE 352\\bounswe2025group1\\MOBILE\\CommunityGardenApp\\app\\(tabs)\\notifications.tsx": {"path":"C:\\Projeler\\CMPE 352\\bounswe2025group1\\MOBILE\\CommunityGardenApp\\app\\(tabs)\\notifications.tsx","statementMap":{"0":{"start":{"line":25,"column":24},"end":{"line":38,"column":1}},"1":{"start":{"line":26,"column":2},"end":{"line":37,"column":3}},"2":{"start":{"line":28,"column":6},"end":{"line":28,"column":21}},"3":{"start":{"line":30,"column":6},"end":{"line":30,"column":21}},"4":{"start":{"line":32,"column":6},"end":{"line":32,"column":24}},"5":{"start":{"line":34,"column":6},"end":{"line":34,"column":21}},"6":{"start":{"line":36,"column":6},"end":{"line":36,"column":20}},"7":{"start":{"line":40,"column":24},"end":{"line":53,"column":1}},"8":{"start":{"line":41,"column":15},"end":{"line":41,"column":34}},"9":{"start":{"line":42,"column":14},"end":{"line":42,"column":24}},"10":{"start":{"line":43,"column":17},"end":{"line":43,"column":47}},"11":{"start":{"line":44,"column":19},"end":{"line":44,"column":45}},"12":{"start":{"line":45,"column":20},"end":{"line":45,"column":48}},"13":{"start":{"line":46,"column":19},"end":{"line":46,"column":48}},"14":{"start":{"line":48,"column":2},"end":{"line":48,"column":38}},"15":{"start":{"line":48,"column":20},"end":{"line":48,"column":38}},"16":{"start":{"line":49,"column":2},"end":{"line":49,"column":47}},"17":{"start":{"line":49,"column":21},"end":{"line":49,"column":47}},"18":{"start":{"line":50,"column":2},"end":{"line":50,"column":49}},"19":{"start":{"line":50,"column":22},"end":{"line":50,"column":49}},"20":{"start":{"line":51,"column":2},"end":{"line":51,"column":46}},"21":{"start":{"line":51,"column":20},"end":{"line":51,"column":46}},"22":{"start":{"line":52,"column":2},"end":{"line":52,"column":35}},"23":{"start":{"line":56,"column":20},"end":{"line":56,"column":29}},"24":{"start":{"line":57,"column":17},"end":{"line":57,"column":38}},"25":{"start":{"line":58,"column":16},"end":{"line":58,"column":32}},"26":{"start":{"line":59,"column":44},"end":{"line":59,"column":72}},"27":{"start":{"line":60,"column":38},"end":{"line":60,"column":53}},"28":{"start":{"line":61,"column":32},"end":{"line":61,"column":46}},"29":{"start":{"line":63,"column":28},"end":{"line":74,"column":3}},"30":{"start":{"line":64,"column":4},"end":{"line":64,"column":23}},"31":{"start":{"line":64,"column":16},"end":{"line":64,"column":23}},"32":{"start":{"line":65,"column":4},"end":{"line":73,"column":5}},"33":{"start":{"line":66,"column":19},"end":{"line":66,"column":50}},"34":{"start":{"line":67,"column":6},"end":{"line":67,"column":29}},"35":{"start":{"line":69,"column":6},"end":{"line":69,"column":60}},"36":{"start":{"line":71,"column":6},"end":{"line":71,"column":24}},"37":{"start":{"line":72,"column":6},"end":{"line":72,"column":27}},"38":{"start":{"line":76,"column":2},"end":{"line":80,"column":4}},"39":{"start":{"line":78,"column":6},"end":{"line":78,"column":26}},"40":{"start":{"line":82,"column":24},"end":{"line":85,"column":3}},"41":{"start":{"line":83,"column":4},"end":{"line":83,"column":24}},"42":{"start":{"line":84,"column":4},"end":{"line":84,"column":24}},"43":{"start":{"line":87,"column":27},"end":{"line":97,"column":3}},"44":{"start":{"line":88,"column":4},"end":{"line":88,"column":23}},"45":{"start":{"line":88,"column":16},"end":{"line":88,"column":23}},"46":{"start":{"line":89,"column":4},"end":{"line":96,"column":5}},"47":{"start":{"line":90,"column":6},"end":{"line":90,"column":34}},"48":{"start":{"line":91,"column":6},"end":{"line":93,"column":8}},"49":{"start":{"line":92,"column":8},"end":{"line":92,"column":63}},"50":{"start":{"line":92,"column":23},"end":{"line":92,"column":61}},"51":{"start":{"line":95,"column":6},"end":{"line":95,"column":66}},"52":{"start":{"line":99,"column":30},"end":{"line":108,"column":3}},"53":{"start":{"line":100,"column":4},"end":{"line":100,"column":23}},"54":{"start":{"line":100,"column":16},"end":{"line":100,"column":23}},"55":{"start":{"line":101,"column":4},"end":{"line":107,"column":5}},"56":{"start":{"line":102,"column":6},"end":{"line":102,"column":33}},"57":{"start":{"line":103,"column":6},"end":{"line":103,"column":70}},"58":{"start":{"line":103,"column":31},"end":{"line":103,"column":68}},"59":{"start":{"line":103,"column":46},"end":{"line":103,"column":66}},"60":{"start":{"line":105,"column":6},"end":{"line":105,"column":57}},"61":{"start":{"line":106,"column":6},"end":{"line":106,"column":70}},"62":{"start":{"line":110,"column":29},"end":{"line":150,"column":3}},"63":{"start":{"line":111,"column":4},"end":{"line":149,"column":23}},"64":{"start":{"line":117,"column":21},"end":{"line":117,"column":46}},"65":{"start":{"line":152,"column":22},"end":{"line":152,"column":63}},"66":{"start":{"line":152,"column":48},"end":{"line":152,"column":55}},"67":{"start":{"line":154,"column":2},"end":{"line":203,"column":4}},"68":{"start":{"line":180,"column":30},"end":{"line":180,"column":48}},"69":{"start":{"line":206,"column":15},"end":{"line":295,"column":2}}},"fnMap":{"0":{"name":"(anonymous_0)","decl":{"start":{"line":25,"column":24},"end":{"line":25,"column":25}},"loc":{"start":{"line":25,"column":68},"end":{"line":38,"column":1}},"line":25},"1":{"name":"(anonymous_1)","decl":{"start":{"line":40,"column":24},"end":{"line":40,"column":25}},"loc":{"start":{"line":40,"column":55},"end":{"line":53,"column":1}},"line":40},"2":{"name":"NotificationsScreen","decl":{"start":{"line":55,"column":24},"end":{"line":55,"column":43}},"loc":{"start":{"line":55,"column":46},"end":{"line":204,"column":1}},"line":55},"3":{"name":"(anonymous_3)","decl":{"start":{"line":63,"column":28},"end":{"line":63,"column":29}},"loc":{"start":{"line":63,"column":40},"end":{"line":74,"column":3}},"line":63},"4":{"name":"(anonymous_4)","decl":{"start":{"line":77,"column":16},"end":{"line":77,"column":17}},"loc":{"start":{"line":77,"column":22},"end":{"line":79,"column":5}},"line":77},"5":{"name":"(anonymous_5)","decl":{"start":{"line":82,"column":24},"end":{"line":82,"column":25}},"loc":{"start":{"line":82,"column":30},"end":{"line":85,"column":3}},"line":82},"6":{"name":"(anonymous_6)","decl":{"start":{"line":87,"column":27},"end":{"line":87,"column":28}},"loc":{"start":{"line":87,"column":49},"end":{"line":97,"column":3}},"line":87},"7":{"name":"(anonymous_7)","decl":{"start":{"line":91,"column":23},"end":{"line":91,"column":24}},"loc":{"start":{"line":92,"column":8},"end":{"line":92,"column":63}},"line":92},"8":{"name":"(anonymous_8)","decl":{"start":{"line":92,"column":17},"end":{"line":92,"column":18}},"loc":{"start":{"line":92,"column":23},"end":{"line":92,"column":61}},"line":92},"9":{"name":"(anonymous_9)","decl":{"start":{"line":99,"column":30},"end":{"line":99,"column":31}},"loc":{"start":{"line":99,"column":42},"end":{"line":108,"column":3}},"line":99},"10":{"name":"(anonymous_10)","decl":{"start":{"line":103,"column":23},"end":{"line":103,"column":24}},"loc":{"start":{"line":103,"column":31},"end":{"line":103,"column":68}},"line":103},"11":{"name":"(anonymous_11)","decl":{"start":{"line":103,"column":40},"end":{"line":103,"column":41}},"loc":{"start":{"line":103,"column":46},"end":{"line":103,"column":66}},"line":103},"12":{"name":"(anonymous_12)","decl":{"start":{"line":110,"column":29},"end":{"line":110,"column":30}},"loc":{"start":{"line":111,"column":4},"end":{"line":149,"column":23}},"line":111},"13":{"name":"(anonymous_13)","decl":{"start":{"line":117,"column":15},"end":{"line":117,"column":16}},"loc":{"start":{"line":117,"column":21},"end":{"line":117,"column":46}},"line":117},"14":{"name":"(anonymous_14)","decl":{"start":{"line":152,"column":43},"end":{"line":152,"column":44}},"loc":{"start":{"line":152,"column":48},"end":{"line":152,"column":55}},"line":152},"15":{"name":"(anonymous_15)","decl":{"start":{"line":180,"column":22},"end":{"line":180,"column":23}},"loc":{"start":{"line":180,"column":30},"end":{"line":180,"column":48}},"line":180}},"branchMap":{"0":{"loc":{"start":{"line":26,"column":2},"end":{"line":37,"column":3}},"type":"switch","locations":[{"start":{"line":27,"column":4},"end":{"line":28,"column":21}},{"start":{"line":29,"column":4},"end":{"line":30,"column":21}},{"start":{"line":31,"column":4},"end":{"line":32,"column":24}},{"start":{"line":33,"column":4},"end":{"line":34,"column":21}},{"start":{"line":35,"column":4},"end":{"line":36,"column":20}}],"line":26},"1":{"loc":{"start":{"line":48,"column":2},"end":{"line":48,"column":38}},"type":"if","locations":[{"start":{"line":48,"column":2},"end":{"line":48,"column":38}},{"start":{},"end":{}}],"line":48},"2":{"loc":{"start":{"line":49,"column":2},"end":{"line":49,"column":47}},"type":"if","locations":[{"start":{"line":49,"column":2},"end":{"line":49,"column":47}},{"start":{},"end":{}}],"line":49},"3":{"loc":{"start":{"line":50,"column":2},"end":{"line":50,"column":49}},"type":"if","locations":[{"start":{"line":50,"column":2},"end":{"line":50,"column":49}},{"start":{},"end":{}}],"line":50},"4":{"loc":{"start":{"line":51,"column":2},"end":{"line":51,"column":46}},"type":"if","locations":[{"start":{"line":51,"column":2},"end":{"line":51,"column":46}},{"start":{},"end":{}}],"line":51},"5":{"loc":{"start":{"line":64,"column":4},"end":{"line":64,"column":23}},"type":"if","locations":[{"start":{"line":64,"column":4},"end":{"line":64,"column":23}},{"start":{},"end":{}}],"line":64},"6":{"loc":{"start":{"line":88,"column":4},"end":{"line":88,"column":23}},"type":"if","locations":[{"start":{"line":88,"column":4},"end":{"line":88,"column":23}},{"start":{},"end":{}}],"line":88},"7":{"loc":{"start":{"line":92,"column":23},"end":{"line":92,"column":61}},"type":"cond-expr","locations":[{"start":{"line":92,"column":37},"end":{"line":92,"column":57}},{"start":{"line":92,"column":60},"end":{"line":92,"column":61}}],"line":92},"8":{"loc":{"start":{"line":100,"column":4},"end":{"line":100,"column":23}},"type":"if","locations":[{"start":{"line":100,"column":4},"end":{"line":100,"column":23}},{"start":{},"end":{}}],"line":100},"9":{"loc":{"start":{"line":115,"column":8},"end":{"line":115,"column":39}},"type":"binary-expr","locations":[{"start":{"line":115,"column":8},"end":{"line":115,"column":18}},{"start":{"line":115,"column":22},"end":{"line":115,"column":39}}],"line":115},"10":{"loc":{"start":{"line":124,"column":17},"end":{"line":124,"column":66}},"type":"cond-expr","locations":[{"start":{"line":124,"column":29},"end":{"line":124,"column":49}},{"start":{"line":124,"column":52},"end":{"line":124,"column":66}}],"line":124},"11":{"loc":{"start":{"line":132,"column":12},"end":{"line":132,"column":43}},"type":"binary-expr","locations":[{"start":{"line":132,"column":12},"end":{"line":132,"column":22}},{"start":{"line":132,"column":26},"end":{"line":132,"column":43}}],"line":132},"12":{"loc":{"start":{"line":146,"column":7},"end":{"line":148,"column":7}},"type":"binary-expr","locations":[{"start":{"line":146,"column":7},"end":{"line":146,"column":17}},{"start":{"line":147,"column":8},"end":{"line":147,"column":80}}],"line":146},"13":{"loc":{"start":{"line":160,"column":9},"end":{"line":169,"column":9}},"type":"binary-expr","locations":[{"start":{"line":160,"column":9},"end":{"line":160,"column":24}},{"start":{"line":161,"column":10},"end":{"line":168,"column":29}}],"line":160},"14":{"loc":{"start":{"line":172,"column":7},"end":{"line":176,"column":7}},"type":"binary-expr","locations":[{"start":{"line":172,"column":7},"end":{"line":172,"column":22}},{"start":{"line":173,"column":8},"end":{"line":175,"column":15}}],"line":172},"15":{"loc":{"start":{"line":191,"column":10},"end":{"line":198,"column":18}},"type":"cond-expr","locations":[{"start":{"line":192,"column":12},"end":{"line":197,"column":19}},{"start":{"line":198,"column":14},"end":{"line":198,"column":18}}],"line":191},"16":{"loc":{"start":{"line":200,"column":31},"end":{"line":200,"column":88}},"type":"cond-expr","locations":[{"start":{"line":200,"column":60},"end":{"line":200,"column":76}},{"start":{"line":200,"column":79},"end":{"line":200,"column":88}}],"line":200}},"s":{"0":0,"1":0,"2":0,"3":0,"4":0,"5":0,"6":0,"7":0,"8":0,"9":0,"10":0,"11":0,"12":0,"13":0,"14":0,"15":0,"16":0,"17":0,"18":0,"19":0,"20":0,"21":0,"22":0,"23":0,"24":0,"25":0,"26":0,"27":0,"28":0,"29":0,"30":0,"31":0,"32":0,"33":0,"34":0,"35":0,"36":0,"37":0,"38":0,"39":0,"40":0,"41":0,"42":0,"43":0,"44":0,"45":0,"46":0,"47":0,"48":0,"49":0,"50":0,"51":0,"52":0,"53":0,"54":0,"55":0,"56":0,"57":0,"58":0,"59":0,"60":0,"61":0,"62":0,"63":0,"64":0,"65":0,"66":0,"67":0,"68":0,"69":0},"f":{"0":0,"1":0,"2":0,"3":0,"4":0,"5":0,"6":0,"7":0,"8":0,"9":0,"10":0,"11":0,"12":0,"13":0,"14":0,"15":0},"b":{"0":[0,0,0,0,0],"1":[0,0],"2":[0,0],"3":[0,0],"4":[0,0],"5":[0,0],"6":[0,0],"7":[0,0],"8":[0,0],"9":[0,0],"10":[0,0],"11":[0,0],"12":[0,0],"13":[0,0],"14":[0,0],"15":[0,0],"16":[0,0]}}
,"C:\\Projeler\\CMPE 352\\bounswe2025group1\\MOBILE\\CommunityGardenApp\\app\\(tabs)\\profile.tsx": {"path":"C:\\Projeler\\CMPE 352\\bounswe2025group1\\MOBILE\\CommunityGardenApp\\app\\(tabs)\\profile.tsx","statementMap":{"0":{"start":{"line":16,"column":13},"end":{"line":21,"column":1}},"1":{"start":{"line":24,"column":34},"end":{"line":24,"column":43}},"2":{"start":{"line":25,"column":17},"end":{"line":25,"column":38}},"3":{"start":{"line":26,"column":16},"end":{"line":26,"column":36}},"4":{"start":{"line":27,"column":17},"end":{"line":27,"column":28}},"5":{"start":{"line":28,"column":21},"end":{"line":28,"column":36}},"6":{"start":{"line":29,"column":16},"end":{"line":29,"column":32}},"7":{"start":{"line":30,"column":32},"end":{"line":30,"column":46}},"8":{"start":{"line":31,"column":32},"end":{"line":31,"column":44}},"9":{"start":{"line":32,"column":36},"end":{"line":32,"column":48}},"10":{"start":{"line":33,"column":36},"end":{"line":33,"column":48}},"11":{"start":{"line":34,"column":42},"end":{"line":34,"column":64}},"12":{"start":{"line":35,"column":24},"end":{"line":35,"column":35}},"13":{"start":{"line":36,"column":32},"end":{"line":36,"column":46}},"14":{"start":{"line":38,"column":2},"end":{"line":46,"column":4}},"15":{"start":{"line":40,"column":6},"end":{"line":43,"column":7}},"16":{"start":{"line":41,"column":8},"end":{"line":41,"column":38}},"17":{"start":{"line":42,"column":8},"end":{"line":42,"column":15}},"18":{"start":{"line":44,"column":6},"end":{"line":44,"column":21}},"19":{"start":{"line":49,"column":2},"end":{"line":59,"column":19}},"20":{"start":{"line":50,"column":4},"end":{"line":58,"column":7}},"21":{"start":{"line":52,"column":8},"end":{"line":55,"column":27}},"22":{"start":{"line":52,"column":41},"end":{"line":52,"column":60}},"23":{"start":{"line":62,"column":23},"end":{"line":123,"column":3}},"24":{"start":{"line":63,"column":4},"end":{"line":63,"column":21}},"25":{"start":{"line":64,"column":4},"end":{"line":122,"column":5}},"26":{"start":{"line":65,"column":6},"end":{"line":74,"column":7}},"27":{"start":{"line":66,"column":8},"end":{"line":66,"column":41}},"28":{"start":{"line":67,"column":8},"end":{"line":67,"column":25}},"29":{"start":{"line":68,"column":8},"end":{"line":68,"column":23}},"30":{"start":{"line":69,"column":8},"end":{"line":69,"column":25}},"31":{"start":{"line":70,"column":8},"end":{"line":70,"column":25}},"32":{"start":{"line":71,"column":8},"end":{"line":71,"column":28}},"33":{"start":{"line":72,"column":8},"end":{"line":72,"column":26}},"34":{"start":{"line":73,"column":8},"end":{"line":73,"column":15}},"35":{"start":{"line":75,"column":22},"end":{"line":75,"column":57}},"36":{"start":{"line":76,"column":18},"end":{"line":76,"column":39}},"37":{"start":{"line":77,"column":6},"end":{"line":77,"column":71}},"38":{"start":{"line":78,"column":71},"end":{"line":83,"column":8}},"39":{"start":{"line":85,"column":32},"end":{"line":87,"column":27}},"40":{"start":{"line":86,"column":21},"end":{"line":86,"column":87}},"41":{"start":{"line":87,"column":18},"end":{"line":87,"column":26}},"42":{"start":{"line":90,"column":28},"end":{"line":94,"column":7}},"43":{"start":{"line":92,"column":10},"end":{"line":92,"column":83}},"44":{"start":{"line":92,"column":74},"end":{"line":92,"column":82}},"45":{"start":{"line":97,"column":6},"end":{"line":97,"column":34}},"46":{"start":{"line":98,"column":6},"end":{"line":98,"column":32}},"47":{"start":{"line":99,"column":6},"end":{"line":99,"column":38}},"48":{"start":{"line":100,"column":6},"end":{"line":100,"column":38}},"49":{"start":{"line":103,"column":6},"end":{"line":112,"column":7}},"50":{"start":{"line":104,"column":23},"end":{"line":104,"column":41}},"51":{"start":{"line":105,"column":26},"end":{"line":105,"column":91}},"52":{"start":{"line":107,"column":27},"end":{"line":107,"column":90}},"53":{"start":{"line":107,"column":59},"end":{"line":107,"column":73}},"54":{"start":{"line":108,"column":8},"end":{"line":108,"column":36}},"55":{"start":{"line":110,"column":8},"end":{"line":110,"column":61}},"56":{"start":{"line":111,"column":8},"end":{"line":111,"column":28}},"57":{"start":{"line":114,"column":6},"end":{"line":114,"column":74}},"58":{"start":{"line":115,"column":6},"end":{"line":115,"column":23}},"59":{"start":{"line":116,"column":6},"end":{"line":116,"column":21}},"60":{"start":{"line":117,"column":6},"end":{"line":117,"column":23}},"61":{"start":{"line":118,"column":6},"end":{"line":118,"column":23}},"62":{"start":{"line":119,"column":6},"end":{"line":119,"column":26}},"63":{"start":{"line":121,"column":6},"end":{"line":121,"column":24}},"64":{"start":{"line":125,"column":23},"end":{"line":128,"column":3}},"65":{"start":{"line":126,"column":4},"end":{"line":126,"column":19}},"66":{"start":{"line":127,"column":4},"end":{"line":127,"column":34}},"67":{"start":{"line":130,"column":25},"end":{"line":144,"column":3}},"68":{"start":{"line":131,"column":4},"end":{"line":143,"column":5}},"69":{"start":{"line":132,"column":6},"end":{"line":132,"column":55}},"70":{"start":{"line":133,"column":6},"end":{"line":139,"column":8}},"71":{"start":{"line":140,"column":6},"end":{"line":140,"column":69}},"72":{"start":{"line":140,"column":27},"end":{"line":140,"column":67}},"73":{"start":{"line":140,"column":51},"end":{"line":140,"column":66}},"74":{"start":{"line":142,"column":6},"end":{"line":142,"column":39}},"75":{"start":{"line":146,"column":2},"end":{"line":148,"column":3}},"76":{"start":{"line":147,"column":4},"end":{"line":147,"column":104}},"77":{"start":{"line":150,"column":2},"end":{"line":159,"column":3}},"78":{"start":{"line":151,"column":4},"end":{"line":158,"column":6}},"79":{"start":{"line":160,"column":23},"end":{"line":176,"column":3}},"80":{"start":{"line":161,"column":4},"end":{"line":175,"column":11}},"81":{"start":{"line":166,"column":12},"end":{"line":169,"column":14}},"82":{"start":{"line":178,"column":2},"end":{"line":330,"column":4}},"83":{"start":{"line":200,"column":10},"end":{"line":209,"column":29}},"84":{"start":{"line":203,"column":27},"end":{"line":203,"column":38}},"85":{"start":{"line":218,"column":45},"end":{"line":218,"column":88}},"86":{"start":{"line":231,"column":36},"end":{"line":231,"column":54}},"87":{"start":{"line":233,"column":16},"end":{"line":239,"column":35}},"88":{"start":{"line":234,"column":33},"end":{"line":234,"column":64}},"89":{"start":{"line":251,"column":36},"end":{"line":251,"column":54}},"90":{"start":{"line":253,"column":16},"end":{"line":267,"column":23}},"91":{"start":{"line":255,"column":35},"end":{"line":255,"column":66}},"92":{"start":{"line":263,"column":35},"end":{"line":263,"column":58}},"93":{"start":{"line":279,"column":33},"end":{"line":279,"column":66}},"94":{"start":{"line":281,"column":34},"end":{"line":281,"column":36}},"95":{"start":{"line":282,"column":16},"end":{"line":298,"column":17}},"96":{"start":{"line":283,"column":18},"end":{"line":297,"column":19}},"97":{"start":{"line":284,"column":34},"end":{"line":284,"column":59}},"98":{"start":{"line":285,"column":33},"end":{"line":285,"column":41}},"99":{"start":{"line":286,"column":20},"end":{"line":288,"column":74}},"100":{"start":{"line":286,"column":50},"end":{"line":286,"column":68}},"101":{"start":{"line":287,"column":25},"end":{"line":288,"column":74}},"102":{"start":{"line":287,"column":55},"end":{"line":287,"column":73}},"103":{"start":{"line":288,"column":25},"end":{"line":288,"column":74}},"104":{"start":{"line":288,"column":56},"end":{"line":288,"column":74}},"105":{"start":{"line":290,"column":38},"end":{"line":290,"column":73}},"106":{"start":{"line":291,"column":46},"end":{"line":291,"column":58}},"107":{"start":{"line":292,"column":20},"end":{"line":294,"column":48}},"108":{"start":{"line":296,"column":20},"end":{"line":296,"column":58}},"109":{"start":{"line":300,"column":16},"end":{"line":320,"column":18}},"110":{"start":{"line":333,"column":15},"end":{"line":397,"column":2}}},"fnMap":{"0":{"name":"ProfileScreen","decl":{"start":{"line":23,"column":24},"end":{"line":23,"column":37}},"loc":{"start":{"line":23,"column":40},"end":{"line":331,"column":1}},"line":23},"1":{"name":"(anonymous_1)","decl":{"start":{"line":39,"column":16},"end":{"line":39,"column":17}},"loc":{"start":{"line":39,"column":22},"end":{"line":45,"column":5}},"line":39},"2":{"name":"(anonymous_2)","decl":{"start":{"line":49,"column":18},"end":{"line":49,"column":19}},"loc":{"start":{"line":49,"column":24},"end":{"line":59,"column":3}},"line":49},"3":{"name":"(anonymous_3)","decl":{"start":{"line":51,"column":18},"end":{"line":51,"column":19}},"loc":{"start":{"line":52,"column":8},"end":{"line":55,"column":27}},"line":52},"4":{"name":"(anonymous_4)","decl":{"start":{"line":52,"column":35},"end":{"line":52,"column":36}},"loc":{"start":{"line":52,"column":41},"end":{"line":52,"column":60}},"line":52},"5":{"name":"(anonymous_5)","decl":{"start":{"line":62,"column":23},"end":{"line":62,"column":24}},"loc":{"start":{"line":62,"column":35},"end":{"line":123,"column":3}},"line":62},"6":{"name":"(anonymous_6)","decl":{"start":{"line":86,"column":16},"end":{"line":86,"column":17}},"loc":{"start":{"line":86,"column":21},"end":{"line"
[...]
"end":{"line":100,"column":31}},"loc":{"start":{"line":100,"column":86},"end":{"line":131,"column":1}},"line":100},"4":{"name":"(anonymous_4)","decl":{"start":{"line":140,"column":30},"end":{"line":140,"column":31}},"loc":{"start":{"line":144,"column":29},"end":{"line":176,"column":1}},"line":144},"5":{"name":"(anonymous_5)","decl":{"start":{"line":186,"column":33},"end":{"line":186,"column":34}},"loc":{"start":{"line":191,"column":13},"end":{"line":203,"column":1}},"line":191},"6":{"name":"(anonymous_6)","decl":{"start":{"line":209,"column":38},"end":{"line":209,"column":39}},"loc":{"start":{"line":209,"column":79},"end":{"line":230,"column":1}},"line":209},"7":{"name":"(anonymous_7)","decl":{"start":{"line":236,"column":39},"end":{"line":236,"column":40}},"loc":{"start":{"line":236,"column":69},"end":{"line":244,"column":1}},"line":236}},"branchMap":{"0":{"loc":{"start":{"line":25,"column":2},"end":{"line":25,"column":30}},"type":"if","locations":[{"start":{"line":25,"column":2},"end":{"line":25,"column":30}},{"start":{},"end":{}}],"line":25},"1":{"loc":{"start":{"line":28,"column":2},"end":{"line":30,"column":3}},"type":"if","locations":[{"start":{"line":28,"column":2},"end":{"line":30,"column":3}},{"start":{},"end":{}}],"line":28},"2":{"loc":{"start":{"line":28,"column":6},"end":{"line":28,"column":99}},"type":"binary-expr","locations":[{"start":{"line":28,"column":6},"end":{"line":28,"column":50}},{"start":{"line":28,"column":54},"end":{"line":28,"column":99}}],"line":28},"3":{"loc":{"start":{"line":29,"column":11},"end":{"line":29,"column":51}},"type":"cond-expr","locations":[{"start":{"line":29,"column":31},"end":{"line":29,"column":40}},{"start":{"line":29,"column":43},"end":{"line":29,"column":51}}],"line":29},"4":{"loc":{"start":{"line":33,"column":14},"end":{"line":33,"column":54}},"type":"cond-expr","locations":[{"start":{"line":33,"column":34},"end":{"line":33,"column":43}},{"start":{"line":33,"column":46},"end":{"line":33,"column":54}}],"line":33},"5":{"loc":{"start":{"line":34,"column":15},"end":{"line":34,"column":55}},"type":"cond-expr","locations":[{"start":{"line":34,"column":35},"end":{"line":34,"column":44}},{"start":{"line":34,"column":47},"end":{"line":34,"column":55}}],"line":34},"6":{"loc":{"start":{"line":35,"column":21},"end":{"line":35,"column":88}},"type":"cond-expr","locations":[{"start":{"line":35,"column":41},"end":{"line":35,"column":70}},{"start":{"line":35,"column":73},"end":{"line":35,"column":88}}],"line":35},"7":{"loc":{"start":{"line":36,"column":35},"end":{"line":36,"column":102}},"type":"cond-expr","locations":[{"start":{"line":36,"column":55},"end":{"line":36,"column":84}},{"start":{"line":36,"column":87},"end":{"line":36,"column":102}}],"line":36},"8":{"loc":{"start":{"line":37,"column":15},"end":{"line":37,"column":56}},"type":"cond-expr","locations":[{"start":{"line":37,"column":35},"end":{"line":37,"column":44}},{"start":{"line":37,"column":47},"end":{"line":37,"column":56}}],"line":37},"9":{"loc":{"start":{"line":38,"column":15},"end":{"line":38,"column":56}},"type":"cond-expr","locations":[{"start":{"line":38,"column":35},"end":{"line":38,"column":44}},{"start":{"line":38,"column":47},"end":{"line":38,"column":56}}],"line":38},"10":{"loc":{"start":{"line":39,"column":14},"end":{"line":39,"column":53}},"type":"cond-expr","locations":[{"start":{"line":39,"column":34},"end":{"line":39,"column":42}},{"start":{"line":39,"column":45},"end":{"line":39,"column":53}}],"line":39},"11":{"loc":{"start":{"line":40,"column":14},"end":{"line":40,"column":53}},"type":"cond-expr","locations":[{"start":{"line":40,"column":34},"end":{"line":40,"column":42}},{"start":{"line":40,"column":45},"end":{"line":40,"column":53}}],"line":40},"12":{"loc":{"start":{"line":41,"column":22},"end":{"line":41,"column":79}},"type":"cond-expr","locations":[{"start":{"line":41,"column":42},"end":{"line":41,"column":60}},{"start":{"line":41,"column":63},"end":{"line":41,"column":79}}],"line":41},"13":{"loc":{"start":{"line":42,"column":24},"end":{"line":42,"column":81}},"type":"cond-expr","locations":[{"start":{"line":42,"column":44},"end":{"line":42,"column":62}},{"start":{"line":42,"column":65},"end":{"line":42,"column":81}}],"line":42},"14":{"loc":{"start":{"line":43,"column":13},"end":{"line":43,"column":51}},"type":"cond-expr","locations":[{"start":{"line":43,"column":33},"end":{"line":43,"column":41}},{"start":{"line":43,"column":44},"end":{"line":43,"column":51}}],"line":43},"15":{"loc":{"start":{"line":44,"column":14},"end":{"line":44,"column":52}},"type":"cond-expr","locations":[{"start":{"line":44,"column":34},"end":{"line":44,"column":42}},{"start":{"line":44,"column":45},"end":{"line":44,"column":52}}],"line":44},"16":{"loc":{"start":{"line":45,"column":13},"end":{"line":45,"column":52}},"type":"cond-expr","locations":[{"start":{"line":45,"column":33},"end":{"line":45,"column":42}},{"start":{"line":45,"column":45},"end":{"line":45,"column":52}}],"line":45},"17":{"loc":{"start":{"line":46,"column":15},"end":{"line":46,"column":54}},"type":"cond-expr","locations":[{"start":{"line":46,"column":35},"end":{"line":46,"column":44}},{"start":{"line":46,"column":47},"end":{"line":46,"column":54}}],"line":46},"18":{"loc":{"start":{"line":47,"column":14},"end":{"line":47,"column":57}},"type":"cond-expr","locations":[{"start":{"line":47,"column":34},"end":{"line":47,"column":46}},{"start":{"line":47,"column":49},"end":{"line":47,"column":57}}],"line":47},"19":{"loc":{"start":{"line":48,"column":18},"end":{"line":48,"column":61}},"type":"cond-expr","locations":[{"start":{"line":48,"column":38},"end":{"line":48,"column":50}},{"start":{"line":48,"column":53},"end":{"line":48,"column":61}}],"line":48},"20":{"loc":{"start":{"line":51,"column":9},"end":{"line":51,"column":56}},"type":"binary-expr","locations":[{"start":{"line":51,"column":9},"end":{"line":51,"column":41}},{"start":{"line":51,"column":45},"end":{"line":51,"column":56}}],"line":51},"21":{"loc":{"start":{"line":61,"column":2},"end":{"line":61,"column":71}},"type":"if","locations":[{"start":{"line":61,"column":2},"end":{"line":61,"column":71}},{"start":{},"end":{}}],"line":61},"22":{"loc":{"start":{"line":61,"column":6},"end":{"line":61,"column":47}},"type":"binary-expr","locations":[{"start":{"line":61,"column":6},"end":{"line":61,"column":15}},{"start":{"line":61,"column":19},"end":{"line":61,"column":47}}],"line":61},"23":{"loc":{"start":{"line":61,"column":56},"end":{"line":61,"column":70}},"type":"binary-expr","locations":[{"start":{"line":61,"column":56},"end":{"line":61,"column":64}},{"start":{"line":61,"column":68},"end":{"line":61,"column":70}}],"line":61},"24":{"loc":{"start":{"line":65,"column":14},"end":{"line":65,"column":54}},"type":"cond-expr","locations":[{"start":{"line":65,"column":34},"end":{"line":65,"column":43}},{"start":{"line":65,"column":46},"end":{"line":65,"column":54}}],"line":65},"25":{"loc":{"start":{"line":66,"column":15},"end":{"line":66,"column":55}},"type":"cond-expr","locations":[{"start":{"line":66,"column":35},"end":{"line":66,"column":44}},{"start":{"line":66,"column":47},"end":{"line":66,"column":55}}],"line":66},"26":{"loc":{"start":{"line":67,"column":21},"end":{"line":67,"column":88}},"type":"cond-expr","locations":[{"start":{"line":67,"column":41},"end":{"line":67,"column":70}},{"start":{"line":67,"column":73},"end":{"line":67,"column":88}}],"line":67},"27":{"loc":{"start":{"line":68,"column":35},"end":{"line":68,"column":102}},"type":"cond-expr","locations":[{"start":{"line":68,"column":55},"end":{"line":68,"column":84}},{"start":{"line":68,"column":87},"end":{"line":68,"column":102}}],"line":68},"28":{"loc":{"start":{"line":69,"column":15},"end":{"line":69,"column":56}},"type":"cond-expr","locations":[{"start":{"line":69,"column":35},"end":{"line":69,"column":44}},{"start":{"line":69,"column":47},"end":{"line":69,"column":56}}],"line":69},"29":{"loc":{"start":{"line":70,"column":15},"end":{"line":70,"column":56}},"type":"cond-expr","locations":[{"start":{"line":70,"column":35},"end":{"line":70,"column":44}},{"start":{"line":70,"column":47},"end":{"line":70,"column":56}}],"line":70},"30":{"loc":{"start":{"line":71,"column":14},"end":{"line":71,"column":53}},"type":"cond-expr","locations":[{"start":{"line":71,"column":34},"end":{"line":71,"column":42}},{"start":{"line":71,"column":45},"end":{"line":71,"column":53}}],"line":71},"31":{"loc":{"start":{"line":72,"column":14},"end":{"line":72,"column":53}},"type":"cond-expr","locations":[{"start":{"line":72,"column":34},"end":{"line":72,"column":42}},{"start":{"line":72,"column":45},"end":{"line":72,"column":53}}],"line":72},"32":{"loc":{"start":{"line":73,"column":22},"end":{"line":73,"column":79}},"type":"cond-expr","locations":[{"start":{"line":73,"column":42},"end":{"line":73,"column":60}},{"start":{"line":73,"column":63},"end":{"line":73,"column":79}}],"line":73},"33":{"loc":{"start":{"line":74,"column":24},"end":{"line":74,"column":81}},"type":"cond-expr","locations":[{"start":{"line":74,"column":44},"end":{"line":74,"column":62}},{"start":{"line":74,"column":65},"end":{"line":74,"column":81}}],"line":74},"34":{"loc":{"start":{"line":77,"column":22},"end":{"line":77,"column":78}},"type":"cond-expr","locations":[{"start":{"line":77,"column":42},"end":{"line":77,"column":59}},{"start":{"line":77,"column":62},"end":{"line":77,"column":78}}],"line":77},"35":{"loc":{"start":{"line":78,"column":23},"end":{"line":78,"column":79}},"type":"cond-expr","locations":[{"start":{"line":78,"column":43},"end":{"line":78,"column":60}},{"start":{"line":78,"column":63},"end":{"line":78,"column":79}}],"line":78},"36":{"loc":{"start":{"line":79,"column":31},"end":{"line":79,"column":99}},"type":"cond-expr","locations":[{"start":{"line":79,"column":51},"end":{"line":79,"column":71}},{"start":{"line":79,"column":74},"end":{"line":79,"column":99}}],"line":79},"37":{"loc":{"start":{"line":80,"column":26},"end":{"line":80,"column":94}},"type":"cond-expr","locations":[{"start":{"line":80,"column":46},"end":{"line":80,"column":66}},{"start":{"line":80,"column":69},"end":{"line":80,"column":94}}],"line":80},"38":{"loc":{"start":{"line":81,"column":21},"end":{"line":81,"column":72}},"type":"cond-expr","locations":[{"start":{"line":81,"column":41},"end":{"line":81,"column":54}},{"start":{"line":81,"column":57},"end":{"line":81,"column":72}}],"line":81},"39":{"loc":{"start":{"line":82,"column":19},"end":{"line":82,"column":70}},"type":"cond-expr","locations":[{"start":{"line":82,"column":39},"end":{"line":82,"column":52}},{"start":{"line":82,"column":55},"end":{"line":82,"column":70}}],"line":82},"40":{"loc":{"start":{"line":101,"column":2},"end":{"line":103,"column":3}},"type":"if","locations":[{"start":{"line":101,"column":2},"end":{"line":103,"column":3}},{"start":{},"end":{}}],"line":101},"41":{"loc":{"start":{"line":101,"column":6},"end":{"line":101,"column":45}},"type":"binary-expr","locations":[{"start":{"line":101,"column":6},"end":{"line":101,"column":14}},{"start":{"line":101,"column":18},"end":{"line":101,"column":45}}],"line":101},"42":{"loc":{"start":{"line":115,"column":4},"end":{"line":117,"column":5}},"type":"if","locations":[{"start":{"line":115,"column":4},"end":{"line":117,"column":5}},{"start":{},"end":{}}],"line":115},"43":{"loc":{"start":{"line":120,"column":4},"end":{"line":125,"column":5}},"type":"if","locations":[{"start":{"line":120,"column":4},"end":{"line":125,"column":5}},{"start":{},"end":{}}],"line":120},"44":{"loc":{"start":{"line":120,"column":8},"end":{"line":120,"column":31}},"type":"binary-expr","locations":[{"start":{"line":120,"column":8},"end":{"line":120,"column":12}},{"start":{"line":120,"column":16},"end":{"line":120,"column":31}}],"line":120},"45":{"loc":{"start":{"line":143,"column":2},"end":{"line":143,"column":25}},"type":"default-arg","locations":[{"start":{"line":143,"column":21},"end":{"line":143,"column":25}}],"line":143},"46":{"loc":{"start":{"line":156,"column":4},"end":{"line":158,"column":5}},"type":"if","locations":[{"start":{"line":156,"column":4},"end":{"line":158,"column":5}},{"start":{},"end":{}}],"line":156},"47":{"loc":{"start":{"line":161,"column":4},"end":{"line":170,"column":5}},"type":"if","locations":[{"start":{"line":161,"column":4},"end":{"line":170,"column":5}},{"start":{},"end":{}}],"line":161},"48":{"loc":{"start":{"line":161,"column":8},"end":{"line":161,"column":33}},"type":"binary-expr","locations":[{"start":{"line":161,"column":8},"end":{"line":161,"column":12}},{"start":{"line":161,"column":16},"end":{"line":161,"column":33}}],"line":161},"49":{"loc":{"start":{"line":165,"column":6},"end":{"line":167,"column":7}},"type":"if","locations":[{"start":{"line":165,"column":6},"end":{"line":167,"column":7}},{"start":{},"end":{}}],"line":165},"50":{"loc":{"start":{"line":213,"column":4},"end":{"line":216,"column":5}},"type":"if","locations":[{"start":{"line":213,"column":4},"end":{"line":216,"column":5}},{"start":{},"end":{}}],"line":213}},"s":{"0":1,"1":5,"2":0,"3":5,"4":4,"5":1,"6":1,"7":1,"8":1,"9":0,"10":1,"11":1,"12":1,"13":16,"14":16,"15":1,"16":1,"17":3,"18":0,"19":3,"20":3,"21":2,"22":0,"23":2,"24":2,"25":1,"26":1,"27":1,"28":1,"29":1,"30":3,"31":3,"32":2,"33":0,"34":2,"35":2,"36":2,"37":2,"38":2,"39":2,"40":0,"41":1,"42":1,"43":1,"44":2,"45":2,"46":2,"47":2,"48":2,"49":2,"50":1,"51":2,"52":2,"53":2,"54":1,"55":1,"56":1,"57":1,"58":0,"59":0,"60":1,"61":2,"62":2,"63":2,"64":0,"65":0},"f":{"0":5,"1":1,"2":16,"3":3,"4":3,"5":2,"6":2,"7":2},"b":{"0":[0,5],"1":[4,1],"2":[5,1],"3":[2,2],"4":[1,0],"5":[1,0],"6":[1,0],"7":[1,0],"8":[1,0],"9":[1,0],"10":[1,0],"11":[1,0],"12":[1,0],"13":[1,0],"14":[1,0],"15":[1,0],"16":[1,0],"17":[1,0],"18":[1,0],"19":[1,0],"20":[1,1],"21":[0,1],"22":[1,1],"23":[0,0],"24":[1,0],"25":[1,0],"26":[1,0],"27":[1,0],"28":[1,0],"29":[1,0],"30":[1,0],"31":[1,0],"32":[1,0],"33":[1,0],"34":[1,0],"35":[1,0],"36":[1,0],"37":[1,0],"38":[1,0],"39":[1,0],"40":[0,3],"41":[3,3],"42":[0,2],"43":[1,1],"44":[2,2],"45":[2],"46":[0,2],"47":[2,0],"48":[2,2],"49":[2,0],"50":[1,1]},"_coverageSchema":"1a1c01bbd47fc00a2c39e90264f33305004495a9","hash":"49412c0a9080cb74bf1103d58874d37230bd5a27"}
,"C:\\Projeler\\CMPE 352\\bounswe2025group1\\MOBILE\\CommunityGardenApp\\utils\\pushNotifications.ts": {"path":"C:\\Projeler\\CMPE 352\\bounswe2025group1\\MOBILE\\CommunityGardenApp\\utils\\pushNotifications.ts","statementMap":{"0":{"start":{"line":8,"column":0},"end":{"line":14,"column":3}},"1":{"start":{"line":9,"column":35},"end":{"line":13,"column":3}},"2":{"start":{"line":20,"column":29},"end":{"line":20,"column":33}},"3":{"start":{"line":23,"column":2},"end":{"line":26,"column":3}},"4":{"start":{"line":24,"column":4},"end":{"line":24,"column":64}},"5":{"start":{"line":25,"column":4},"end":{"line":25,"column":16}},"6":{"start":{"line":29,"column":37},"end":{"line":29,"column":78}},"7":{"start":{"line":30,"column":20},"end":{"line":30,"column":34}},"8":{"start":{"line":33,"column":2},"end":{"line":36,"column":3}},"9":{"start":{"line":34,"column":23},"end":{"line":34,"column":68}},"10":{"start":{"line":35,"column":4},"end":{"line":35,"column":25}},"11":{"start":{"line":38,"column":2},"end":{"line":41,"column":3}},"12":{"start":{"line":39,"column":4},"end":{"line":39,"column":63}},"13":{"start":{"line":40,"column":4},"end":{"line":40,"column":16}},"14":{"start":{"line":44,"column":2},"end":{"line":53,"column":3}},"15":{"start":{"line":45,"column":22},"end":{"line":45,"column":65}},"16":{"start":{"line":46,"column":22},"end":{"line":48,"column":6}},"17":{"start":{"line":49,"column":4},"end":{"line":49,"column":27}},"18":{"start":{"line":51,"column":4},"end":{"line":51,"column":54}},"19":{"start":{"line":52,"column":4},"end":{"line":52,"column":16}},"20":{"start":{"line":56,"column":2},"end":{"line":63,"column":3}},"21":{"start":{"line":57,"column":4},"end":{"line":62,"column":7}},"22":{"start":{"line":65,"column":2},"end":{"line":65,"column":15}},"23":{"start":{"line":72,"column":2},"end":{"line":86,"column":3}},"24":{"start":{"line":73,"column":22},"end":{"line":73,"column":63}},"25":{"start":{"line":75,"column":4},"end":{"line":78,"column":5}},"26":{"start":{"line":76,"column":6},"end":{"line":76,"column":45}},"27":{"start":{"line":77,"column":6},"end":{"line":77,"column":19}},"28":{"start":{"line":80,"column":4},"end":{"line":80,"column":47}},"29":{"start":{"line":81,"column":4},"end":{"line":81,"column":60}},"30":{"start":{"line":82,"column":4},"end":{"line":82,"column":16}},"31":{"start":{"line":84,"column":4},"end":{"line":84,"column":77}},"32":{"start":{"line":85,"column":4},"end":{"line":85,"column":17}},"33":{"start":{"line":95,"column":2},"end":{"line":95,"column":65}},"34":{"start":{"line":104,"column":2},"end":{"line":104,"column":73}},"35":{"start":{"line":111,"column":2},"end":{"line":111,"column":61}},"36":{"start":{"line":118,"column":2},"end":{"line":118,"column":50}},"37":{"start":{"line":125,"column":2},"end":{"line":125,"column":55}}},"fnMap":{"0":{"name":"(anonymous_0)","decl":{"start":{"line":9,"column":22},"end":{"line":9,"column":23}},"loc":{"start":{"line":9,"column":35},"end":{"line":13,"column":3}},"line":9},"1":{"name":"registerForPushNotificationsAsync","decl":{"start":{"line":19,"column":22},"end":{"line":19,"column":55}},"loc":{"start":{"line":19,"column":82},"end":{"line":66,"column":1}},"line":19},"2":{"name":"registerDeviceForPushNotifications","decl":{"start":{"line":71,"column":22},"end":{"line":71,"column":56}},"loc":{"start":{"line":71,"column":94},"end":{"line":87,"column":1}},"line":71},"3":{"name":"addNotificationReceivedListener","decl":{"start":{"line":92,"column":16},"end":{"line":92,"column":47}},"loc":{"start":{"line":94,"column":30},"end":{"line":96,"column":1}},"line":94},"4":{"name":"addNotificationResponseReceivedListener","decl":{"start":{"line":101,"column":16},"end":{"line":101,"column":55}},"loc":{"start":{"line":103,"column":30},"end":{"line":105,"column":1}},"line":103},"5":{"name":"removeNotificationSubscription","decl":{"start":{"line":110,"column":16},"end":{"line":110,"column":46}},"loc":{"start":{"line":110,"column":95},"end":{"line":112,"column":1}},"line":110},"6":{"name":"getBadgeCount","decl":{"start":{"line":117,"column":22},"end":{"line":117,"column":35}},"loc":{"start":{"line":117,"column":55},"end":{"line":119,"column":1}},"line":117},"7":{"name":"setBadgeCount","decl":{"start":{"line":124,"column":22},"end":{"line":124,"column":35}},"loc":{"start":{"line":124,"column":69},"end":{"line":126,"column":1}},"line":124}},"branchMap":{"0":{"loc":{"start":{"line":23,"column":2},"end":{"line":26,"column":3}},"type":"if","locations":[{"start":{"line":23,"column":2},"end":{"line":26,"column":3}},{"start":{},"end":{}}],"line":23},"1":{"loc":{"start":{"line":33,"column":2},"end":{"line":36,"column":3}},"type":"if","locations":[{"start":{"line":33,"column":2},"end":{"line":36,"column":3}},{"start":{},"end":{}}],"line":33},"2":{"loc":{"start":{"line":38,"column":2},"end":{"line":41,"column":3}},"type":"if","locations":[{"start":{"line":38,"column":2},"end":{"line":41,"column":3}},{"start":{},"end":{}}],"line":38},"3":{"loc":{"start":{"line":56,"column":2},"end":{"line":63,"column":3}},"type":"if","locations":[{"start":{"line":56,"column":2},"end":{"line":63,"column":3}},{"start":{},"end":{}}],"line":56},"4":{"loc":{"start":{"line":75,"column":4},"end":{"line":78,"column":5}},"type":"if","locations":[{"start":{"line":75,"column":4},"end":{"line":78,"column":5}},{"start":{},"end":{}}],"line":75}},"s":{"0":1,"1":0,"2":7,"3":7,"4":2,"5":2,"6":5,"7":5,"8":5,"9":2,"10":2,"11":5,"12":1,"13":1,"14":4,"15":4,"16":4,"17":4,"18":0,"19":0,"20":4,"21":2,"22":4,"23":2,"24":2,"25":2,"26":1,"27":1,"28":1,"29":1,"30":1,"31":0,"32":0,"33":0,"34":0,"35":0,"36":1,"37":1},"f":{"0":0,"1":7,"2":2,"3":0,"4":0,"5":0,"6":1,"7":1},"b":{"0":[2,5],"1":[2,3],"2":[1,4],"3":[2,2],"4":[1,1]},"_coverageSchema":"1a1c01bbd47fc00a2c39e90264f33305004495a9","hash":"33fcffeccd15e38e6be2c861f80d5d4ac090196e"}
}
