TN:
SF:app\+not-found.tsx
FN:7,NotFoundScreen
FNF:1
FNH:0
FNDA:0,NotFoundScreen
DA:8,0
DA:21,0
LF:2
LH:0
BRF:0
BRH:0
end_of_record
TN:
SF:app\_layout.tsx
FN:9,StackNavigator
FN:92,RootLayout
FNF:2
FNH:0
FNDA:0,StackNavigator
FNDA:0,RootLayout
DA:10,0
DA:11,0
DA:13,0
DA:93,0
DA:95,0
LF:5
LH:0
BRF:0
BRH:0
end_of_record
TN:
SF:app\(tabs)\_layout.tsx
FN:15,AuthGate
FN:18,(anonymous_1)
FN:29,TabLayout
FN:53,(anonymous_3)
FN:60,(anonymous_4)
FN:67,(anonymous_5)
FN:74,(anonymous_6)
FN:81,(anonymous_7)
FN:94,(anonymous_8)
FNF:9
FNH:0
FNDA:0,AuthGate
FNDA:0,(anonymous_1)
FNDA:0,TabLayout
FNDA:0,(anonymous_3)
FNDA:0,(anonymous_4)
FNDA:0,(anonymous_5)
FNDA:0,(anonymous_6)
FNDA:0,(anonymous_7)
FNDA:0,(anonymous_8)
DA:16,0
DA:18,0
DA:19,0
DA:20,0
DA:24,0
DA:25,0
DA:26,0
DA:30,0
DA:31,0
DA:33,0
DA:53,0
DA:60,0
DA:67,0
DA:74,0
DA:81,0
DA:94,0
LF:16
LH:0
BRDA:19,0,0,0
BRDA:19,0,1,0
BRDA:19,1,0,0
BRDA:19,1,1,0
BRDA:24,2,0,0
BRDA:24,2,1,0
BRDA:25,3,0,0
BRDA:25,3,1,0
BRDA:37,4,0,0
BRDA:37,4,1,0
BRF:10
BRH:0
end_of_record
TN:
SF:app\(tabs)\forum.tsx
FN:8,ForumScreen
FNF:1
FNH:0
FNDA:0,ForumScreen
DA:9,0
DA:10,0
DA:12,0
DA:19,0
LF:4
LH:0
BRF:0
BRH:0
end_of_record
TN:
SF:app\(tabs)\gardens.tsx
FN:16,(anonymous_0)
FN:24,(anonymous_1)
FN:31,GardensScreen
FN:45,(anonymous_3)
FN:51,(anonymous_4)
FN:58,(anonymous_5)
FN:64,(anonymous_6)
FN:71,(anonymous_7)
FN:75,(anonymous_8)
FN:99,(anonymous_9)
FN:103,(anonymous_10)
FN:117,(anonymous_11)
FN:152,(anonymous_12)
FN:168,(anonymous_13)
FN:176,(anonymous_14)
FN:192,(anonymous_15)
FN:221,(anonymous_16)
FN:235,(anonymous_17)
FNF:18
FNH:0
FNDA:0,(anonymous_0)
FNDA:0,(anonymous_1)
FNDA:0,GardensScreen
FNDA:0,(anonymous_3)
FNDA:0,(anonymous_4)
FNDA:0,(anonymous_5)
FNDA:0,(anonymous_6)
FNDA:0,(anonymous_7)
FNDA:0,(anonymous_8)
FNDA:0,(anonymous_9)
FNDA:0,(anonymous_10)
FNDA:0,(anonymous_11)
FNDA:0,(anonymous_12)
FNDA:0,(anonymous_13)
FNDA:0,(anonymous_14)
FNDA:0,(anonymous_15)
FNDA:0,(anonymous_16)
FNDA:0,(anonymous_17)
DA:16,0
DA:17,0
DA:19,0
DA:20,0
DA:24,0
DA:25,0
DA:32,0
DA:33,0
DA:34,0
DA:35,0
DA:36,0
DA:37,0
DA:38,0
DA:39,0
DA:40,0
DA:41,0
DA:42,0
DA:45,0
DA:46,0
DA:47,0
DA:50,0
DA:52,0
DA:53,0
DA:58,0
DA:59,0
DA:60,0
DA:61,0
DA:62,0
DA:64,0
DA:65,0
DA:66,0
DA:67,0
DA:71,0
DA:72,0
DA:75,0
DA:76,0
DA:77,0
DA:78,0
DA:79,0
DA:81,0
DA:84,0
DA:85,0
DA:88,0
DA:91,0
DA:92,0
DA:93,0
DA:95,0
DA:99,0
DA:100,0
DA:101,0
DA:102,0
DA:103,0
DA:104,0
DA:106,0
DA:107,0
DA:108,0
DA:110,0
DA:112,0
DA:117,0
DA:118,0
DA:120,0
DA:121,0
DA:124,0
DA:125,0
DA:129,0
DA:130,0
DA:132,0
DA:133,0
DA:134,0
DA:135,0
DA:136,0
DA:137,0
DA:138,0
DA:141,0
DA:143,0
DA:144,0
DA:146,0
DA:147,0
DA:152,0
DA:153,0
DA:155,0
DA:156,0
DA:157,0
DA:161,0
DA:165,0
DA:168,0
DA:169,0
DA:177,0
DA:187,0
DA:188,0
DA:192,0
DA:193,0
DA:217,0
DA:221,0
DA:235,0
DA:243,0
LF:96
LH:0
BRDA:17,0,0,0
BRDA:17,0,1,0
BRDA:20,1,0,0
BRDA:20,1,1,0
BRDA:59,2,0,0
BRDA:59,2,1,0
BRDA:59,3,0,0
BRDA:59,3,1,0
BRDA:65,4,0,0
BRDA:65,4,1,0
BRDA:78,5,0,0
BRDA:78,5,1,0
BRDA:84,6,0,0
BRDA:84,6,1,0
BRDA:104,7,0,0
BRDA:104,7,1,0
BRDA:117,8,0,0
BRDA:118,9,0,0
BRDA:118,9,1,0
BRDA:120,10,0,0
BRDA:120,10,1,0
BRDA:129,11,0,0
BRDA:129,11,1,0
BRDA:129,11,2,0
BRDA:132,12,0,0
BRDA:132,12,1,0
BRDA:135,13,0,0
BRDA:135,13,1,0
BRDA:146,14,0,0
BRDA:146,14,1,0
BRDA:153,15,0,0
BRDA:153,15,1,0
BRDA:153,16,0,0
BRDA:153,16,1,0
BRDA:156,17,0,0
BRDA:156,17,1,0
BRDA:158,18,0,0
BRDA:158,18,1,0
BRDA:159,19,0,0
BRDA:159,19,1,0
BRDA:171,20,0,0
BRDA:171,20,1,0
BRDA:172,21,0,0
BRDA:172,21,1,0
BRDA:179,22,0,0
BRDA:179,22,1,0
BRDA:187,23,0,0
BRDA:187,23,1,0
BRDA:196,24,0,0
BRDA:196,24,1,0
BRDA:198,25,0,0
BRDA:198,25,1,0
BRDA:205,26,0,0
BRDA:205,26,1,0
BRDA:209,27,0,0
BRDA:209,27,1,0
BRDA:209,27,2,0
BRDA:211,28,0,0
BRDA:211,28,1,0
BRDA:221,29,0,0
BRDA:221,29,1,0
BRDA:226,30,0,0
BRDA:226,30,1,0
BRDA:226,31,0,0
BRDA:226,31,1,0
BRDA:227,32,0,0
BRDA:227,32,1,0
BRDA:228,33,0,0
BRDA:228,33,1,0
BRF:69
BRH:0
end_of_record
TN:
SF:app\(tabs)\index.tsx
FN:20,HomeScreen
FN:28,(anonymous_1)
FN:29,(anonymous_2)
FN:44,(anonymous_3)
FN:45,(anonymous_4)
FN:65,(anonymous_5)
FNF:6
FNH:0
FNDA:0,HomeScreen
FNDA:0,(anonymous_1)
FNDA:0,(anonymous_2)
FNDA:0,(anonymous_3)
FNDA:0,(anonymous_4)
FNDA:0,(anonymous_5)
DA:21,0
DA:22,0
DA:23,0
DA:24,0
DA:25,0
DA:26,0
DA:28,0
DA:29,0
DA:30,0
DA:31,0
DA:34,0
DA:36,0
DA:40,0
DA:43,0
DA:45,0
DA:46,0
DA:47,0
DA:48,0
DA:49,0
DA:51,0
DA:54,0
DA:59,0
DA:65,0
DA:107,0
LF:24
LH:0
BRDA:34,0,0,0
BRDA:34,0,1,0
BRDA:34,0,2,0
BRDA:40,1,0,0
BRDA:40,1,1,0
BRDA:46,2,0,0
BRDA:46,2,1,0
BRDA:69,3,0,0
BRDA:69,3,1,0
BRDA:77,4,0,0
BRDA:77,4,1,0
BRDA:95,5,0,0
BRDA:95,5,1,0
BRDA:96,6,0,0
BRDA:96,6,1,0
BRF:15
BRH:0
end_of_record
TN:
SF:app\(tabs)\messages.tsx
FN:46,MessagesScreen
FN:59,(anonymous_1)
FN:66,(anonymous_2)
FN:80,(anonymous_3)
FN:81,(anonymous_4)
FN:89,(anonymous_5)
FN:96,(anonymous_6)
FN:100,(anonymous_7)
FN:105,(anonymous_8)
FN:113,(anonymous_9)
FN:114,(anonymous_10)
FN:119,(anonymous_11)
FN:124,(anonymous_12)
FN:132,(anonymous_13)
FN:133,(anonymous_14)
FN:138,(anonymous_15)
FN:141,(anonymous_16)
FN:144,(anonymous_17)
FN:146,(anonymous_18)
FN:193,(anonymous_19)
FN:197,(anonymous_20)
FN:204,(anonymous_21)
FN:220,(anonymous_22)
FN:224,(anonymous_23)
FN:230,(anonymous_24)
FN:297,(anonymous_25)
FNF:26
FNH:0
FNDA:0,MessagesScreen
FNDA:0,(anonymous_1)
FNDA:0,(anonymous_2)
FNDA:0,(anonymous_3)
FNDA:0,(anonymous_4)
FNDA:0,(anonymous_5)
FNDA:0,(anonymous_6)
FNDA:0,(anonymous_7)
FNDA:0,(anonymous_8)
FNDA:0,(anonymous_9)
FNDA:0,(anonymous_10)
FNDA:0,(anonymous_11)
FNDA:0,(anonymous_12)
FNDA:0,(anonymous_13)
FNDA:0,(anonymous_14)
FNDA:0,(anonymous_15)
FNDA:0,(anonymous_16)
FNDA:0,(anonymous_17)
FNDA:0,(anonymous_18)
FNDA:0,(anonymous_19)
FNDA:0,(anonymous_20)
FNDA:0,(anonymous_21)
FNDA:0,(anonymous_22)
FNDA:0,(anonymous_23)
FNDA:0,(anonymous_24)
FNDA:0,(anonymous_25)
DA:47,0
DA:48,0
DA:49,0
DA:50,0
DA:51,0
DA:52,0
DA:53,0
DA:54,0
DA:55,0
DA:56,0
DA:59,0
DA:60,0
DA:61,0
DA:62,0
DA:66,0
DA:67,0
DA:68,0
DA:69,0
DA:72,0
DA:78,0
DA:81,0
DA:85,0
DA:86,0
DA:87,0
DA:90,0
DA:91,0
DA:92,0
DA:96,0
DA:100,0
DA:101,0
DA:103,0
DA:105,0
DA:106,0
DA:111,0
DA:114,0
DA:115,0
DA:116,0
DA:119,0
DA:125,0
DA:129,0
DA:132,0
DA:133,0
DA:138,0
DA:139,0
DA:141,0
DA:142,0
DA:144,0
DA:145,0
DA:146,0
DA:147,0
DA:148,0
DA:149,0
DA:150,0
DA:156,0
DA:157,0
DA:159,0
DA:160,0
DA:161,0
DA:170,0
DA:171,0
DA:172,0
DA:178,0
DA:179,0
DA:186,0
DA:190,0
DA:193,0
DA:194,0
DA:195,0
DA:197,0
DA:198,0
DA:200,0
DA:201,0
DA:204,0
DA:205,0
DA:206,0
DA:207,0
DA:208,0
DA:209,0
DA:210,0
DA:211,0
DA:213,0
DA:214,0
DA:215,0
DA:216,0
DA:217,0
DA:220,0
DA:221,0
DA:224,0
DA:225,0
DA:227,0
DA:230,0
DA:268,0
DA:269,0
DA:276,0
DA:297,0
DA:311,0
LF:96
LH:0
BRDA:48,0,0,0
BRDA:48,0,1,0
BRDA:60,1,0,0
BRDA:60,1,1,0
BRDA:67,2,0,0
BRDA:67,2,1,0
BRDA:67,3,0,0
BRDA:67,3,1,0
BRDA:101,4,0,0
BRDA:101,4,1,0
BRDA:101,5,0,0
BRDA:101,5,1,0
BRDA:101,5,2,0
BRDA:116,6,0,0
BRDA:116,6,1,0
BRDA:139,7,0,0
BRDA:139,7,1,0
BRDA:145,8,0,0
BRDA:145,8,1,0
BRDA:147,9,0,0
BRDA:147,9,1,0
BRDA:149,10,0,0
BRDA:149,10,1,0
BRDA:156,11,0,0
BRDA:156,11,1,0
BRDA:170,12,0,0
BRDA:170,12,1,0
BRDA:173,13,0,0
BRDA:173,13,1,0
BRDA:174,14,0,0
BRDA:174,14,1,0
BRDA:194,15,0,0
BRDA:194,15,1,0
BRDA:195,16,0,0
BRDA:195,16,1,0
BRDA:198,17,0,0
BRDA:198,17,1,0
BRDA:201,18,0,0
BRDA:201,18,1,0
BRDA:205,19,0,0
BRDA:205,19,1,0
BRDA:206,20,0,0
BRDA:206,20,1,0
BRDA:213,21,0,0
BRDA:213,21,1,0
BRDA:214,22,0,0
BRDA:214,22,1,0
BRDA:215,23,0,0
BRDA:215,23,1,0
BRDA:216,24,0,0
BRDA:216,24,1,0
BRDA:225,25,0,0
BRDA:225,25,1,0
BRDA:233,26,0,0
BRDA:233,26,1,0
BRDA:244,27,0,0
BRDA:244,27,1,0
BRDA:247,28,0,0
BRDA:247,28,1,0
BRDA:257,29,0,0
BRDA:257,29,1,0
BRDA:268,30,0,0
BRDA:268,30,1,0
BRDA:283,31,0,0
BRDA:283,31,1,0
BRF:65
BRH:0
end_of_record
TN:
SF:app\(tabs)\my-tasks.tsx
FN:12,MyTasksScreen
FN:20,(anonymous_1)
FN:21,(anonymous_2)
FN:32,(anonymous_3)
FN:33,(anonymous_4)
FN:44,(anonymous_5)
FN:75,(anonymous_6)
FN:78,(anonymous_7)
FN:82,(anonymous_8)
FNF:9
FNH:0
FNDA:0,MyTasksScreen
FNDA:0,(anonymous_1)
FNDA:0,(anonymous_2)
FNDA:0,(anonymous_3)
FNDA:0,(anonymous_4)
FNDA:0,(anonymous_5)
FNDA:0,(anonymous_6)
FNDA:0,(anonymous_7)
FNDA:0,(anonymous_8)
DA:13,0
DA:14,0
DA:15,0
DA:16,0
DA:17,0
DA:19,0
DA:21,0
DA:22,0
DA:23,0
DA:27,0
DA:31,0
DA:32,0
DA:33,0
DA:35,0
DA:37,0
DA:38,0
DA:39,0
DA:43,0
DA:45,0
DA:49,0
DA:50,0
DA:57,0
DA:61,0
DA:63,0
DA:67,0
DA:71,0
DA:76,0
DA:79,0
DA:82,0
DA:100,0
LF:30
LH:0
BRDA:32,0,0,0
BRDA:32,0,1,0
BRDA:45,1,0,0
BRDA:45,1,1,0
BRDA:49,2,0,0
BRDA:49,2,1,0
BRDA:90,3,0,0
BRDA:90,3,1,0
BRF:8
BRH:0
end_of_record
TN:
SF:app\(tabs)\notifications.tsx
FN:25,(anonymous_0)
FN:40,(anonymous_1)
FN:55,NotificationsScreen
FN:63,(anonymous_3)
FN:77,(anonymous_4)
FN:82,(anonymous_5)
FN:87,(anonymous_6)
FN:91,(anonymous_7)
FN:92,(anonymous_8)
FN:99,(anonymous_9)
FN:103,(anonymous_10)
FN:103,(anonymous_11)
FN:110,(anonymous_12)
FN:117,(anonymous_13)
FN:152,(anonymous_14)
FN:180,(anonymous_15)
FNF:16
FNH:0
FNDA:0,(anonymous_0)
FNDA:0,(anonymous_1)
FNDA:0,NotificationsScreen
FNDA:0,(anonymous_3)
FNDA:0,(anonymous_4)
FNDA:0,(anonymous_5)
FNDA:0,(anonymous_6)
FNDA:0,(anonymous_7)
FNDA:0,(anonymous_8)
FNDA:0,(anonymous_9)
FNDA:0,(anonymous_10)
FNDA:0,(anonymous_11)
FNDA:0,(anonymous_12)
FNDA:0,(anonymous_13)
FNDA:0,(anonymous_14)
FNDA:0,(anonymous_15)
DA:25,0
DA:26,0
DA:28,0
DA:30,0
DA:32,0
DA:34,0
DA:36,0
DA:40,0
DA:41,0
DA:42,0
DA:43,0
DA:44,0
DA:45,0
DA:46,0
DA:48,0
DA:49,0
DA:50,0
DA:51,0
DA:52,0
DA:56,0
DA:57,0
DA:58,0
DA:59,0
DA:60,0
DA:61,0
DA:63,0
DA:64,0
DA:65,0
DA:66,0
DA:67,0
DA:69,0
DA:71,0
DA:72,0
DA:76,0
DA:78,0
DA:82,0
DA:83,0
DA:84,0
DA:87,0
DA:88,0
DA:89,0
DA:90,0
DA:91,0
DA:92,0
DA:95,0
DA:99,0
DA:100,0
DA:101,0
DA:102,0
DA:103,0
DA:105,0
DA:106,0
DA:110,0
DA:111,0
DA:117,0
DA:152,0
DA:154,0
DA:180,0
DA:206,0
LF:59
LH:0
BRDA:26,0,0,0
BRDA:26,0,1,0
BRDA:26,0,2,0
BRDA:26,0,3,0
BRDA:26,0,4,0
BRDA:48,1,0,0
BRDA:48,1,1,0
BRDA:49,2,0,0
BRDA:49,2,1,0
BRDA:50,3,0,0
BRDA:50,3,1,0
BRDA:51,4,0,0
BRDA:51,4,1,0
BRDA:64,5,0,0
BRDA:64,5,1,0
BRDA:88,6,0,0
BRDA:88,6,1,0
BRDA:92,7,0,0
BRDA:92,7,1,0
BRDA:100,8,0,0
BRDA:100,8,1,0
BRDA:115,9,0,0
BRDA:115,9,1,0
BRDA:124,10,0,0
BRDA:124,10,1,0
BRDA:132,11,0,0
BRDA:132,11,1,0
BRDA:146,12,0,0
BRDA:146,12,1,0
BRDA:160,13,0,0
BRDA:160,13,1,0
BRDA:172,14,0,0
BRDA:172,14,1,0
BRDA:191,15,0,0
BRDA:191,15,1,0
BRDA:200,16,0,0
BRDA:200,16,1,0
BRF:37
BRH:0
end_of_record
TN:
SF:app\(tabs)\profile.tsx
FN:23,ProfileScreen
FN:39,(anonymous_1)
FN:49,(anonymous_2)
FN:51,(anonymous_3)
FN:52,(anonymous_4)
FN:62,(anonymous_5)
FN:86,(anonymous_6)
FN:87,(anonymous_7)
FN:91,(anonymous_8)
FN:92,(anonymous_9)
FN:107,(anonymous_10)
FN:125,(anonymous_11)
FN:130,(anonymous_12)
FN:140,(anonymous_13)
FN:140,(anonymous_14)
FN:160,(anonymous_15)
FN:165,(anonymous_16)
FN:199,(anonymous_17)
FN:203,(anonymous_18)
FN:218,(anonymous_19)
FN:231,(anonymous_20)
FN:232,(anonymous_21)
FN:234,(anonymous_22)
FN:251,(anonymous_23)
FN:252,(anonymous_24)
FN:255,(anonymous_25)
FN:263,(anonymous_26)
FN:278,(anonymous_27)
FNF:28
FNH:0
FNDA:0,ProfileScreen
FNDA:0,(anonymous_1)
FNDA:0,(anonymous_2)
FNDA:0,(anonymous_3)
FNDA:0,(anonymous_4)
FNDA:0,(anonymous_5)
FNDA:0,(anonymous_6)
FNDA:0,(anonymous_7)
FNDA:0,(anonymous_8)
FNDA:0,(anonymous_9)
FNDA:0,(anonymous_10)
FNDA:0,(anonymous_11)
FNDA:0,(anonymous_12)
FNDA:0,(anonymous_13)
FNDA:0,(anonymous_14)
FNDA:0,(anonymous_15)
FNDA:0,(anonymous_16)
FNDA:0,(anonymous_17)
FNDA:0,(anonymous_18)
FNDA:0,(anonymous_19)
FNDA:0,(anonymous_20)
FNDA:0,(anonymous_21)
FNDA:0,(anonymous_22)
FNDA:0,(anonymous_23)
FNDA:0,(anonymous_24)
FNDA:0,(anonymous_25)
FNDA:0,(anonymous_26)
FNDA:0,(anonymous_27)
DA:16,0
DA:24,0
DA:25,0
DA:26,0
DA:27,0
DA:28,0
DA:29,0
DA:30,0
DA:31,0
DA:32,0
DA:33,0
DA:34,0
DA:35,0
DA:36,0
DA:38,0
DA:40,0
DA:41,0
DA:42,0
DA:44,0
DA:49,0
DA:50,0
DA:52,0
DA:62,0
DA:63,0
DA:64,0
DA:65,0
DA:66,0
DA:67,0
DA:68,0
DA:69,0
DA:70,0
DA:71,0
DA:72,0
DA:73,0
DA:75,0
DA:76,0
DA:77,0
DA:78,0
DA:85,0
DA:86,0
DA:87,0
DA:90,0
DA:92,0
DA:97,0
DA:98,0
DA:99,0
DA:100,0
DA:103,0
DA:104,0
DA:105,0
DA:107,0
DA:108,0
DA:110,0
DA:111,0
DA:114,0
DA:115,0
DA:116,0
DA:117,0
DA:118,0
DA:119,0
DA:121,0
DA:125,0
DA:126,0
DA:127,0
DA:130,0
DA:131,0
DA:132,0
DA:133,0
DA:140,0
DA:142,0
DA:146,0
DA:147,0
DA:150,0
DA:151,0
DA:160,0
DA:161,0
DA:166,0
DA:178,0
DA:200,0
DA:203,0
DA:218,0
DA:231,0
DA:233,0
DA:234,0
DA:251,0
DA:253,0
DA:255,0
DA:263,0
DA:279,0
DA:281,0
DA:282,0
DA:283,0
DA:284,0
DA:285,0
DA:286,0
DA:287,0
DA:288,0
DA:290,0
DA:291,0
DA:292,0
DA:296,0
DA:300,0
DA:333,0
LF:103
LH:0
BRDA:40,0,0,0
BRDA:40,0,1,0
BRDA:65,1,0,0
BRDA:65,1,1,0
BRDA:86,2,0,0
BRDA:86,2,1,0
BRDA:146,3,0,0
BRDA:146,3,1,0
BRDA:150,4,0,0
BRDA:150,4,1,0
BRDA:153,5,0,0
BRDA:153,5,1,0
BRDA:202,6,0,0
BRDA:202,6,1,0
BRDA:206,7,0,0
BRDA:206,7,1,0
BRDA:207,8,0,0
BRDA:207,8,1,0
BRDA:213,9,0,0
BRDA:213,9,1,0
BRDA:218,10,0,0
BRDA:218,10,1,0
BRDA:226,11,0,0
BRDA:226,11,1,0
BRDA:246,12,0,0
BRDA:246,12,1,0
BRDA:274,13,0,0
BRDA:274,13,1,0
BRDA:282,14,0,0
BRDA:282,14,1,0
BRDA:283,15,0,0
BRDA:283,15,1,0
BRDA:286,16,0,0
BRDA:286,16,1,0
BRDA:286,17,0,0
BRDA:286,17,1,0
BRDA:287,18,0,0
BRDA:287,18,1,0
BRDA:287,19,0,0
BRDA:287,19,1,0
BRDA:288,20,0,0
BRDA:288,20,1,0
BRDA:288,21,0,0
BRDA:288,21,1,0
BRDA:292,22,0,0
BRDA:292,22,1,0
BRDA:292,23,0,0
BRDA:292,23,1,0
BRDA:306,24,0,0
BRDA:306,24,1,0
BRDA:307,25,0,0
BRDA:307,25,1,0
BRDA:308,26,0,0
BRDA:308,26,1,0
BRDA:309,27,0,0
BRDA:309,27,1,0
BRDA:313,28,0,0
BRDA:313,28,1,0
BRDA:316,29,0,0
BRDA:316,29,1,0
BRDA:323,30,0,0
BRDA:323,30,1,0
BRF:62
BRH:0
end_of_record
TN:
SF:app\auth\login.tsx
FN:21,LoginScreen
FN:29,(anonymous_1)
FN:110,(anonymous_2)
FN:129,(anonymous_3)
FNF:4
FNH:0
FNDA:0,LoginScreen
FNDA:0,(anonymous_1)
FNDA:0,(anonymous_2)
FNDA:0,(anonymous_3)
DA:22,0
DA:23,0
DA:24,0
DA:25,0
DA:26,0
DA:27,0
DA:29,0
DA:30,0
DA:31,0
DA:32,0
DA:35,0
DA:36,0
DA:38,0
DA:39,0
DA:42,0
DA:43,0
DA:52,0
DA:56,0
DA:57,0
DA:59,0
DA:62,0
DA:65,0
DA:110,0
DA:129,0
DA:141,0
LF:25
LH:0
BRDA:30,0,0,0
BRDA:30,0,1,0
BRDA:30,1,0,0
BRDA:30,1,1,0
BRDA:42,2,0,0
BRDA:42,2,1,0
BRDA:56,3,0,0
BRDA:56,3,1,0
BRDA:68,4,0,0
BRDA:68,4,1,0
BRDA:81,5,0,0
BRDA:81,5,1,0
BRDA:116,6,0,0
BRDA:116,6,1,0
BRDA:120,7,0,0
BRDA:120,7,1,0
BRF:16
BRH:0
end_of_record
TN:
SF:app\auth\register.tsx
FN:21,RegisterScreen
FN:31,(anonymous_1)
FN:52,(anonymous_2)
FN:100,(anonymous_3)
FN:107,(anonymous_4)
FN:115,(anonymous_5)
FN:122,(anonymous_6)
FN:147,(anonymous_7)
FNF:8
FNH:0
FNDA:0,RegisterScreen
FNDA:0,(anonymous_1)
FNDA:0,(anonymous_2)
FNDA:0,(anonymous_3)
FNDA:0,(anonymous_4)
FNDA:0,(anonymous_5)
FNDA:0,(anonymous_6)
FNDA:0,(anonymous_7)
DA:22,0
DA:23,0
DA:27,0
DA:28,0
DA:29,0
DA:31,0
DA:32,0
DA:33,0
DA:34,0
DA:36,0
DA:37,0
DA:38,0
DA:40,0
DA:41,0
DA:42,0
DA:43,0
DA:45,0
DA:46,0
DA:47,0
DA:49,0
DA:52,0
DA:53,0
DA:55,0
DA:56,0
DA:57,0
DA:58,0
DA:66,0
DA:68,0
DA:70,0
DA:74,0
DA:101,0
DA:107,0
DA:116,0
DA:122,0
DA:147,0
DA:159,0
LF:36
LH:0
BRDA:32,0,0,0
BRDA:32,0,1,0
BRDA:32,1,0,0
BRDA:32,1,1,0
BRDA:32,1,2,0
BRDA:32,1,3,0
BRDA:36,2,0,0
BRDA:36,2,1,0
BRDA:41,3,0,0
BRDA:41,3,1,0
BRDA:45,4,0,0
BRDA:45,4,1,0
BRDA:53,5,0,0
BRDA:53,5,1,0
BRDA:64,6,0,0
BRDA:64,6,1,0
BRDA:76,7,0,0
BRDA:76,7,1,0
BRDA:90,8,0,0
BRDA:90,8,1,0
BRDA:109,9,0,0
BRDA:109,9,1,0
BRDA:120,10,0,0
BRDA:120,10,1,0
BRDA:134,11,0,0
BRDA:134,11,1,0
BRDA:138,12,0,0
BRDA:138,12,1,0
BRF:28
BRH:0
end_of_record
TN:
SF:app\auth\verify-otp.tsx
FN:21,VerifyOTPScreen
FN:32,(anonymous_1)
FN:47,(anonymous_2)
FN:92,(anonymous_3)
FN:101,(anonymous_4)
FN:125,(anonymous_5)
FNF:6
FNH:0
FNDA:0,VerifyOTPScreen
FNDA:0,(anonymous_1)
FNDA:0,(anonymous_2)
FNDA:0,(anonymous_3)
FNDA:0,(anonymous_4)
FNDA:0,(anonymous_5)
DA:22,0
DA:23,0
DA:24,0
DA:26,0
DA:27,0
DA:28,0
DA:29,0
DA:30,0
DA:32,0
DA:33,0
DA:34,0
DA:35,0
DA:38,0
DA:39,0
DA:41,0
DA:42,0
DA:44,0
DA:47,0
DA:51,0
DA:52,0
DA:54,0
DA:57,0
DA:61,0
DA:92,0
DA:101,0
DA:125,0
DA:137,0
LF:27
LH:0
BRDA:33,0,0,0
BRDA:33,0,1,0
BRDA:51,1,0,0
BRDA:51,1,1,0
BRDA:54,2,0,0
BRDA:54,2,1,0
BRDA:64,3,0,0
BRDA:64,3,1,0
BRDA:76,4,0,0
BRDA:76,4,1,0
BRDA:83,5,0,0
BRDA:83,5,1,0
BRDA:104,6,0,0
BRDA:104,6,1,0
BRDA:112,7,0,0
BRDA:112,7,1,0
BRDA:112,7,2,0
BRDA:114,8,0,0
BRDA:114,8,1,0
BRDA:116,9,0,0
BRDA:116,9,1,0
BRF:21
BRH:0
end_of_record
TN:
SF:app\community\index.tsx
FN:18,CommunityScreen
FN:26,(anonymous_1)
FN:27,(anonymous_2)
FN:38,(anonymous_3)
FN:47,(anonymous_4)
FN:48,(anonymous_5)
FN:78,(anonymous_6)
FN:88,(anonymous_7)
FN:99,(anonymous_8)
FN:100,(anonymous_9)
FN:103,(anonymous_10)
FN:110,(anonymous_11)
FNF:12
FNH:0
FNDA:0,CommunityScreen
FNDA:0,(anonymous_1)
FNDA:0,(anonymous_2)
FNDA:0,(anonymous_3)
FNDA:0,(anonymous_4)
FNDA:0,(anonymous_5)
FNDA:0,(anonymous_6)
FNDA:0,(anonymous_7)
FNDA:0,(anonymous_8)
FNDA:0,(anonymous_9)
FNDA:0,(anonymous_10)
FNDA:0,(anonymous_11)
DA:19,0
DA:20,0
DA:21,0
DA:22,0
DA:23,0
DA:24,0
DA:26,0
DA:27,0
DA:28,0
DA:29,0
DA:32,0
DA:35,0
DA:38,0
DA:39,0
DA:42,0
DA:46,0
DA:47,0
DA:48,0
DA:51,0
DA:53,0
DA:54,0
DA:58,0
DA:59,0
DA:64,0
DA:69,0
DA:71,0
DA:75,0
DA:78,0
DA:79,0
DA:80,0
DA:87,0
DA:88,0
DA:90,0
DA:94,0
DA:99,0
DA:101,0
DA:103,0
DA:111,0
DA:112,0
DA:127,0
LF:40
LH:0
BRDA:47,0,0,0
BRDA:47,0,1,0
BRDA:59,1,0,0
BRDA:59,1,1,0
BRDA:60,2,0,0
BRDA:60,2,1,0
BRDA:60,2,2,0
BRDA:107,3,0,0
BRDA:107,3,1,0
BRF:9
BRH:0
end_of_record
TN:
SF:app\forum\ForumListScreen.tsx
FN:21,ForumListScreen
FN:32,(anonymous_1)
FN:33,(anonymous_2)
FN:53,(anonymous_3)
FN:59,(anonymous_4)
FN:67,(anonymous_5)
FN:84,(anonymous_6)
FN:96,(anonymous_7)
FN:109,(anonymous_8)
FN:132,(anonymous_9)
FN:133,(anonymous_10)
FN:136,(anonymous_11)
FN:148,(anonymous_12)
FNF:13
FNH:0
FNDA:0,ForumListScreen
FNDA:0,(anonymous_1)
FNDA:0,(anonymous_2)
FNDA:0,(anonymous_3)
FNDA:0,(anonymous_4)
FNDA:0,(anonymous_5)
FNDA:0,(anonymous_6)
FNDA:0,(anonymous_7)
FNDA:0,(anonymous_8)
FNDA:0,(anonymous_9)
FNDA:0,(anonymous_10)
FNDA:0,(anonymous_11)
FNDA:0,(anonymous_12)
DA:22,0
DA:23,0
DA:24,0
DA:25,0
DA:26,0
DA:27,0
DA:28,0
DA:29,0
DA:30,0
DA:32,0
DA:33,0
DA:34,0
DA:35,0
DA:38,0
DA:41,0
DA:42,0
DA:43,0
DA:45,0
DA:46,0
DA:50,0
DA:53,0
DA:54,0
DA:55,0
DA:56,0
DA:57,0
DA:59,0
DA:60,0
DA:64,0
DA:67,0
DA:68,0
DA:69,0
DA:72,0
DA:73,0
DA:80,0
DA:84,0
DA:96,0
DA:109,0
DA:132,0
DA:134,0
DA:136,0
DA:148,0
DA:156,0
LF:42
LH:0
BRDA:35,0,0,0
BRDA:35,0,1,0
BRDA:55,1,0,0
BRDA:55,1,1,0
BRDA:60,2,0,0
BRDA:60,2,1,0
BRDA:60,2,2,0
BRDA:60,2,3,0
BRDA:72,3,0,0
BRDA:72,3,1,0
BRDA:94,4,0,0
BRDA:94,4,1,0
BRDA:99,5,0,0
BRDA:99,5,1,0
BRDA:107,6,0,0
BRDA:107,6,1,0
BRDA:112,7,0,0
BRDA:112,7,1,0
BRF:18
BRH:0
end_of_record
TN:
SF:app\forum\ForumPostScreen.tsx
FN:11,ForumPostScreen
FN:23,(anonymous_1)
FN:24,(anonymous_2)
FN:57,(anonymous_3)
FN:75,(anonymous_4)
FN:98,(anonymous_5)
FN:99,(anonymous_6)
FNF:7
FNH:0
FNDA:0,ForumPostScreen
FNDA:0,(anonymous_1)
FNDA:0,(anonymous_2)
FNDA:0,(anonymous_3)
FNDA:0,(anonymous_4)
FNDA:0,(anonymous_5)
FNDA:0,(anonymous_6)
DA:12,0
DA:13,0
DA:14,0
DA:15,0
DA:16,0
DA:17,0
DA:18,0
DA:19,0
DA:20,0
DA:21,0
DA:23,0
DA:24,0
DA:25,0
DA:26,0
DA:27,0
DA:30,0
DA:32,0
DA:35,0
DA:36,0
DA:38,0
DA:39,0
DA:40,0
DA:41,0
DA:42,0
DA:43,0
DA:44,0
DA:45,0
DA:47,0
DA:48,0
DA:50,0
DA:54,0
DA:57,0
DA:58,0
DA:59,0
DA:60,0
DA:62,0
DA:63,0
DA:68,0
DA:69,0
DA:71,0
DA:75,0
DA:76,0
DA:77,0
DA:80,0
DA:81,0
DA:88,0
DA:90,0
DA:98,0
DA:100,0
DA:127,0
LF:50
LH:0
BRDA:38,0,0,0
BRDA:38,0,1,0
BRDA:38,1,0,0
BRDA:38,1,1,0
BRDA:42,2,0,0
BRDA:42,2,1,0
BRDA:42,3,0,0
BRDA:42,3,1,0
BRDA:58,4,0,0
BRDA:58,4,1,0
BRDA:80,5,0,0
BRDA:80,5,1,0
BRDA:80,6,0,0
BRDA:80,6,1,0
BRDA:88,7,0,0
BRDA:88,7,1,0
BRF:16
BRH:0
end_of_record
TN:
SF:app\forum\[id].tsx
FN:24,ForumPostScreen
FN:34,(anonymous_1)
FN:53,(anonymous_2)
FN:58,(anonymous_3)
FN:76,(anonymous_4)
FN:109,(anonymous_5)
FN:110,(anonymous_6)
FNF:7
FNH:0
FNDA:0,ForumPostScreen
FNDA:0,(anonymous_1)
FNDA:0,(anonymous_2)
FNDA:0,(anonymous_3)
FNDA:0,(anonymous_4)
FNDA:0,(anonymous_5)
FNDA:0,(anonymous_6)
DA:25,0
DA:26,0
DA:27,0
DA:28,0
DA:29,0
DA:30,0
DA:31,0
DA:32,0
DA:34,0
DA:35,0
DA:36,0
DA:37,0
DA:40,0
DA:42,0
DA:45,0
DA:46,0
DA:48,0
DA:49,0
DA:53,0
DA:54,0
DA:58,0
DA:59,0
DA:60,0
DA:61,0
DA:63,0
DA:64,0
DA:69,0
DA:70,0
DA:72,0
DA:76,0
DA:77,0
DA:78,0
DA:81,0
DA:83,0
DA:84,0
DA:91,0
DA:109,0
DA:111,0
DA:134,0
LF:39
LH:0
BRDA:59,0,0,0
BRDA:59,0,1,0
BRDA:81,1,0,0
BRDA:81,1,1,0
BRDA:81,1,2,0
BRDA:81,1,3,0
BRDA:83,2,0,0
BRDA:83,2,1,0
BRDA:95,3,0,0
BRDA:95,3,1,0
BRDA:104,4,0,0
BRDA:104,4,1,0
BRF:12
BRH:0
end_of_record
TN:
SF:app\forum\_layout.tsx
FN:3,ForumLayout
FNF:1
FNH:0
FNDA:0,ForumLayout
DA:4,0
LF:1
LH:0
BRF:0
BRH:0
end_of_record
TN:
SF:app\forum\create.tsx
FN:11,CreatePostScreen
FN:19,(anonymous_1)
FNF:2
FNH:0
FNDA:0,CreatePostScreen
FNDA:0,(anonymous_1)
DA:12,0
DA:13,0
DA:14,0
DA:15,0
DA:16,0
DA:17,0
DA:19,0
DA:20,0
DA:21,0
DA:22,0
DA:24,0
DA:25,0
DA:30,0
DA:31,0
DA:33,0
DA:37,0
DA:71,0
LF:17
LH:0
BRDA:20,0,0,0
BRDA:20,0,1,0
BRDA:20,1,0,0
BRDA:20,1,1,0
BRF:4
BRH:0
end_of_record
TN:
SF:app\garden\CreateGardenScreen.tsx
FN:22,CreateGardenScreen
FN:38,(anonymous_1)
FN:44,(anonymous_2)
FN:71,(anonymous_3)
FNF:4
FNH:0
FNDA:0,CreateGardenScreen
FNDA:0,(anonymous_1)
FNDA:0,(anonymous_2)
FNDA:0,(anonymous_3)
DA:23,0
DA:24,0
DA:25,0
DA:26,0
DA:27,0
DA:28,0
DA:29,0
DA:30,0
DA:31,0
DA:33,0
DA:34,0
DA:35,0
DA:38,0
DA:39,0
DA:40,0
DA:41,0
DA:44,0
DA:45,0
DA:46,0
DA:47,0
DA:50,0
DA:51,0
DA:52,0
DA:65,0
DA:66,0
DA:70,0
DA:71,0
DA:74,0
DA:75,0
DA:77,0
DA:79,0
DA:80,0
DA:82,0
DA:86,0
DA:164,0
LF:35
LH:0
BRDA:45,0,0,0
BRDA:45,0,1,0
BRDA:58,1,0,0
BRDA:58,1,1,0
BRDA:58,1,2,0
BRDA:65,2,0,0
BRDA:65,2,1,0
BRDA:70,3,0,0
BRDA:70,3,1,0
BRDA:114,4,0,0
BRDA:114,4,1,0
BRDA:127,5,0,0
BRDA:127,5,1,0
BRDA:151,6,0,0
BRDA:151,6,1,0
BRDA:155,7,0,0
BRDA:155,7,1,0
BRF:17
BRH:0
end_of_record
TN:
SF:app\garden\[id].tsx
FN:33,GardenDetailScreen
FN:56,(anonymous_1)
FN:58,(anonymous_2)
FN:59,(anonymous_3)
FN:68,(anonymous_4)
FN:76,(anonymous_5)
FN:104,(anonymous_6)
FN:111,(anonymous_7)
FN:120,(anonymous_8)
FN:126,(anonymous_9)
FN:133,(anonymous_10)
FN:144,(anonymous_11)
FN:150,(anonymous_12)
FN:156,(anonymous_13)
FN:162,(anonymous_14)
FN:168,(anonymous_15)
FN:174,(anonymous_16)
FN:182,(anonymous_17)
FN:189,(anonymous_18)
FN:198,(anonymous_19)
FN:200,(anonymous_20)
FN:202,(anonymous_21)
FN:203,(anonymous_22)
FN:207,(anonymous_23)
FN:214,(anonymous_24)
FN:224,(anonymous_25)
FN:237,(anonymous_26)
FN:243,(anonymous_27)
FN:247,(anonymous_28)
FN:249,(anonymous_29)
FN:262,(anonymous_30)
FN:265,(anonymous_31)
FN:275,(anonymous_32)
FN:283,(anonymous_33)
FN:290,(anonymous_34)
FN:296,(anonymous_35)
FN:302,(anonymous_36)
FN:302,(anonymous_37)
FN:308,(anonymous_38)
FN:315,(anonymous_39)
FN:316,(anonymous_40)
FN:316,(anonymous_41)
FN:327,(anonymous_42)
FN:333,(anonymous_43)
FN:333,(anonymous_44)
FN:340,(anonymous_45)
FN:364,(anonymous_46)
FN:367,(anonymous_47)
FN:377,(anonymous_48)
FN:392,(anonymous_49)
FN:440,(anonymous_50)
FN:451,(anonymous_51)
FN:466,(anonymous_52)
FN:519,(anonymous_53)
FN:543,(anonymous_54)
FN:548,(anonymous_55)
FN:558,(anonymous_56)
FN:571,(anonymous_57)
FN:603,(anonymous_58)
FN:656,(anonymous_59)
FN:660,(anonymous_60)
FN:676,(anonymous_61)
FN:683,(anonymous_62)
FN:683,(anonymous_63)
FN:685,(anonymous_64)
FN:685,(anonymous_65)
FN:687,(anonymous_66)
FN:687,(anonymous_67)
FN:696,(anonymous_68)
FN:697,(anonymous_69)
FN:707,(anonymous_70)
FN:713,(anonymous_71)
FN:717,(anonymous_72)
FN:721,(anonymous_73)
FN:732,(anonymous_74)
FN:754,(anonymous_75)
FN:775,(anonymous_76)
FN:779,(anonymous_77)
FN:781,(anonymous_78)
FN:782,(anonymous_79)
FN:792,(anonymous_80)
FN:796,(anonymous_81)
FN:805,(anonymous_82)
FN:830,(anonymous_83)
FN:834,(anonymous_84)
FN:850,(anonymous_85)
FN:903,TaskCard
FN:913,(anonymous_87)
FNF:88
FNH:0
FNDA:0,GardenDetailScreen
FNDA:0,(anonymous_1)
FNDA:0,(anonymous_2)
FNDA:0,(anonymous_3)
FNDA:0,(anonymous_4)
FNDA:0,(anonymous_5)
FNDA:0,(anonymous_6)
FNDA:0,(anonymous_7)
FNDA:0,(anonymous_8)
FNDA:0,(anonymous_9)
FNDA:0,(anonymous_10)
FNDA:0,(anonymous_11)
FNDA:0,(anonymous_12)
FNDA:0,(anonymous_13)
FNDA:0,(anonymous_14)
FNDA:0,(anonymous_15)
FNDA:0,(anonymous_16)
FNDA:0,(anonymous_17)
FNDA:0,(anonymous_18)
FNDA:0,(anonymous_19)
FNDA:0,(anonymous_20)
FNDA:0,(anonymous_21)
FNDA:0,(anonymous_22)
FNDA:0,(anonymous_23)
FNDA:0,(anonymous_24)
FNDA:0,(anonymous_25)
FNDA:0,(anonymous_26)
FNDA:0,(anonymous_27)
FNDA:0,(anonymous_28)
FNDA:0,(anonymous_29)
FNDA:0,(anonymous_30)
FNDA:0,(anonymous_31)
FNDA:0,(anonymous_32)
FNDA:0,(anonymous_33)
FNDA:0,(anonymous_34)
FNDA:0,(anonymous_35)
FNDA:0,(anonymous_36)
FNDA:0,(anonymous_37)
FNDA:0,(anonymous_38)
FNDA:0,(anonymous_39)
FNDA:0,(anonymous_40)
FNDA:0,(anonymous_41)
FNDA:0,(anonymous_42)
FNDA:0,(anonymous_43)
FNDA:0,(anonymous_44)
FNDA:0,(anonymous_45)
FNDA:0,(anonymous_46)
FNDA:0,(anonymous_47)
FNDA:0,(anonymous_48)
FNDA:0,(anonymous_49)
FNDA:0,(anonymous_50)
FNDA:0,(anonymous_51)
FNDA:0,(anonymous_52)
FNDA:0,(anonymous_53)
FNDA:0,(anonymous_54)
FNDA:0,(anonymous_55)
FNDA:0,(anonymous_56)
FNDA:0,(anonymous_57)
FNDA:0,(anonymous_58)
FNDA:0,(anonymous_59)
FNDA:0,(anonymous_60)
FNDA:0,(anonymous_61)
FNDA:0,(anonymous_62)
FNDA:0,(anonymous_63)
FNDA:0,(anonymous_64)
FNDA:0,(anonymous_65)
FNDA:0,(anonymous_66)
FNDA:0,(anonymous_67)
FNDA:0,(anonymous_68)
FNDA:0,(anonymous_69)
FNDA:0,(anonymous_70)
FNDA:0,(anonymous_71)
FNDA:0,(anonymous_72)
FNDA:0,(anonymous_73)
FNDA:0,(anonymous_74)
FNDA:0,(anonymous_75)
FNDA:0,(anonymous_76)
FNDA:0,(anonymous_77)
FNDA:0,(anonymous_78)
FNDA:0,(anonymous_79)
FNDA:0,(anonymous_80)
FNDA:0,(anonymous_81)
FNDA:0,(anonymous_82)
FNDA:0,(anonymous_83)
FNDA:0,(anonymous_84)
FNDA:0,(anonymous_85)
FNDA:0,TaskCard
FNDA:0,(anonymous_87)
DA:25,0
DA:34,0
DA:35,0
DA:36,0
DA:37,0
DA:38,0
DA:39,0
DA:41,0
DA:42,0
DA:43,0
DA:44,0
DA:45,0
DA:46,0
DA:47,0
DA:48,0
DA:49,0
DA:50,0
DA:51,0
DA:52,0
DA:53,0
DA:54,0
DA:56,0
DA:57,0
DA:59,0
DA:68,0
DA:69,0
DA:71,0
DA:72,0
DA:76,0
DA:77,0
DA:78,0
DA:79,0
DA:80,0
DA:83,0
DA:84,0
DA:85,0
DA:87,0
DA:88,0
DA:89,0
DA:91,0
DA:92,0
DA:94,0
DA:96,0
DA:97,0
DA:98,0
DA:100,0
DA:104,0
DA:105,0
DA:106,0
DA:107,0
DA:110,0
DA:111,0
DA:113,0
DA:114,0
DA:116,0
DA:120,0
DA:121,0
DA:122,0
DA:123,0
DA:126,0
DA:127,0
DA:129,0
DA:133,0
DA:134,0
DA:135,0
DA:138,0
DA:140,0
DA:144,0
DA:145,0
DA:146,0
DA:147,0
DA:150,0
DA:152,0
DA:156,0
DA:157,0
DA:158,0
DA:159,0
DA:162,0
DA:164,0
DA:168,0
DA:169,0
DA:170,0
DA:171,0
DA:172,0
DA:174,0
DA:175,0
DA:177,0
DA:182,0
DA:183,0
DA:184,0
DA:185,0
DA:188,0
DA:190,0
DA:191,0
DA:192,0
DA:193,0
DA:198,0
DA:199,0
DA:200,0
DA:202,0
DA:203,0
DA:204,0
DA:205,0
DA:207,0
DA:208,0
DA:209,0
DA:210,0
DA:211,0
DA:214,0
DA:215,0
DA:216,0
DA:217,0
DA:223,0
DA:224,0
DA:227,0
DA:236,0
DA:237,0
DA:240,0
DA:243,0
DA:244,0
DA:245,0
DA:248,0
DA:249,0
DA:262,0
DA:263,0
DA:264,0
DA:265,0
DA:270,0
DA:275,0
DA:276,0
DA:277,0
DA:279,0
DA:283,0
DA:284,0
DA:285,0
DA:290,0
DA:292,0
DA:296,0
DA:297,0
DA:298,0
DA:302,0
DA:304,0
DA:308,0
DA:309,0
DA:310,0
DA:315,0
DA:316,0
DA:317,0
DA:319,0
DA:320,0
DA:322,0
DA:327,0
DA:328,0
DA:329,0
DA:333,0
DA:334,0
DA:336,0
DA:340,0
DA:341,0
DA:342,0
DA:343,0
DA:344,0
DA:345,0
DA:347,0
DA:348,0
DA:349,0
DA:350,0
DA:354,0
DA:355,0
DA:358,0
DA:359,0
DA:361,0
DA:364,0
DA:365,0
DA:367,0
DA:368,0
DA:369,0
DA:377,0
DA:378,0
DA:379,0
DA:380,0
DA:381,0
DA:384,0
DA:385,0
DA:387,0
DA:388,0
DA:389,0
DA:391,0
DA:392,0
DA:393,0
DA:394,0
DA:395,0
DA:399,0
DA:400,0
DA:410,0
DA:413,0
DA:414,0
DA:421,0
DA:422,0
DA:435,0
DA:436,0
DA:440,0
DA:441,0
DA:442,0
DA:443,0
DA:445,0
DA:446,0
DA:447,0
DA:450,0
DA:451,0
DA:454,0
DA:455,0
DA:456,0
DA:459,0
DA:460,0
DA:461,0
DA:462,0
DA:463,0
DA:466,0
DA:467,0
DA:469,0
DA:470,0
DA:471,0
DA:472,0
DA:483,0
DA:485,0
DA:491,0
DA:492,0
DA:493,0
DA:495,0
DA:496,0
DA:498,0
DA:499,0
DA:501,0
DA:502,0
DA:503,0
DA:504,0
DA:505,0
DA:506,0
DA:510,0
DA:515,0
DA:519,0
DA:520,0
DA:521,0
DA:526,0
DA:528,0
DA:529,0
DA:532,0
DA:533,0
DA:537,0
DA:543,0
DA:549,0
DA:558,0
DA:572,0
DA:573,0
DA:603,0
DA:657,0
DA:660,0
DA:676,0
DA:683,0
DA:685,0
DA:687,0
DA:696,0
DA:698,0
DA:707,0
DA:713,0
DA:717,0
DA:721,0
DA:732,0
DA:755,0
DA:756,0
DA:776,0
DA:781,0
DA:782,0
DA:783,0
DA:788,0
DA:793,0
DA:794,0
DA:797,0
DA:806,0
DA:807,0
DA:808,0
DA:809,0
DA:814,0
DA:831,0
DA:832,0
DA:835,0
DA:836,0
DA:837,0
DA:851,0
DA:904,0
DA:905,0
DA:906,0
DA:914,0
DA:924,0
DA:1070,0
LF:296
LH:0
BRDA:69,0,0,0
BRDA:69,0,1,0
BRDA:72,1,0,0
BRDA:72,1,1,0
BRDA:88,2,0,0
BRDA:88,2,1,0
BRDA:105,3,0,0
BRDA:105,3,1,0
BRDA:111,4,0,0
BRDA:111,4,1,0
BRDA:113,5,0,0
BRDA:113,5,1,0
BRDA:121,6,0,0
BRDA:121,6,1,0
BRDA:145,7,0,0
BRDA:145,7,1,0
BRDA:157,8,0,0
BRDA:157,8,1,0
BRDA:169,9,0,0
BRDA:169,9,1,0
BRDA:200,10,0,0
BRDA:200,10,1,0
BRDA:200,10,2,0
BRDA:208,11,0,0
BRDA:208,11,1,0
BRDA:209,12,0,0
BRDA:209,12,1,0
BRDA:210,13,0,0
BRDA:210,13,1,0
BRDA:216,14,0,0
BRDA:216,14,1,0
BRDA:224,15,0,0
BRDA:224,15,1,0
BRDA:224,15,2,0
BRDA:240,16,0,0
BRDA:240,16,1,0
BRDA:244,17,0,0
BRDA:244,17,1,0
BRDA:246,18,0,0
BRDA:246,18,1,0
BRDA:263,19,0,0
BRDA:263,19,1,0
BRDA:264,20,0,0
BRDA:264,20,1,0
BRDA:264,21,0,0
BRDA:264,21,1,0
BRDA:276,22,0,0
BRDA:276,22,1,0
BRDA:319,23,0,0
BRDA:319,23,1,0
BRDA:347,24,0,0
BRDA:347,24,1,0
BRDA:347,25,0,0
BRDA:347,25,1,0
BRDA:349,26,0,0
BRDA:349,26,1,0
BRDA:349,27,0,0
BRDA:349,27,1,0
BRDA:370,28,0,0
BRDA:370,28,1,0
BRDA:371,29,0,0
BRDA:371,29,1,0
BRDA:379,30,0,0
BRDA:379,30,1,0
BRDA:379,31,0,0
BRDA:379,31,1,0
BRDA:394,32,0,0
BRDA:394,32,1,0
BRDA:399,33,0,0
BRDA:399,33,1,0
BRDA:441,34,0,0
BRDA:441,34,1,0
BRDA:441,35,0,0
BRDA:441,35,1,0
BRDA:445,36,0,0
BRDA:445,36,1,0
BRDA:451,37,0,0
BRDA:451,37,1,0
BRDA:454,38,0,0
BRDA:454,38,1,0
BRDA:467,39,0,0
BRDA:467,39,1,0
BRDA:498,40,0,0
BRDA:498,40,1,0
BRDA:499,41,0,0
BRDA:499,41,1,0
BRDA:501,42,0,0
BRDA:501,42,1,0
BRDA:503,43,0,0
BRDA:503,43,1,0
BRDA:505,44,0,0
BRDA:505,44,1,0
BRDA:511,45,0,0
BRDA:511,45,1,0
BRDA:528,46,0,0
BRDA:528,46,1,0
BRDA:532,47,0,0
BRDA:532,47,1,0
BRDA:532,48,0,0
BRDA:532,48,1,0
BRDA:554,49,0,0
BRDA:554,49,1,0
BRDA:555,50,0,0
BRDA:555,50,1,0
BRDA:561,51,0,0
BRDA:561,51,1,0
BRDA:595,52,0,0
BRDA:595,52,1,0
BRDA:610,53,0,0
BRDA:610,53,1,0
BRDA:610,53,2,0
BRDA:614,54,0,0
BRDA:614,54,1,0
BRDA:619,55,0,0
BRDA:619,55,1,0
BRDA:624,56,0,0
BRDA:624,56,1,0
BRDA:626,57,0,0
BRDA:626,57,1,0
BRDA:627,58,0,0
BRDA:627,58,1,0
BRDA:630,59,0,0
BRDA:630,59,1,0
BRDA:632,60,0,0
BRDA:632,60,1,0
BRDA:638,61,0,0
BRDA:638,61,1,0
BRDA:638,61,2,0
BRDA:642,62,0,0
BRDA:642,62,1,0
BRDA:648,63,0,0
BRDA:648,63,1,0
BRDA:648,64,0,0
BRDA:648,64,1,0
BRDA:648,65,0,0
BRDA:648,65,1,0
BRDA:659,66,0,0
BRDA:659,66,1,0
BRDA:663,67,0,0
BRDA:663,67,1,0
BRDA:664,68,0,0
BRDA:664,68,1,0
BRDA:671,69,0,0
BRDA:671,69,1,0
BRDA:674,70,0,0
BRDA:674,70,1,0
BRDA:674,70,2,0
BRDA:691,71,0,0
BRDA:691,71,1,0
BRDA:704,72,0,0
BRDA:704,72,1,0
BRDA:704,72,2,0
BRDA:706,73,0,0
BRDA:706,73,1,0
BRDA:712,74,0,0
BRDA:712,74,1,0
BRDA:729,75,0,0
BRDA:729,75,1,0
BRDA:729,75,2,0
BRDA:745,76,0,0
BRDA:745,76,1,0
BRDA:749,77,0,0
BRDA:749,77,1,0
BRDA:751,78,0,0
BRDA:751,78,1,0
BRDA:761,79,0,0
BRDA:761,79,1,0
BRDA:767,80,0,0
BRDA:767,80,1,0
BRDA:771,81,0,0
BRDA:771,81,1,0
BRDA:783,82,0,0
BRDA:783,82,1,0
BRDA:790,83,0,0
BRDA:790,83,1,0
BRDA:791,84,0,0
BRDA:791,84,1,0
BRDA:798,85,0,0
BRDA:798,85,1,0
BRDA:799,86,0,0
BRDA:799,86,1,0
BRDA:801,87,0,0
BRDA:801,87,1,0
BRDA:803,88,0,0
BRDA:803,88,1,0
BRDA:810,89,0,0
BRDA:810,89,1,0
BRDA:811,90,0,0
BRDA:811,90,1,0
BRDA:815,91,0,0
BRDA:815,91,1,0
BRDA:816,92,0,0
BRDA:816,92,1,0
BRDA:845,93,0,0
BRDA:845,93,1,0
BRDA:874,94,0,0
BRDA:874,94,1,0
BRDA:877,95,0,0
BRDA:877,95,1,0
BRDA:890,96,0,0
BRDA:890,96,1,0
BRDA:911,97,0,0
BRDA:911,97,1,0
BRF:203
BRH:0
end_of_record
TN:
SF:app\messages\[chatId].tsx
FN:46,ChatDetailScreen
FN:60,(anonymous_1)
FN:67,(anonymous_2)
FN:80,(anonymous_3)
FN:81,(anonymous_4)
FN:88,(anonymous_5)
FN:94,(anonymous_6)
FN:98,(anonymous_7)
FN:101,(anonymous_8)
FN:106,(anonymous_9)
FN:132,(anonymous_10)
FN:135,(anonymous_11)
FN:138,(anonymous_12)
FN:184,(anonymous_13)
FN:220,(anonymous_14)
FN:236,(anonymous_15)
FN:323,(anonymous_16)
FN:325,(anonymous_17)
FN:326,(anonymous_18)
FNF:19
FNH:0
FNDA:0,ChatDetailScreen
FNDA:0,(anonymous_1)
FNDA:0,(anonymous_2)
FNDA:0,(anonymous_3)
FNDA:0,(anonymous_4)
FNDA:0,(anonymous_5)
FNDA:0,(anonymous_6)
FNDA:0,(anonymous_7)
FNDA:0,(anonymous_8)
FNDA:0,(anonymous_9)
FNDA:0,(anonymous_10)
FNDA:0,(anonymous_11)
FNDA:0,(anonymous_12)
FNDA:0,(anonymous_13)
FNDA:0,(anonymous_14)
FNDA:0,(anonymous_15)
FNDA:0,(anonymous_16)
FNDA:0,(anonymous_17)
FNDA:0,(anonymous_18)
DA:47,0
DA:48,0
DA:49,0
DA:50,0
DA:51,0
DA:52,0
DA:53,0
DA:54,0
DA:55,0
DA:56,0
DA:57,0
DA:60,0
DA:61,0
DA:62,0
DA:63,0
DA:67,0
DA:68,0
DA:69,0
DA:70,0
DA:73,0
DA:78,0
DA:81,0
DA:85,0
DA:86,0
DA:89,0
DA:90,0
DA:94,0
DA:98,0
DA:99,0
DA:101,0
DA:102,0
DA:103,0
DA:104,0
DA:106,0
DA:107,0
DA:108,0
DA:110,0
DA:111,0
DA:113,0
DA:117,0
DA:120,0
DA:121,0
DA:124,0
DA:128,0
DA:132,0
DA:133,0
DA:135,0
DA:136,0
DA:138,0
DA:139,0
DA:140,0
DA:141,0
DA:142,0
DA:147,0
DA:148,0
DA:150,0
DA:151,0
DA:152,0
DA:161,0
DA:162,0
DA:163,0
DA:169,0
DA:170,0
DA:177,0
DA:181,0
DA:184,0
DA:185,0
DA:187,0
DA:188,0
DA:190,0
DA:191,0
DA:194,0
DA:195,0
DA:203,0
DA:204,0
DA:213,0
DA:215,0
DA:216,0
DA:220,0
DA:221,0
DA:222,0
DA:223,0
DA:224,0
DA:225,0
DA:226,0
DA:227,0
DA:229,0
DA:230,0
DA:231,0
DA:232,0
DA:233,0
DA:236,0
DA:237,0
DA:238,0
DA:239,0
DA:240,0
DA:242,0
DA:305,0
DA:306,0
DA:313,0
DA:323,0
DA:325,0
DA:326,0
DA:362,0
LF:104
LH:0
BRDA:48,0,0,0
BRDA:48,0,1,0
BRDA:61,1,0,0
BRDA:61,1,1,0
BRDA:68,2,0,0
BRDA:68,2,1,0
BRDA:68,3,0,0
BRDA:68,3,1,0
BRDA:99,4,0,0
BRDA:99,4,1,0
BRDA:99,5,0,0
BRDA:99,5,1,0
BRDA:99,5,2,0
BRDA:99,5,3,0
BRDA:107,6,0,0
BRDA:107,6,1,0
BRDA:108,7,0,0
BRDA:108,7,1,0
BRDA:108,8,0,0
BRDA:108,8,1,0
BRDA:111,9,0,0
BRDA:111,9,1,0
BRDA:120,10,0,0
BRDA:120,10,1,0
BRDA:133,11,0,0
BRDA:133,11,1,0
BRDA:139,12,0,0
BRDA:139,12,1,0
BRDA:141,13,0,0
BRDA:141,13,1,0
BRDA:147,14,0,0
BRDA:147,14,1,0
BRDA:161,15,0,0
BRDA:161,15,1,0
BRDA:164,16,0,0
BRDA:164,16,1,0
BRDA:165,17,0,0
BRDA:165,17,1,0
BRDA:185,18,0,0
BRDA:185,18,1,0
BRDA:185,19,0,0
BRDA:185,19,1,0
BRDA:185,19,2,0
BRDA:185,19,3,0
BRDA:221,20,0,0
BRDA:221,20,1,0
BRDA:222,21,0,0
BRDA:222,21,1,0
BRDA:229,22,0,0
BRDA:229,22,1,0
BRDA:230,23,0,0
BRDA:230,23,1,0
BRDA:231,24,0,0
BRDA:231,24,1,0
BRDA:232,25,0,0
BRDA:232,25,1,0
BRDA:239,26,0,0
BRDA:239,26,1,0
BRDA:240,27,0,0
BRDA:240,27,1,0
BRDA:246,28,0,0
BRDA:246,28,1,0
BRDA:249,29,0,0
BRDA:249,29,1,0
BRDA:261,30,0,0
BRDA:261,30,1,0
BRDA:263,31,0,0
BRDA:263,31,1,0
BRDA:272,32,0,0
BRDA:272,32,1,0
BRDA:279,33,0,0
BRDA:279,33,1,0
BRDA:287,34,0,0
BRDA:287,34,1,0
BRDA:292,35,0,0
BRDA:292,35,1,0
BRDA:292,36,0,0
BRDA:292,36,1,0
BRDA:305,37,0,0
BRDA:305,37,1,0
BRDA:316,38,0,0
BRDA:316,38,1,0
BRDA:317,39,0,0
BRDA:317,39,1,0
BRDA:334,40,0,0
BRDA:334,40,1,0
BRDA:349,41,0,0
BRDA:349,41,1,0
BRF:88
BRH:0
end_of_record
TN:
SF:app\tasks\create-task.tsx
FN:11,CreateTaskScreen
FN:29,(anonymous_1)
FN:30,(anonymous_2)
FN:41,(anonymous_3)
FN:42,(anonymous_4)
FN:59,(anonymous_5)
FN:126,(anonymous_6)
FN:145,(anonymous_7)
FN:160,(anonymous_8)
FN:174,(anonymous_9)
FN:194,(anonymous_10)
FN:200,(anonymous_11)
FN:207,(anonymous_12)
FN:208,(anonymous_13)
FN:218,(anonymous_14)
FNF:15
FNH:0
FNDA:0,CreateTaskScreen
FNDA:0,(anonymous_1)
FNDA:0,(anonymous_2)
FNDA:0,(anonymous_3)
FNDA:0,(anonymous_4)
FNDA:0,(anonymous_5)
FNDA:0,(anonymous_6)
FNDA:0,(anonymous_7)
FNDA:0,(anonymous_8)
FNDA:0,(anonymous_9)
FNDA:0,(anonymous_10)
FNDA:0,(anonymous_11)
FNDA:0,(anonymous_12)
FNDA:0,(anonymous_13)
FNDA:0,(anonymous_14)
DA:12,0
DA:13,0
DA:14,0
DA:15,0
DA:16,0
DA:17,0
DA:19,0
DA:20,0
DA:21,0
DA:22,0
DA:23,0
DA:24,0
DA:25,0
DA:26,0
DA:27,0
DA:29,0
DA:30,0
DA:31,0
DA:33,0
DA:34,0
DA:35,0
DA:40,0
DA:41,0
DA:42,0
DA:48,0
DA:50,0
DA:52,0
DA:56,0
DA:59,0
DA:60,0
DA:61,0
DA:62,0
DA:64,0
DA:72,0
DA:73,0
DA:74,0
DA:78,0
DA:79,0
DA:81,0
DA:82,0
DA:83,0
DA:84,0
DA:86,0
DA:96,0
DA:126,0
DA:146,0
DA:147,0
DA:160,0
DA:175,0
DA:176,0
DA:194,0
DA:200,0
DA:207,0
DA:209,0
DA:219,0
DA:220,0
DA:221,0
DA:240,0
LF:58
LH:0
BRDA:31,0,0,0
BRDA:31,0,1,0
BRDA:60,1,0,0
BRDA:60,1,1,0
BRDA:60,2,0,0
BRDA:60,2,1,0
BRDA:60,2,2,0
BRDA:88,3,0,0
BRDA:88,3,1,0
BRDA:133,4,0,0
BRDA:133,4,1,0
BRDA:142,5,0,0
BRDA:142,5,1,0
BRDA:147,6,0,0
BRDA:147,6,1,0
BRDA:169,7,0,0
BRDA:169,7,1,0
BRDA:176,8,0,0
BRDA:176,8,1,0
BRDA:207,9,0,0
BRDA:207,9,1,0
BRDA:214,10,0,0
BRDA:214,10,1,0
BRDA:215,11,0,0
BRDA:215,11,1,0
BRDA:227,12,0,0
BRDA:227,12,1,0
BRF:27
BRH:0
end_of_record
TN:
SF:app\tasks\task-detail.tsx
FN:15,TaskDetailScreen
FN:28,(anonymous_1)
FN:32,(anonymous_2)
FN:45,(anonymous_3)
FN:47,(anonymous_4)
FN:48,(anonymous_5)
FN:49,(anonymous_6)
FN:50,(anonymous_7)
FN:51,(anonymous_8)
FN:63,(anonymous_9)
FN:87,(anonymous_10)
FN:109,(anonymous_11)
FN:161,(anonymous_12)
FN:173,(anonymous_13)
FN:192,(anonymous_14)
FN:206,(anonymous_15)
FN:210,(anonymous_16)
FN:232,(anonymous_17)
FN:246,(anonymous_18)
FN:311,(anonymous_19)
FN:331,(anonymous_20)
FNF:21
FNH:0
FNDA:0,TaskDetailScreen
FNDA:0,(anonymous_1)
FNDA:0,(anonymous_2)
FNDA:0,(anonymous_3)
FNDA:0,(anonymous_4)
FNDA:0,(anonymous_5)
FNDA:0,(anonymous_6)
FNDA:0,(anonymous_7)
FNDA:0,(anonymous_8)
FNDA:0,(anonymous_9)
FNDA:0,(anonymous_10)
FNDA:0,(anonymous_11)
FNDA:0,(anonymous_12)
FNDA:0,(anonymous_13)
FNDA:0,(anonymous_14)
FNDA:0,(anonymous_15)
FNDA:0,(anonymous_16)
FNDA:0,(anonymous_17)
FNDA:0,(anonymous_18)
FNDA:0,(anonymous_19)
FNDA:0,(anonymous_20)
DA:16,0
DA:17,0
DA:18,0
DA:19,0
DA:20,0
DA:21,0
DA:22,0
DA:23,0
DA:24,0
DA:25,0
DA:26,0
DA:28,0
DA:29,0
DA:32,0
DA:33,0
DA:34,0
DA:37,0
DA:41,0
DA:44,0
DA:45,0
DA:46,0
DA:47,0
DA:48,0
DA:49,0
DA:50,0
DA:51,0
DA:52,0
DA:59,0
DA:63,0
DA:65,0
DA:66,0
DA:67,0
DA:70,0
DA:72,0
DA:79,0
DA:80,0
DA:82,0
DA:83,0
DA:87,0
DA:88,0
DA:89,0
DA:90,0
DA:91,0
DA:94,0
DA:95,0
DA:98,0
DA:99,0
DA:105,0
DA:106,0
DA:109,0
DA:110,0
DA:111,0
DA:112,0
DA:117,0
DA:118,0
DA:128,0
DA:132,0
DA:133,0
DA:141,0
DA:142,0
DA:155,0
DA:157,0
DA:161,0
DA:162,0
DA:163,0
DA:166,0
DA:167,0
DA:169,0
DA:173,0
DA:174,0
DA:176,0
DA:177,0
DA:178,0
DA:182,0
DA:193,0
DA:194,0
DA:196,0
DA:206,0
DA:207,0
DA:209,0
DA:210,0
DA:213,0
DA:214,0
DA:215,0
DA:217,0
DA:218,0
DA:221,0
DA:225,0
DA:226,0
DA:228,0
DA:229,0
DA:232,0
DA:233,0
DA:235,0
DA:238,0
DA:239,0
DA:241,0
DA:242,0
DA:246,0
DA:247,0
DA:248,0
DA:253,0
DA:255,0
DA:257,0
DA:258,0
DA:262,0
DA:263,0
DA:266,0
DA:312,0
DA:331,0
DA:352,0
LF:111
LH:0
BRDA:45,0,0,0
BRDA:45,0,1,0
BRDA:48,1,0,0
BRDA:48,1,1,0
BRDA:48,1,2,0
BRDA:50,2,0,0
BRDA:50,2,1,0
BRDA:52,3,0,0
BRDA:52,3,1,0
BRDA:65,4,0,0
BRDA:65,4,1,0
BRDA:82,5,0,0
BRDA:82,5,1,0
BRDA:89,6,0,0
BRDA:89,6,1,0
BRDA:111,7,0,0
BRDA:111,7,1,0
BRDA:117,8,0,0
BRDA:117,8,1,0
BRDA:174,9,0,0
BRDA:174,9,1,0
BRDA:177,10,0,0
BRDA:177,10,1,0
BRDA:193,11,0,0
BRDA:193,11,1,0
BRDA:193,12,0,0
BRDA:193,12,1,0
BRDA:209,13,0,0
BRDA:209,13,1,0
BRDA:213,14,0,0
BRDA:213,14,1,0
BRDA:241,15,0,0
BRDA:241,15,1,0
BRDA:257,16,0,0
BRDA:257,16,1,0
BRDA:262,17,0,0
BRDA:262,17,1,0
BRDA:270,18,0,0
BRDA:270,18,1,0
BRDA:279,19,0,0
BRDA:279,19,1,0
BRDA:287,20,0,0
BRDA:287,20,1,0
BRDA:301,21,0,0
BRDA:301,21,1,0
BRDA:301,21,2,0
BRDA:301,21,3,0
BRDA:322,22,0,0
BRDA:322,22,1,0
BRDA:322,22,2,0
BRDA:329,23,0,0
BRDA:329,23,1,0
BRDA:329,23,2,0
BRDA:341,24,0,0
BRDA:341,24,1,0
BRDA:341,24,2,0
BRDA:341,24,3,0
BRDA:341,24,4,0
BRDA:341,24,5,0
BRF:59
BRH:0
end_of_record
TN:
SF:app\user\[id].tsx
FN:12,UserProfileScreen
FN:23,(anonymous_1)
FN:37,(anonymous_2)
FN:38,(anonymous_3)
FN:57,(anonymous_4)
FN:58,(anonymous_5)
FN:60,(anonymous_6)
FN:61,(anonymous_7)
FN:70,(anonymous_8)
FN:93,(anonymous_9)
FN:110,(anonymous_10)
FN:125,(anonymous_11)
FN:145,(anonymous_12)
FN:193,(anonymous_13)
FNF:14
FNH:0
FNDA:0,UserProfileScreen
FNDA:0,(anonymous_1)
FNDA:0,(anonymous_2)
FNDA:0,(anonymous_3)
FNDA:0,(anonymous_4)
FNDA:0,(anonymous_5)
FNDA:0,(anonymous_6)
FNDA:0,(anonymous_7)
FNDA:0,(anonymous_8)
FNDA:0,(anonymous_9)
FNDA:0,(anonymous_10)
FNDA:0,(anonymous_11)
FNDA:0,(anonymous_12)
FNDA:0,(anonymous_13)
DA:13,0
DA:14,0
DA:15,0
DA:16,0
DA:17,0
DA:18,0
DA:19,0
DA:20,0
DA:21,0
DA:23,0
DA:24,0
DA:26,0
DA:27,0
DA:30,0
DA:32,0
DA:33,0
DA:37,0
DA:38,0
DA:39,0
DA:41,0
DA:42,0
DA:43,0
DA:44,0
DA:45,0
DA:46,0
DA:48,0
DA:51,0
DA:54,0
DA:57,0
DA:58,0
DA:59,0
DA:61,0
DA:64,0
DA:67,0
DA:70,0
DA:79,0
DA:80,0
DA:81,0
DA:83,0
DA:86,0
DA:90,0
DA:93,0
DA:94,0
DA:95,0
DA:100,0
DA:102,0
DA:103,0
DA:105,0
DA:110,0
DA:111,0
DA:112,0
DA:119,0
DA:121,0
DA:125,0
DA:126,0
DA:127,0
DA:132,0
DA:133,0
DA:134,0
DA:135,0
DA:137,0
DA:138,0
DA:140,0
DA:145,0
DA:146,0
DA:147,0
DA:154,0
DA:155,0
DA:157,0
DA:161,0
DA:162,0
DA:169,0
DA:170,0
DA:177,0
DA:194,0
DA:226,0
LF:76
LH:0
BRDA:26,0,0,0
BRDA:26,0,1,0
BRDA:41,1,0,0
BRDA:41,1,1,0
BRDA:43,2,0,0
BRDA:43,2,1,0
BRDA:57,3,0,0
BRDA:57,3,1,0
BRDA:80,4,0,0
BRDA:80,4,1,0
BRDA:102,5,0,0
BRDA:102,5,1,0
BRDA:137,6,0,0
BRDA:137,6,1,0
BRDA:161,7,0,0
BRDA:161,7,1,0
BRDA:169,8,0,0
BRDA:169,8,1,0
BRDA:183,9,0,0
BRDA:183,9,1,0
BRDA:183,10,0,0
BRDA:183,10,1,0
BRDA:186,11,0,0
BRDA:186,11,1,0
BRDA:189,12,0,0
BRDA:189,12,1,0
BRDA:192,13,0,0
BRDA:192,13,1,0
BRDA:192,14,0,0
BRDA:192,14,1,0
BRDA:201,15,0,0
BRDA:201,15,1,0
BRDA:201,15,2,0
BRDA:201,15,3,0
BRDA:204,16,0,0
BRDA:204,16,1,0
BRDA:205,17,0,0
BRDA:205,17,1,0
BRDA:207,18,0,0
BRDA:207,18,1,0
BRDA:209,19,0,0
BRDA:209,19,1,0
BRDA:210,20,0,0
BRDA:210,20,1,0
BRDA:212,21,0,0
BRDA:212,21,1,0
BRDA:216,22,0,0
BRDA:216,22,1,0
BRF:48
BRH:0
end_of_record
TN:
SF:components\AccessibilityToggle.tsx
FN:17,HighContrastToggle
FN:39,(anonymous_1)
FN:112,AccessibilitySettings
FN:163,(anonymous_3)
FN:173,(anonymous_4)
FNF:5
FNH:0
FNDA:0,HighContrastToggle
FNDA:0,(anonymous_1)
FNDA:0,AccessibilitySettings
FNDA:0,(anonymous_3)
FNDA:0,(anonymous_4)
DA:22,0
DA:23,0
DA:24,0
DA:27,0
DA:29,0
DA:30,0
DA:40,0
DA:41,0
DA:55,0
DA:80,0
DA:113,0
DA:114,0
DA:116,0
DA:139,0
DA:164,0
DA:173,0
DA:210,0
LF:17
LH:0
BRDA:19,0,0,0
BRDA:20,1,0,0
BRDA:29,2,0,0
BRDA:29,2,1,0
BRDA:32,3,0,0
BRDA:32,3,1,0
BRDA:47,4,0,0
BRDA:47,4,1,0
BRDA:60,5,0,0
BRDA:60,5,1,0
BRDA:66,6,0,0
BRDA:66,6,1,0
BRDA:72,7,0,0
BRDA:72,7,1,0
BRDA:74,8,0,0
BRDA:74,8,1,0
BRDA:169,9,0,0
BRDA:169,9,1,0
BRDA:181,10,0,0
BRDA:181,10,1,0
BRDA:187,11,0,0
BRDA:187,11,1,0
BRF:22
BRH:0
end_of_record
TN:
SF:components\Collapsible.tsx
FN:10,Collapsible
FN:18,(anonymous_1)
FN:18,(anonymous_2)
FNF:3
FNH:0
FNDA:0,Collapsible
FNDA:0,(anonymous_1)
FNDA:0,(anonymous_2)
DA:11,0
DA:12,0
DA:14,0
DA:18,0
DA:35,0
LF:5
LH:0
BRDA:12,0,0,0
BRDA:12,0,1,0
BRDA:24,1,0,0
BRDA:24,1,1,0
BRDA:25,2,0,0
BRDA:25,2,1,0
BRDA:30,3,0,0
BRDA:30,3,1,0
BRF:8
BRH:0
end_of_record
TN:
SF:components\DirectMessageButton.tsx
FN:21,(anonymous_0)
FN:32,(anonymous_1)
FN:62,(anonymous_2)
FN:84,(anonymous_3)
FNF:4
FNH:0
FNDA:0,(anonymous_0)
FNDA:0,(anonymous_1)
FNDA:0,(anonymous_2)
FNDA:0,(anonymous_3)
DA:21,0
DA:27,0
DA:28,0
DA:29,0
DA:30,0
DA:32,0
DA:33,0
DA:34,0
DA:35,0
DA:38,0
DA:40,0
DA:42,0
DA:43,0
DA:46,0
DA:49,0
DA:51,0
DA:53,0
DA:58,0
DA:59,0
DA:62,0
DA:63,0
DA:65,0
DA:66,0
DA:67,0
DA:68,0
DA:75,0
DA:76,0
DA:77,0
DA:78,0
DA:81,0
DA:84,0
DA:85,0
DA:87,0
DA:88,0
DA:90,0
DA:93,0
DA:94,0
DA:95,0
DA:96,0
DA:99,0
DA:102,0
DA:125,0
LF:42
LH:0
BRDA:23,0,0,0
BRDA:24,1,0,0
BRDA:28,2,0,0
BRDA:28,2,1,0
BRDA:33,3,0,0
BRDA:33,3,1,0
BRDA:33,4,0,0
BRDA:33,4,1,0
BRDA:33,4,2,0
BRDA:58,5,0,0
BRDA:58,5,1,0
BRDA:58,6,0,0
BRDA:58,6,1,0
BRDA:65,7,0,0
BRDA:65,7,1,0
BRDA:67,8,0,0
BRDA:67,8,1,0
BRDA:75,9,0,0
BRDA:75,9,1,0
BRDA:77,10,0,0
BRDA:77,10,1,0
BRDA:87,11,0,0
BRDA:87,11,1,0
BRDA:93,12,0,0
BRDA:93,12,1,0
BRDA:95,13,0,0
BRDA:95,13,1,0
BRDA:108,14,0,0
BRDA:108,14,1,0
BRDA:109,15,0,0
BRDA:109,15,1,0
BRDA:114,16,0,0
BRDA:114,16,1,0
BRDA:115,17,0,0
BRDA:115,17,1,0
BRF:35
BRH:0
end_of_record
TN:
SF:components\ExternalLink.tsx
FN:8,ExternalLink
FN:14,(anonymous_1)
FNF:2
FNH:0
FNDA:0,ExternalLink
FNDA:0,(anonymous_1)
DA:9,0
DA:15,0
DA:17,0
DA:19,0
LF:4
LH:0
BRDA:15,0,0,0
BRDA:15,0,1,0
BRF:2
BRH:0
end_of_record
TN:
SF:components\GlobalAccessibilityToggle.tsx
FN:14,GlobalAccessibilityToggle
FN:31,(anonymous_1)
FN:47,(anonymous_2)
FN:56,(anonymous_3)
FNF:4
FNH:0
FNDA:0,GlobalAccessibilityToggle
FNDA:0,(anonymous_1)
FNDA:0,(anonymous_2)
FNDA:0,(anonymous_3)
DA:15,0
DA:16,0
DA:17,0
DA:18,0
DA:20,0
DA:31,0
DA:47,0
DA:56,0
DA:88,0
LF:9
LH:0
BRDA:27,0,0,0
BRDA:27,0,1,0
BRDA:36,1,0,0
BRDA:36,1,1,0
BRDA:38,2,0,0
BRDA:38,2,1,0
BRF:6
BRH:0
end_of_record
TN:
SF:components\HapticTab.tsx
FN:5,HapticTab
FN:9,(anonymous_1)
FNF:2
FNH:0
FNDA:0,HapticTab
FNDA:0,(anonymous_1)
DA:6,0
DA:10,0
DA:12,0
DA:14,0
LF:4
LH:0
BRDA:10,0,0,0
BRDA:10,0,1,0
BRF:2
BRH:0
end_of_record
TN:
SF:components\HelloWave.tsx
FN:13,HelloWave
FN:16,(anonymous_1)
FN:23,(anonymous_2)
FNF:3
FNH:0
FNDA:0,HelloWave
FNDA:0,(anonymous_1)
FNDA:0,(anonymous_2)
DA:14,0
DA:16,0
DA:17,0
DA:23,0
DA:27,0
DA:34,0
LF:6
LH:0
BRF:0
BRH:0
end_of_record
TN:
SF:components\LanguageSwitcher.tsx
FN:12,LanguageSwitcher
FN:24,(anonymous_1)
FN:25,(anonymous_2)
FN:32,(anonymous_3)
FN:37,(anonymous_4)
FN:39,(anonymous_5)
FN:43,(anonymous_6)
FN:50,(anonymous_7)
FN:53,(anonymous_8)
FN:63,(anonymous_9)
FN:76,(anonymous_10)
FN:83,(anonymous_11)
FN:92,(anonymous_12)
FN:100,(anonymous_13)
FN:128,(anonymous_14)
FNF:15
FNH:0
FNDA:0,LanguageSwitcher
FNDA:0,(anonymous_1)
FNDA:0,(anonymous_2)
FNDA:0,(anonymous_3)
FNDA:0,(anonymous_4)
FNDA:0,(anonymous_5)
FNDA:0,(anonymous_6)
FNDA:0,(anonymous_7)
FNDA:0,(anonymous_8)
FNDA:0,(anonymous_9)
FNDA:0,(anonymous_10)
FNDA:0,(anonymous_11)
FNDA:0,(anonymous_12)
FNDA:0,(anonymous_13)
FNDA:0,(anonymous_14)
DA:13,0
DA:14,0
DA:15,0
DA:16,0
DA:18,0
DA:24,0
DA:25,0
DA:26,0
DA:27,0
DA:30,0
DA:32,0
DA:33,0
DA:37,0
DA:39,0
DA:40,0
DA:41,0
DA:43,0
DA:44,0
DA:46,0
DA:47,0
DA:50,0
DA:51,0
DA:54,0
DA:58,0
DA:59,0
DA:63,0
DA:76,0
DA:83,0
DA:93,0
DA:100,0
DA:125,0
DA:129,0
DA:130,0
DA:140,0
LF:34
LH:0
BRDA:12,0,0,0
BRDA:37,1,0,0
BRDA:37,1,1,0
BRDA:58,2,0,0
BRDA:58,2,1,0
BRDA:98,3,0,0
BRDA:98,3,1,0
BRDA:107,4,0,0
BRDA:107,4,1,0
BRDA:111,5,0,0
BRDA:111,5,1,0
BRDA:129,6,0,0
BRDA:129,6,1,0
BRDA:132,7,0,0
BRDA:132,7,1,0
BRF:15
BRH:0
end_of_record
TN:
SF:components\ParallaxScrollView.tsx
FN:21,ParallaxScrollView
FN:30,(anonymous_1)
FNF:2
FNH:0
FNDA:0,ParallaxScrollView
FNDA:0,(anonymous_1)
DA:14,0
DA:26,0
DA:27,0
DA:28,0
DA:29,0
DA:30,0
DA:31,0
DA:47,0
DA:68,0
LF:9
LH:0
BRDA:26,0,0,0
BRDA:26,0,1,0
BRF:2
BRH:0
end_of_record
TN:
SF:components\ThemedText.tsx
FN:11,ThemedText
FNF:1
FNH:0
FNDA:0,ThemedText
DA:18,0
DA:20,0
DA:36,1
LF:3
LH:1
BRDA:15,0,0,0
BRDA:24,1,0,0
BRDA:24,1,1,0
BRDA:25,2,0,0
BRDA:25,2,1,0
BRDA:26,3,0,0
BRDA:26,3,1,0
BRDA:27,4,0,0
BRDA:27,4,1,0
BRDA:28,5,0,0
BRDA:28,5,1,0
BRF:11
BRH:0
end_of_record
TN:
SF:components\ThemedView.tsx
FN:10,ThemedView
FNF:1
FNH:0
FNDA:0,ThemedView
DA:11,0
DA:13,0
LF:2
LH:0
BRF:0
BRH:0
end_of_record
TN:
SF:components\WeatherWidget.tsx
FN:9,(anonymous_0)
FN:17,(anonymous_1)
FN:32,(anonymous_2)
FN:33,(anonymous_3)
FNF:4
FNH:0
FNDA:0,(anonymous_0)
FNDA:0,(anonymous_1)
FNDA:0,(anonymous_2)
FNDA:0,(anonymous_3)
DA:9,0
DA:10,0
DA:11,0
DA:12,0
DA:13,0
DA:14,0
DA:17,0
DA:18,0
DA:19,0
DA:22,0
DA:26,0
DA:28,0
DA:32,0
DA:33,0
DA:34,0
DA:35,0
DA:36,0
DA:40,0
DA:41,0
DA:42,0
DA:43,0
DA:46,0
DA:49,0
DA:51,0
DA:52,0
DA:55,0
DA:56,0
DA:61,0
DA:62,0
DA:69,0
DA:70,0
DA:77,0
DA:89,0
LF:33
LH:0
BRDA:40,0,0,0
BRDA:40,0,1,0
BRDA:40,1,0,0
BRDA:40,1,1,0
BRDA:55,2,0,0
BRDA:55,2,1,0
BRDA:61,3,0,0
BRDA:61,3,1,0
BRDA:69,4,0,0
BRDA:69,4,1,0
BRF:10
BRH:0
end_of_record
TN:
SF:components\ui\CreateEventModal.tsx
FN:35,(anonymous_0)
FN:57,(anonymous_1)
FN:64,(anonymous_2)
FN:69,(anonymous_3)
FN:130,(anonymous_4)
FN:143,(anonymous_5)
FN:152,(anonymous_6)
FN:161,(anonymous_7)
FN:246,(anonymous_8)
FN:276,(anonymous_9)
FNF:10
FNH:0
FNDA:0,(anonymous_0)
FNDA:0,(anonymous_1)
FNDA:0,(anonymous_2)
FNDA:0,(anonymous_3)
FNDA:0,(anonymous_4)
FNDA:0,(anonymous_5)
FNDA:0,(anonymous_6)
FNDA:0,(anonymous_7)
FNDA:0,(anonymous_8)
FNDA:0,(anonymous_9)
DA:35,0
DA:42,0
DA:43,0
DA:45,0
DA:46,0
DA:47,0
DA:50,0
DA:53,0
DA:54,0
DA:55,0
DA:57,0
DA:58,0
DA:59,0
DA:60,0
DA:61,0
DA:64,0
DA:65,0
DA:66,0
DA:69,0
DA:70,0
DA:71,0
DA:75,0
DA:78,0
DA:79,0
DA:83,0
DA:86,0
DA:87,0
DA:88,0
DA:97,0
DA:98,0
DA:105,0
DA:108,0
DA:115,0
DA:116,0
DA:118,0
DA:119,0
DA:126,0
DA:130,0
DA:131,0
DA:132,0
DA:133,0
DA:134,0
DA:139,0
DA:143,0
DA:144,0
DA:145,0
DA:146,0
DA:147,0
DA:148,0
DA:152,0
DA:153,0
DA:161,0
DA:162,0
DA:168,0
DA:246,0
DA:276,0
DA:352,0
LF:57
LH:0
BRDA:45,0,0,0
BRDA:45,0,1,0
BRDA:46,1,0,0
BRDA:46,1,1,0
BRDA:48,2,0,0
BRDA:48,2,1,0
BRDA:51,3,0,0
BRDA:51,3,1,0
BRDA:70,4,0,0
BRDA:70,4,1,0
BRDA:73,5,0,0
BRDA:73,5,1,0
BRDA:78,6,0,0
BRDA:78,6,1,0
BRDA:81,7,0,0
BRDA:81,7,1,0
BRDA:93,8,0,0
BRDA:93,8,1,0
BRDA:97,9,0,0
BRDA:97,9,1,0
BRDA:110,10,0,0
BRDA:110,10,1,0
BRDA:111,11,0,0
BRDA:111,11,1,0
BRDA:112,12,0,0
BRDA:112,12,1,0
BRDA:121,13,0,0
BRDA:121,13,1,0
BRDA:121,13,2,0
BRDA:132,14,0,0
BRDA:132,14,1,0
BRDA:145,15,0,0
BRDA:145,15,1,0
BRDA:180,16,0,0
BRDA:180,16,1,0
BRDA:181,17,0,0
BRDA:181,17,1,0
BRDA:182,18,0,0
BRDA:182,18,1,0
BRDA:192,19,0,0
BRDA:192,19,1,0
BRDA:203,20,0,0
BRDA:203,20,1,0
BRDA:212,21,0,0
BRDA:212,21,1,0
BRDA:225,22,0,0
BRDA:225,22,1,0
BRDA:236,23,0,0
BRDA:236,23,1,0
BRDA:254,24,0,0
BRDA:254,24,1,0
BRDA:258,25,0,0
BRDA:258,25,1,0
BRDA:266,26,0,0
BRDA:266,26,1,0
BRDA:284,27,0,0
BRDA:284,27,1,0
BRDA:288,28,0,0
BRDA:288,28,1,0
BRDA:297,29,0,0
BRDA:297,29,1,0
BRDA:300,30,0,0
BRDA:300,30,1,0
BRDA:301,31,0,0
BRDA:301,31,1,0
BRDA:302,32,0,0
BRDA:302,32,1,0
BRDA:308,33,0,0
BRDA:308,33,1,0
BRDA:322,34,0,0
BRDA:322,34,1,0
BRDA:330,35,0,0
BRDA:330,35,1,0
BRDA:335,36,0,0
BRDA:335,36,1,0
BRDA:339,37,0,0
BRDA:339,37,1,0
BRDA:340,38,0,0
BRDA:340,38,1,0
BRDA:341,39,0,0
BRDA:341,39,1,0
BRF:81
BRH:0
end_of_record
TN:
SF:components\ui\EventCard.tsx
FN:31,(anonymous_0)
FN:44,(anonymous_1)
FN:57,(anonymous_2)
FN:92,(anonymous_3)
FN:116,(anonymous_4)
FN:124,(anonymous_5)
FN:198,(anonymous_6)
FN:218,(anonymous_7)
FN:238,(anonymous_8)
FNF:9
FNH:0
FNDA:0,(anonymous_0)
FNDA:0,(anonymous_1)
FNDA:0,(anonymous_2)
FNDA:0,(anonymous_3)
FNDA:0,(anonymous_4)
FNDA:0,(anonymous_5)
FNDA:0,(anonymous_6)
FNDA:0,(anonymous_7)
FNDA:0,(anonymous_8)
DA:31,0
DA:40,0
DA:41,0
DA:42,0
DA:44,0
DA:45,0
DA:46,0
DA:47,0
DA:49,0
DA:50,0
DA:57,0
DA:58,0
DA:59,0
DA:60,0
DA:62,0
DA:63,0
DA:65,0
DA:66,0
DA:67,0
DA:69,0
DA:70,0
DA:71,0
DA:73,0
DA:74,0
DA:75,0
DA:79,0
DA:82,0
DA:92,0
DA:116,0
DA:124,0
DA:198,0
DA:218,0
DA:238,0
DA:263,0
LF:34
LH:0
BRDA:37,0,0,0
BRDA:38,1,0,0
BRDA:52,2,0,0
BRDA:52,2,1,0
BRDA:62,3,0,0
BRDA:62,3,1,0
BRDA:63,4,0,0
BRDA:63,4,1,0
BRDA:63,4,2,0
BRDA:89,5,0,0
BRDA:89,5,1,0
BRDA:93,6,0,0
BRDA:93,6,1,0
BRDA:101,7,0,0
BRDA:101,7,1,0
BRDA:105,8,0,0
BRDA:105,8,1,0
BRDA:112,9,0,0
BRDA:112,9,1,0
BRDA:112,9,2,0
BRDA:114,10,0,0
BRDA:114,10,1,0
BRDA:122,11,0,0
BRDA:122,11,1,0
BRDA:151,12,0,0
BRDA:151,12,1,0
BRDA:162,13,0,0
BRDA:162,13,1,0
BRDA:170,14,0,0
BRDA:170,14,1,0
BRDA:176,15,0,0
BRDA:176,15,1,0
BRDA:182,16,0,0
BRDA:182,16,1,0
BRDA:188,17,0,0
BRDA:188,17,1,0
BRDA:206,18,0,0
BRDA:206,18,1,0
BRDA:226,19,0,0
BRDA:226,19,1,0
BRDA:246,20,0,0
BRDA:246,20,1,0
BRDA:252,21,0,0
BRDA:252,21,1,0
BRDA:255,22,0,0
BRDA:255,22,1,0
BRF:46
BRH:0
end_of_record
TN:
SF:components\ui\IconSymbol.ios.tsx
FN:4,IconSymbol
FNF:1
FNH:0
FNDA:0,IconSymbol
DA:17,0
LF:1
LH:0
BRDA:6,0,0,0
BRDA:9,1,0,0
BRF:2
BRH:0
end_of_record
TN:
SF:components\ui\IconSymbol.tsx
FN:30,IconSymbol
FNF:1
FNH:0
FNDA:0,IconSymbol
DA:9,0
DA:42,0
LF:2
LH:0
BRDA:32,0,0,0
BRF:1
BRH:0
end_of_record
TN:
SF:components\ui\ImageGallery.tsx
FN:34,ImageGallery
FN:46,(anonymous_1)
FN:47,(anonymous_2)
FN:56,(anonymous_3)
FN:65,(anonymous_4)
FN:70,(anonymous_5)
FN:74,(anonymous_6)
FN:76,(anonymous_7)
FN:80,(anonymous_8)
FN:84,(anonymous_9)
FN:103,(anonymous_10)
FN:131,(anonymous_11)
FN:146,(anonymous_12)
FN:152,(anonymous_13)
FN:153,(anonymous_14)
FNF:15
FNH:0
FNDA:0,ImageGallery
FNDA:0,(anonymous_1)
FNDA:0,(anonymous_2)
FNDA:0,(anonymous_3)
FNDA:0,(anonymous_4)
FNDA:0,(anonymous_5)
FNDA:0,(anonymous_6)
FNDA:0,(anonymous_7)
FNDA:0,(anonymous_8)
FNDA:0,(anonymous_9)
FNDA:0,(anonymous_10)
FNDA:0,(anonymous_11)
FNDA:0,(anonymous_12)
FNDA:0,(anonymous_13)
FNDA:0,(anonymous_14)
DA:32,0
DA:42,0
DA:43,0
DA:44,0
DA:46,0
DA:47,0
DA:48,0
DA:49,0
DA:51,0
DA:52,0
DA:56,0
DA:57,0
DA:58,0
DA:60,0
DA:61,0
DA:65,0
DA:66,0
DA:67,0
DA:70,0
DA:71,0
DA:74,0
DA:75,0
DA:76,0
DA:77,0
DA:80,0
DA:81,0
DA:82,0
DA:84,0
DA:85,0
DA:86,0
DA:87,0
DA:88,0
DA:90,0
DA:94,0
DA:95,0
DA:96,0
DA:99,0
DA:103,0
DA:104,0
DA:106,0
DA:113,0
DA:114,0
DA:122,0
DA:124,0
DA:132,0
DA:133,0
DA:135,0
DA:146,0
DA:152,0
DA:153,0
DA:226,0
LF:51
LH:0
BRDA:35,0,0,0
BRDA:36,1,0,0
BRDA:37,2,0,0
BRDA:38,3,0,0
BRDA:39,4,0,0
BRDA:48,5,0,0
BRDA:48,5,1,0
BRDA:57,6,0,0
BRDA:57,6,1,0
BRDA:71,7,0,0
BRDA:71,7,1,0
BRDA:71,7,2,0
BRDA:71,7,3,0
BRDA:75,8,0,0
BRDA:75,8,1,0
BRDA:75,9,0,0
BRDA:75,9,1,0
BRDA:76,10,0,0
BRDA:76,10,1,0
BRDA:86,11,0,0
BRDA:86,11,1,0
BRDA:95,12,0,0
BRDA:95,12,1,0
BRDA:99,13,0,0
BRDA:99,13,1,0
BRDA:104,14,0,0
BRDA:104,14,1,0
BRDA:104,15,0,0
BRDA:104,15,1,0
BRDA:107,16,0,0
BRDA:107,16,1,0
BRDA:107,16,2,0
BRDA:107,16,3,0
BRDA:107,16,4,0
BRDA:107,16,5,0
BRDA:107,16,6,0
BRDA:107,16,7,0
BRDA:107,16,8,0
BRDA:113,17,0,0
BRDA:113,17,1,0
BRDA:113,18,0,0
BRDA:113,18,1,0
BRDA:137,19,0,0
BRDA:137,19,1,0
BRDA:143,20,0,0
BRDA:143,20,1,0
BRDA:157,21,0,0
BRDA:157,21,1,0
BRDA:157,21,2,0
BRDA:164,22,0,0
BRDA:164,22,1,0
BRDA:198,23,0,0
BRDA:198,23,1,0
BRDA:211,24,0,0
BRDA:211,24,1,0
BRF:55
BRH:0
end_of_record
TN:
SF:components\ui\ImagePicker.tsx
FN:33,ImagePicker
FN:43,(anonymous_1)
FN:58,(anonymous_2)
FN:62,(anonymous_3)
FN:64,(anonymous_4)
FN:79,(anonymous_5)
FN:199,(anonymous_6)
FN:200,(anonymous_7)
FN:205,(anonymous_8)
FN:223,(anonymous_9)
FN:252,(anonymous_10)
FN:257,(anonymous_11)
FNF:12
FNH:0
FNDA:0,ImagePicker
FNDA:0,(anonymous_1)
FNDA:0,(anonymous_2)
FNDA:0,(anonymous_3)
FNDA:0,(anonymous_4)
FNDA:0,(anonymous_5)
FNDA:0,(anonymous_6)
FNDA:0,(anonymous_7)
FNDA:0,(anonymous_8)
FNDA:0,(anonymous_9)
FNDA:0,(anonymous_10)
FNDA:0,(anonymous_11)
DA:31,0
DA:40,0
DA:41,0
DA:43,0
DA:45,0
DA:46,0
DA:50,0
DA:51,0
DA:52,0
DA:55,0
DA:58,0
DA:59,0
DA:60,0
DA:61,0
DA:62,0
DA:63,0
DA:64,0
DA:65,0
DA:66,0
DA:68,0
DA:71,0
DA:72,0
DA:75,0
DA:79,0
DA:80,0
DA:82,0
DA:83,0
DA:84,0
DA:87,0
DA:88,0
DA:89,0
DA:92,0
DA:93,0
DA:94,0
DA:97,0
DA:98,0
DA:99,0
DA:100,0
DA:101,0
DA:102,0
DA:103,0
DA:104,0
DA:107,0
DA:108,0
DA:109,0
DA:110,0
DA:111,0
DA:112,0
DA:113,0
DA:117,0
DA:119,0
DA:136,0
DA:138,0
DA:139,0
DA:140,0
DA:143,0
DA:144,0
DA:146,0
DA:148,0
DA:149,0
DA:152,0
DA:153,0
DA:154,0
DA:155,0
DA:159,0
DA:160,0
DA:161,0
DA:164,0
DA:165,0
DA:169,0
DA:176,0
DA:177,0
DA:179,0
DA:183,0
DA:184,0
DA:185,0
DA:186,0
DA:187,0
DA:189,0
DA:192,0
DA:194,0
DA:195,0
DA:199,0
DA:200,0
DA:201,0
DA:202,0
DA:205,0
DA:206,0
DA:209,0
DA:210,0
DA:213,0
DA:224,0
DA:225,0
DA:253,0
DA:257,0
DA:277,0
LF:96
LH:0
BRDA:35,0,0,0
BRDA:36,1,0,0
BRDA:37,2,0,0
BRDA:38,3,0,0
BRDA:45,4,0,0
BRDA:45,4,1,0
BRDA:45,5,0,0
BRDA:45,5,1,0
BRDA:51,6,0,0
BRDA:51,6,1,0
BRDA:51,7,0,0
BRDA:51,7,1,0
BRDA:65,8,0,0
BRDA:65,8,1,0
BRDA:79,9,0,0
BRDA:82,10,0,0
BRDA:82,10,1,0
BRDA:82,11,0,0
BRDA:82,11,1,0
BRDA:87,12,0,0
BRDA:87,12,1,0
BRDA:97,13,0,0
BRDA:97,13,1,0
BRDA:101,14,0,0
BRDA:101,14,1,0
BRDA:110,15,0,0
BRDA:110,15,1,0
BRDA:119,16,0,0
BRDA:119,16,1,0
BRDA:138,17,0,0
BRDA:138,17,1,0
BRDA:143,18,0,0
BRDA:143,18,1,0
BRDA:153,19,0,0
BRDA:153,19,1,0
BRDA:159,20,0,0
BRDA:159,20,1,0
BRDA:165,21,0,0
BRDA:165,21,1,0
BRDA:166,22,0,0
BRDA:166,22,1,0
BRDA:172,23,0,0
BRDA:172,23,1,0
BRDA:173,24,0,0
BRDA:173,24,1,0
BRDA:183,25,0,0
BRDA:183,25,1,0
BRDA:221,26,0,0
BRDA:221,26,1,0
BRDA:227,27,0,0
BRDA:227,27,1,0
BRDA:227,27,2,0
BRDA:227,27,3,0
BRDA:229,28,0,0
BRDA:229,28,1,0
BRDA:235,29,0,0
BRDA:235,29,1,0
BRDA:245,30,0,0
BRDA:245,30,1,0
BRDA:268,31,0,0
BRDA:268,31,1,0
BRF:61
BRH:0
end_of_record
TN:
SF:components\ui\LocationPicker.tsx
FN:37,(anonymous_0)
FN:67,(anonymous_1)
FN:80,(anonymous_2)
FN:98,(anonymous_3)
FN:124,(anonymous_4)
FN:138,(anonymous_5)
FN:173,(anonymous_6)
FN:193,(anonymous_7)
FN:210,(anonymous_8)
FN:218,(anonymous_9)
FN:241,(anonymous_10)
FN:367,(anonymous_11)
FN:384,(anonymous_12)
FN:401,(anonymous_13)
FN:418,(anonymous_14)
FN:436,(anonymous_15)
FNF:16
FNH:0
FNDA:0,(anonymous_0)
FNDA:0,(anonymous_1)
FNDA:0,(anonymous_2)
FNDA:0,(anonymous_3)
FNDA:0,(anonymous_4)
FNDA:0,(anonymous_5)
FNDA:0,(anonymous_6)
FNDA:0,(anonymous_7)
FNDA:0,(anonymous_8)
FNDA:0,(anonymous_9)
FNDA:0,(anonymous_10)
FNDA:0,(anonymous_11)
FNDA:0,(anonymous_12)
FNDA:0,(anonymous_13)
FNDA:0,(anonymous_14)
FNDA:0,(anonymous_15)
DA:37,0
DA:49,0
DA:50,0
DA:51,0
DA:53,0
DA:54,0
DA:55,0
DA:56,0
DA:57,0
DA:60,0
DA:61,0
DA:62,0
DA:63,0
DA:64,0
DA:67,0
DA:68,0
DA:69,0
DA:70,0
DA:71,0
DA:72,0
DA:73,0
DA:74,0
DA:75,0
DA:78,0
DA:80,0
DA:81,0
DA:82,0
DA:84,0
DA:85,0
DA:87,0
DA:88,0
DA:90,0
DA:91,0
DA:98,0
DA:99,0
DA:101,0
DA:102,0
DA:103,0
DA:104,0
DA:105,0
DA:108,0
DA:109,0
DA:110,0
DA:111,0
DA:113,0
DA:115,0
DA:116,0
DA:118,0
DA:119,0
DA:120,0
DA:121,0
DA:124,0
DA:125,0
DA:126,0
DA:127,0
DA:128,0
DA:131,0
DA:133,0
DA:138,0
DA:139,0
DA:141,0
DA:142,0
DA:144,0
DA:145,0
DA:147,0
DA:148,0
DA:149,0
DA:150,0
DA:153,0
DA:156,0
DA:164,0
DA:165,0
DA:167,0
DA:168,0
DA:169,0
DA:170,0
DA:173,0
DA:174,0
DA:175,0
DA:176,0
DA:177,0
DA:179,0
DA:180,0
DA:181,0
DA:182,0
DA:185,0
DA:186,0
DA:188,0
DA:193,0
DA:194,0
DA:195,0
DA:198,0
DA:199,0
DA:200,0
DA:201,0
DA:202,0
DA:203,0
DA:204,0
DA:210,0
DA:211,0
DA:212,0
DA:213,0
DA:214,0
DA:218,0
DA:222,0
DA:224,0
DA:225,0
DA:227,0
DA:228,0
DA:230,0
DA:231,0
DA:233,0
DA:234,0
DA:236,0
DA:237,0
DA:241,0
DA:242,0
DA:243,0
DA:244,0
DA:245,0
DA:246,0
DA:248,0
DA:249,0
DA:250,0
DA:252,0
DA:253,0
DA:257,0
DA:271,0
DA:367,0
DA:384,0
DA:401,0
DA:418,0
DA:436,0
DA:466,0
LF:134
LH:0
BRDA:38,0,0,0
BRDA:41,1,0,0
BRDA:42,2,0,0
BRDA:43,3,0,0
BRDA:44,4,0,0
BRDA:45,5,0,0
BRDA:46,6,0,0
BRDA:47,7,0,0
BRDA:68,8,0,0
BRDA:68,8,1,0
BRDA:70,9,0,0
BRDA:70,9,1,0
BRDA:73,10,0,0
BRDA:73,10,1,0
BRDA:73,11,0,0
BRDA:73,11,1,0
BRDA:81,12,0,0
BRDA:81,12,1,0
BRDA:82,13,0,0
BRDA:82,13,1,0
BRDA:84,14,0,0
BRDA:84,14,1,0
BRDA:85,15,0,0
BRDA:85,15,1,0
BRDA:87,16,0,0
BRDA:87,16,1,0
BRDA:88,17,0,0
BRDA:88,17,1,0
BRDA:90,18,0,0
BRDA:90,18,1,0
BRDA:91,19,0,0
BRDA:91,19,1,0
BRDA:99,20,0,0
BRDA:99,20,1,0
BRDA:115,21,0,0
BRDA:115,21,1,0
BRDA:118,22,0,0
BRDA:118,22,1,0
BRDA:125,23,0,0
BRDA:125,23,1,0
BRDA:125,24,0,0
BRDA:125,24,1,0
BRDA:126,25,0,0
BRDA:126,25,1,0
BRDA:126,26,0,0
BRDA:126,26,1,0
BRDA:127,27,0,0
BRDA:127,27,1,0
BRDA:127,28,0,0
BRDA:127,28,1,0
BRDA:128,29,0,0
BRDA:128,29,1,0
BRDA:128,30,0,0
BRDA:128,30,1,0
BRDA:139,31,0,0
BRDA:139,31,1,0
BRDA:147,32,0,0
BRDA:147,32,1,0
BRDA:148,33,0,0
BRDA:148,33,1,0
BRDA:164,34,0,0
BRDA:164,34,1,0
BRDA:167,35,0,0
BRDA:167,35,1,0
BRDA:174,36,0,0
BRDA:174,36,1,0
BRDA:174,37,0,0
BRDA:174,37,1,0
BRDA:175,38,0,0
BRDA:175,38,1,0
BRDA:175,39,0,0
BRDA:175,39,1,0
BRDA:176,40,0,0
BRDA:176,40,1,0
BRDA:176,41,0,0
BRDA:176,41,1,0
BRDA:177,42,0,0
BRDA:177,42,1,0
BRDA:177,43,0,0
BRDA:177,43,1,0
BRDA:186,44,0,0
BRDA:186,44,1,0
BRDA:199,45,0,0
BRDA:199,45,1,0
BRDA:202,46,0,0
BRDA:202,46,1,0
BRDA:202,47,0,0
BRDA:202,47,1,0
BRDA:213,48,0,0
BRDA:213,48,1,0
BRDA:222,49,0,0
BRDA:222,49,1,0
BRDA:222,49,2,0
BRDA:222,49,3,0
BRDA:222,49,4,0
BRDA:242,50,0,0
BRDA:242,50,1,0
BRDA:243,51,0,0
BRDA:243,51,1,0
BRDA:244,52,0,0
BRDA:244,52,1,0
BRDA:245,53,0,0
BRDA:245,53,1,0
BRDA:246,54,0,0
BRDA:246,54,1,0
BRDA:250,55,0,0
BRDA:250,55,1,0
BRDA:257,56,0,0
BRDA:257,56,1,0
BRDA:276,57,0,0
BRDA:276,57,1,0
BRDA:280,58,0,0
BRDA:280,58,1,0
BRDA:280,59,0,0
BRDA:280,59,1,0
BRDA:280,60,0,0
BRDA:280,60,1,0
BRDA:286,61,0,0
BRDA:286,61,1,0
BRDA:292,62,0,0
BRDA:292,62,1,0
BRDA:300,63,0,0
BRDA:300,63,1,0
BRDA:312,64,0,0
BRDA:312,64,1,0
BRDA:316,65,0,0
BRDA:316,65,1,0
BRDA:318,66,0,0
BRDA:318,66,1,0
BRDA:331,67,0,0
BRDA:331,67,1,0
BRDA:364,68,0,0
BRDA:364,68,1,0
BRDA:381,69,0,0
BRDA:381,69,1,0
BRDA:398,70,0,0
BRDA:398,70,1,0
BRDA:415,71,0,0
BRDA:415,71,1,0
BRDA:433,72,0,0
BRDA:433,72,1,0
BRDA:444,73,0,0
BRDA:444,73,1,0
BRDA:452,74,0,0
BRDA:452,74,1,0
BRDA:456,75,0,0
BRDA:456,75,1,0
BRDA:456,76,0,0
BRDA:456,76,1,0
BRDA:457,77,0,0
BRDA:457,77,1,0
BRDA:458,78,0,0
BRDA:458,78,1,0
BRF:153
BRH:0
end_of_record
TN:
SF:components\ui\TabBarBackground.ios.tsx
FN:6,BlurTabBarBackground
FN:18,useBottomTabOverflow
FNF:2
FNH:0
FNDA:0,BlurTabBarBackground
FNDA:0,useBottomTabOverflow
DA:7,0
DA:19,0
DA:20,0
DA:21,0
LF:4
LH:0
BRF:0
BRH:0
end_of_record
TN:
SF:components\ui\TabBarBackground.tsx
FN:4,useBottomTabOverflow
FNF:1
FNH:0
FNDA:0,useBottomTabOverflow
DA:5,0
LF:1
LH:0
BRF:0
BRH:0
end_of_record
TN:
SF:config\firebaseConfig.ts
FNF:0
FNH:0
DA:6,0
DA:19,0
DA:21,0
DA:22,0
DA:24,0
DA:25,0
DA:27,0
DA:29,0
DA:30,0
DA:33,0
LF:10
LH:0
BRDA:21,0,0,0
BRDA:21,0,1,0
BRDA:21,1,0,0
BRDA:21,1,1,0
BRDA:24,2,0,0
BRDA:24,2,1,0
BRF:6
BRH:0
end_of_record
TN:
SF:constants\AccessibilityColors.ts
FNF:0
FNH:0
DA:45,0
DA:79,0
DA:113,0
DA:147,0
DA:180,0
LF:5
LH:0
BRF:0
BRH:0
end_of_record
TN:
SF:constants\Badges.ts
FNF:0
FNH:0
DA:13,0
LF:1
LH:0
BRF:0
BRH:0
end_of_record
TN:
SF:constants\Colors.ts
FNF:0
FNH:0
DA:6,0
DA:7,0
DA:9,0
LF:3
LH:0
BRF:0
BRH:0
end_of_record
TN:
SF:constants\Config.ts
FNF:0
FNH:0
DA:1,6
DA:3,6
DA:15,6
LF:3
LH:3
BRDA:1,0,0,6
BRDA:1,0,1,6
BRF:2
BRH:2
end_of_record
TN:
SF:contexts\AccessibilityContextSimple.tsx
FN:23,AccessibilityProvider
FN:27,(anonymous_1)
FN:42,(anonymous_2)
FN:68,useAccessibility
FN:77,useAccessibleColors
FN:83,useAccessibleTheme
FNF:6
FNH:0
FNDA:0,AccessibilityProvider
FNDA:0,(anonymous_1)
FNDA:0,(anonymous_2)
FNDA:0,useAccessibility
FNDA:0,useAccessibleColors
FNDA:0,useAccessibleTheme
DA:17,0
DA:24,0
DA:25,0
DA:27,0
DA:28,0
DA:29,0
DA:33,0
DA:34,0
DA:36,0
DA:39,0
DA:42,0
DA:43,0
DA:46,0
DA:47,0
DA:51,0
DA:53,0
DA:61,0
DA:69,0
DA:70,0
DA:71,0
DA:73,0
DA:78,0
DA:79,0
DA:84,0
DA:85,0
LF:25
LH:0
BRDA:33,0,0,0
BRDA:33,0,1,0
BRDA:34,1,0,0
BRDA:34,1,1,0
BRDA:36,2,0,0
BRDA:36,2,1,0
BRDA:46,3,0,0
BRDA:46,3,1,0
BRDA:70,4,0,0
BRDA:70,4,1,0
BRF:10
BRH:0
end_of_record
TN:
SF:contexts\AuthContext.tsx
FN:27,(anonymous_0)
FN:32,(anonymous_1)
FN:36,(anonymous_2)
FN:53,(anonymous_3)
FN:94,(anonymous_4)
FN:104,(anonymous_5)
FN:128,(anonymous_6)
FN:155,(anonymous_7)
FN:180,(anonymous_8)
FN:189,(anonymous_9)
FN:214,(anonymous_10)
FNF:11
FNH:0
FNDA:0,(anonymous_0)
FNDA:0,(anonymous_1)
FNDA:0,(anonymous_2)
FNDA:0,(anonymous_3)
FNDA:0,(anonymous_4)
FNDA:0,(anonymous_5)
FNDA:0,(anonymous_6)
FNDA:0,(anonymous_7)
FNDA:0,(anonymous_8)
FNDA:0,(anonymous_9)
FNDA:0,(anonymous_10)
DA:25,0
DA:27,0
DA:28,0
DA:29,0
DA:30,0
DA:32,0
DA:33,0
DA:36,0
DA:37,0
DA:38,0
DA:39,0
DA:41,0
DA:42,0
DA:43,0
DA:44,0
DA:47,0
DA:49,0
DA:53,0
DA:54,0
DA:55,0
DA:61,0
DA:63,0
DA:72,0
DA:73,0
DA:74,0
DA:75,0
DA:78,0
DA:80,0
DA:86,0
DA:87,0
DA:89,0
DA:90,0
DA:91,0
DA:94,0
DA:95,0
DA:98,0
DA:100,0
DA:101,0
DA:104,0
DA:105,0
DA:107,0
DA:108,0
DA:111,0
DA:119,0
DA:120,0
DA:123,0
DA:124,0
DA:125,0
DA:128,0
DA:129,0
DA:133,0
DA:134,0
DA:141,0
DA:143,0
DA:145,0
DA:150,0
DA:151,0
DA:155,0
DA:156,0
DA:157,0
DA:164,0
DA:166,0
DA:172,0
DA:173,0
DA:175,0
DA:176,0
DA:177,0
DA:180,0
DA:181,0
DA:184,0
DA:185,0
DA:189,0
DA:190,0
DA:191,0
DA:192,0
DA:197,0
DA:199,0
DA:200,0
DA:201,0
DA:202,0
DA:203,0
DA:207,0
DA:214,0
DA:215,0
DA:216,0
DA:217,0
DA:219,0
LF:87
LH:0
BRDA:41,0,0,0
BRDA:41,0,1,0
BRDA:41,1,0,0
BRDA:41,1,1,0
BRDA:61,2,0,0
BRDA:61,2,1,0
BRDA:61,3,0,0
BRDA:61,3,1,0
BRDA:72,4,0,0
BRDA:72,4,1,0
BRDA:100,5,0,0
BRDA:100,5,1,0
BRDA:135,6,0,0
BRDA:135,6,1,0
BRDA:141,7,0,0
BRDA:141,7,1,0
BRDA:150,8,0,0
BRDA:150,8,1,0
BRDA:184,9,0,0
BRDA:184,9,1,0
BRDA:191,10,0,0
BRDA:191,10,1,0
BRDA:216,11,0,0
BRDA:216,11,1,0
BRF:24
BRH:0
end_of_record
TN:
SF:hooks\useColorScheme.ts
FNF:0
FNH:0
LF:0
LH:0
BRF:0
BRH:0
end_of_record
TN:
SF:hooks\useColorScheme.web.ts
FN:7,useColorScheme
FN:10,(anonymous_1)
FNF:2
FNH:0
FNDA:0,useColorScheme
FNDA:0,(anonymous_1)
DA:8,0
DA:10,0
DA:11,0
DA:14,0
DA:16,0
DA:17,0
DA:20,0
LF:7
LH:0
BRDA:16,0,0,0
BRDA:16,0,1,0
BRF:2
BRH:0
end_of_record
TN:
SF:hooks\useThemeColor.ts
FN:9,useThemeColor
FNF:1
FNH:0
FNDA:0,useThemeColor
DA:13,0
DA:14,0
DA:16,0
DA:17,0
DA:19,0
LF:5
LH:0
BRDA:13,0,0,0
BRDA:13,0,1,0
BRDA:16,1,0,0
BRDA:16,1,1,0
BRF:4
BRH:0
end_of_record
TN:
SF:i18n\index.ts
FN:22,(anonymous_0)
FN:41,(anonymous_1)
FN:42,(anonymous_2)
FNF:3
FNH:0
FNDA:0,(anonymous_0)
FNDA:0,(anonymous_1)
FNDA:0,(anonymous_2)
DA:9,0
DA:19,0
DA:23,0
DA:25,0
DA:26,0
DA:27,0
DA:28,0
DA:29,0
DA:33,0
DA:34,0
DA:35,0
DA:37,0
DA:38,0
DA:43,0
DA:44,0
DA:45,0
DA:47,0
DA:52,0
LF:18
LH:0
BRDA:26,0,0,0
BRDA:26,0,1,0
BRDA:33,1,0,0
BRDA:33,1,1,0
BRF:4
BRH:0
end_of_record
TN:
SF:scripts\reset-project.js
FN:48,(anonymous_0)
FN:103,(anonymous_1)
FN:106,(anonymous_2)
FNF:3
FNH:0
FNDA:0,(anonymous_0)
FNDA:0,(anonymous_1)
FNDA:0,(anonymous_2)
DA:9,0
DA:10,0
DA:11,0
DA:13,0
DA:14,0
DA:15,0
DA:16,0
DA:17,0
DA:19,0
DA:36,0
DA:43,0
DA:48,0
DA:49,0
DA:50,0
DA:52,0
DA:53,0
DA:57,0
DA:58,0
DA:59,0
DA:60,0
DA:61,0
DA:62,0
DA:63,0
DA:65,0
DA:66,0
DA:69,0
DA:74,0
DA:75,0
DA:76,0
DA:79,0
DA:80,0
DA:81,0
DA:84,0
DA:85,0
DA:86,0
DA:88,0
DA:89,0
DA:97,0
DA:101,0
DA:104,0
DA:105,0
DA:106,0
DA:108,0
DA:109,0
LF:44
LH:0
BRDA:50,0,0,0
BRDA:50,0,1,0
BRDA:59,1,0,0
BRDA:59,1,1,0
BRDA:60,2,0,0
BRDA:60,2,1,0
BRDA:91,3,0,0
BRDA:91,3,1,0
BRDA:104,4,0,0
BRDA:104,4,1,0
BRDA:105,5,0,0
BRDA:105,5,1,0
BRDA:105,6,0,0
BRDA:105,6,1,0
BRF:14
BRH:0
end_of_record
TN:
SF:services\event.ts
FN:58,(anonymous_0)
FN:69,(anonymous_1)
FN:77,(anonymous_2)
FN:85,(anonymous_3)
FN:96,(anonymous_4)
FN:103,(anonymous_5)
FN:114,(anonymous_6)
FN:122,(anonymous_7)
FN:135,(anonymous_8)
FN:146,(anonymous_9)
FN:153,(anonymous_10)
FNF:11
FNH:11
FNDA:2,(anonymous_0)
FNDA:1,(anonymous_1)
FNDA:1,(anonymous_2)
FNDA:1,(anonymous_3)
FNDA:1,(anonymous_4)
FNDA:1,(anonymous_5)
FNDA:1,(anonymous_6)
FNDA:1,(anonymous_7)
FNDA:1,(anonymous_8)
FNDA:2,(anonymous_9)
FNDA:2,(anonymous_10)
DA:58,1
DA:59,2
DA:62,2
DA:63,2
DA:69,1
DA:70,1
DA:71,1
DA:77,1
DA:78,1
DA:79,1
DA:85,1
DA:89,1
DA:90,1
DA:96,1
DA:97,1
DA:103,1
DA:107,1
DA:108,1
DA:114,1
DA:115,1
DA:116,1
DA:122,1
DA:123,1
DA:124,1
DA:135,1
DA:136,1
DA:137,1
DA:146,1
DA:147,2
DA:153,1
DA:154,2
DA:155,2
DA:156,2
DA:157,2
LF:34
LH:34
BRDA:59,0,0,1
BRDA:59,0,1,1
BRDA:157,1,0,2
BRDA:157,1,1,2
BRF:4
BRH:4
end_of_record
TN:
SF:services\forum.ts
FN:35,(anonymous_0)
FN:58,(anonymous_1)
FN:60,(anonymous_2)
FN:65,(anonymous_3)
FN:73,(anonymous_4)
FN:83,(anonymous_5)
FN:97,(anonymous_6)
FN:111,(anonymous_7)
FN:125,(anonymous_8)
FN:135,(anonymous_9)
FN:145,(anonymous_10)
FN:158,(anonymous_11)
FNF:12
FNH:12
FNDA:5,(anonymous_0)
FNDA:4,(anonymous_1)
FNDA:1,(anonymous_2)
FNDA:1,(anonymous_3)
FNDA:7,(anonymous_4)
FNDA:8,(anonymous_5)
FNDA:2,(anonymous_6)
FNDA:2,(anonymous_7)
FNDA:1,(anonymous_8)
FNDA:1,(anonymous_9)
FNDA:1,(anonymous_10)
FNDA:1,(anonymous_11)
DA:32,1
DA:33,1
DA:35,1
DA:39,5
DA:40,1
DA:43,4
DA:44,1
DA:47,3
DA:48,1
DA:51,2
DA:52,1
DA:55,1
DA:58,4
DA:60,1
DA:65,1
DA:68,1
DA:73,1
DA:74,7
DA:75,1
DA:78,6
DA:79,6
DA:80,2
DA:83,4
DA:84,8
DA:85,8
DA:87,8
DA:89,8
DA:97,1
DA:98,2
DA:99,2
DA:100,1
DA:103,1
DA:111,1
DA:115,2
DA:119,2
DA:122,2
DA:125,1
DA:129,1
DA:132,1
DA:135,1
DA:139,1
DA:142,1
DA:145,1
DA:149,1
DA:155,1
DA:158,1
DA:162,1
DA:165,1
LF:48
LH:48
BRDA:39,0,0,1
BRDA:39,0,1,4
BRDA:39,1,0,5
BRDA:39,1,1,4
BRDA:43,2,0,1
BRDA:43,2,1,3
BRDA:47,3,0,1
BRDA:47,3,1,2
BRDA:47,4,0,3
BRDA:47,4,1,3
BRDA:51,5,0,1
BRDA:51,5,1,1
BRDA:74,6,0,1
BRDA:74,6,1,6
BRDA:74,7,0,7
BRDA:74,7,1,6
BRDA:79,8,0,2
BRDA:79,8,1,4
BRDA:84,9,0,8
BRDA:84,9,1,0
BRDA:85,10,0,8
BRDA:85,10,1,0
BRDA:87,11,0,8
BRDA:87,11,1,0
BRDA:87,11,2,0
BRDA:90,12,0,8
BRDA:90,12,1,7
BRDA:90,12,2,6
BRDA:99,13,0,1
BRDA:99,13,1,1
BRDA:113,14,0,1
BRDA:115,15,0,1
BRDA:115,15,1,1
BRF:33
BRH:29
end_of_record
TN:
SF:services\garden.ts
FN:30,(anonymous_0)
FN:59,(anonymous_1)
FN:89,(anonymous_2)
FN:96,(anonymous_3)
FN:109,(anonymous_4)
FN:123,(anonymous_5)
FN:128,(anonymous_6)
FN:131,(anonymous_7)
FN:135,(anonymous_8)
FN:159,(anonymous_9)
FN:176,(anonymous_10)
FN:191,(anonymous_11)
FN:202,(anonymous_12)
FNF:13
FNH:13
FNDA:10,(anonymous_0)
FNDA:7,(anonymous_1)
FNDA:3,(anonymous_2)
FNDA:4,(anonymous_3)
FNDA:2,(anonymous_4)
FNDA:3,(anonymous_5)
FNDA:2,(anonymous_6)
FNDA:5,(anonymous_7)
FNDA:3,(anonymous_8)
FNDA:5,(anonymous_9)
FNDA:4,(anonymous_10)
FNDA:3,(anonymous_11)
FNDA:4,(anonymous_12)
DA:30,1
DA:34,10
DA:35,3
DA:38,7
DA:39,1
DA:42,6
DA:43,1
DA:46,5
DA:59,1
DA:67,7
DA:73,7
DA:74,2
DA:77,7
DA:78,2
DA:81,7
DA:82,2
DA:85,7
DA:89,1
DA:90,3
DA:91,3
DA:92,3
DA:96,1
DA:103,4
DA:104,4
DA:105,3
DA:109,1
DA:117,2
DA:118,2
DA:119,2
DA:123,1
DA:124,3
DA:125,3
DA:128,1
DA:129,2
DA:130,2
DA:131,5
DA:135,1
DA:136,3
DA:137,3
DA:138,3
DA:159,1
DA:164,5
DA:169,5
DA:172,4
DA:176,1
DA:180,4
DA:187,2
DA:191,1
DA:195,3
DA:198,3
DA:202,1
DA:206,4
DA:207,4
DA:211,3
DA:213,1
LF:55
LH:55
BRDA:34,0,0,3
BRDA:34,0,1,7
BRDA:34,1,0,10
BRDA:34,1,1,8
BRDA:38,2,0,1
BRDA:38,2,1,6
BRDA:42,3,0,1
BRDA:42,3,1,5
BRDA:42,4,0,6
BRDA:42,4,1,5
BRDA:61,5,0,0
BRDA:62,6,0,0
BRDA:73,7,0,2
BRDA:73,7,1,5
BRDA:77,8,0,2
BRDA:77,8,1,5
BRDA:81,9,0,2
BRDA:81,9,1,5
BRDA:81,10,0,7
BRDA:81,10,1,2
BRDA:90,11,0,1
BRDA:90,11,1,2
BRDA:103,12,0,2
BRDA:103,12,1,2
BRDA:117,13,0,2
BRDA:117,13,1,0
BRDA:124,14,0,2
BRDA:124,14,1,1
BRDA:129,15,0,0
BRDA:129,15,1,2
BRDA:136,16,0,2
BRDA:136,16,1,1
BRDA:162,17,0,4
BRDA:211,18,0,2
BRDA:211,18,1,1
BRF:35
BRH:31
end_of_record
TN:
SF:services\notification.ts
FN:23,(anonymous_0)
FN:33,(anonymous_1)
FN:43,(anonymous_2)
FN:52,(anonymous_3)
FN:61,(anonymous_4)
FN:71,(anonymous_5)
FNF:6
FNH:6
FNDA:1,(anonymous_0)
FNDA:1,(anonymous_1)
FNDA:1,(anonymous_2)
FNDA:1,(anonymous_3)
FNDA:1,(anonymous_4)
FNDA:1,(anonymous_5)
DA:23,2
DA:24,1
DA:27,1
DA:33,2
DA:34,1
DA:37,1
DA:43,2
DA:44,1
DA:52,2
DA:53,1
DA:61,2
DA:62,1
DA:71,2
DA:72,1
LF:14
LH:14
BRF:0
BRH:0
end_of_record
TN:
SF:services\task.ts
FN:32,(anonymous_0)
FN:79,(anonymous_1)
FN:91,(anonymous_2)
FN:111,(anonymous_3)
FN:127,(anonymous_4)
FN:143,(anonymous_5)
FN:160,(anonymous_6)
FN:176,(anonymous_7)
FN:191,(anonymous_8)
FNF:9
FNH:9
FNDA:15,(anonymous_0)
FNDA:6,(anonymous_1)
FNDA:4,(anonymous_2)
FNDA:3,(anonymous_3)
FNDA:2,(anonymous_4)
FNDA:2,(anonymous_5)
FNDA:3,(anonymous_6)
FNDA:2,(anonymous_7)
FNDA:1,(anonymous_8)
DA:32,1
DA:37,15
DA:38,3
DA:41,12
DA:42,1
DA:45,11
DA:46,2
DA:49,9
DA:50,1
DA:53,8
DA:54,1
DA:57,7
DA:58,1
DA:62,6
DA:63,6
DA:64,6
DA:65,6
DA:67,6
DA:68,1
DA:71,5
DA:79,1
DA:80,6
DA:91,1
DA:97,4
DA:111,1
DA:115,3
DA:118,2
DA:127,1
DA:131,2
DA:134,2
DA:143,1
DA:147,2
DA:150,1
DA:160,1
DA:165,3
DA:168,3
DA:176,1
DA:180,2
DA:191,1
DA:195,1
LF:40
LH:40
BRDA:37,0,0,3
BRDA:37,0,1,12
BRDA:37,1,0,15
BRDA:37,1,1,13
BRDA:41,2,0,1
BRDA:41,2,1,11
BRDA:45,3,0,2
BRDA:45,3,1,9
BRDA:45,4,0,11
BRDA:45,4,1,10
BRDA:49,5,0,1
BRDA:49,5,1,8
BRDA:53,6,0,1
BRDA:53,6,1,7
BRDA:57,7,0,1
BRDA:57,7,1,6
BRDA:57,8,0,7
BRDA:57,8,1,7
BRDA:67,9,0,1
BRDA:67,9,1,5
BRF:20
BRH:20
end_of_record
TN:
SF:utils\chatUtils.ts
FN:13,(anonymous_0)
FNF:1
FNH:1
FNDA:2,(anonymous_0)
DA:13,1
DA:15,2
DA:16,2
DA:18,2
DA:19,2
DA:22,2
DA:23,1
DA:36,2
LF:8
LH:8
BRDA:22,0,0,1
BRDA:22,0,1,1
BRF:2
BRH:2
end_of_record
TN:
SF:utils\locationUtils.ts
FN:24,(anonymous_0)
FN:60,(anonymous_1)
FN:87,(anonymous_2)
FN:100,(anonymous_3)
FN:140,(anonymous_4)
FN:186,(anonymous_5)
FN:209,(anonymous_6)
FN:236,(anonymous_7)
FNF:8
FNH:8
FNDA:5,(anonymous_0)
FNDA:1,(anonymous_1)
FNDA:16,(anonymous_2)
FNDA:3,(anonymous_3)
FNDA:3,(anonymous_4)
FNDA:2,(anonymous_5)
FNDA:2,(anonymous_6)
FNDA:2,(anonymous_7)
DA:24,1
DA:25,5
DA:28,5
DA:29,4
DA:32,1
DA:51,1
DA:60,1
DA:61,1
DA:63,1
DA:85,1
DA:87,1
DA:88,16
DA:89,16
DA:92,1
DA:100,1
DA:101,3
DA:102,0
DA:105,3
DA:106,3
DA:115,2
DA:116,0
DA:119,2
DA:120,2
DA:121,1
DA:126,1
DA:128,1
DA:129,1
DA:140,1
DA:145,3
DA:146,3
DA:156,2
DA:157,0
DA:160,2
DA:161,2
DA:162,2
DA:165,2
DA:166,2
DA:169,2
DA:171,0
DA:173,1
DA:174,1
DA:186,1
DA:192,2
DA:193,2
DA:194,2
DA:196,2
DA:201,2
DA:202,2
DA:209,1
DA:210,2
DA:211,2
DA:213,2
DA:214,1
DA:215,1
DA:218,1
DA:222,1
DA:227,0
DA:228,0
DA:236,1
DA:237,2
DA:238,2
DA:239,2
DA:241,0
DA:242,0
LF:64
LH:56
BRDA:25,0,0,0
BRDA:25,0,1,5
BRDA:28,1,0,4
BRDA:28,1,1,1
BRDA:28,2,0,5
BRDA:28,2,1,1
BRDA:29,3,0,2
BRDA:29,3,1,2
BRDA:33,4,0,1
BRDA:33,4,1,0
BRDA:34,5,0,1
BRDA:34,5,1,0
BRDA:35,6,0,1
BRDA:35,6,1,0
BRDA:36,7,0,1
BRDA:36,7,1,0
BRDA:37,8,0,1
BRDA:37,8,1,0
BRDA:38,9,0,1
BRDA:38,9,1,0
BRDA:39,10,0,1
BRDA:39,10,1,0
BRDA:40,11,0,1
BRDA:40,11,1,0
BRDA:41,12,0,1
BRDA:41,12,1,0
BRDA:42,13,0,1
BRDA:42,13,1,0
BRDA:43,14,0,1
BRDA:43,14,1,0
BRDA:44,15,0,1
BRDA:44,15,1,0
BRDA:45,16,0,1
BRDA:45,16,1,0
BRDA:46,17,0,1
BRDA:46,17,1,0
BRDA:47,18,0,1
BRDA:47,18,1,0
BRDA:48,19,0,1
BRDA:48,19,1,0
BRDA:51,20,0,1
BRDA:51,20,1,1
BRDA:61,21,0,0
BRDA:61,21,1,1
BRDA:61,22,0,1
BRDA:61,22,1,1
BRDA:61,23,0,0
BRDA:61,23,1,0
BRDA:65,24,0,1
BRDA:65,24,1,0
BRDA:66,25,0,1
BRDA:66,25,1,0
BRDA:67,26,0,1
BRDA:67,26,1,0
BRDA:68,27,0,1
BRDA:68,27,1,0
BRDA:69,28,0,1
BRDA:69,28,1,0
BRDA:70,29,0,1
BRDA:70,29,1,0
BRDA:71,30,0,1
BRDA:71,30,1,0
BRDA:72,31,0,1
BRDA:72,31,1,0
BRDA:73,32,0,1
BRDA:73,32,1,0
BRDA:74,33,0,1
BRDA:74,33,1,0
BRDA:77,34,0,1
BRDA:77,34,1,0
BRDA:78,35,0,1
BRDA:78,35,1,0
BRDA:79,36,0,1
BRDA:79,36,1,0
BRDA:80,37,0,1
BRDA:80,37,1,0
BRDA:81,38,0,1
BRDA:81,38,1,0
BRDA:82,39,0,1
BRDA:82,39,1,0
BRDA:101,40,0,0
BRDA:101,40,1,3
BRDA:101,41,0,3
BRDA:101,41,1,3
BRDA:115,42,0,0
BRDA:115,42,1,2
BRDA:120,43,0,1
BRDA:120,43,1,1
BRDA:120,44,0,2
BRDA:120,44,1,2
BRDA:143,45,0,2
BRDA:156,46,0,0
BRDA:156,46,1,2
BRDA:161,47,0,2
BRDA:161,47,1,0
BRDA:161,48,0,2
BRDA:161,48,1,2
BRDA:165,49,0,2
BRDA:165,49,1,0
BRDA:213,50,0,1
BRDA:213,50,1,1
BRF:101
BRH:60
end_of_record
TN:
SF:utils\pushNotifications.ts
FN:9,(anonymous_0)
FN:19,registerForPushNotificationsAsync
FN:71,registerDeviceForPushNotifications
FN:92,addNotificationReceivedListener
FN:101,addNotificationResponseReceivedListener
FN:110,removeNotificationSubscription
FN:117,getBadgeCount
FN:124,setBadgeCount
FNF:8
FNH:4
FNDA:0,(anonymous_0)
FNDA:7,registerForPushNotificationsAsync
FNDA:2,registerDeviceForPushNotifications
FNDA:0,addNotificationReceivedListener
FNDA:0,addNotificationResponseReceivedListener
FNDA:0,removeNotificationSubscription
FNDA:1,getBadgeCount
FNDA:1,setBadgeCount
DA:8,1
DA:9,0
DA:20,7
DA:23,7
DA:24,2
DA:25,2
DA:29,5
DA:30,5
DA:33,5
DA:34,2
DA:35,2
DA:38,5
DA:39,1
DA:40,1
DA:44,4
DA:45,4
DA:46,4
DA:49,4
DA:51,0
DA:52,0
DA:56,4
DA:57,2
DA:65,4
DA:72,2
DA:73,2
DA:75,2
DA:76,1
DA:77,1
DA:80,1
DA:81,1
DA:82,1
DA:84,0
DA:85,0
DA:95,0
DA:104,0
DA:111,0
DA:118,1
DA:125,1
LF:38
LH:30
BRDA:23,0,0,2
BRDA:23,0,1,5
BRDA:33,1,0,2
BRDA:33,1,1,3
BRDA:38,2,0,1
BRDA:38,2,1,4
BRDA:56,3,0,2
BRDA:56,3,1,2
BRDA:75,4,0,1
BRDA:75,4,1,1
BRF:10
BRH:10
end_of_record
