{"total": {"lines":{"total":3994,"covered":2703,"skipped":0,"pct":67.67},"statements":{"total":4221,"covered":2782,"skipped":0,"pct":65.9},"functions":{"total":920,"covered":581,"skipped":0,"pct":63.15},"branches":{"total":3541,"covered":2105,"skipped":0,"pct":59.44},"branchesTrue":{"total":0,"covered":0,"skipped":0,"pct":100}}
,"C:/Projeler/CMPE 352/bounswe2025group1/frontend/src/components/CalendarTab.jsx": {"lines":{"total":56,"covered":55,"skipped":0,"pct":98.21},"functions":{"total":18,"covered":17,"skipped":0,"pct":94.44},"statements":{"total":62,"covered":60,"skipped":0,"pct":96.77},"branches":{"total":47,"covered":46,"skipped":0,"pct":97.87}}
,"C:/Projeler/CMPE 352/bounswe2025group1/frontend/src/components/ChatWidget.jsx": {"lines":{"total":221,"covered":110,"skipped":0,"pct":49.77},"functions":{"total":65,"covered":32,"skipped":0,"pct":49.23},"statements":{"total":252,"covered":123,"skipped":0,"pct":48.8},"branches":{"total":183,"covered":56,"skipped":0,"pct":30.6}}
,"C:/Projeler/CMPE 352/bounswe2025group1/frontend/src/components/CommentCreateDialog.jsx": {"lines":{"total":49,"covered":36,"skipped":0,"pct":73.46},"functions":{"total":6,"covered":5,"skipped":0,"pct":83.33},"statements":{"total":49,"covered":36,"skipped":0,"pct":73.46},"branches":{"total":18,"covered":14,"skipped":0,"pct":77.77}}
,"C:/Projeler/CMPE 352/bounswe2025group1/frontend/src/components/CommentItem.jsx": {"lines":{"total":56,"covered":22,"skipped":0,"pct":39.28},"functions":{"total":12,"covered":4,"skipped":0,"pct":33.33},"statements":{"total":63,"covered":23,"skipped":0,"pct":36.5},"branches":{"total":71,"covered":24,"skipped":0,"pct":33.8}}
,"C:/Projeler/CMPE 352/bounswe2025group1/frontend/src/components/DirectMessageButton.jsx": {"lines":{"total":21,"covered":20,"skipped":0,"pct":95.23},"functions":{"total":2,"covered":2,"skipped":0,"pct":100},"statements":{"total":21,"covered":20,"skipped":0,"pct":95.23},"branches":{"total":17,"covered":14,"skipped":0,"pct":82.35}}
,"C:/Projeler/CMPE 352/bounswe2025group1/frontend/src/components/EventCard.jsx": {"lines":{"total":28,"covered":21,"skipped":0,"pct":75},"functions":{"total":7,"covered":5,"skipped":0,"pct":71.42},"statements":{"total":29,"covered":21,"skipped":0,"pct":72.41},"branches":{"total":46,"covered":37,"skipped":0,"pct":80.43}}
,"C:/Projeler/CMPE 352/bounswe2025group1/frontend/src/components/EventCreateDialog.jsx": {"lines":{"total":89,"covered":75,"skipped":0,"pct":84.26},"functions":{"total":15,"covered":11,"skipped":0,"pct":73.33},"statements":{"total":92,"covered":77,"skipped":0,"pct":83.69},"branches":{"total":52,"covered":34,"skipped":0,"pct":65.38}}
,"C:/Projeler/CMPE 352/bounswe2025group1/frontend/src/components/EventDetailModal.jsx": {"lines":{"total":123,"covered":74,"skipped":0,"pct":60.16},"functions":{"total":23,"covered":15,"skipped":0,"pct":65.21},"statements":{"total":133,"covered":76,"skipped":0,"pct":57.14},"branches":{"total":163,"covered":78,"skipped":0,"pct":47.85}}
,"C:/Projeler/CMPE 352/bounswe2025group1/frontend/src/components/FontSizeSelector.jsx": {"lines":{"total":31,"covered":30,"skipped":0,"pct":96.77},"functions":{"total":11,"covered":10,"skipped":0,"pct":90.9},"statements":{"total":33,"covered":32,"skipped":0,"pct":96.96},"branches":{"total":18,"covered":16,"skipped":0,"pct":88.88}}
,"C:/Projeler/CMPE 352/bounswe2025group1/frontend/src/components/ForumCreateDialog.jsx": {"lines":{"total":53,"covered":42,"skipped":0,"pct":79.24},"functions":{"total":7,"covered":6,"skipped":0,"pct":85.71},"statements":{"total":53,"covered":42,"skipped":0,"pct":79.24},"branches":{"total":16,"covered":13,"skipped":0,"pct":81.25}}
,"C:/Projeler/CMPE 352/bounswe2025group1/frontend/src/components/ForumPreview.jsx": {"lines":{"total":35,"covered":25,"skipped":0,"pct":71.42},"functions":{"total":8,"covered":6,"skipped":0,"pct":75},"statements":{"total":35,"covered":25,"skipped":0,"pct":71.42},"branches":{"total":22,"covered":15,"skipped":0,"pct":68.18}}
,"C:/Projeler/CMPE 352/bounswe2025group1/frontend/src/components/GardenBadges.jsx": {"lines":{"total":71,"covered":71,"skipped":0,"pct":100},"functions":{"total":35,"covered":35,"skipped":0,"pct":100},"statements":{"total":71,"covered":71,"skipped":0,"pct":100},"branches":{"total":210,"covered":210,"skipped":0,"pct":100}}
,"C:/Projeler/CMPE 352/bounswe2025group1/frontend/src/components/GardenCard.jsx": {"lines":{"total":18,"covered":15,"skipped":0,"pct":83.33},"functions":{"total":5,"covered":3,"skipped":0,"pct":60},"statements":{"total":18,"covered":15,"skipped":0,"pct":83.33},"branches":{"total":21,"covered":21,"skipped":0,"pct":100}}
,"C:/Projeler/CMPE 352/bounswe2025group1/frontend/src/components/GardenModal.jsx": {"lines":{"total":48,"covered":42,"skipped":0,"pct":87.5},"functions":{"total":13,"covered":10,"skipped":0,"pct":76.92},"statements":{"total":48,"covered":42,"skipped":0,"pct":87.5},"branches":{"total":40,"covered":37,"skipped":0,"pct":92.5}}
,"C:/Projeler/CMPE 352/bounswe2025group1/frontend/src/components/GardensPreview.jsx": {"lines":{"total":46,"covered":40,"skipped":0,"pct":86.95},"functions":{"total":6,"covered":6,"skipped":0,"pct":100},"statements":{"total":46,"covered":40,"skipped":0,"pct":86.95},"branches":{"total":19,"covered":15,"skipped":0,"pct":78.94}}
,"C:/Projeler/CMPE 352/bounswe2025group1/frontend/src/components/ImageGallery.jsx": {"lines":{"total":17,"covered":17,"skipped":0,"pct":100},"functions":{"total":5,"covered":5,"skipped":0,"pct":100},"statements":{"total":17,"covered":17,"skipped":0,"pct":100},"branches":{"total":27,"covered":25,"skipped":0,"pct":92.59}}
,"C:/Projeler/CMPE 352/bounswe2025group1/frontend/src/components/ImageUpload.jsx": {"lines":{"total":64,"covered":57,"skipped":0,"pct":89.06},"functions":{"total":17,"covered":15,"skipped":0,"pct":88.23},"statements":{"total":69,"covered":62,"skipped":0,"pct":89.85},"branches":{"total":54,"covered":38,"skipped":0,"pct":70.37}}
,"C:/Projeler/CMPE 352/bounswe2025group1/frontend/src/components/ImpactSummaryTab.jsx": {"lines":{"total":50,"covered":43,"skipped":0,"pct":86},"functions":{"total":7,"covered":6,"skipped":0,"pct":85.71},"statements":{"total":52,"covered":45,"skipped":0,"pct":86.53},"branches":{"total":26,"covered":22,"skipped":0,"pct":84.61}}
,"C:/Projeler/CMPE 352/bounswe2025group1/frontend/src/components/InlineImageUpload.jsx": {"lines":{"total":59,"covered":24,"skipped":0,"pct":40.67},"functions":{"total":16,"covered":9,"skipped":0,"pct":56.25},"statements":{"total":65,"covered":26,"skipped":0,"pct":40},"branches":{"total":46,"covered":28,"skipped":0,"pct":60.86}}
,"C:/Projeler/CMPE 352/bounswe2025group1/frontend/src/components/LanguageToggle.jsx": {"lines":{"total":32,"covered":32,"skipped":0,"pct":100},"functions":{"total":11,"covered":11,"skipped":0,"pct":100},"statements":{"total":33,"covered":33,"skipped":0,"pct":100},"branches":{"total":18,"covered":16,"skipped":0,"pct":88.88}}
,"C:/Projeler/CMPE 352/bounswe2025group1/frontend/src/components/LocationPicker.jsx": {"lines":{"total":192,"covered":107,"skipped":0,"pct":55.72},"functions":{"total":23,"covered":15,"skipped":0,"pct":65.21},"statements":{"total":198,"covered":110,"skipped":0,"pct":55.55},"branches":{"total":173,"covered":81,"skipped":0,"pct":46.82}}
,"C:/Projeler/CMPE 352/bounswe2025group1/frontend/src/components/Navbar.jsx": {"lines":{"total":97,"covered":62,"skipped":0,"pct":63.91},"functions":{"total":41,"covered":27,"skipped":0,"pct":65.85},"statements":{"total":101,"covered":65,"skipped":0,"pct":64.35},"branches":{"total":61,"covered":40,"skipped":0,"pct":65.57}}
,"C:/Projeler/CMPE 352/bounswe2025group1/frontend/src/components/NotificationBell.jsx": {"lines":{"total":64,"covered":61,"skipped":0,"pct":95.31},"functions":{"total":16,"covered":15,"skipped":0,"pct":93.75},"statements":{"total":67,"covered":63,"skipped":0,"pct":94.02},"branches":{"total":26,"covered":19,"skipped":0,"pct":73.07}}
,"C:/Projeler/CMPE 352/bounswe2025group1/frontend/src/components/PostCard.jsx": {"lines":{"total":104,"covered":54,"skipped":0,"pct":51.92},"functions":{"total":25,"covered":14,"skipped":0,"pct":56},"statements":{"total":116,"covered":57,"skipped":0,"pct":49.13},"branches":{"total":96,"covered":59,"skipped":0,"pct":61.45}}
,"C:/Projeler/CMPE 352/bounswe2025group1/frontend/src/components/PostComposer.jsx": {"lines":{"total":25,"covered":24,"skipped":0,"pct":96},"functions":{"total":7,"covered":6,"skipped":0,"pct":85.71},"statements":{"total":26,"covered":24,"skipped":0,"pct":92.3},"branches":{"total":19,"covered":17,"skipped":0,"pct":89.47}}
,"C:/Projeler/CMPE 352/bounswe2025group1/frontend/src/components/ReportDialog.jsx": {"lines":{"total":30,"covered":27,"skipped":0,"pct":90},"functions":{"total":4,"covered":3,"skipped":0,"pct":75},"statements":{"total":31,"covered":27,"skipped":0,"pct":87.09},"branches":{"total":20,"covered":15,"skipped":0,"pct":75}}
,"C:/Projeler/CMPE 352/bounswe2025group1/frontend/src/components/TaskBoard.jsx": {"lines":{"total":22,"covered":14,"skipped":0,"pct":63.63},"functions":{"total":10,"covered":8,"skipped":0,"pct":80},"statements":{"total":24,"covered":14,"skipped":0,"pct":58.33},"branches":{"total":12,"covered":6,"skipped":0,"pct":50}}
,"C:/Projeler/CMPE 352/bounswe2025group1/frontend/src/components/TaskDetailModal.jsx": {"lines":{"total":71,"covered":47,"skipped":0,"pct":66.19},"functions":{"total":12,"covered":10,"skipped":0,"pct":83.33},"statements":{"total":77,"covered":49,"skipped":0,"pct":63.63},"branches":{"total":82,"covered":53,"skipped":0,"pct":64.63}}
,"C:/Projeler/CMPE 352/bounswe2025group1/frontend/src/components/TaskList.jsx": {"lines":{"total":33,"covered":30,"skipped":0,"pct":90.9},"functions":{"total":14,"covered":12,"skipped":0,"pct":85.71},"statements":{"total":33,"covered":30,"skipped":0,"pct":90.9},"branches":{"total":36,"covered":24,"skipped":0,"pct":66.66}}
,"C:/Projeler/CMPE 352/bounswe2025group1/frontend/src/components/TaskModal.jsx": {"lines":{"total":137,"covered":82,"skipped":0,"pct":59.85},"functions":{"total":38,"covered":16,"skipped":0,"pct":42.1},"statements":{"total":147,"covered":85,"skipped":0,"pct":57.82},"branches":{"total":118,"covered":63,"skipped":0,"pct":53.38}}
,"C:/Projeler/CMPE 352/bounswe2025group1/frontend/src/components/TaskWidget.jsx": {"lines":{"total":25,"covered":25,"skipped":0,"pct":100},"functions":{"total":3,"covered":3,"skipped":0,"pct":100},"statements":{"total":25,"covered":25,"skipped":0,"pct":100},"branches":{"total":8,"covered":8,"skipped":0,"pct":100}}
,"C:/Projeler/CMPE 352/bounswe2025group1/frontend/src/components/ThemeToggle.jsx": {"lines":{"total":25,"covered":24,"skipped":0,"pct":96},"functions":{"total":9,"covered":9,"skipped":0,"pct":100},"statements":{"total":25,"covered":24,"skipped":0,"pct":96},"branches":{"total":6,"covered":4,"skipped":0,"pct":66.66}}
,"C:/Projeler/CMPE 352/bounswe2025group1/frontend/src/components/WeatherWidget.jsx": {"lines":{"total":73,"covered":68,"skipped":0,"pct":93.15},"functions":{"total":12,"covered":11,"skipped":0,"pct":91.66},"statements":{"total":74,"covered":69,"skipped":0,"pct":93.24},"branches":{"total":26,"covered":21,"skipped":0,"pct":80.76}}
,"C:/Projeler/CMPE 352/bounswe2025group1/frontend/src/config/firebaseConfig.js": {"lines":{"total":8,"covered":7,"skipped":0,"pct":87.5},"functions":{"total":0,"covered":0,"skipped":0,"pct":100},"statements":{"total":8,"covered":7,"skipped":0,"pct":87.5},"branches":{"total":0,"covered":0,"skipped":0,"pct":100}}
,"C:/Projeler/CMPE 352/bounswe2025group1/frontend/src/contexts/AuthContextUtils.js": {"lines":{"total":3,"covered":3,"skipped":0,"pct":100},"functions":{"total":1,"covered":1,"skipped":0,"pct":100},"statements":{"total":3,"covered":3,"skipped":0,"pct":100},"branches":{"total":0,"covered":0,"skipped":0,"pct":100}}
,"C:/Projeler/CMPE 352/bounswe2025group1/frontend/src/i18n/config.js": {"lines":{"total":24,"covered":24,"skipped":0,"pct":100},"functions":{"total":4,"covered":3,"skipped":0,"pct":75},"statements":{"total":25,"covered":24,"skipped":0,"pct":96},"branches":{"total":12,"covered":8,"skipped":0,"pct":66.66}}
,"C:/Projeler/CMPE 352/bounswe2025group1/frontend/src/pages/auth/ForgotPassword.jsx": {"lines":{"total":26,"covered":20,"skipped":0,"pct":76.92},"functions":{"total":3,"covered":3,"skipped":0,"pct":100},"statements":{"total":26,"covered":20,"skipped":0,"pct":76.92},"branches":{"total":12,"covered":9,"skipped":0,"pct":75}}
,"C:/Projeler/CMPE 352/bounswe2025group1/frontend/src/pages/auth/Login.jsx": {"lines":{"total":51,"covered":36,"skipped":0,"pct":70.58},"functions":{"total":9,"covered":6,"skipped":0,"pct":66.66},"statements":{"total":52,"covered":36,"skipped":0,"pct":69.23},"branches":{"total":60,"covered":38,"skipped":0,"pct":63.33}}
,"C:/Projeler/CMPE 352/bounswe2025group1/frontend/src/pages/auth/Register.jsx": {"lines":{"total":73,"covered":40,"skipped":0,"pct":54.79},"functions":{"total":13,"covered":5,"skipped":0,"pct":38.46},"statements":{"total":74,"covered":40,"skipped":0,"pct":54.05},"branches":{"total":104,"covered":53,"skipped":0,"pct":50.96}}
,"C:/Projeler/CMPE 352/bounswe2025group1/frontend/src/pages/auth/ResetPassword.jsx": {"lines":{"total":49,"covered":27,"skipped":0,"pct":55.1},"functions":{"total":6,"covered":5,"skipped":0,"pct":83.33},"statements":{"total":49,"covered":27,"skipped":0,"pct":55.1},"branches":{"total":35,"covered":19,"skipped":0,"pct":54.28}}
,"C:/Projeler/CMPE 352/bounswe2025group1/frontend/src/pages/forum/ForumList.jsx": {"lines":{"total":112,"covered":68,"skipped":0,"pct":60.71},"functions":{"total":30,"covered":13,"skipped":0,"pct":43.33},"statements":{"total":116,"covered":68,"skipped":0,"pct":58.62},"branches":{"total":60,"covered":32,"skipped":0,"pct":53.33}}
,"C:/Projeler/CMPE 352/bounswe2025group1/frontend/src/pages/forum/ForumPost.jsx": {"lines":{"total":136,"covered":77,"skipped":0,"pct":56.61},"functions":{"total":31,"covered":14,"skipped":0,"pct":45.16},"statements":{"total":136,"covered":77,"skipped":0,"pct":56.61},"branches":{"total":66,"covered":44,"skipped":0,"pct":66.66}}
,"C:/Projeler/CMPE 352/bounswe2025group1/frontend/src/pages/garden/GardenDetail.jsx": {"lines":{"total":321,"covered":134,"skipped":0,"pct":41.74},"functions":{"total":83,"covered":17,"skipped":0,"pct":20.48},"statements":{"total":356,"covered":138,"skipped":0,"pct":38.76},"branches":{"total":219,"covered":93,"skipped":0,"pct":42.46}}
,"C:/Projeler/CMPE 352/bounswe2025group1/frontend/src/pages/garden/GardenList.jsx": {"lines":{"total":170,"covered":103,"skipped":0,"pct":60.58},"functions":{"total":31,"covered":14,"skipped":0,"pct":45.16},"statements":{"total":186,"covered":109,"skipped":0,"pct":58.6},"branches":{"total":152,"covered":68,"skipped":0,"pct":44.73}}
,"C:/Projeler/CMPE 352/bounswe2025group1/frontend/src/pages/home/Home.jsx": {"lines":{"total":14,"covered":13,"skipped":0,"pct":92.85},"functions":{"total":4,"covered":3,"skipped":0,"pct":75},"statements":{"total":14,"covered":13,"skipped":0,"pct":92.85},"branches":{"total":34,"covered":29,"skipped":0,"pct":85.29}}
,"C:/Projeler/CMPE 352/bounswe2025group1/frontend/src/pages/infohub/InfohubDetail.jsx": {"lines":{"total":13,"covered":13,"skipped":0,"pct":100},"functions":{"total":3,"covered":3,"skipped":0,"pct":100},"statements":{"total":13,"covered":13,"skipped":0,"pct":100},"branches":{"total":24,"covered":20,"skipped":0,"pct":83.33}}
,"C:/Projeler/CMPE 352/bounswe2025group1/frontend/src/pages/infohub/InfohubHome.jsx": {"lines":{"total":12,"covered":12,"skipped":0,"pct":100},"functions":{"total":5,"covered":5,"skipped":0,"pct":100},"statements":{"total":12,"covered":12,"skipped":0,"pct":100},"branches":{"total":6,"covered":5,"skipped":0,"pct":83.33}}
,"C:/Projeler/CMPE 352/bounswe2025group1/frontend/src/pages/infohub/PlantDetail.jsx": {"lines":{"total":144,"covered":92,"skipped":0,"pct":63.88},"functions":{"total":39,"covered":13,"skipped":0,"pct":33.33},"statements":{"total":161,"covered":95,"skipped":0,"pct":59},"branches":{"total":305,"covered":164,"skipped":0,"pct":53.77}}
,"C:/Projeler/CMPE 352/bounswe2025group1/frontend/src/pages/infohub/PlantList.jsx": {"lines":{"total":38,"covered":34,"skipped":0,"pct":89.47},"functions":{"total":12,"covered":10,"skipped":0,"pct":83.33},"statements":{"total":38,"covered":34,"skipped":0,"pct":89.47},"branches":{"total":43,"covered":38,"skipped":0,"pct":88.37}}
,"C:/Projeler/CMPE 352/bounswe2025group1/frontend/src/pages/infohub/SoilTypes.jsx": {"lines":{"total":45,"covered":44,"skipped":0,"pct":97.77},"functions":{"total":11,"covered":10,"skipped":0,"pct":90.9},"statements":{"total":46,"covered":45,"skipped":0,"pct":97.82},"branches":{"total":18,"covered":15,"skipped":0,"pct":83.33}}
,"C:/Projeler/CMPE 352/bounswe2025group1/frontend/src/pages/infohub/ToolGuide.jsx": {"lines":{"total":59,"covered":54,"skipped":0,"pct":91.52},"functions":{"total":14,"covered":12,"skipped":0,"pct":85.71},"statements":{"total":61,"covered":56,"skipped":0,"pct":91.8},"branches":{"total":51,"covered":39,"skipped":0,"pct":76.47}}
,"C:/Projeler/CMPE 352/bounswe2025group1/frontend/src/pages/profile/Profile.jsx": {"lines":{"total":266,"covered":159,"skipped":0,"pct":59.77},"functions":{"total":54,"covered":36,"skipped":0,"pct":66.66},"statements":{"total":280,"covered":162,"skipped":0,"pct":57.85},"branches":{"total":239,"covered":114,"skipped":0,"pct":47.69}}
,"C:/Projeler/CMPE 352/bounswe2025group1/frontend/src/pages/task/Tasks.jsx": {"lines":{"total":101,"covered":69,"skipped":0,"pct":68.31},"functions":{"total":20,"covered":16,"skipped":0,"pct":80},"statements":{"total":112,"covered":77,"skipped":0,"pct":68.75},"branches":{"total":40,"covered":25,"skipped":0,"pct":62.5}}
,"C:/Projeler/CMPE 352/bounswe2025group1/frontend/src/themes/themeConfig.js": {"lines":{"total":6,"covered":6,"skipped":0,"pct":100},"functions":{"total":0,"covered":0,"skipped":0,"pct":100},"statements":{"total":6,"covered":6,"skipped":0,"pct":100},"branches":{"total":0,"covered":0,"skipped":0,"pct":100}}
,"C:/Projeler/CMPE 352/bounswe2025group1/frontend/src/utils/chatUtils.js": {"lines":{"total":8,"covered":8,"skipped":0,"pct":100},"functions":{"total":1,"covered":1,"skipped":0,"pct":100},"statements":{"total":8,"covered":8,"skipped":0,"pct":100},"branches":{"total":2,"covered":2,"skipped":0,"pct":100}}
,"C:/Projeler/CMPE 352/bounswe2025group1/frontend/src/utils/keyboardNavigation.js": {"lines":{"total":151,"covered":94,"skipped":0,"pct":62.25},"functions":{"total":27,"covered":15,"skipped":0,"pct":55.55},"statements":{"total":152,"covered":94,"skipped":0,"pct":61.84},"branches":{"total":102,"covered":46,"skipped":0,"pct":45.09}}
,"C:/Projeler/CMPE 352/bounswe2025group1/frontend/src/utils/locationUtils.js": {"lines":{"total":43,"covered":38,"skipped":0,"pct":88.37},"functions":{"total":9,"covered":8,"skipped":0,"pct":88.88},"statements":{"total":45,"covered":38,"skipped":0,"pct":84.44},"branches":{"total":120,"covered":45,"skipped":0,"pct":37.5}}
,"C:/Projeler/CMPE 352/bounswe2025group1/frontend/src/utils/notificationUtils.jsx": {"lines":{"total":34,"covered":31,"skipped":0,"pct":91.17},"functions":{"total":5,"covered":4,"skipped":0,"pct":80},"statements":{"total":35,"covered":31,"skipped":0,"pct":88.57},"branches":{"total":23,"covered":14,"skipped":0,"pct":60.86}}
,"C:/Projeler/CMPE 352/bounswe2025group1/frontend/src/utils/taskUtils.js": {"lines":{"total":22,"covered":21,"skipped":0,"pct":95.45},"functions":{"total":2,"covered":2,"skipped":0,"pct":100},"statements":{"total":22,"covered":21,"skipped":0,"pct":95.45},"branches":{"total":17,"covered":16,"skipped":0,"pct":94.11}}
}
