<?xml version="1.0" encoding="utf-8"?><testsuites><testsuite name="pytest" errors="0" failures="0" skipped="0" tests="13" time="73.330" timestamp="2025-12-20T21:49:29.495671+03:00" hostname="SuleymanTolgaAcar"><testcase classname="gardenplanner.apps.garden.tests.ModelTests" name="test_garden_membership_str_representation" time="8.641" /><testcase classname="gardenplanner.apps.garden.tests.ModelTests" name="test_garden_str_representation" time="2.209" /><testcase classname="gardenplanner.apps.garden.tests.ModelTests" name="test_profile_creation" time="2.179" /><testcase classname="gardenplanner.apps.garden.tests.ModelTests" name="test_profile_follow_unfollow" time="5.270" /><testcase classname="gardenplanner.apps.garden.tests.SerializerTests" name="test_garden_serializer" time="4.601" /><testcase classname="gardenplanner.apps.garden.tests.SerializerTests" name="test_user_serializer" time="1.483" /><testcase classname="gardenplanner.apps.garden.tests.APITests" name="test_accept_membership" time="7.375" /><testcase classname="gardenplanner.apps.garden.tests.APITests" name="test_create_garden" time="6.861" /><testcase classname="gardenplanner.apps.garden.tests.APITests" name="test_create_membership" time="6.264" /><testcase classname="gardenplanner.apps.garden.tests.APITests" name="test_create_task" time="6.112" /><testcase classname="gardenplanner.apps.garden.tests.APITests" name="test_create_task_type" time="6.003" /><testcase classname="gardenplanner.apps.garden.tests.APITests" name="test_follow_user" time="6.546" /><testcase classname="gardenplanner.apps.garden.tests.APITests" name="test_garden_detail" time="5.844" /><testcase time="0.001" /></testsuite></testsuites>