<?xml version="1.0" encoding="utf-8"?><testsuites><testsuite name="pytest" errors="0" failures="0" skipped="0" tests="273" time="450.766" timestamp="2025-12-21T01:02:21.106312+03:00" hostname="SuleymanTolgaAcar"><testcase classname="gardenplanner.apps.garden.tests.ModelTests" name="test_garden_membership_str_representation" time="8.181" /><testcase classname="gardenplanner.apps.garden.tests.ModelTests" name="test_garden_str_representation" time="1.502" /><testcase classname="gardenplanner.apps.garden.tests.ModelTests" name="test_profile_creation" time="1.555" /><testcase classname="gardenplanner.apps.garden.tests.ModelTests" name="test_profile_follow_unfollow" time="1.597" /><testcase classname="gardenplanner.apps.garden.tests.SerializerTests" name="test_garden_serializer" time="1.035" /><testcase classname="gardenplanner.apps.garden.tests.SerializerTests" name="test_user_serializer" time="1.022" /><testcase classname="gardenplanner.apps.garden.tests.APITests" name="test_accept_membership" time="3.292" /><testcase classname="gardenplanner.apps.garden.tests.APITests" name="test_create_garden" time="5.941" /><testcase classname="gardenplanner.apps.garden.tests.APITests" name="test_create_membership" time="2.077" /><testcase classname="gardenplanner.apps.garden.tests.APITests" name="test_create_task" time="2.084" /><testcase classname="gardenplanner.apps.garden.tests.APITests" name="test_create_task_type" time="2.051" /><testcase classname="gardenplanner.apps.garden.tests.APITests" name="test_follow_user" time="5.198" /><testcase classname="gardenplanner.apps.garden.tests.APITests" name="test_garden_detail" time="2.097" /><testcase classname="gardenplanner.apps.garden.tests.APITests" name="test_garden_list" time="2.034" /><testcase classname="gardenplanner.apps.garden.tests.APITests" name="test_get_followers" time="2.109" /><testcase classname="gardenplanner.apps.garden.tests.APITests" name="test_get_following" time="2.059" /><testcase classname="gardenplanner.apps.garden.tests.APITests" name="test_get_profile" time="2.117" /><testcase classname="gardenplanner.apps.garden.tests.APITests" name="test_get_user_profile" time="2.032" /><testcase classname="gardenplanner.apps.garden.tests.APITests" name="test_login" time="2.541" /><testcase classname="gardenplanner.apps.garden.tests.APITests" name="test_logout" time="2.052" /><testcase classname="gardenplanner.apps.garden.tests.APITests" name="test_membership_list" time="2.008" /><testcase classname="gardenplanner.apps.garden.tests.APITests" name="test_my_gardens" time="1.887" /><testcase classname="gardenplanner.apps.garden.tests.APITests" name="test_password_reset_request" time="1.961" /><testcase classname="gardenplanner.apps.garden.tests.APITests" name="test_register_user" time="2.386" /><testcase classname="gardenplanner.apps.garden.tests.APITests" name="test_task_list" time="1.992" /><testcase classname="gardenplanner.apps.garden.tests.APITests" name="test_task_type_list" time="1.966" /><testcase classname="gardenplanner.apps.garden.tests.APITests" name="test_unfollow_user" time="1.930" /><testcase classname="gardenplanner.apps.garden.tests.APITests" name="test_update_garden" time="2.840" /><testcase classname="gardenplanner.apps.garden.tests.APITests" name="test_update_profile" time="1.983" /><testcase classname="gardenplanner.apps.garden.tests.ForumPostTests" name="test_create_forum_post" time="0.562" /><testcase classname="gardenplanner.apps.garden.tests.ForumPostTests" name="test_delete_forum_post" time="0.483" /><testcase classname="gardenplanner.apps.garden.tests.ForumPostTests" name="test_list_forum_posts" time="0.481" /><testcase classname="gardenplanner.apps.garden.tests.ForumPostTests" name="test_retrieve_single_post" time="0.478" /><testcase classname="gardenplanner.apps.garden.tests.ForumPostTests" name="test_update_forum_post" time="0.477" /><testcase classname="gardenplanner.apps.garden.tests.CommentTests" name="test_create_comment" time="0.563" /><testcase classname="gardenplanner.apps.garden.tests.CommentTests" name="test_delete_comment" time="0.498" /><testcase classname="gardenplanner.apps.garden.tests.CommentTests" name="test_list_comments" time="0.489" /><testcase classname="gardenplanner.apps.garden.tests.CommentTests" name="test_update_comment" time="0.484" /><testcase classname="gardenplanner.apps.garden.tests.WeatherDataViewTests" name="test_weather_data_success" time="0.065" /><testcase classname="gardenplanner.apps.garden.tests.WeatherDataViewTests" name="test_weather_location_not_found" time="0.006" /><testcase classname="gardenplanner.apps.garden.tests.WeatherDataViewTests" name="test_weather_missing_location_param" time="0.005" /><testcase classname="gardenplanner.apps.garden.tests.ReportingSystemTests" name="test_admin_list_and_review_access" time="1.480" /><testcase classname="gardenplanner.apps.garden.tests.ReportingSystemTests" name="test_admin_review_mark_invalid_keeps_content" time="1.394" /><testcase classname="gardenplanner.apps.garden.tests.ReportingSystemTests" name="test_admin_review_mark_valid_deletes_content" time="1.412" /><testcase classname="gardenplanner.apps.garden.tests.ReportingSystemTests" name="test_create_report_duplicate_fail" time="1.403" /><testcase classname="gardenplanner.apps.garden.tests.ReportingSystemTests" name="test_create_report_invalid_type_fail" time="1.421" /><testcase classname="gardenplanner.apps.garden.tests.ReportingSystemTests" name="test_create_report_success" time="1.391" /><testcase classname="gardenplanner.apps.garden.tests.NotificationTests" name="test_cannot_retrieve_other_user_notification" time="0.992" /><testcase classname="gardenplanner.apps.garden.tests.NotificationTests" name="test_get_unread_count" time="0.946" /><testcase classname="gardenplanner.apps.garden.tests.NotificationTests" name="test_list_notifications_for_authenticated_user" time="0.933" /><testcase classname="gardenplanner.apps.garden.tests.NotificationTests" name="test_mark_all_as_read" time="0.927" /><testcase classname="gardenplanner.apps.garden.tests.NotificationTests" name="test_mark_as_read" time="0.930" /><testcase classname="gardenplanner.apps.garden.tests.NotificationTests" name="test_retrieve_own_notification" time="0.950" /><testcase classname="gardenplanner.apps.garden.tests.TaskActionTests" name="test_accept_task" time="1.516" /><testcase classname="gardenplanner.apps.garden.tests.TaskActionTests" name="test_accept_task_invalid_status" time="1.428" /><testcase classname="gardenplanner.apps.garden.tests.TaskActionTests" name="test_accept_task_wrong_user" time="1.413" /><testcase classname="gardenplanner.apps.garden.tests.TaskActionTests" name="test_assign_task" time="1.442" /><testcase classname="gardenplanner.apps.garden.tests.TaskActionTests" name="test_assign_task_non_manager" time="1.415" /><testcase classname="gardenplanner.apps.garden.tests.TaskActionTests" name="test_assign_task_non_member" time="1.866" /><testcase classname="gardenplanner.apps.garden.tests.TaskActionTests" name="test_complete_task" time="1.428" /><testcase classname="gardenplanner.apps.garden.tests.TaskActionTests" name="test_complete_task_invalid_status" time="1.419" /><testcase classname="gardenplanner.apps.garden.tests.TaskActionTests" name="test_complete_task_wrong_user" time="1.413" /><testcase classname="gardenplanner.apps.garden.tests.TaskActionTests" name="test_decline_task" time="1.427" /><testcase classname="gardenplanner.apps.garden.tests.TaskActionTests" name="test_decline_task_invalid_status" time="1.427" /><testcase classname="gardenplanner.apps.garden.tests.TaskActionTests" name="test_decline_task_wrong_user" time="1.403" /><testcase classname="gardenplanner.apps.garden.tests.TaskActionTests" name="test_self_assign_task" time="1.437" /><testcase classname="gardenplanner.apps.garden.tests.TaskActionTests" name="test_self_assign_task_already_assigned" time="1.401" /><testcase classname="gardenplanner.apps.garden.tests.TaskActionTests" name="test_self_assign_task_invalid_status" time="1.418" /><testcase classname="gardenplanner.apps.garden.tests.TaskActionTests" name="test_task_update_view" time="1.434" /><testcase classname="gardenplanner.apps.garden.tests.ProfileEndpointTests" name="test_block_user" time="1.636" /><testcase classname="gardenplanner.apps.garden.tests.ProfileEndpointTests" name="test_block_user_self" time="1.427" /><testcase classname="gardenplanner.apps.garden.tests.ProfileEndpointTests" name="test_get_block_status" time="1.411" /><testcase classname="gardenplanner.apps.garden.tests.ProfileEndpointTests" name="test_unblock_user" time="1.389" /><testcase classname="gardenplanner.apps.garden.tests.ProfileEndpointTests" name="test_user_followers_view" time="1.428" /><testcase classname="gardenplanner.apps.garden.tests.ProfileEndpointTests" name="test_user_followers_view_blocked" time="1.436" /><testcase classname="gardenplanner.apps.garden.tests.ProfileEndpointTests" name="test_user_following_view" time="1.428" /><testcase classname="gardenplanner.apps.garden.tests.ProfileEndpointTests" name="test_user_following_view_blocked" time="1.416" /><testcase classname="gardenplanner.apps.garden.tests.ProfileEndpointTests" name="test_user_gardens_view" time="1.394" /><testcase classname="gardenplanner.apps.garden.tests.ProfileEndpointTests" name="test_user_gardens_view_blocked" time="1.403" /><testcase classname="gardenplanner.apps.garden.tests.ProfileEndpointTests" name="test_user_is_following_view" time="1.424" /><testcase classname="gardenplanner.apps.garden.tests.ProfileEndpointTests" name="test_user_is_following_view_blocked" time="1.388" /><testcase classname="gardenplanner.apps.garden.tests.ProfileEndpointTests" name="test_user_tasks_view" time="1.414" /><testcase classname="gardenplanner.apps.garden.tests.ProfileEndpointTests" name="test_user_tasks_view_admin" time="1.416" /><testcase classname="gardenplanner.apps.garden.tests.ProfileEndpointTests" name="test_user_tasks_view_blocked" time="1.439" /><testcase classname="gardenplanner.apps.garden.tests.ProfileEndpointTests" name="test_user_tasks_view_public_garden" time="1.570" /><testcase classname="gardenplanner.apps.garden.tests.GardenEndpointTests" name="test_delete_membership" time="1.715" /><testcase classname="gardenplanner.apps.garden.tests.GardenEndpointTests" name="test_delete_membership_deletes_garden" time="1.794" /><testcase classname="gardenplanner.apps.garden.tests.GardenEndpointTests" name="test_delete_membership_promotes_manager" time="1.653" /><testcase classname="gardenplanner.apps.garden.tests.GardenEndpointTests" name="test_garden_members_list" time="1.539" /><testcase classname="gardenplanner.apps.garden.tests.AuthEndpointTests" name="test_password_reset_confirm" time="1.586" /><testcase classname="gardenplanner.apps.garden.tests.AuthEndpointTests" name="test_password_reset_confirm_invalid_token" time="0.514" /><testcase classname="gardenplanner.apps.garden.tests.AuthEndpointTests" name="test_password_reset_confirm_missing_password" time="0.511" /><testcase classname="gardenplanner.apps.garden.tests.PermissionTests" name="test_can_delete_membership_manager" time="2.129" /><testcase classname="gardenplanner.apps.garden.tests.PermissionTests" name="test_can_delete_membership_non_manager" time="2.031" /><testcase classname="gardenplanner.apps.garden.tests.PermissionTests" name="test_can_delete_membership_own" time="1.568" /><testcase classname="gardenplanner.apps.garden.tests.PermissionTests" name="test_is_garden_member_permission" time="2.026" /><testcase classname="gardenplanner.apps.garden.tests.PermissionTests" name="test_is_garden_public_permission" time="1.516" /><testcase classname="gardenplanner.apps.garden.tests.PermissionTests" name="test_is_moderator_permission" time="1.527" /><testcase classname="gardenplanner.apps.garden.tests.PermissionTests" name="test_is_task_assignee_permission" time="2.041" /><testcase classname="gardenplanner.apps.garden.tests.ExtendedSerializerTests" name="test_garden_membership_serializer_missing_garden" time="4.148" /><testcase classname="gardenplanner.apps.garden.tests.ExtendedSerializerTests" name="test_register_serializer_duplicate_email" time="1.087" /><testcase classname="gardenplanner.apps.garden.tests.ExtendedSerializerTests" name="test_register_serializer_duplicate_username" time="1.102" /><testcase classname="gardenplanner.apps.garden.tests.ExtendedSerializerTests" name="test_task_serializer_custom_type_invalid" time="1.070" /><testcase classname="gardenplanner.apps.garden.tests.ExtendedSerializerTests" name="test_task_serializer_custom_type_required" time="1.090" /><testcase classname="gardenplanner.apps.garden.tests.UtilsTests" name="test_get_location_coordinates_api_error" time="0.071" /><testcase classname="gardenplanner.apps.garden.tests.UtilsTests" name="test_get_location_coordinates_not_found" time="0.004" /><testcase classname="gardenplanner.apps.garden.tests.UtilsTests" name="test_get_location_coordinates_success" time="0.004" /><testcase classname="gardenplanner.apps.garden.tests.UtilsTests" name="test_get_weather_data_api_error" time="0.006" /><testcase classname="gardenplanner.apps.garden.tests.UtilsTests" name="test_get_weather_data_location_not_found" time="0.003" /><testcase classname="gardenplanner.apps.garden.tests.UtilsTests" name="test_get_weather_data_success" time="0.005" /><testcase classname="gardenplanner.apps.garden.tests.ExtendedModelTests" name="test_comment_image_str" time="0.606" /><testcase classname="gardenplanner.apps.garden.tests.ExtendedModelTests" name="test_comment_str" time="0.531" /><testcase classname="gardenplanner.apps.garden.tests.ExtendedModelTests" name="test_custom_task_type_str" time="0.523" /><testcase classname="gardenplanner.apps.garden.tests.ExtendedModelTests" name="test_forum_post_image_str" time="0.527" /><testcase classname="gardenplanner.apps.garden.tests.ExtendedModelTests" name="test_forum_post_str" time="0.520" /><testcase classname="gardenplanner.apps.garden.tests.ExtendedModelTests" name="test_garden_image_save_cover_image" time="0.524" /><testcase classname="gardenplanner.apps.garden.tests.ExtendedModelTests" name="test_garden_image_str" time="0.527" /><testcase classname="gardenplanner.apps.garden.tests.ExtendedModelTests" name="test_notification_str" time="0.527" /><testcase classname="gardenplanner.apps.garden.tests.ExtendedModelTests" name="test_profile_str" time="0.528" /><testcase classname="gardenplanner.apps.garden.tests.ExtendedModelTests" name="test_profile_update_signal" time="0.526" /><testcase classname="gardenplanner.apps.garden.tests.ExtendedModelTests" name="test_report_str" time="0.527" /><testcase classname="gardenplanner.apps.garden.tests.ExtendedModelTests" name="test_task_str" time="0.516" /><testcase classname="gardenplanner.apps.garden.tests.ExtendedForumPostTests" name="test_forum_post_delete_not_author" time="1.101" /><testcase classname="gardenplanner.apps.garden.tests.ExtendedForumPostTests" name="test_forum_post_include_comments" time="1.047" /><testcase classname="gardenplanner.apps.garden.tests.ExtendedForumPostTests" name="test_forum_post_list_filters_blocked_users" time="1.050" /><testcase classname="gardenplanner.apps.garden.tests.ExtendedForumPostTests" name="test_forum_post_list_following_filter" time="1.054" /><testcase classname="gardenplanner.apps.garden.tests.ExtendedForumPostTests" name="test_forum_post_retrieve_blocked" time="1.013" /><testcase classname="gardenplanner.apps.garden.tests.ExtendedForumPostTests" name="test_forum_post_update_not_author" time="1.044" /><testcase classname="gardenplanner.apps.garden.tests.ExtendedCommentTests" name="test_comment_create_blocked_author" time="1.137" /><testcase classname="gardenplanner.apps.garden.tests.ExtendedCommentTests" name="test_comment_delete_not_author" time="1.029" /><testcase classname="gardenplanner.apps.garden.tests.ExtendedCommentTests" name="test_comment_list_filters_blocked_users" time="1.037" /><testcase classname="gardenplanner.apps.garden.tests.ExtendedCommentTests" name="test_comment_retrieve_blocked" time="1.032" /><testcase classname="gardenplanner.apps.garden.tests.ExtendedCommentTests" name="test_comment_update_not_author" time="1.037" /><testcase classname="gardenplanner.apps.garden.tests.AdminTests" name="test_report_admin_mark_as_invalid" time="0.591" /><testcase classname="gardenplanner.apps.garden.tests.AdminTests" name="test_report_admin_mark_as_valid" time="0.517" /><testcase classname="gardenplanner.apps.garden.tests.AdminTests" name="test_report_admin_object_link" time="0.547" /><testcase classname="gardenplanner.apps.garden.tests.AdminTests" name="test_report_admin_soft_delete_content" time="0.515" /><testcase classname="gardenplanner.apps.garden.tests.SignalTests" name="test_garden_membership_flow" time="1.608" /><testcase classname="gardenplanner.apps.garden.tests.SignalTests" name="test_garden_membership_rejection" time="1.529" /><testcase classname="gardenplanner.apps.garden.tests.SignalTests" name="test_new_comment_notification_signal" time="1.035" /><testcase classname="gardenplanner.apps.garden.tests.SignalTests" name="test_new_comment_notification_signal_notifications_disabled" time="1.022" /><testcase classname="gardenplanner.apps.garden.tests.SignalTests" name="test_new_comment_notification_signal_own_post" time="1.032" /><testcase classname="gardenplanner.apps.garden.tests.SignalTests" name="test_new_follower_notification_signal" time="1.035" /><testcase classname="gardenplanner.apps.garden.tests.SignalTests" name="test_new_follower_notification_signal_notifications_disabled" time="1.036" /><testcase classname="gardenplanner.apps.garden.tests.SignalTests" name="test_task_update_notification_signal" time="1.037" /><testcase classname="gardenplanner.apps.garden.tests.SignalTests" name="test_task_update_notification_signal_no_assignee" time="1.029" /><testcase classname="gardenplanner.apps.garden.tests.SignalTests" name="test_task_update_notification_signal_notifications_disabled" time="1.022" /><testcase classname="gardenplanner.apps.garden.tests.SignalTests" name="test_weather_alert_command_sends_notification" time="1.040" /><testcase classname="gardenplanner.apps.garden.tests.EdgeCaseTests" name="test_accept_task_from_declined_status" time="1.640" /><testcase classname="gardenplanner.apps.garden.tests.EdgeCaseTests" name="test_assign_task_missing_user_id" time="1.035" /><testcase classname="gardenplanner.apps.garden.tests.EdgeCaseTests" name="test_decline_task_from_accepted_status" time="1.560" /><testcase classname="gardenplanner.apps.garden.tests.EdgeCaseTests" name="test_follow_user_blocked" time="1.036" /><testcase classname="gardenplanner.apps.garden.tests.EdgeCaseTests" name="test_garden_queryset_filtering_authenticated" time="1.031" /><testcase classname="gardenplanner.apps.garden.tests.EdgeCaseTests" name="test_garden_queryset_filtering_unauthenticated" time="1.017" /><testcase classname="gardenplanner.apps.garden.tests.EdgeCaseTests" name="test_self_assign_declined_task" time="1.573" /><testcase classname="gardenplanner.apps.garden.tests.EdgeCaseTests" name="test_task_list_admin_access" time="1.037" /><testcase classname="gardenplanner.apps.garden.tests.EdgeCaseTests" name="test_task_list_manager_access" time="1.037" /><testcase classname="gardenplanner.apps.garden.tests.EdgeCaseTests" name="test_task_list_no_garden_param" time="1.030" /><testcase classname="gardenplanner.apps.garden.tests.EdgeCaseTests" name="test_task_list_worker_access" time="1.549" /><testcase classname="gardenplanner.apps.garden.tests.EdgeCaseTests" name="test_task_update_status_transition" time="1.027" /><testcase classname="gardenplanner.apps.garden.tests.EdgeCaseTests" name="test_user_profile_view_blocked" time="1.036" /><testcase classname="gardenplanner.apps.garden.tests.SerializerImageTests" name="test_comment_serializer_with_images" time="0.598" /><testcase classname="gardenplanner.apps.garden.tests.SerializerImageTests" name="test_forum_post_serializer_with_images" time="0.526" /><testcase classname="gardenplanner.apps.garden.tests.SerializerImageTests" name="test_garden_serializer_with_images" time="4.057" /><testcase classname="gardenplanner.apps.garden.tests.AdditionalEdgeCaseTests" name="test_comment_serializer_delete_images" time="1.122" /><testcase classname="gardenplanner.apps.garden.tests.AdditionalEdgeCaseTests" name="test_comment_serializer_update_with_images" time="1.023" /><testcase classname="gardenplanner.apps.garden.tests.AdditionalEdgeCaseTests" name="test_create_task_assign_to_non_member" time="1.532" /><testcase classname="gardenplanner.apps.garden.tests.AdditionalEdgeCaseTests" name="test_create_task_not_member" time="1.526" /><testcase classname="gardenplanner.apps.garden.tests.AdditionalEdgeCaseTests" name="test_forum_post_serializer_delete_images" time="1.032" /><testcase classname="gardenplanner.apps.garden.tests.AdditionalEdgeCaseTests" name="test_forum_post_serializer_update_with_images" time="1.023" /><testcase classname="gardenplanner.apps.garden.tests.AdditionalEdgeCaseTests" name="test_garden_serializer_update_remove_cover_image" time="1.035" /><testcase classname="gardenplanner.apps.garden.tests.AdditionalEdgeCaseTests" name="test_garden_serializer_update_replace_gallery" time="1.025" /><testcase classname="gardenplanner.apps.garden.tests.AdditionalEdgeCaseTests" name="test_garden_serializer_update_with_images" time="1.017" /><testcase classname="gardenplanner.apps.garden.tests.AdditionalEdgeCaseTests" name="test_task_queryset_retrieve_update" time="1.040" /><testcase classname="gardenplanner.apps.garden.tests.AdditionalEdgeCaseTests" name="test_task_queryset_worker_sees_assigned_and_unassigned" time="1.557" /><testcase classname="gardenplanner.apps.garden.tests.AdditionalEdgeCaseTests" name="test_task_queryset_worker_sees_other_assigned" time="2.057" /><testcase classname="gardenplanner.apps.garden.tests.AdditionalEdgeCaseTests" name="test_weather_api_404_error" time="1.019" /><testcase classname="gardenplanner.apps.garden.tests.AdditionalEdgeCaseTests" name="test_weather_api_error_handling" time="1.050" /><testcase classname="gardenplanner.apps.garden.tests.DecodeBase64ImageTests" name="test_decode_empty_string" time="0.065" /><testcase classname="gardenplanner.apps.garden.tests.DecodeBase64ImageTests" name="test_decode_invalid_base64" time="0.003" /><testcase classname="gardenplanner.apps.garden.tests.DecodeBase64ImageTests" name="test_decode_invalid_data_url" time="0.004" /><testcase classname="gardenplanner.apps.garden.tests.ProfileUpdateImageTests" name="test_profile_update_with_uploaded_image" time="0.582" /><testcase classname="gardenplanner.apps.garden.tests.GardenMembershipEdgeCaseTests" name="test_delete_pending_membership_skips_promotion" time="1.103" /><testcase classname="gardenplanner.apps.garden.tests.GardenMembershipEdgeCaseTests" name="test_duplicate_membership_creation_fails" time="0.517" /><testcase classname="gardenplanner.apps.garden.tests.TaskCreationAssignmentTests" name="test_create_task_assigned_to_member_success" time="1.119" /><testcase classname="gardenplanner.apps.garden.tests.TaskCreationAssignmentTests" name="test_create_task_attempt_override_assigned_by" time="1.045" /><testcase classname="gardenplanner.apps.garden.tests.AdditionalTaskSerializerTests" name="test_task_serializer_maintenance_clears_custom_type" time="0.576" /><testcase classname="gardenplanner.apps.garden.tests.ForumPostSerializerCommentsTests" name="test_forum_post_serializer_comments_default_empty" time="0.601" /><testcase classname="gardenplanner.apps.garden.tests.AdditionalPermissionTests" name="test_is_garden_manager_permission" time="1.598" /><testcase classname="gardenplanner.apps.garden.tests.AdditionalPermissionTests" name="test_is_member_permission" time="2.003" /><testcase classname="gardenplanner.apps.garden.tests.AdditionalPermissionTests" name="test_is_system_administrator_permission" time="1.536" /><testcase classname="gardenplanner.apps.garden.tests.SignalHandlerTests" name="test_comment_sends_notification" time="4.641" /><testcase classname="gardenplanner.apps.garden.tests.SignalHandlerTests" name="test_follow_sends_notification" time="1.531" /><testcase classname="gardenplanner.apps.garden.tests.SignalHandlerTests" name="test_notifications_disabled" time="1.564" /><testcase classname="gardenplanner.apps.garden.tests.SignalHandlerTests" name="test_task_accepted_sends_notification" time="1.561" /><testcase classname="gardenplanner.apps.garden.tests.SignalHandlerTests" name="test_task_creation_sends_notification" time="1.540" /><testcase classname="gardenplanner.apps.garden.tests.NotificationViewTests" name="test_cannot_access_other_user_notification" time="1.082" /><testcase classname="gardenplanner.apps.garden.tests.NotificationViewTests" name="test_list_notifications" time="1.023" /><testcase classname="gardenplanner.apps.garden.tests.NotificationViewTests" name="test_mark_all_as_read" time="1.005" /><testcase classname="gardenplanner.apps.garden.tests.NotificationViewTests" name="test_mark_as_read" time="1.001" /><testcase classname="gardenplanner.apps.garden.tests.NotificationViewTests" name="test_retrieve_notification" time="1.016" /><testcase classname="gardenplanner.apps.garden.tests.NotificationViewTests" name="test_unread_count" time="1.015" /><testcase classname="gardenplanner.apps.garden.tests.GCMDeviceViewTests" name="test_list_user_devices" time="0.587" /><testcase classname="gardenplanner.apps.garden.tests.GCMDeviceViewTests" name="test_register_device" time="0.532" /><testcase classname="gardenplanner.apps.garden.tests.GCMDeviceViewTests" name="test_update_existing_device" time="0.522" /><testcase classname="gardenplanner.apps.garden.tests.GardenEventTests" name="test_attendance_counts" time="5.660" /><testcase classname="gardenplanner.apps.garden.tests.GardenEventTests" name="test_attendance_str_representation" time="2.536" /><testcase classname="gardenplanner.apps.garden.tests.GardenEventTests" name="test_change_vote" time="2.581" /><testcase classname="gardenplanner.apps.garden.tests.GardenEventTests" name="test_create_event_as_member" time="5.586" /><testcase classname="gardenplanner.apps.garden.tests.GardenEventTests" name="test_create_event_as_non_member_fails" time="2.596" /><testcase classname="gardenplanner.apps.garden.tests.GardenEventTests" name="test_create_event_default_category" time="2.551" /><testcase classname="gardenplanner.apps.garden.tests.GardenEventTests" name="test_create_event_with_category" time="2.569" /><testcase classname="gardenplanner.apps.garden.tests.GardenEventTests" name="test_create_private_event" time="6.853" /><testcase classname="gardenplanner.apps.garden.tests.GardenEventTests" name="test_delete_event_as_admin" time="2.583" /><testcase classname="gardenplanner.apps.garden.tests.GardenEventTests" name="test_delete_event_as_creator" time="2.538" /><testcase classname="gardenplanner.apps.garden.tests.GardenEventTests" name="test_event_str_representation" time="5.810" /><testcase classname="gardenplanner.apps.garden.tests.GardenEventTests" name="test_filter_events_by_category" time="6.628" /><testcase classname="gardenplanner.apps.garden.tests.GardenEventTests" name="test_list_attendances_for_private_event_as_member" time="5.667" /><testcase classname="gardenplanner.apps.garden.tests.GardenEventTests" name="test_list_attendances_for_private_event_as_non_member_fails" time="5.564" /><testcase classname="gardenplanner.apps.garden.tests.GardenEventTests" name="test_list_attendances_for_public_event" time="2.656" /><testcase classname="gardenplanner.apps.garden.tests.GardenEventTests" name="test_list_events_authenticated" time="5.552" /><testcase classname="gardenplanner.apps.garden.tests.GardenEventTests" name="test_list_events_unauthenticated" time="6.605" /><testcase classname="gardenplanner.apps.garden.tests.GardenEventTests" name="test_member_sees_all_garden_events" time="2.655" /><testcase classname="gardenplanner.apps.garden.tests.GardenEventTests" name="test_my_attendance_field" time="5.561" /><testcase classname="gardenplanner.apps.garden.tests.GardenEventTests" name="test_my_attendance_null_when_no_vote" time="5.618" /><testcase classname="gardenplanner.apps.garden.tests.GardenEventTests" name="test_non_member_sees_only_public_events" time="5.618" /><testcase classname="gardenplanner.apps.garden.tests.GardenEventTests" name="test_retrieve_event_details" time="2.532" /><testcase classname="gardenplanner.apps.garden.tests.GardenEventTests" name="test_unique_attendance_constraint" time="2.572" /><testcase classname="gardenplanner.apps.garden.tests.GardenEventTests" name="test_update_event_as_creator" time="2.582" /><testcase classname="gardenplanner.apps.garden.tests.GardenEventTests" name="test_update_event_as_garden_manager" time="2.596" /><testcase classname="gardenplanner.apps.garden.tests.GardenEventTests" name="test_update_event_as_non_creator_worker_fails" time="2.591" /><testcase classname="gardenplanner.apps.garden.tests.GardenEventTests" name="test_vote_going" time="2.645" /><testcase classname="gardenplanner.apps.garden.tests.GardenEventTests" name="test_vote_invalid_status" time="2.604" /><testcase classname="gardenplanner.apps.garden.tests.GardenEventTests" name="test_vote_maybe" time="5.622" /><testcase classname="gardenplanner.apps.garden.tests.GardenEventTests" name="test_vote_not_going" time="5.646" /><testcase classname="gardenplanner.apps.garden.tests.GardenEventTests" name="test_vote_private_event_as_non_member_fails" time="2.605" /><testcase classname="gardenplanner.apps.garden.tests.GardenEventTests" name="test_vote_public_event_as_non_member" time="2.621" /><testcase classname="gardenplanner.apps.garden.tests.BadgeSystemTests" name="test_event_participation_and_seasonal_badges" time="1.638" /><testcase classname="gardenplanner.apps.garden.tests.BadgeSystemTests" name="test_followers_gained_badge_earned" time="1.568" /><testcase classname="gardenplanner.apps.garden.tests.BadgeSystemTests" name="test_following_badge_earned" time="1.552" /><testcase classname="gardenplanner.apps.garden.tests.BadgeSystemTests" name="test_forum_comment_badge_progression" time="1.554" /><testcase classname="gardenplanner.apps.garden.tests.BadgeSystemTests" name="test_forum_post_badge_progression" time="1.545" /><testcase classname="gardenplanner.apps.garden.tests.BadgeSystemTests" name="test_garden_joining_badge_earned" time="1.536" /><testcase classname="gardenplanner.apps.garden.tests.BadgeSystemTests" name="test_task_completion_badge_progression" time="3.708" /><testcase classname="gardenplanner.apps.garden.tests.BadgeSystemTests" name="test_task_creation_badge_progression" time="2.083" /><testcase classname="gardenplanner.apps.garden.tests.BadgeSystemTests" name="test_welcome_badge_on_creation" time="1.528" /><testcase classname="gardenplanner.apps.garden.tests.LikeSystemTests" name="test_list_post_likes" time="0.600" /><testcase classname="gardenplanner.apps.garden.tests.LikeSystemTests" name="test_toggle_like_comment" time="0.522" /><testcase classname="gardenplanner.apps.garden.tests.LikeSystemTests" name="test_toggle_like_post_create" time="0.523" /><testcase classname="gardenplanner.apps.garden.tests.LikeSystemTests" name="test_toggle_like_post_remove" time="0.518" /><testcase classname="gardenplanner.apps.garden.tests.MultiAssigneeTaskTests" name="test_assign_multiple_users_to_existing_task" time="2.181" /><testcase classname="gardenplanner.apps.garden.tests.MultiAssigneeTaskTests" name="test_create_task_with_multiple_assignees" time="2.061" /><testcase classname="gardenplanner.apps.garden.tests.MultiAssigneeTaskTests" name="test_notifications_sent_to_all_assignees" time="2.065" /><testcase classname="gardenplanner.apps.garden.tests.MultiAssigneeTaskTests" name="test_self_assign_adds_to_existing_assignees" time="2.061" /><testcase classname="gardenplanner.apps.garden.tests.MultiAssigneeTaskTests" name="test_serializer_returns_multiple_assignees" time="2.061" /><testcase classname="gardenplanner.apps.garden.tests.MultiAssigneeTaskTests" name="test_task_permissions_with_multiple_assignees" time="2.091" /><testcase classname="gardenplanner.apps.garden.tests.MultiAssigneeTaskTests" name="test_update_task_assignees_replaces_existing" time="2.065" /><testcase classname="gardenplanner.apps.garden.tests.LocationMaskingTests" name="test_location_full_for_owner" time="1.058" /><testcase classname="gardenplanner.apps.garden.tests.LocationMaskingTests" name="test_location_masked_for_other_user" time="0.993" /><testcase classname="gardenplanner.apps.garden.tests.LocationMaskingTests" name="test_location_masking_another_format" time="1.004" /><testcase classname="gardenplanner.apps.garden.tests.LocationMaskingTests" name="test_location_masking_short_address" time="1.004" /><testcase classname="gardenplanner.apps.garden.tests.PrivateProfileTests" name="test_other_user_cannot_access_private_profile" time="1.073" /><testcase classname="gardenplanner.apps.garden.tests.PrivateProfileTests" name="test_owner_can_access_private_profile" time="1.020" /><testcase classname="gardenplanner.apps.garden.tests.PrivateProfileTests" name="test_public_profile_accessible" time="1.020" /><testcase classname="gardenplanner.apps.garden.tests.BestAnswerTests" name="test_mark_best_answer_permission_denied" time="1.100" /><testcase classname="gardenplanner.apps.garden.tests.BestAnswerTests" name="test_mark_best_answer_success" time="1.021" /><testcase classname="gardenplanner.apps.garden.tests.BestAnswerTests" name="test_toggle_and_switch_best_answer" time="1.028" /><testcase classname="gardenplanner.apps.garden.tests.ImpactSummaryTests" name="test_impact_summary_authenticated_access" time="1.196" /><testcase classname="gardenplanner.apps.garden.tests.ImpactSummaryTests" name="test_impact_summary_blocked_user" time="1.102" /><testcase classname="gardenplanner.apps.garden.tests.ImpactSummaryTests" name="test_impact_summary_metrics_accuracy" time="1.095" /><testcase classname="gardenplanner.apps.garden.tests.ImpactSummaryTests" name="test_impact_summary_nonexistent_user" time="1.082" /><testcase classname="gardenplanner.apps.garden.tests.ImpactSummaryTests" name="test_impact_summary_own_profile" time="1.111" /><testcase classname="gardenplanner.apps.garden.tests.ImpactSummaryTests" name="test_impact_summary_unauthenticated_access" time="1.443" /></testsuite></testsuites>